[2025-12-24 18:03:28] Bot démarré - Utilisateur: DIAMOND TRADE | protec#3182 (ID: 1444504780897521825) - version: 1.0
[2025-12-24 18:03:34] Commande aide exécutée - Utilisateur: vexxkawai (ID: 1429585635500363876) - Serveur: SOON VOUS ALLEZ FAIRE DE LARGENT (ID: 1431260053318406196)
[2025-12-24 18:03:53] Commande aide exécutée - Utilisateur: vexxkawai (ID: 1429585635500363876) - Serveur: SOON VOUS ALLEZ FAIRE DE LARGENT (ID: 1431260053318406196)
[2025-12-24 18:04:29] Bot démarré - Utilisateur: DIAMOND TRADE | protec#3182 (ID: 1444504780897521825) - version: 1.0
[2025-12-24 18:04:31] Commande aide exécutée - Utilisateur: vexxkawai (ID: 1429585635500363876) - Serveur: SOON VOUS ALLEZ FAIRE DE LARGENT (ID: 1431260053318406196)
[2025-12-24 18:04:40] Rôle retiré - Utilisateur: vexxkawai (ID: 1429585635500363876) - Serveur: SOON VOUS ALLEZ FAIRE DE LARGENT (ID: 1431260053318406196) - role: WL owner - role_id: 1443384502490763264
[2025-12-24 18:04:44] Commande aide exécutée - Utilisateur: vexxkawai (ID: 1429585635500363876) - Serveur: SOON VOUS ALLEZ FAIRE DE LARGENT (ID: 1431260053318406196)
[2025-12-24 18:04:54] Rôle retiré - Utilisateur: vexxkawai (ID: 1429585635500363876) - Serveur: SOON VOUS ALLEZ FAIRE DE LARGENT (ID: 1431260053318406196) - role: wl bot - role_id: 1452850689288962079
[2025-12-24 18:04:56] Commande aide exécutée - Utilisateur: vexxkawai (ID: 1429585635500363876) - Serveur: SOON VOUS ALLEZ FAIRE DE LARGENT (ID: 1431260053318406196)
[2025-12-24 18:05:11] Rôle ajouté - Utilisateur: vexxkawai (ID: 1429585635500363876) - Serveur: SOON VOUS ALLEZ FAIRE DE LARGENT (ID: 1431260053318406196) - role: wl bot - role_id: 1452850689288962079
[2025-12-24 18:06:02] Commande aide exécutée - Utilisateur: vexxkawai (ID: 1429585635500363876) - Serveur: SOON VOUS ALLEZ FAIRE DE LARGENT (ID: 1431260053318406196)
[2025-12-24 18:06:33] Bot démarré - Utilisateur: DIAMOND TRADE | protec#3182 (ID: 1444504780897521825) - version: 1.0
[2025-12-24 18:06:35] Commande aide exécutée - Utilisateur: vexxkawai (ID: 1429585635500363876) - Serveur: SOON VOUS ALLEZ FAIRE DE LARGENT (ID: 1431260053318406196)
[2025-12-24 18:06:40] Rôle retiré - Utilisateur: vexxkawai (ID: 1429585635500363876) - Serveur: SOON VOUS ALLEZ FAIRE DE LARGENT (ID: 1431260053318406196) - role: wl bot - role_id: 1452850689288962079
[2025-12-24 18:06:42] Commande aide exécutée - Utilisateur: vexxkawai (ID: 1429585635500363876) - Serveur: SOON VOUS ALLEZ FAIRE DE LARGENT (ID: 1431260053318406196)
[2025-12-24 18:06:48] Commande aide exécutée - Utilisateur: vexxkawai (ID: 1429585635500363876) - Serveur: SOON VOUS ALLEZ FAIRE DE LARGENT (ID: 1431260053318406196)
[2025-12-24 18:07:34] Bot démarré - Utilisateur: DIAMOND TRADE | protec#3182 (ID: 1444504780897521825) - version: 1.0
[2025-12-24 18:07:41] Commande aide exécutée - Utilisateur: vexxkawai (ID: 1429585635500363876) - Serveur: SOON VOUS ALLEZ FAIRE DE LARGENT (ID: 1431260053318406196)
[2025-12-24 18:08:09] Rôle ajouté - Utilisateur: vexxkawai (ID: 1429585635500363876) - Serveur: SOON VOUS ALLEZ FAIRE DE LARGENT (ID: 1431260053318406196) - role: WL owner - role_id: 1443384502490763264
[2025-12-24 18:08:10] Rôle retiré - Utilisateur: vexxkawai (ID: 1429585635500363876) - Serveur: SOON VOUS ALLEZ FAIRE DE LARGENT (ID: 1431260053318406196) - role: WL owner - role_id: 1443384502490763264
[2025-12-24 18:08:13] Rôle ajouté - Utilisateur: vexxkawai (ID: 1429585635500363876) - Serveur: SOON VOUS ALLEZ FAIRE DE LARGENT (ID: 1431260053318406196) - role: wl bot - role_id: 1452850689288962079
[2025-12-24 18:08:53] Bot démarré - Utilisateur: DIAMOND TRADE | protec#3182 (ID: 1444504780897521825) - version: 1.0
[2025-12-24 18:08:57] Commande aide exécutée - Utilisateur: vexxkawai (ID: 1429585635500363876) - Serveur: SOON VOUS ALLEZ FAIRE DE LARGENT (ID: 1431260053318406196)
[2025-12-24 18:09:03] Rôle retiré - Utilisateur: vexxkawai (ID: 1429585635500363876) - Serveur: SOON VOUS ALLEZ FAIRE DE LARGENT (ID: 1431260053318406196) - role: wl bot - role_id: 1452850689288962079
[2025-12-24 18:09:06] Tentative d'accès non autorisée - Utilisateur: vexxkawai (ID: 1429585635500363876) - Serveur: SOON VOUS ALLEZ FAIRE DE LARGENT (ID: 1431260053318406196) - commande: aide - message: Rôle requis manquant
[2025-12-24 18:09:06] Tentative d'accès refusée à une commande - Utilisateur: vexxkawai (ID: 1429585635500363876) - Serveur: SOON VOUS ALLEZ FAIRE DE LARGENT (ID: 1431260053318406196) - commande: aide
[2025-12-24 18:09:16] Rôle ajouté - Utilisateur: vexxkawai (ID: 1429585635500363876) - Serveur: SOON VOUS ALLEZ FAIRE DE LARGENT (ID: 1431260053318406196) - role: wl bot - role_id: 1452850689288962079
[2025-12-24 18:09:19] Rôle retiré - Utilisateur: vexxkawai (ID: 1429585635500363876) - Serveur: SOON VOUS ALLEZ FAIRE DE LARGENT (ID: 1431260053318406196) - role: wl bot - role_id: 1452850689288962079
[2025-12-24 18:09:23] Tentative d'accès non autorisée - Utilisateur: vexxkawai (ID: 1429585635500363876) - Serveur: SOON VOUS ALLEZ FAIRE DE LARGENT (ID: 1431260053318406196) - commande: moncode - message: Rôle requis manquant
[2025-12-24 18:09:23] Tentative d'accès refusée à une commande - Utilisateur: vexxkawai (ID: 1429585635500363876) - Serveur: SOON VOUS ALLEZ FAIRE DE LARGENT (ID: 1431260053318406196) - commande: moncode
[2025-12-24 18:09:28] Rôle ajouté - Utilisateur: vexxkawai (ID: 1429585635500363876) - Serveur: SOON VOUS ALLEZ FAIRE DE LARGENT (ID: 1431260053318406196) - role: WL owner - role_id: 1443384502490763264
[2025-12-24 18:09:31] Rôle ajouté - Utilisateur: vexxkawai (ID: 1429585635500363876) - Serveur: SOON VOUS ALLEZ FAIRE DE LARGENT (ID: 1431260053318406196) - role: wl bot - role_id: 1452850689288962079
[2025-12-24 18:09:33] Commande aide exécutée - Utilisateur: vexxkawai (ID: 1429585635500363876) - Serveur: SOON VOUS ALLEZ FAIRE DE LARGENT (ID: 1431260053318406196)
[2025-12-24 18:09:40] Commande aide exécutée - Utilisateur: vexxkawai (ID: 1429585635500363876) - Serveur: SOON VOUS ALLEZ FAIRE DE LARGENT (ID: 1431260053318406196)
[2025-12-24 18:09:47] Commande aide exécutée - Utilisateur: vexxkawai (ID: 1429585635500363876) - Serveur: SOON VOUS ALLEZ FAIRE DE LARGENT (ID: 1431260053318406196)
[2025-12-24 18:09:55] Erreur lors de l'exécution d'une commande - Utilisateur: vexxkawai (ID: 1429585635500363876) - Serveur: SOON VOUS ALLEZ FAIRE DE LARGENT (ID: 1431260053318406196) - erreur: Command "clear" is not found
[2025-12-24 18:10:05] Erreur lors de l'exécution d'une commande - Utilisateur: vexxkawai (ID: 1429585635500363876) - Serveur: SOON VOUS ALLEZ FAIRE DE LARGENT (ID: 1431260053318406196) - erreur: Command "reload" is not found
[2025-12-24 18:10:10] Erreur lors de l'exécution d'une commande - Utilisateur: vexxkawai (ID: 1429585635500363876) - Serveur: SOON VOUS ALLEZ FAIRE DE LARGENT (ID: 1431260053318406196) - erreur: Command "serverinfo" is not found
[2025-12-24 18:10:25] Commande moncode exécutée - Utilisateur: vexxkawai (ID: 1429585635500363876) - Serveur: SOON VOUS ALLEZ FAIRE DE LARGENT (ID: 1431260053318406196)
[2025-12-24 18:15:17] Bot démarré - Utilisateur: DIAMOND TRADE | protec#3182 (ID: 1444504780897521825) - version: 1.0
[2025-12-24 18:15:26] Commande moncode exécutée - Utilisateur: vexxkawai (ID: 1429585635500363876) - Serveur: SOON VOUS ALLEZ FAIRE DE LARGENT (ID: 1431260053318406196)
[2025-12-24 18:15:31] Commande aide exécutée - Utilisateur: vexxkawai (ID: 1429585635500363876) - Serveur: SOON VOUS ALLEZ FAIRE DE LARGENT (ID: 1431260053318406196)
[2025-12-24 18:15:36] Commande moncode exécutée - Utilisateur: vexxkawai (ID: 1429585635500363876) - Serveur: SOON VOUS ALLEZ FAIRE DE LARGENT (ID: 1431260053318406196)
[2025-12-24 18:15:45] Erreur lors de l'exécution d'une commande - Utilisateur: vexxkawai (ID: 1429585635500363876) - Serveur: SOON VOUS ALLEZ FAIRE DE LARGENT (ID: 1431260053318406196) - erreur: Command "clear" is not found
[2025-12-24 18:15:58] Erreur lors de l'exécution d'une commande - Utilisateur: vexxkawai (ID: 1429585635500363876) - Serveur: SOON VOUS ALLEZ FAIRE DE LARGENT (ID: 1431260053318406196) - erreur: Command "reload" is not found
[2025-12-24 18:16:04] Erreur lors de l'exécution d'une commande - Utilisateur: vexxkawai (ID: 1429585635500363876) - Serveur: SOON VOUS ALLEZ FAIRE DE LARGENT (ID: 1431260053318406196) - erreur: Command "serverinfo" is not found
[2025-12-24 18:17:25] Bot démarré - Utilisateur: DIAMOND TRADE | protec#3182 (ID: 1444504780897521825) - version: 1.0
[2025-12-24 18:17:34] Commande aide exécutée - Utilisateur: vexxkawai (ID: 1429585635500363876) - Serveur: SOON VOUS ALLEZ FAIRE DE LARGENT (ID: 1431260053318406196)
[2025-12-24 18:17:38] Commande moncode exécutée - Utilisateur: vexxkawai (ID: 1429585635500363876) - Serveur: SOON VOUS ALLEZ FAIRE DE LARGENT (ID: 1431260053318406196)
[2025-12-24 18:24:12] Bot démarré - Utilisateur: DIAMOND TRADE | protec#3182 (ID: 1444504780897521825) - version: 1.0
[2025-12-24 18:24:23] Commande moncode exécutée - Utilisateur: vexxkawai (ID: 1429585635500363876) - Serveur: SOON VOUS ALLEZ FAIRE DE LARGENT (ID: 1431260053318406196)
[2025-12-24 18:27:41] Commande moncode exécutée - Utilisateur: vexxkawai (ID: 1429585635500363876) - Serveur: SOON VOUS ALLEZ FAIRE DE LARGENT (ID: 1431260053318406196)
[2025-12-24 18:31:04] Salon créé - Utilisateur: DIAMOND TRADE | protec#3182 (ID: 1444504780897521825) - Serveur: SOON VOUS ALLEZ FAIRE DE LARGENT (ID: 1431260053318406196) - salon: beta-serv - type: TextChannel
[2025-12-24 18:42:18] Commande moncode exécutée - Utilisateur: vexxkawai (ID: 1429585635500363876) - Serveur: SOON VOUS ALLEZ FAIRE DE LARGENT (ID: 1431260053318406196)
[2025-12-24 18:42:59] Bot démarré - Utilisateur: DIAMOND TRADE | protec#3182 (ID: 1444504780897521825) - version: 1.0
[2025-12-24 18:43:05] Commande moncode exécutée - Utilisateur: vexxkawai (ID: 1429585635500363876) - Serveur: SOON VOUS ALLEZ FAIRE DE LARGENT (ID: 1431260053318406196)
[2025-12-24 19:20:05] Bot démarré - Utilisateur: DIAMOND TRADE | protec#3182 (ID: 1444504780897521825) - version: 1.0
[2025-12-24 19:20:16] Commande moncode exécutée - Utilisateur: vexxkawai (ID: 1429585635500363876) - Serveur: SOON VOUS ALLEZ FAIRE DE LARGENT (ID: 1431260053318406196)
[2025-12-24 19:20:16] Erreur dans la commande moncode - Utilisateur: vexxkawai (ID: 1429585635500363876) - Serveur: SOON VOUS ALLEZ FAIRE DE LARGENT (ID: 1431260053318406196) - error: 'email'
[2025-12-26 20:46:27] Bot démarré - Utilisateur: DIAMOND TRADE | protec#3182 (ID: 1444504780897521825) - version: 1.0
[2025-12-26 20:52:38] Bot démarré - Utilisateur: DIAMOND TRADE | protec#3182 (ID: 1444504780897521825) - version: 1.0
[2025-12-26 20:52:48] Commande aide exécutée - Utilisateur: vexxkawai (ID: 1429585635500363876) - Serveur: SOON VOUS ALLEZ FAIRE DE LARGENT (ID: 1431260053318406196)
[2025-12-26 20:52:48] Commande aide exécutée - Utilisateur: vexxkawai (ID: 1429585635500363876) - Serveur: SOON VOUS ALLEZ FAIRE DE LARGENT (ID: 1431260053318406196)
[2025-12-26 20:53:02] Commande moncode exécutée - Utilisateur: vexxkawai (ID: 1429585635500363876) - Serveur: SOON VOUS ALLEZ FAIRE DE LARGENT (ID: 1431260053318406196)
[2025-12-26 20:53:02] Erreur dans la commande moncode - Utilisateur: vexxkawai (ID: 1429585635500363876) - Serveur: SOON VOUS ALLEZ FAIRE DE LARGENT (ID: 1431260053318406196) - error: 'email'
[2025-12-26 20:53:02] Commande moncode exécutée - Utilisateur: vexxkawai (ID: 1429585635500363876) - Serveur: SOON VOUS ALLEZ FAIRE DE LARGENT (ID: 1431260053318406196)
[2025-12-26 20:53:02] Erreur dans la commande moncode - Utilisateur: vexxkawai (ID: 1429585635500363876) - Serveur: SOON VOUS ALLEZ FAIRE DE LARGENT (ID: 1431260053318406196) - error: 'email'
[2025-12-26 20:58:58] Bot démarré - Utilisateur: DIAMOND TRADE | protec#3182 (ID: 1444504780897521825) - version: 1.0
[2025-12-26 21:13:05] Commande moncode exécutée - Utilisateur: vexxkawai (ID: 1429585635500363876) - Serveur: SOON VOUS ALLEZ FAIRE DE LARGENT (ID: 1431260053318406196)
[2025-12-26 21:13:05] Erreur dans la commande moncode - Utilisateur: vexxkawai (ID: 1429585635500363876) - Serveur: SOON VOUS ALLEZ FAIRE DE LARGENT (ID: 1431260053318406196) - error: 'email'
[2025-12-26 21:13:05] Commande moncode exécutée - Utilisateur: vexxkawai (ID: 1429585635500363876) - Serveur: SOON VOUS ALLEZ FAIRE DE LARGENT (ID: 1431260053318406196)
[2025-12-26 21:13:05] Erreur dans la commande moncode - Utilisateur: vexxkawai (ID: 1429585635500363876) - Serveur: SOON VOUS ALLEZ FAIRE DE LARGENT (ID: 1431260053318406196) - error: 'email'
[2025-12-26 21:13:06] Commande moncode exécutée - Utilisateur: vexxkawai (ID: 1429585635500363876) - Serveur: SOON VOUS ALLEZ FAIRE DE LARGENT (ID: 1431260053318406196)
[2025-12-26 21:14:17] Commande moncode exécutée - Utilisateur: vexxkawai (ID: 1429585635500363876) - Serveur: SOON VOUS ALLEZ FAIRE DE LARGENT (ID: 1431260053318406196)
[2025-12-26 21:14:17] Erreur dans la commande moncode - Utilisateur: vexxkawai (ID: 1429585635500363876) - Serveur: SOON VOUS ALLEZ FAIRE DE LARGENT (ID: 1431260053318406196) - error: 'email'
[2025-12-26 21:14:17] Commande moncode exécutée - Utilisateur: vexxkawai (ID: 1429585635500363876) - Serveur: SOON VOUS ALLEZ FAIRE DE LARGENT (ID: 1431260053318406196)
[2025-12-26 21:14:17] Erreur dans la commande moncode - Utilisateur: vexxkawai (ID: 1429585635500363876) - Serveur: SOON VOUS ALLEZ FAIRE DE LARGENT (ID: 1431260053318406196) - error: 'email'
[2025-12-26 21:14:17] Commande moncode exécutée - Utilisateur: vexxkawai (ID: 1429585635500363876) - Serveur: SOON VOUS ALLEZ FAIRE DE LARGENT (ID: 1431260053318406196)
[2025-12-26 21:14:52] Bot démarré - Utilisateur: DIAMOND TRADE | protec#3182 (ID: 1444504780897521825) - version: 1.0
[2025-12-26 21:15:05] Commande aide exécutée - Utilisateur: vexxkawai (ID: 1429585635500363876) - Serveur: SOON VOUS ALLEZ FAIRE DE LARGENT (ID: 1431260053318406196)
[2025-12-26 21:15:05] Commande aide exécutée - Utilisateur: vexxkawai (ID: 1429585635500363876) - Serveur: SOON VOUS ALLEZ FAIRE DE LARGENT (ID: 1431260053318406196)
[2025-12-26 21:15:46] Bot démarré - Utilisateur: DIAMOND TRADE | protec#3182 (ID: 1444504780897521825) - version: 1.0
[2025-12-26 21:16:25] Commande moncode exécutée - Utilisateur: vexxkawai (ID: 1429585635500363876) - Serveur: SOON VOUS ALLEZ FAIRE DE LARGENT (ID: 1431260053318406196)
[2025-12-26 21:17:15] Commande moncode exécutée - Utilisateur: vexxkawai (ID: 1429585635500363876) - Serveur: SOON VOUS ALLEZ FAIRE DE LARGENT (ID: 1431260053318406196)
[2025-12-26 21:17:57] Bot démarré - Utilisateur: DIAMOND TRADE | protec#3182 (ID: 1444504780897521825) - version: 1.0
[2025-12-26 21:18:29] Erreur de commande - Utilisateur: vexxkawai (ID: 1429585635500363876) - Serveur: SOON VOUS ALLEZ FAIRE DE LARGENT (ID: 1431260053318406196) - commande: inconnue - erreur: Command "shutdown" is not found
[2025-12-26 21:20:30] Bot démarré - Utilisateur: DIAMOND TRADE | protec#3182 (ID: 1444504780897521825) - version: 1.0
[2025-12-26 21:34:18] Bot démarré - Utilisateur: DIAMOND TRADE | protec#3182 (ID: 1444504780897521825) - version: 1.0
[2025-12-26 21:38:55] Bot démarré - Utilisateur: DIAMOND TRADE | protec#3182 (ID: 1444504780897521825) - version: 1.0
[2025-12-26 21:42:11] Messages supprimés - Utilisateur: vexxkawai (ID: 1429585635500363876) - Serveur: SOON VOUS ALLEZ FAIRE DE LARGENT (ID: 1431260053318406196) - nombre: 10
[2025-12-26 21:44:41] Commande moncode exécutée - Utilisateur: vexxkawai (ID: 1429585635500363876) - Serveur: SOON VOUS ALLEZ FAIRE DE LARGENT (ID: 1431260053318406196)
[2025-12-26 21:45:24] Bot démarré - Utilisateur: DIAMOND TRADE | protec#3182 (ID: 1444504780897521825) - version: 1.0
[2025-12-26 21:45:34] Commande moncode exécutée - Utilisateur: vexxkawai (ID: 1429585635500363876) - Serveur: SOON VOUS ALLEZ FAIRE DE LARGENT (ID: 1431260053318406196)
[2025-12-26 21:46:34] Bot démarré - Utilisateur: DIAMOND TRADE | protec#3182 (ID: 1444504780897521825) - version: 1.0
[2025-12-26 21:46:51] Commande moncode exécutée - Utilisateur: vexxkawai (ID: 1429585635500363876) - Serveur: SOON VOUS ALLEZ FAIRE DE LARGENT (ID: 1431260053318406196)
[2025-12-26 21:47:33] Bot démarré - Utilisateur: DIAMOND TRADE | protec#3182 (ID: 1444504780897521825) - version: 1.0
[2025-12-26 21:47:39] Commande moncode exécutée - Utilisateur: vexxkawai (ID: 1429585635500363876) - Serveur: SOON VOUS ALLEZ FAIRE DE LARGENT (ID: 1431260053318406196)
[2025-12-26 21:50:34] Bot démarré - Utilisateur: DIAMOND TRADE | protec#3182 (ID: 1444504780897521825) - version: 1.0
[2025-12-27 03:49:33] Bot démarré - Utilisateur: DIAMOND TRADE | protec#3182 (ID: 1444504780897521825) - version: 1.0
[2025-12-27 03:49:41] Commande moncode exécutée - Utilisateur: vexx_yz (ID: 1429585635500363876) - Serveur: SOON VOUS ALLEZ FAIRE DE LARGENT (ID: 1431260053318406196)
[2025-12-27 03:52:01] Bot démarré - Utilisateur: DIAMOND TRADE | protec#3182 (ID: 1444504780897521825) - version: 1.0
[2025-12-27 03:52:19] Bot démarré - Utilisateur: DIAMOND TRADE | protec#3182 (ID: 1444504780897521825) - version: 1.0
[2025-12-27 03:53:44] Bot démarré - Utilisateur: DIAMOND TRADE | protec#3182 (ID: 1444504780897521825) - version: 1.0
[2025-12-27 03:53:55] Commande admin exécutée - Utilisateur: vexx_yz (ID: 1429585635500363876) - Serveur: SOON VOUS ALLEZ FAIRE DE LARGENT (ID: 1431260053318406196)
[2025-12-27 03:54:58] Bot démarré - Utilisateur: DIAMOND TRADE | protec#3182 (ID: 1444504780897521825) - version: 1.0
[2025-12-27 03:55:39] Bot démarré - Utilisateur: DIAMOND TRADE | protec#3182 (ID: 1444504780897521825) - version: 1.0
[2025-12-27 03:55:50] Accès admin temporaire demandé - Utilisateur: vexx_yz (ID: 1429585635500363876) - Serveur: SOON VOUS ALLEZ FAIRE DE LARGENT (ID: 1431260053318406196)
[2025-12-27 03:56:49] Bot démarré - Utilisateur: DIAMOND TRADE | protec#3182 (ID: 1444504780897521825) - version: 1.0
[2025-12-27 03:56:52] Erreur de commande - Utilisateur: vexx_yz (ID: 1429585635500363876) - commande: admin - erreur: The check functions for command admin failed.
[2025-12-27 03:56:59] Erreur de commande - Utilisateur: vexx_yz (ID: 1429585635500363876) - commande: aide - erreur: The check functions for command aide failed.
[2025-12-27 03:57:08] Commande admin exécutée - Utilisateur: vexx_yz (ID: 1429585635500363876) - Serveur: SOON VOUS ALLEZ FAIRE DE LARGENT (ID: 1431260053318406196)
[2025-12-27 03:58:03] Bot démarré - Utilisateur: DIAMOND TRADE | protec#3182 (ID: 1444504780897521825) - version: 1.0
[2025-12-27 03:58:15] Commande admin exécutée - Utilisateur: vexx_yz (ID: 1429585635500363876) - Serveur: SOON VOUS ALLEZ FAIRE DE LARGENT (ID: 1431260053318406196)
[2025-12-27 04:09:27] Commande admin exécutée - Utilisateur: vexx_yz (ID: 1429585635500363876) - Serveur: SOON VOUS ALLEZ FAIRE DE LARGENT (ID: 1431260053318406196)
[2025-12-27 04:20:49] Bot démarré - Utilisateur: DIAMOND TRADE | protec#3182 (ID: 1444504780897521825) - version: 1.0
[2025-12-27 04:28:37] Bot démarré - Utilisateur: DIAMOND TRADE | protec#3182 (ID: 1444504780897521825) - version: 1.0
[2026-01-01 02:20:20] Bot démarré - Utilisateur: DIAMOND TRADE | protec#3182 (ID: 1444504780897521825) - version: 1.0
