2025-12-31T15:32:59.465977Z  INFO tailwindcss_oxide::scanner: Provided sources:
2025-12-31T15:32:59.466087Z  INFO tailwindcss_oxide::scanner: Source: PublicSourceEntry { base: "D:\\trading-formation", pattern: "**/*", negated: false }
2025-12-31T15:32:59.466328Z  INFO tailwindcss_oxide::scanner: Optimized sources:
2025-12-31T15:32:59.466449Z  INFO tailwindcss_oxide::scanner: Source: Auto { base: "D:\\trading-formation" }
2025-12-31T15:32:59.468608Z  INFO scan_sources: tailwindcss_oxide::scanner: enter
2025-12-31T15:32:59.469719Z  INFO scan_sources: tailwindcss_oxide::scanner: Discovering "D:\\trading-formation\\add-role-column.js"
2025-12-31T15:32:59.469821Z  INFO scan_sources: tailwindcss_oxide::scanner: Discovering "D:\\trading-formation\\app.py"
2025-12-31T15:32:59.470262Z  INFO scan_sources: tailwindcss_oxide::scanner: Discovering "D:\\trading-formation\\bot.py"
2025-12-31T15:32:59.470344Z  INFO scan_sources: tailwindcss_oxide::scanner: Discovering "D:\\trading-formation\\bot_backup.py"
2025-12-31T15:32:59.470415Z  INFO scan_sources: tailwindcss_oxide::scanner: Discovering "D:\\trading-formation\\bot_backup_help.py"
2025-12-31T15:32:59.470499Z  INFO scan_sources: tailwindcss_oxide::scanner: Discovering "D:\\trading-formation\\check-and-fix-db.js"
2025-12-31T15:32:59.470567Z  INFO scan_sources: tailwindcss_oxide::scanner: Discovering "D:\\trading-formation\\check-structure.js"
2025-12-31T15:32:59.470634Z  INFO scan_sources: tailwindcss_oxide::scanner: Discovering "D:\\trading-formation\\create-accounts.js"
2025-12-31T15:32:59.470704Z  INFO scan_sources: tailwindcss_oxide::scanner: Discovering "D:\\trading-formation\\env.temp"
2025-12-31T15:32:59.470774Z  INFO scan_sources: tailwindcss_oxide::scanner: Discovering "D:\\trading-formation\\eslint.config.mjs"
2025-12-31T15:32:59.470843Z  INFO scan_sources: tailwindcss_oxide::scanner: Discovering "D:\\trading-formation\\final-setup.js"
2025-12-31T15:32:59.470908Z  INFO scan_sources: tailwindcss_oxide::scanner: Discovering "D:\\trading-formation\\fix_bot.py"
2025-12-31T15:32:59.470973Z  INFO scan_sources: tailwindcss_oxide::scanner: Discovering "D:\\trading-formation\\fix_env.py"
2025-12-31T15:32:59.471045Z  INFO scan_sources: tailwindcss_oxide::scanner: Discovering "D:\\trading-formation\\fix_env_format.py"
2025-12-31T15:32:59.471111Z  INFO scan_sources: tailwindcss_oxide::scanner: Discovering "D:\\trading-formation\\fix_env_simple.py"
2025-12-31T15:32:59.471220Z  INFO scan_sources: tailwindcss_oxide::scanner: Discovering "D:\\trading-formation\\instance"
2025-12-31T15:32:59.471382Z  INFO scan_sources: tailwindcss_oxide::scanner: Discovering "D:\\trading-formation\\list-users.js"
2025-12-31T15:32:59.471453Z  INFO scan_sources: tailwindcss_oxide::scanner: Discovering "D:\\trading-formation\\main.py"
2025-12-31T15:32:59.471523Z  INFO scan_sources: tailwindcss_oxide::scanner: Discovering "D:\\trading-formation\\make-admin.js"
2025-12-31T15:32:59.471595Z  INFO scan_sources: tailwindcss_oxide::scanner: Discovering "D:\\trading-formation\\middleware.ts"
2025-12-31T15:32:59.471669Z  INFO scan_sources: tailwindcss_oxide::scanner: Discovering "D:\\trading-formation\\next.config.js"
2025-12-31T15:32:59.471735Z  INFO scan_sources: tailwindcss_oxide::scanner: Discovering "D:\\trading-formation\\next.config.ts"
2025-12-31T15:32:59.472005Z  INFO scan_sources: tailwindcss_oxide::scanner: Discovering "D:\\trading-formation\\package.json"
2025-12-31T15:32:59.472078Z  INFO scan_sources: tailwindcss_oxide::scanner: Discovering "D:\\trading-formation\\postcss.config.mjs"
2025-12-31T15:32:59.472205Z  INFO scan_sources: tailwindcss_oxide::scanner: Discovering "D:\\trading-formation\\prisma"
2025-12-31T15:32:59.472335Z  INFO scan_sources: tailwindcss_oxide::scanner: Discovering "D:\\trading-formation\\prisma\\config.ts"
2025-12-31T15:32:59.472449Z  INFO scan_sources: tailwindcss_oxide::scanner: Discovering "D:\\trading-formation\\prisma\\migrations"
2025-12-31T15:32:59.472621Z  INFO scan_sources: tailwindcss_oxide::scanner: Discovering "D:\\trading-formation\\prisma\\migrations\\20251223013809_add_email_verification"
2025-12-31T15:32:59.472825Z  INFO scan_sources: tailwindcss_oxide::scanner: Discovering "D:\\trading-formation\\prisma\\migrations\\20251223013809_add_email_verification\\migration.sql"
2025-12-31T15:32:59.472977Z  INFO scan_sources: tailwindcss_oxide::scanner: Discovering "D:\\trading-formation\\prisma\\migrations\\20251223032538_update_user_model"
2025-12-31T15:32:59.473143Z  INFO scan_sources: tailwindcss_oxide::scanner: Discovering "D:\\trading-formation\\prisma\\migrations\\20251223032538_update_user_model\\migration.sql"
2025-12-31T15:32:59.473339Z  INFO scan_sources: tailwindcss_oxide::scanner: Discovering "D:\\trading-formation\\prisma\\migrations\\20251224172209_add_discord_username"
2025-12-31T15:32:59.473528Z  INFO scan_sources: tailwindcss_oxide::scanner: Discovering "D:\\trading-formation\\prisma\\migrations\\20251224172209_add_discord_username\\migration.sql"
2025-12-31T15:32:59.473680Z  INFO scan_sources: tailwindcss_oxide::scanner: Discovering "D:\\trading-formation\\prisma\\migrations\\20251224181028_init"
2025-12-31T15:32:59.473854Z  INFO scan_sources: tailwindcss_oxide::scanner: Discovering "D:\\trading-formation\\prisma\\migrations\\20251224181028_init\\migration.sql"
2025-12-31T15:32:59.474048Z  INFO scan_sources: tailwindcss_oxide::scanner: Discovering "D:\\trading-formation\\prisma\\migrations\\20251226201343_update_discord_roles"
2025-12-31T15:32:59.474215Z  INFO scan_sources: tailwindcss_oxide::scanner: Discovering "D:\\trading-formation\\prisma\\migrations\\20251226201343_update_discord_roles\\migration.sql"
2025-12-31T15:32:59.474417Z  INFO scan_sources: tailwindcss_oxide::scanner: Discovering "D:\\trading-formation\\prisma\\migrations\\20251226204848_add_expires_at_to_user"
2025-12-31T15:32:59.474558Z  INFO scan_sources: tailwindcss_oxide::scanner: Discovering "D:\\trading-formation\\prisma\\migrations\\20251226204848_add_expires_at_to_user\\migration.sql"
2025-12-31T15:32:59.474714Z  INFO scan_sources: tailwindcss_oxide::scanner: Discovering "D:\\trading-formation\\prisma\\migrations\\20251227032937_update_schema"
2025-12-31T15:32:59.474858Z  INFO scan_sources: tailwindcss_oxide::scanner: Discovering "D:\\trading-formation\\prisma\\migrations\\20251227032937_update_schema\\migration.sql"
2025-12-31T15:32:59.474985Z  INFO scan_sources: tailwindcss_oxide::scanner: Discovering "D:\\trading-formation\\prisma\\migrations\\migration_lock.toml"
2025-12-31T15:32:59.475094Z  INFO scan_sources: tailwindcss_oxide::scanner: Discovering "D:\\trading-formation\\prisma\\schema.prisma"
2025-12-31T15:32:59.475269Z  INFO scan_sources: tailwindcss_oxide::scanner: Discovering "D:\\trading-formation\\public"
2025-12-31T15:32:59.475406Z  INFO scan_sources: tailwindcss_oxide::scanner: Discovering "D:\\trading-formation\\public\\file.svg"
2025-12-31T15:32:59.475516Z  INFO scan_sources: tailwindcss_oxide::scanner: Discovering "D:\\trading-formation\\public\\globe.svg"
2025-12-31T15:32:59.475624Z  INFO scan_sources: tailwindcss_oxide::scanner: Discovering "D:\\trading-formation\\public\\images"
2025-12-31T15:32:59.475781Z  INFO scan_sources: tailwindcss_oxide::scanner: Discovering "D:\\trading-formation\\public\\next.svg"
2025-12-31T15:32:59.475862Z  INFO scan_sources: tailwindcss_oxide::scanner: Discovering "D:\\trading-formation\\public\\vercel.svg"
2025-12-31T15:32:59.475931Z  INFO scan_sources: tailwindcss_oxide::scanner: Discovering "D:\\trading-formation\\public\\window.svg"
2025-12-31T15:32:59.476027Z  INFO scan_sources: tailwindcss_oxide::scanner: Discovering "D:\\trading-formation\\README.md"
2025-12-31T15:32:59.476098Z  INFO scan_sources: tailwindcss_oxide::scanner: Discovering "D:\\trading-formation\\requirements.txt"
2025-12-31T15:32:59.476165Z  INFO scan_sources: tailwindcss_oxide::scanner: Discovering "D:\\trading-formation\\reset-and-setup.js"
2025-12-31T15:32:59.476230Z  INFO scan_sources: tailwindcss_oxide::scanner: Discovering "D:\\trading-formation\\reset-db.js"
2025-12-31T15:32:59.476333Z  INFO scan_sources: tailwindcss_oxide::scanner: Discovering "D:\\trading-formation\\scripts"
2025-12-31T15:32:59.476515Z  INFO scan_sources: tailwindcss_oxide::scanner: Discovering "D:\\trading-formation\\scripts\\createAdmin.ts"
2025-12-31T15:32:59.476608Z  INFO scan_sources: tailwindcss_oxide::scanner: Discovering "D:\\trading-formation\\setup-admin.js"
2025-12-31T15:32:59.476676Z  INFO scan_sources: tailwindcss_oxide::scanner: Discovering "D:\\trading-formation\\show-users.js"
2025-12-31T15:32:59.476779Z  INFO scan_sources: tailwindcss_oxide::scanner: Discovering "D:\\trading-formation\\src"
2025-12-31T15:32:59.476946Z  INFO scan_sources: tailwindcss_oxide::scanner: Discovering "D:\\trading-formation\\src\\app"
2025-12-31T15:32:59.477127Z  INFO scan_sources: tailwindcss_oxide::scanner: Discovering "D:\\trading-formation\\src\\app\\admin"
2025-12-31T15:32:59.477306Z  INFO scan_sources: tailwindcss_oxide::scanner: Discovering "D:\\trading-formation\\src\\app\\admin\\admin"
2025-12-31T15:32:59.477439Z  INFO scan_sources: tailwindcss_oxide::scanner: Discovering "D:\\trading-formation\\src\\app\\admin\\admin\\page.tsx"
2025-12-31T15:32:59.477566Z  INFO scan_sources: tailwindcss_oxide::scanner: Discovering "D:\\trading-formation\\src\\app\\admin\\components"
2025-12-31T15:32:59.477699Z  INFO scan_sources: tailwindcss_oxide::scanner: Discovering "D:\\trading-formation\\src\\app\\admin\\components\\AdminLayout.tsx"
2025-12-31T15:32:59.477768Z  INFO scan_sources: tailwindcss_oxide::scanner: Discovering "D:\\trading-formation\\src\\app\\admin\\components\\Customers.tsx"
2025-12-31T15:32:59.477835Z  INFO scan_sources: tailwindcss_oxide::scanner: Discovering "D:\\trading-formation\\src\\app\\admin\\components\\Dashboard.tsx"
2025-12-31T15:32:59.477901Z  INFO scan_sources: tailwindcss_oxide::scanner: Discovering "D:\\trading-formation\\src\\app\\admin\\components\\Invoices.tsx"
2025-12-31T15:32:59.477967Z  INFO scan_sources: tailwindcss_oxide::scanner: Discovering "D:\\trading-formation\\src\\app\\admin\\components\\Orders.tsx"
2025-12-31T15:32:59.478033Z  INFO scan_sources: tailwindcss_oxide::scanner: Discovering "D:\\trading-formation\\src\\app\\admin\\components\\Products.tsx"
2025-12-31T15:32:59.478156Z  INFO scan_sources: tailwindcss_oxide::scanner: Discovering "D:\\trading-formation\\src\\app\\admin\\dashboard"
2025-12-31T15:32:59.478287Z  INFO scan_sources: tailwindcss_oxide::scanner: Discovering "D:\\trading-formation\\src\\app\\admin\\dashboard\\page.tsx"
2025-12-31T15:32:59.478374Z  INFO scan_sources: tailwindcss_oxide::scanner: Discovering "D:\\trading-formation\\src\\app\\admin\\layout.tsx"
2025-12-31T15:32:59.478476Z  INFO scan_sources: tailwindcss_oxide::scanner: Discovering "D:\\trading-formation\\src\\app\\admin\\moderator"
2025-12-31T15:32:59.478605Z  INFO scan_sources: tailwindcss_oxide::scanner: Discovering "D:\\trading-formation\\src\\app\\admin\\moderator\\page.tsx"
2025-12-31T15:32:59.478726Z  INFO scan_sources: tailwindcss_oxide::scanner: Discovering "D:\\trading-formation\\src\\app\\admin\\owner"
2025-12-31T15:32:59.478852Z  INFO scan_sources: tailwindcss_oxide::scanner: Discovering "D:\\trading-formation\\src\\app\\admin\\owner\\page.tsx"
2025-12-31T15:32:59.478951Z  INFO scan_sources: tailwindcss_oxide::scanner: Discovering "D:\\trading-formation\\src\\app\\admin\\page.tsx"
2025-12-31T15:32:59.479083Z  INFO scan_sources: tailwindcss_oxide::scanner: Discovering "D:\\trading-formation\\src\\app\\api"
2025-12-31T15:32:59.479248Z  INFO scan_sources: tailwindcss_oxide::scanner: Discovering "D:\\trading-formation\\src\\app\\api\\admin"
2025-12-31T15:32:59.479406Z  INFO scan_sources: tailwindcss_oxide::scanner: Discovering "D:\\trading-formation\\src\\app\\api\\admin\\create-account"
2025-12-31T15:32:59.479537Z  INFO scan_sources: tailwindcss_oxide::scanner: Discovering "D:\\trading-formation\\src\\app\\api\\admin\\create-account\\route.ts"
2025-12-31T15:32:59.479676Z  INFO scan_sources: tailwindcss_oxide::scanner: Discovering "D:\\trading-formation\\src\\app\\api\\auth"
2025-12-31T15:32:59.479839Z  INFO scan_sources: tailwindcss_oxide::scanner: Discovering "D:\\trading-formation\\src\\app\\api\\auth\\check-email"
2025-12-31T15:32:59.479972Z  INFO scan_sources: tailwindcss_oxide::scanner: Discovering "D:\\trading-formation\\src\\app\\api\\auth\\check-email\\route.ts"
2025-12-31T15:32:59.480102Z  INFO scan_sources: tailwindcss_oxide::scanner: Discovering "D:\\trading-formation\\src\\app\\api\\auth\\create-account"
2025-12-31T15:32:59.480245Z  INFO scan_sources: tailwindcss_oxide::scanner: Discovering "D:\\trading-formation\\src\\app\\api\\auth\\create-account\\route.ts"
2025-12-31T15:32:59.480362Z  INFO scan_sources: tailwindcss_oxide::scanner: Discovering "D:\\trading-formation\\src\\app\\api\\auth\\discord"
2025-12-31T15:32:59.480531Z  INFO scan_sources: tailwindcss_oxide::scanner: Discovering "D:\\trading-formation\\src\\app\\api\\auth\\discord\\create-account"
2025-12-31T15:32:59.480657Z  INFO scan_sources: tailwindcss_oxide::scanner: Discovering "D:\\trading-formation\\src\\app\\api\\auth\\discord\\create-account\\route.ts"
2025-12-31T15:32:59.480790Z  INFO scan_sources: tailwindcss_oxide::scanner: Discovering "D:\\trading-formation\\src\\app\\api\\auth\\login"
2025-12-31T15:32:59.480911Z  INFO scan_sources: tailwindcss_oxide::scanner: Discovering "D:\\trading-formation\\src\\app\\api\\auth\\login\\route.ts"
2025-12-31T15:32:59.481032Z  INFO scan_sources: tailwindcss_oxide::scanner: Discovering "D:\\trading-formation\\src\\app\\api\\auth\\register"
2025-12-31T15:32:59.481158Z  INFO scan_sources: tailwindcss_oxide::scanner: Discovering "D:\\trading-formation\\src\\app\\api\\auth\\register\\route.ts"
2025-12-31T15:32:59.481277Z  INFO scan_sources: tailwindcss_oxide::scanner: Discovering "D:\\trading-formation\\src\\app\\api\\auth\\resend-verification"
2025-12-31T15:32:59.481409Z  INFO scan_sources: tailwindcss_oxide::scanner: Discovering "D:\\trading-formation\\src\\app\\api\\auth\\resend-verification\\route.ts"
2025-12-31T15:32:59.481529Z  INFO scan_sources: tailwindcss_oxide::scanner: Discovering "D:\\trading-formation\\src\\app\\api\\auth\\verify-code"
2025-12-31T15:32:59.481658Z  INFO scan_sources: tailwindcss_oxide::scanner: Discovering "D:\\trading-formation\\src\\app\\api\\auth\\verify-code\\route.ts"
2025-12-31T15:32:59.481788Z  INFO scan_sources: tailwindcss_oxide::scanner: Discovering "D:\\trading-formation\\src\\app\\api\\auth\\verify-email"
2025-12-31T15:32:59.482016Z  INFO scan_sources: tailwindcss_oxide::scanner: Discovering "D:\\trading-formation\\src\\app\\api\\auth\\verify-email\\route.ts"
2025-12-31T15:32:59.482216Z  INFO scan_sources: tailwindcss_oxide::scanner: Discovering "D:\\trading-formation\\src\\app\\api\\auth\\[...nextauth]"
2025-12-31T15:32:59.482438Z  INFO scan_sources: tailwindcss_oxide::scanner: Discovering "D:\\trading-formation\\src\\app\\api\\auth\\[...nextauth]\\route.ts"
2025-12-31T15:32:59.482596Z  INFO scan_sources: tailwindcss_oxide::scanner: Discovering "D:\\trading-formation\\src\\app\\api\\discord"
2025-12-31T15:32:59.482820Z  INFO scan_sources: tailwindcss_oxide::scanner: Discovering "D:\\trading-formation\\src\\app\\api\\discord\\register"
2025-12-31T15:32:59.482990Z  INFO scan_sources: tailwindcss_oxide::scanner: Discovering "D:\\trading-formation\\src\\app\\api\\discord\\register\\route.ts"
2025-12-31T15:32:59.483146Z  INFO scan_sources: tailwindcss_oxide::scanner: Discovering "D:\\trading-formation\\src\\app\\api\\register"
2025-12-31T15:32:59.483304Z  INFO scan_sources: tailwindcss_oxide::scanner: Discovering "D:\\trading-formation\\src\\app\\api\\register\\route.ts"
2025-12-31T15:32:59.483462Z  INFO scan_sources: tailwindcss_oxide::scanner: Discovering "D:\\trading-formation\\src\\app\\auth"
2025-12-31T15:32:59.483690Z  INFO scan_sources: tailwindcss_oxide::scanner: Discovering "D:\\trading-formation\\src\\app\\auth\\error"
2025-12-31T15:32:59.483834Z  INFO scan_sources: tailwindcss_oxide::scanner: Discovering "D:\\trading-formation\\src\\app\\auth\\error\\page.tsx"
2025-12-31T15:32:59.484086Z  INFO scan_sources: tailwindcss_oxide::scanner: Discovering "D:\\trading-formation\\src\\app\\client"
2025-12-31T15:32:59.484226Z  INFO scan_sources: tailwindcss_oxide::scanner: Discovering "D:\\trading-formation\\src\\app\\client\\page.fixed.tsx"
2025-12-31T15:32:59.484404Z  INFO scan_sources: tailwindcss_oxide::scanner: Discovering "D:\\trading-formation\\src\\app\\components"
2025-12-31T15:32:59.484543Z  INFO scan_sources: tailwindcss_oxide::scanner: Discovering "D:\\trading-formation\\src\\app\\components\\AnnouncementCarousel.tsx"
2025-12-31T15:32:59.484617Z  INFO scan_sources: tailwindcss_oxide::scanner: Discovering "D:\\trading-formation\\src\\app\\components\\LoadingScreen.tsx"
2025-12-31T15:32:59.484687Z  INFO scan_sources: tailwindcss_oxide::scanner: Discovering "D:\\trading-formation\\src\\app\\components\\PromoModal.tsx"
2025-12-31T15:32:59.484815Z  INFO scan_sources: tailwindcss_oxide::scanner: Discovering "D:\\trading-formation\\src\\app\\connexion"
2025-12-31T15:32:59.484976Z  INFO scan_sources: tailwindcss_oxide::scanner: Discovering "D:\\trading-formation\\src\\app\\connexion\\erreur"
2025-12-31T15:32:59.485109Z  INFO scan_sources: tailwindcss_oxide::scanner: Discovering "D:\\trading-formation\\src\\app\\connexion\\erreur\\page.tsx"
2025-12-31T15:32:59.485198Z  INFO scan_sources: tailwindcss_oxide::scanner: Discovering "D:\\trading-formation\\src\\app\\connexion\\page.tsx"
2025-12-31T15:32:59.485319Z  INFO scan_sources: tailwindcss_oxide::scanner: Discovering "D:\\trading-formation\\src\\app\\credits"
2025-12-31T15:32:59.485446Z  INFO scan_sources: tailwindcss_oxide::scanner: Discovering "D:\\trading-formation\\src\\app\\credits\\page.tsx"
2025-12-31T15:32:59.485566Z  INFO scan_sources: tailwindcss_oxide::scanner: Discovering "D:\\trading-formation\\src\\app\\dashboard"
2025-12-31T15:32:59.485707Z  INFO scan_sources: tailwindcss_oxide::scanner: Discovering "D:\\trading-formation\\src\\app\\dashboard\\page.tsx"
2025-12-31T15:32:59.485802Z  INFO scan_sources: tailwindcss_oxide::scanner: Discovering "D:\\trading-formation\\src\\app\\globals.css"
2025-12-31T15:32:59.485909Z  INFO scan_sources: tailwindcss_oxide::scanner: Discovering "D:\\trading-formation\\src\\app\\home"
2025-12-31T15:32:59.486036Z  INFO scan_sources: tailwindcss_oxide::scanner: Discovering "D:\\trading-formation\\src\\app\\home\\page.tsx"
2025-12-31T15:32:59.486166Z  INFO scan_sources: tailwindcss_oxide::scanner: Discovering "D:\\trading-formation\\src\\app\\inscription"
2025-12-31T15:32:59.486293Z  INFO scan_sources: tailwindcss_oxide::scanner: Discovering "D:\\trading-formation\\src\\app\\inscription\\page.tsx"
2025-12-31T15:32:59.486396Z  INFO scan_sources: tailwindcss_oxide::scanner: Discovering "D:\\trading-formation\\src\\app\\layout.tsx"
2025-12-31T15:32:59.486498Z  INFO scan_sources: tailwindcss_oxide::scanner: Discovering "D:\\trading-formation\\src\\app\\login"
2025-12-31T15:32:59.486623Z  INFO scan_sources: tailwindcss_oxide::scanner: Discovering "D:\\trading-formation\\src\\app\\login\\page.tsx"
2025-12-31T15:32:59.486710Z  INFO scan_sources: tailwindcss_oxide::scanner: Discovering "D:\\trading-formation\\src\\app\\page.temp.tsx"
2025-12-31T15:32:59.486776Z  INFO scan_sources: tailwindcss_oxide::scanner: Discovering "D:\\trading-formation\\src\\app\\page.tsx"
2025-12-31T15:32:59.486844Z  INFO scan_sources: tailwindcss_oxide::scanner: Discovering "D:\\trading-formation\\src\\app\\page.tsx.backup"
2025-12-31T15:32:59.486909Z  INFO scan_sources: tailwindcss_oxide::scanner: Discovering "D:\\trading-formation\\src\\app\\page.tsx.backup2"
2025-12-31T15:32:59.486986Z  INFO scan_sources: tailwindcss_oxide::scanner: Discovering "D:\\trading-formation\\src\\app\\page.tsx.backup_final"
2025-12-31T15:32:59.487057Z  INFO scan_sources: tailwindcss_oxide::scanner: Discovering "D:\\trading-formation\\src\\app\\page.tsx.backup_final10"
2025-12-31T15:32:59.487122Z  INFO scan_sources: tailwindcss_oxide::scanner: Discovering "D:\\trading-formation\\src\\app\\page.tsx.backup_final11"
2025-12-31T15:32:59.487186Z  INFO scan_sources: tailwindcss_oxide::scanner: Discovering "D:\\trading-formation\\src\\app\\page.tsx.backup_final12"
2025-12-31T15:32:59.487253Z  INFO scan_sources: tailwindcss_oxide::scanner: Discovering "D:\\trading-formation\\src\\app\\page.tsx.backup_final13"
2025-12-31T15:32:59.487326Z  INFO scan_sources: tailwindcss_oxide::scanner: Discovering "D:\\trading-formation\\src\\app\\page.tsx.backup_final14"
2025-12-31T15:32:59.487394Z  INFO scan_sources: tailwindcss_oxide::scanner: Discovering "D:\\trading-formation\\src\\app\\page.tsx.backup_final2"
2025-12-31T15:32:59.487459Z  INFO scan_sources: tailwindcss_oxide::scanner: Discovering "D:\\trading-formation\\src\\app\\page.tsx.backup_final3"
2025-12-31T15:32:59.487522Z  INFO scan_sources: tailwindcss_oxide::scanner: Discovering "D:\\trading-formation\\src\\app\\page.tsx.backup_final4"
2025-12-31T15:32:59.487590Z  INFO scan_sources: tailwindcss_oxide::scanner: Discovering "D:\\trading-formation\\src\\app\\page.tsx.backup_final5"
2025-12-31T15:32:59.487658Z  INFO scan_sources: tailwindcss_oxide::scanner: Discovering "D:\\trading-formation\\src\\app\\page.tsx.backup_final6"
2025-12-31T15:32:59.487722Z  INFO scan_sources: tailwindcss_oxide::scanner: Discovering "D:\\trading-formation\\src\\app\\page.tsx.backup_final7"
2025-12-31T15:32:59.487786Z  INFO scan_sources: tailwindcss_oxide::scanner: Discovering "D:\\trading-formation\\src\\app\\page.tsx.backup_final8"
2025-12-31T15:32:59.487852Z  INFO scan_sources: tailwindcss_oxide::scanner: Discovering "D:\\trading-formation\\src\\app\\page.tsx.backup_final9"
2025-12-31T15:32:59.487921Z  INFO scan_sources: tailwindcss_oxide::scanner: Discovering "D:\\trading-formation\\src\\app\\page.tsx.bak10"
2025-12-31T15:32:59.487986Z  INFO scan_sources: tailwindcss_oxide::scanner: Discovering "D:\\trading-formation\\src\\app\\page.tsx.bak11"
2025-12-31T15:32:59.488050Z  INFO scan_sources: tailwindcss_oxide::scanner: Discovering "D:\\trading-formation\\src\\app\\page.tsx.bak12"
2025-12-31T15:32:59.488124Z  INFO scan_sources: tailwindcss_oxide::scanner: Discovering "D:\\trading-formation\\src\\app\\page.tsx.bak13"
2025-12-31T15:32:59.488189Z  INFO scan_sources: tailwindcss_oxide::scanner: Discovering "D:\\trading-formation\\src\\app\\page.tsx.bak2"
2025-12-31T15:32:59.488253Z  INFO scan_sources: tailwindcss_oxide::scanner: Discovering "D:\\trading-formation\\src\\app\\page.tsx.bak3"
2025-12-31T15:32:59.488318Z  INFO scan_sources: tailwindcss_oxide::scanner: Discovering "D:\\trading-formation\\src\\app\\page.tsx.bak4"
2025-12-31T15:32:59.488397Z  INFO scan_sources: tailwindcss_oxide::scanner: Discovering "D:\\trading-formation\\src\\app\\page.tsx.bak5"
2025-12-31T15:32:59.488465Z  INFO scan_sources: tailwindcss_oxide::scanner: Discovering "D:\\trading-formation\\src\\app\\page.tsx.bak6"
2025-12-31T15:32:59.488529Z  INFO scan_sources: tailwindcss_oxide::scanner: Discovering "D:\\trading-formation\\src\\app\\page.tsx.bak7"
2025-12-31T15:32:59.488595Z  INFO scan_sources: tailwindcss_oxide::scanner: Discovering "D:\\trading-formation\\src\\app\\page.tsx.bak8"
2025-12-31T15:32:59.488678Z  INFO scan_sources: tailwindcss_oxide::scanner: Discovering "D:\\trading-formation\\src\\app\\page.tsx.bak9"
2025-12-31T15:32:59.488783Z  INFO scan_sources: tailwindcss_oxide::scanner: Discovering "D:\\trading-formation\\src\\app\\paiement"
2025-12-31T15:32:59.488943Z  INFO scan_sources: tailwindcss_oxide::scanner: Discovering "D:\\trading-formation\\src\\app\\paiement\\confirmation"
2025-12-31T15:32:59.489076Z  INFO scan_sources: tailwindcss_oxide::scanner: Discovering "D:\\trading-formation\\src\\app\\paiement\\confirmation\\page.tsx"
2025-12-31T15:32:59.489162Z  INFO scan_sources: tailwindcss_oxide::scanner: Discovering "D:\\trading-formation\\src\\app\\paiement\\layout.tsx"
2025-12-31T15:32:59.489230Z  INFO scan_sources: tailwindcss_oxide::scanner: Discovering "D:\\trading-formation\\src\\app\\paiement\\page.tsx"
2025-12-31T15:32:59.489349Z  INFO scan_sources: tailwindcss_oxide::scanner: Discovering "D:\\trading-formation\\src\\app\\paiement\\success"
2025-12-31T15:32:59.489480Z  INFO scan_sources: tailwindcss_oxide::scanner: Discovering "D:\\trading-formation\\src\\app\\paiement\\success\\page.tsx"
2025-12-31T15:32:59.489628Z  INFO scan_sources: tailwindcss_oxide::scanner: Discovering "D:\\trading-formation\\src\\app\\temp.tsx"
2025-12-31T15:32:59.489762Z  INFO scan_sources: tailwindcss_oxide::scanner: Discovering "D:\\trading-formation\\src\\app\\verification"
2025-12-31T15:32:59.490027Z  INFO scan_sources: tailwindcss_oxide::scanner: Discovering "D:\\trading-formation\\src\\app\\verification\\page.tsx"
2025-12-31T15:32:59.490290Z  INFO scan_sources: tailwindcss_oxide::scanner: Discovering "D:\\trading-formation\\src\\components"
2025-12-31T15:32:59.490476Z  INFO scan_sources: tailwindcss_oxide::scanner: Discovering "D:\\trading-formation\\src\\components\\ads"
2025-12-31T15:32:59.490613Z  INFO scan_sources: tailwindcss_oxide::scanner: Discovering "D:\\trading-formation\\src\\components\\ads\\AdBanner.tsx"
2025-12-31T15:32:59.490705Z  INFO scan_sources: tailwindcss_oxide::scanner: Discovering "D:\\trading-formation\\src\\components\\AnimatedParticles.tsx"
2025-12-31T15:32:59.490811Z  INFO scan_sources: tailwindcss_oxide::scanner: Discovering "D:\\trading-formation\\src\\components\\auth"
2025-12-31T15:32:59.490943Z  INFO scan_sources: tailwindcss_oxide::scanner: Discovering "D:\\trading-formation\\src\\components\\auth\\AuthForm.tsx"
2025-12-31T15:32:59.491012Z  INFO scan_sources: tailwindcss_oxide::scanner: Discovering "D:\\trading-formation\\src\\components\\auth\\AuthGuard.tsx"
2025-12-31T15:32:59.491088Z  INFO scan_sources: tailwindcss_oxide::scanner: Discovering "D:\\trading-formation\\src\\components\\auth\\SignOutButton.tsx"
2025-12-31T15:32:59.491210Z  INFO scan_sources: tailwindcss_oxide::scanner: Discovering "D:\\trading-formation\\src\\components\\layout"
2025-12-31T15:32:59.491339Z  INFO scan_sources: tailwindcss_oxide::scanner: Discovering "D:\\trading-formation\\src\\components\\layout\\ClientHeader.tsx"
2025-12-31T15:32:59.491409Z  INFO scan_sources: tailwindcss_oxide::scanner: Discovering "D:\\trading-formation\\src\\components\\layout\\Header.tsx"
2025-12-31T15:32:59.491496Z  INFO scan_sources: tailwindcss_oxide::scanner: Discovering "D:\\trading-formation\\src\\components\\Navbar.tsx"
2025-12-31T15:32:59.491607Z  INFO scan_sources: tailwindcss_oxide::scanner: Discovering "D:\\trading-formation\\src\\components\\paiement"
2025-12-31T15:32:59.491737Z  INFO scan_sources: tailwindcss_oxide::scanner: Discovering "D:\\trading-formation\\src\\components\\paiement\\PaiementButton.tsx"
2025-12-31T15:32:59.491862Z  INFO scan_sources: tailwindcss_oxide::scanner: Discovering "D:\\trading-formation\\src\\components\\providers"
2025-12-31T15:32:59.491995Z  INFO scan_sources: tailwindcss_oxide::scanner: Discovering "D:\\trading-formation\\src\\components\\providers\\AuthProvider.tsx"
2025-12-31T15:32:59.492086Z  INFO scan_sources: tailwindcss_oxide::scanner: Discovering "D:\\trading-formation\\src\\components\\TradingNews.tsx"
2025-12-31T15:32:59.492208Z  INFO scan_sources: tailwindcss_oxide::scanner: Discovering "D:\\trading-formation\\src\\components\\ui"
2025-12-31T15:32:59.492337Z  INFO scan_sources: tailwindcss_oxide::scanner: Discovering "D:\\trading-formation\\src\\components\\ui\\Loading.tsx"
2025-12-31T15:32:59.492476Z  INFO scan_sources: tailwindcss_oxide::scanner: Discovering "D:\\trading-formation\\src\\config"
2025-12-31T15:32:59.492604Z  INFO scan_sources: tailwindcss_oxide::scanner: Discovering "D:\\trading-formation\\src\\config\\security.ts"
2025-12-31T15:32:59.492868Z  INFO scan_sources: tailwindcss_oxide::scanner: Discovering "D:\\trading-formation\\src\\hooks"
2025-12-31T15:32:59.493094Z  INFO scan_sources: tailwindcss_oxide::scanner: Discovering "D:\\trading-formation\\src\\hooks\\useAuth.ts"
2025-12-31T15:32:59.493247Z  INFO scan_sources: tailwindcss_oxide::scanner: Discovering "D:\\trading-formation\\src\\lib"
2025-12-31T15:32:59.493390Z  INFO scan_sources: tailwindcss_oxide::scanner: Discovering "D:\\trading-formation\\src\\lib\\auth-utils.ts"
2025-12-31T15:32:59.493477Z  INFO scan_sources: tailwindcss_oxide::scanner: Discovering "D:\\trading-formation\\src\\lib\\auth.ts"
2025-12-31T15:32:59.493577Z  INFO scan_sources: tailwindcss_oxide::scanner: Discovering "D:\\trading-formation\\src\\lib\\auth.ts.new"
2025-12-31T15:32:59.493664Z  INFO scan_sources: tailwindcss_oxide::scanner: Discovering "D:\\trading-formation\\src\\lib\\db.ts"
2025-12-31T15:32:59.493739Z  INFO scan_sources: tailwindcss_oxide::scanner: Discovering "D:\\trading-formation\\src\\lib\\email.ts"
2025-12-31T15:32:59.493809Z  INFO scan_sources: tailwindcss_oxide::scanner: Discovering "D:\\trading-formation\\src\\lib\\prisma.ts"
2025-12-31T15:32:59.493877Z  INFO scan_sources: tailwindcss_oxide::scanner: Discovering "D:\\trading-formation\\src\\lib\\session.ts"
2025-12-31T15:32:59.493967Z  INFO scan_sources: tailwindcss_oxide::scanner: Discovering "D:\\trading-formation\\src\\middleware.ts"
2025-12-31T15:32:59.494090Z  INFO scan_sources: tailwindcss_oxide::scanner: Discovering "D:\\trading-formation\\src\\types"
2025-12-31T15:32:59.494225Z  INFO scan_sources: tailwindcss_oxide::scanner: Discovering "D:\\trading-formation\\src\\types\\next-auth.d.ts"
2025-12-31T15:32:59.494345Z  INFO scan_sources: tailwindcss_oxide::scanner: Discovering "D:\\trading-formation\\start-all.bat"
2025-12-31T15:32:59.494449Z  INFO scan_sources: tailwindcss_oxide::scanner: Discovering "D:\\trading-formation\\static"
2025-12-31T15:32:59.494617Z  INFO scan_sources: tailwindcss_oxide::scanner: Discovering "D:\\trading-formation\\static\\css"
2025-12-31T15:32:59.494747Z  INFO scan_sources: tailwindcss_oxide::scanner: Discovering "D:\\trading-formation\\static\\css\\style.css"
2025-12-31T15:32:59.494872Z  INFO scan_sources: tailwindcss_oxide::scanner: Discovering "D:\\trading-formation\\static\\js"
2025-12-31T15:32:59.495003Z  INFO scan_sources: tailwindcss_oxide::scanner: Discovering "D:\\trading-formation\\static\\js\\auth.js"
2025-12-31T15:32:59.495112Z  INFO scan_sources: tailwindcss_oxide::scanner: Discovering "D:\\trading-formation\\tailwind.config.js"
2025-12-31T15:32:59.495205Z  INFO scan_sources: tailwindcss_oxide::scanner: Discovering "D:\\trading-formation\\tsconfig.json"
2025-12-31T15:32:59.495273Z  INFO scan_sources: tailwindcss_oxide::scanner: Discovering "D:\\trading-formation\\update-roles.js"
2025-12-31T15:32:59.495337Z  INFO scan_sources: tailwindcss_oxide::scanner: Discovering "D:\\trading-formation\\update-to-admin.js"
2025-12-31T15:32:59.495405Z  INFO scan_sources: tailwindcss_oxide::scanner: Discovering "D:\\trading-formation\\update_env.ps1"
2025-12-31T15:32:59.495796Z  INFO scan_sources: tailwindcss_oxide::scanner: exit
2025-12-31T15:32:59.495809Z  INFO extract_candidates: tailwindcss_oxide::scanner: enter
2025-12-31T15:32:59.495820Z  INFO extract_candidates:read_all_files: tailwindcss_oxide::scanner: enter
2025-12-31T15:32:59.495825Z  INFO extract_candidates:read_all_files: tailwindcss_oxide::scanner: Reading 148 file(s)
2025-12-31T15:32:59.496265Z  INFO tailwindcss_oxide::scanner: Reading "D:\\trading-formation\\src\\app\\connexion\\erreur\\page.tsx"
2025-12-31T15:32:59.496267Z  INFO tailwindcss_oxide::scanner: Reading "D:\\trading-formation\\src\\app\\admin\\owner\\page.tsx"
2025-12-31T15:32:59.496280Z  INFO tailwindcss_oxide::scanner: Reading "D:\\trading-formation\\add-role-column.js"
2025-12-31T15:32:59.496336Z  INFO tailwindcss_oxide::scanner: Reading "D:\\trading-formation\\middleware.ts"
2025-12-31T15:32:59.496347Z  INFO tailwindcss_oxide::scanner: Reading "D:\\trading-formation\\public\\window.svg"
2025-12-31T15:32:59.496379Z  INFO tailwindcss_oxide::scanner: Reading "D:\\trading-formation\\src\\app\\connexion\\page.tsx"
2025-12-31T15:32:59.496376Z  INFO tailwindcss_oxide::scanner: Reading "D:\\trading-formation\\eslint.config.mjs"
2025-12-31T15:32:59.496406Z  INFO tailwindcss_oxide::scanner: Reading "D:\\trading-formation\\src\\app\\admin\\page.tsx"
2025-12-31T15:32:59.496416Z  INFO tailwindcss_oxide::scanner: Reading "D:\\trading-formation\\app.py"
2025-12-31T15:32:59.496431Z  INFO tailwindcss_oxide::scanner: Reading "D:\\trading-formation\\src\\app\\page.tsx.bak9"
2025-12-31T15:32:59.496444Z  INFO tailwindcss_oxide::scanner: Reading "D:\\trading-formation\\next.config.js"
2025-12-31T15:32:59.496462Z  INFO tailwindcss_oxide::scanner: Reading "D:\\trading-formation\\README.md"
2025-12-31T15:32:59.496517Z  INFO tailwindcss_oxide::scanner: Reading "D:\\trading-formation\\bot_backup_help.py"
2025-12-31T15:32:59.496480Z  INFO tailwindcss_oxide::scanner: Reading "D:\\trading-formation\\src\\components\\ui\\Loading.tsx"
2025-12-31T15:32:59.496585Z  INFO tailwindcss_oxide::scanner: Reading "D:\\trading-formation\\next.config.ts"
2025-12-31T15:32:59.496592Z  INFO tailwindcss_oxide::scanner: Reading "D:\\trading-formation\\src\\app\\credits\\page.tsx"
2025-12-31T15:32:59.496610Z  INFO tailwindcss_oxide::scanner: Reading "D:\\trading-formation\\bot.py"
2025-12-31T15:32:59.496499Z  INFO tailwindcss_oxide::scanner: Reading "D:\\trading-formation\\final-setup.js"
2025-12-31T15:32:59.496629Z  INFO tailwindcss_oxide::scanner: Reading "D:\\trading-formation\\requirements.txt"
2025-12-31T15:32:59.496612Z  INFO tailwindcss_oxide::scanner: Reading "D:\\trading-formation\\src\\app\\paiement\\confirmation\\page.tsx"
2025-12-31T15:32:59.496504Z  INFO tailwindcss_oxide::scanner: Reading "D:\\trading-formation\\src\\app\\api\\admin\\create-account\\route.ts"
2025-12-31T15:32:59.496655Z  INFO tailwindcss_oxide::scanner: Reading "D:\\trading-formation\\src\\app\\page.tsx.backup_final2"
2025-12-31T15:32:59.496618Z  INFO tailwindcss_oxide::scanner: Reading "D:\\trading-formation\\src\\components\\auth\\AuthForm.tsx"
2025-12-31T15:32:59.496687Z  INFO tailwindcss_oxide::scanner: Reading "D:\\trading-formation\\package.json"
2025-12-31T15:32:59.496655Z  INFO tailwindcss_oxide::scanner: Reading "D:\\trading-formation\\src\\config\\security.ts"
2025-12-31T15:32:59.496687Z  INFO tailwindcss_oxide::scanner: Reading "D:\\trading-formation\\src\\app\\dashboard\\page.tsx"
2025-12-31T15:32:59.496662Z  INFO tailwindcss_oxide::scanner: Reading "D:\\trading-formation\\check-and-fix-db.js"
2025-12-31T15:32:59.496717Z  INFO tailwindcss_oxide::scanner: Reading "D:\\trading-formation\\bot_backup.py"
2025-12-31T15:32:59.496765Z  INFO tailwindcss_oxide::scanner: Reading "D:\\trading-formation\\src\\app\\api\\auth\\check-email\\route.ts"
2025-12-31T15:32:59.496717Z  INFO tailwindcss_oxide::scanner: Reading "D:\\trading-formation\\reset-and-setup.js"
2025-12-31T15:32:59.496766Z  INFO tailwindcss_oxide::scanner: Reading "D:\\trading-formation\\src\\app\\paiement\\layout.tsx"
2025-12-31T15:32:59.496726Z  INFO tailwindcss_oxide::scanner: Reading "D:\\trading-formation\\fix_bot.py"
2025-12-31T15:32:59.496802Z  INFO tailwindcss_oxide::scanner: Reading "D:\\trading-formation\\src\\components\\auth\\AuthGuard.tsx"
2025-12-31T15:32:59.496765Z  INFO tailwindcss_oxide::scanner: Reading "D:\\trading-formation\\src\\app\\api\\auth\\verify-code\\route.ts"
2025-12-31T15:32:59.496821Z  INFO tailwindcss_oxide::scanner: Reading "D:\\trading-formation\\check-structure.js"
2025-12-31T15:32:59.496787Z  INFO tailwindcss_oxide::scanner: Reading "D:\\trading-formation\\src\\app\\page.tsx.backup_final3"
2025-12-31T15:32:59.496804Z  INFO tailwindcss_oxide::scanner: Reading "D:\\trading-formation\\src\\hooks\\useAuth.ts"
2025-12-31T15:32:59.496859Z  INFO tailwindcss_oxide::scanner: Reading "D:\\trading-formation\\prisma\\migrations\\20251224181028_init\\migration.sql"
2025-12-31T15:32:59.496880Z  INFO tailwindcss_oxide::scanner: Reading "D:\\trading-formation\\reset-db.js"
2025-12-31T15:32:59.496889Z  INFO tailwindcss_oxide::scanner: Reading "D:\\trading-formation\\src\\app\\api\\auth\\create-account\\route.ts"
2025-12-31T15:32:59.496891Z  INFO tailwindcss_oxide::scanner: Reading "D:\\trading-formation\\src\\app\\paiement\\page.tsx"
2025-12-31T15:32:59.496903Z  INFO tailwindcss_oxide::scanner: Reading "D:\\trading-formation\\src\\components\\auth\\SignOutButton.tsx"
2025-12-31T15:32:59.496908Z  INFO tailwindcss_oxide::scanner: Reading "D:\\trading-formation\\fix_env.py"
2025-12-31T15:32:59.496914Z  INFO tailwindcss_oxide::scanner: Reading "D:\\trading-formation\\create-accounts.js"
2025-12-31T15:32:59.496803Z  INFO tailwindcss_oxide::scanner: Reading "D:\\trading-formation\\postcss.config.mjs"
2025-12-31T15:32:59.496914Z  INFO tailwindcss_oxide::scanner: Reading "D:\\trading-formation\\src\\app\\api\\auth\\verify-email\\route.ts"
2025-12-31T15:32:59.496969Z  INFO tailwindcss_oxide::scanner: Reading "D:\\trading-formation\\prisma\\migrations\\20251226201343_update_discord_roles\\migration.sql"
2025-12-31T15:32:59.496792Z  INFO tailwindcss_oxide::scanner: Reading "D:\\trading-formation\\src\\app\\home\\page.tsx"
2025-12-31T15:32:59.496959Z  INFO tailwindcss_oxide::scanner: Reading "D:\\trading-formation\\src\\app\\page.tsx.backup_final4"
2025-12-31T15:32:59.496999Z  INFO tailwindcss_oxide::scanner: Reading "D:\\trading-formation\\scripts\\createAdmin.ts"
2025-12-31T15:32:59.497012Z  INFO tailwindcss_oxide::scanner: Reading "D:\\trading-formation\\fix_env_format.py"
2025-12-31T15:32:59.497018Z  INFO tailwindcss_oxide::scanner: Reading "D:\\trading-formation\\src\\app\\paiement\\success\\page.tsx"
2025-12-31T15:32:59.496982Z  INFO tailwindcss_oxide::scanner: Reading "D:\\trading-formation\\src\\app\\api\\auth\\discord\\create-account\\route.ts"
2025-12-31T15:32:59.497030Z  INFO tailwindcss_oxide::scanner: Reading "D:\\trading-formation\\env.temp"
2025-12-31T15:32:59.497025Z  INFO tailwindcss_oxide::scanner: Reading "D:\\trading-formation\\prisma\\config.ts"
2025-12-31T15:32:59.496970Z  INFO tailwindcss_oxide::scanner: Reading "D:\\trading-formation\\src\\lib\\auth-utils.ts"
2025-12-31T15:32:59.497001Z  INFO tailwindcss_oxide::scanner: Reading "D:\\trading-formation\\src\\components\\layout\\ClientHeader.tsx"
2025-12-31T15:32:59.497073Z  INFO tailwindcss_oxide::scanner: Reading "D:\\trading-formation\\prisma\\migrations\\20251226204848_add_expires_at_to_user\\migration.sql"
2025-12-31T15:32:59.497086Z  INFO tailwindcss_oxide::scanner: Reading "D:\\trading-formation\\src\\app\\inscription\\page.tsx"
2025-12-31T15:32:59.497106Z  INFO tailwindcss_oxide::scanner: Reading "D:\\trading-formation\\setup-admin.js"
2025-12-31T15:32:59.497060Z  INFO tailwindcss_oxide::scanner: Reading "D:\\trading-formation\\src\\app\\api\\auth\\[...nextauth]\\route.ts"
2025-12-31T15:32:59.497107Z  INFO tailwindcss_oxide::scanner: Reading "D:\\trading-formation\\fix_env_simple.py"
2025-12-31T15:32:59.497118Z  INFO tailwindcss_oxide::scanner: Reading "D:\\trading-formation\\src\\app\\temp.tsx"
2025-12-31T15:32:59.497146Z  INFO tailwindcss_oxide::scanner: Reading "D:\\trading-formation\\prisma\\migrations\\20251223013809_add_email_verification\\migration.sql"
2025-12-31T15:32:59.497152Z  INFO tailwindcss_oxide::scanner: Reading "D:\\trading-formation\\list-users.js"
2025-12-31T15:32:59.497110Z  INFO tailwindcss_oxide::scanner: Reading "D:\\trading-formation\\src\\app\\page.tsx.backup_final5"
2025-12-31T15:32:59.497139Z  INFO tailwindcss_oxide::scanner: Reading "D:\\trading-formation\\src\\components\\layout\\Header.tsx"
2025-12-31T15:32:59.497161Z  INFO tailwindcss_oxide::scanner: Reading "D:\\trading-formation\\src\\lib\\auth.ts"
2025-12-31T15:32:59.497215Z  INFO tailwindcss_oxide::scanner: Reading "D:\\trading-formation\\src\\app\\api\\discord\\register\\route.ts"
2025-12-31T15:32:59.497215Z  INFO tailwindcss_oxide::scanner: Reading "D:\\trading-formation\\prisma\\migrations\\20251223032538_update_user_model\\migration.sql"
2025-12-31T15:32:59.497173Z  INFO tailwindcss_oxide::scanner: Reading "D:\\trading-formation\\src\\app\\layout.tsx"
2025-12-31T15:32:59.497140Z  INFO tailwindcss_oxide::scanner: Reading "D:\\trading-formation\\src\\app\\api\\auth\\login\\route.ts"
2025-12-31T15:32:59.497250Z  INFO tailwindcss_oxide::scanner: Reading "D:\\trading-formation\\src\\app\\verification\\page.tsx"
2025-12-31T15:32:59.497270Z  INFO tailwindcss_oxide::scanner: Reading "D:\\trading-formation\\main.py"
2025-12-31T15:32:59.497210Z  INFO tailwindcss_oxide::scanner: Reading "D:\\trading-formation\\show-users.js"
2025-12-31T15:32:59.497267Z  INFO tailwindcss_oxide::scanner: Reading "D:\\trading-formation\\src\\components\\paiement\\PaiementButton.tsx"
2025-12-31T15:32:59.497313Z  INFO tailwindcss_oxide::scanner: Reading "D:\\trading-formation\\src\\app\\api\\register\\route.ts"
2025-12-31T15:32:59.497322Z  INFO tailwindcss_oxide::scanner: Reading "D:\\trading-formation\\src\\lib\\auth.ts.new"
2025-12-31T15:32:59.497167Z  INFO tailwindcss_oxide::scanner: Reading "D:\\trading-formation\\prisma\\migrations\\20251227032937_update_schema\\migration.sql"
2025-12-31T15:32:59.497345Z  INFO tailwindcss_oxide::scanner: Reading "D:\\trading-formation\\src\\app\\api\\auth\\register\\route.ts"
2025-12-31T15:32:59.497328Z  INFO tailwindcss_oxide::scanner: Reading "D:\\trading-formation\\src\\app\\login\\page.tsx"
2025-12-31T15:32:59.497376Z  INFO tailwindcss_oxide::scanner: Reading "D:\\trading-formation\\make-admin.js"
2025-12-31T15:32:59.497387Z  INFO tailwindcss_oxide::scanner: Reading "D:\\trading-formation\\src\\app\\admin\\admin\\page.tsx"
2025-12-31T15:32:59.497303Z  INFO tailwindcss_oxide::scanner: Reading "D:\\trading-formation\\src\\app\\page.tsx.backup_final6"
2025-12-31T15:32:59.497313Z  INFO tailwindcss_oxide::scanner: Reading "D:\\trading-formation\\prisma\\migrations\\20251224172209_add_discord_username\\migration.sql"
2025-12-31T15:32:59.497348Z  INFO tailwindcss_oxide::scanner: Reading "D:\\trading-formation\\src\\components\\ads\\AdBanner.tsx"
2025-12-31T15:32:59.497427Z  INFO tailwindcss_oxide::scanner: Reading "D:\\trading-formation\\src\\lib\\db.ts"
2025-12-31T15:32:59.497388Z  INFO tailwindcss_oxide::scanner: Reading "D:\\trading-formation\\src\\components\\providers\\AuthProvider.tsx"
2025-12-31T15:32:59.497461Z  INFO tailwindcss_oxide::scanner: Reading "D:\\trading-formation\\src\\app\\api\\auth\\resend-verification\\route.ts"
2025-12-31T15:32:59.497471Z  INFO tailwindcss_oxide::scanner: Reading "D:\\trading-formation\\src\\app\\page.temp.tsx"
2025-12-31T15:32:59.497301Z  INFO tailwindcss_oxide::scanner: Reading "D:\\trading-formation\\src\\components\\Navbar.tsx"
2025-12-31T15:32:59.497496Z  INFO tailwindcss_oxide::scanner: Reading "D:\\trading-formation\\src\\app\\admin\\components\\AdminLayout.tsx"
2025-12-31T15:32:59.497508Z  INFO tailwindcss_oxide::scanner: Reading "D:\\trading-formation\\src\\lib\\session.ts"
2025-12-31T15:32:59.497517Z  INFO tailwindcss_oxide::scanner: Reading "D:\\trading-formation\\src\\app\\page.tsx.backup_final7"
2025-12-31T15:32:59.497528Z  INFO tailwindcss_oxide::scanner: Reading "D:\\trading-formation\\src\\lib\\email.ts"
2025-12-31T15:32:59.497531Z  INFO tailwindcss_oxide::scanner: Reading "D:\\trading-formation\\tailwind.config.js"
2025-12-31T15:32:59.497541Z  INFO tailwindcss_oxide::scanner: Reading "D:\\trading-formation\\src\\components\\AnimatedParticles.tsx"
2025-12-31T15:32:59.497552Z  INFO tailwindcss_oxide::scanner: Reading "D:\\trading-formation\\src\\components\\TradingNews.tsx"
2025-12-31T15:32:59.497569Z  INFO tailwindcss_oxide::scanner: Reading "D:\\trading-formation\\prisma\\schema.prisma"
2025-12-31T15:32:59.497584Z  INFO tailwindcss_oxide::scanner: Reading "D:\\trading-formation\\src\\app\\page.tsx"
2025-12-31T15:32:59.497603Z  INFO tailwindcss_oxide::scanner: Reading "D:\\trading-formation\\src\\app\\admin\\components\\Customers.tsx"
2025-12-31T15:32:59.497628Z  INFO tailwindcss_oxide::scanner: Reading "D:\\trading-formation\\src\\lib\\prisma.ts"
2025-12-31T15:32:59.497638Z  INFO tailwindcss_oxide::scanner: Reading "D:\\trading-formation\\src\\types\\next-auth.d.ts"
2025-12-31T15:32:59.497643Z  INFO tailwindcss_oxide::scanner: Reading "D:\\trading-formation\\update-to-admin.js"
2025-12-31T15:32:59.497650Z  INFO tailwindcss_oxide::scanner: Reading "D:\\trading-formation\\tsconfig.json"
2025-12-31T15:32:59.497663Z  INFO tailwindcss_oxide::scanner: Reading "D:\\trading-formation\\update-roles.js"
2025-12-31T15:32:59.497642Z  INFO tailwindcss_oxide::scanner: Reading "D:\\trading-formation\\src\\middleware.ts"
2025-12-31T15:32:59.497711Z  INFO tailwindcss_oxide::scanner: Reading "D:\\trading-formation\\src\\app\\page.tsx.backup"
2025-12-31T15:32:59.497672Z  INFO tailwindcss_oxide::scanner: Reading "D:\\trading-formation\\public\\file.svg"
2025-12-31T15:32:59.497731Z  INFO tailwindcss_oxide::scanner: Reading "D:\\trading-formation\\start-all.bat"
2025-12-31T15:32:59.497723Z  INFO tailwindcss_oxide::scanner: Reading "D:\\trading-formation\\src\\app\\admin\\components\\Orders.tsx"
2025-12-31T15:32:59.497644Z  INFO tailwindcss_oxide::scanner: Reading "D:\\trading-formation\\src\\app\\page.tsx.backup_final8"
2025-12-31T15:32:59.497457Z  INFO tailwindcss_oxide::scanner: Reading "D:\\trading-formation\\prisma\\migrations\\migration_lock.toml"
2025-12-31T15:32:59.497784Z  INFO tailwindcss_oxide::scanner: Reading "D:\\trading-formation\\src\\app\\admin\\dashboard\\page.tsx"
2025-12-31T15:32:59.497426Z  INFO tailwindcss_oxide::scanner: Reading "D:\\trading-formation\\src\\app\\auth\\error\\page.tsx"
2025-12-31T15:32:59.497754Z  INFO tailwindcss_oxide::scanner: Reading "D:\\trading-formation\\src\\app\\admin\\components\\Dashboard.tsx"
2025-12-31T15:32:59.497839Z  INFO tailwindcss_oxide::scanner: Reading "D:\\trading-formation\\src\\app\\page.tsx.backup2"
2025-12-31T15:32:59.497843Z  INFO tailwindcss_oxide::scanner: Reading "D:\\trading-formation\\src\\app\\admin\\components\\Products.tsx"
2025-12-31T15:32:59.497793Z  INFO tailwindcss_oxide::scanner: Reading "D:\\trading-formation\\public\\globe.svg"
2025-12-31T15:32:59.497839Z  INFO tailwindcss_oxide::scanner: Reading "D:\\trading-formation\\static\\js\\auth.js"
2025-12-31T15:32:59.497858Z  INFO tailwindcss_oxide::scanner: Reading "D:\\trading-formation\\src\\app\\admin\\layout.tsx"
2025-12-31T15:32:59.497905Z  INFO tailwindcss_oxide::scanner: Reading "D:\\trading-formation\\src\\app\\client\\page.fixed.tsx"
2025-12-31T15:32:59.497921Z  INFO tailwindcss_oxide::scanner: Reading "D:\\trading-formation\\src\\app\\admin\\components\\Invoices.tsx"
2025-12-31T15:32:59.497929Z  INFO tailwindcss_oxide::scanner: Reading "D:\\trading-formation\\src\\app\\page.tsx.bak11"
2025-12-31T15:32:59.497957Z  INFO tailwindcss_oxide::scanner: Reading "D:\\trading-formation\\src\\app\\page.tsx.backup_final"
2025-12-31T15:32:59.497971Z  INFO tailwindcss_oxide::scanner: Reading "D:\\trading-formation\\public\\vercel.svg"
2025-12-31T15:32:59.497976Z  INFO tailwindcss_oxide::scanner: Reading "D:\\trading-formation\\src\\app\\page.tsx.bak10"
2025-12-31T15:32:59.497998Z  INFO tailwindcss_oxide::scanner: Reading "D:\\trading-formation\\src\\app\\page.tsx.backup_final12"
2025-12-31T15:32:59.497731Z  INFO tailwindcss_oxide::scanner: Reading "D:\\trading-formation\\update_env.ps1"
2025-12-31T15:32:59.497999Z  INFO tailwindcss_oxide::scanner: Reading "D:\\trading-formation\\src\\app\\admin\\moderator\\page.tsx"
2025-12-31T15:32:59.498038Z  INFO tailwindcss_oxide::scanner: Reading "D:\\trading-formation\\src\\app\\components\\AnnouncementCarousel.tsx"
2025-12-31T15:32:59.498052Z  INFO tailwindcss_oxide::scanner: Reading "D:\\trading-formation\\src\\app\\page.tsx.backup_final13"
2025-12-31T15:32:59.498073Z  INFO tailwindcss_oxide::scanner: Reading "D:\\trading-formation\\src\\app\\page.tsx.backup_final11"
2025-12-31T15:32:59.498077Z  INFO tailwindcss_oxide::scanner: Reading "D:\\trading-formation\\src\\app\\page.tsx.backup_final14"
2025-12-31T15:32:59.498084Z  INFO tailwindcss_oxide::scanner: Reading "D:\\trading-formation\\src\\app\\page.tsx.bak4"
2025-12-31T15:32:59.498054Z  INFO tailwindcss_oxide::scanner: Reading "D:\\trading-formation\\src\\app\\page.tsx.bak12"
2025-12-31T15:32:59.498147Z  INFO tailwindcss_oxide::scanner: Reading "D:\\trading-formation\\src\\app\\components\\LoadingScreen.tsx"
2025-12-31T15:32:59.498150Z  INFO tailwindcss_oxide::scanner: Reading "D:\\trading-formation\\src\\app\\page.tsx.bak13"
2025-12-31T15:32:59.498172Z  INFO tailwindcss_oxide::scanner: Reading "D:\\trading-formation\\src\\app\\components\\PromoModal.tsx"
2025-12-31T15:32:59.497877Z  INFO tailwindcss_oxide::scanner: Reading "D:\\trading-formation\\src\\app\\page.tsx.backup_final9"
2025-12-31T15:32:59.498191Z  INFO tailwindcss_oxide::scanner: Reading "D:\\trading-formation\\src\\app\\page.tsx.bak3"
2025-12-31T15:32:59.497874Z  INFO tailwindcss_oxide::scanner: Reading "D:\\trading-formation\\public\\next.svg"
2025-12-31T15:32:59.498211Z  INFO tailwindcss_oxide::scanner: Reading "D:\\trading-formation\\src\\app\\page.tsx.bak7"
2025-12-31T15:32:59.498216Z  INFO tailwindcss_oxide::scanner: Reading "D:\\trading-formation\\src\\app\\page.tsx.bak8"
2025-12-31T15:32:59.497761Z  INFO tailwindcss_oxide::scanner: Reading "D:\\trading-formation\\src\\app\\page.tsx.backup_final10"
2025-12-31T15:32:59.498147Z  INFO tailwindcss_oxide::scanner: Reading "D:\\trading-formation\\src\\app\\page.tsx.bak2"
2025-12-31T15:32:59.498258Z  INFO tailwindcss_oxide::scanner: Reading "D:\\trading-formation\\src\\app\\page.tsx.bak5"
2025-12-31T15:32:59.498467Z  INFO tailwindcss_oxide::scanner: Reading "D:\\trading-formation\\src\\app\\page.tsx.bak6"
2025-12-31T15:32:59.498572Z  INFO extract_candidates:read_all_files: tailwindcss_oxide::scanner: exit
2025-12-31T15:32:59.498589Z  INFO extract_candidates:parse_all_blobs: tailwindcss_oxide::scanner: enter
2025-12-31T15:32:59.498597Z  INFO extract_candidates:parse_all_blobs:extract: tailwindcss_oxide::scanner: enter
2025-12-31T15:32:59.502254Z  INFO extract_candidates:parse_all_blobs:extract: tailwindcss_oxide::scanner: exit
2025-12-31T15:32:59.502497Z  INFO extract_candidates:parse_all_blobs: tailwindcss_oxide::scanner: exit
2025-12-31T15:32:59.502507Z  INFO extract_candidates:read_all_files: tailwindcss_oxide::scanner: enter
2025-12-31T15:32:59.502510Z  INFO extract_candidates:read_all_files: tailwindcss_oxide::scanner: Reading 2 file(s)
2025-12-31T15:32:59.502669Z  INFO tailwindcss_oxide::scanner: Reading "D:\\trading-formation\\src\\app\\globals.css"
2025-12-31T15:32:59.502669Z  INFO tailwindcss_oxide::scanner: Reading "D:\\trading-formation\\static\\css\\style.css"
2025-12-31T15:32:59.502709Z  INFO extract_candidates:read_all_files: tailwindcss_oxide::scanner: exit
2025-12-31T15:32:59.502728Z  INFO extract_candidates:extract_css_variables: tailwindcss_oxide::scanner: enter
2025-12-31T15:32:59.502738Z  INFO extract_candidates:extract_css_variables:extract: tailwindcss_oxide::scanner: enter
2025-12-31T15:32:59.502841Z  INFO extract_candidates:extract_css_variables:extract: tailwindcss_oxide::scanner: exit
2025-12-31T15:32:59.502853Z  INFO extract_candidates:extract_css_variables: tailwindcss_oxide::scanner: exit
2025-12-31T15:32:59.503764Z  INFO extract_candidates: tailwindcss_oxide::scanner: exit
2025-12-31T15:32:59.504850Z  INFO get_files: tailwindcss_oxide::scanner: enter
2025-12-31T15:32:59.504873Z  INFO get_files:scan_sources: tailwindcss_oxide::scanner: enter
2025-12-31T15:32:59.506606Z  INFO get_files:scan_sources: tailwindcss_oxide::scanner: Discovering "D:\\trading-formation\\instance"
2025-12-31T15:32:59.507231Z  INFO get_files:scan_sources: tailwindcss_oxide::scanner: Discovering "D:\\trading-formation\\prisma"
2025-12-31T15:32:59.507439Z  INFO get_files:scan_sources: tailwindcss_oxide::scanner: Discovering "D:\\trading-formation\\prisma\\migrations"
2025-12-31T15:32:59.507609Z  INFO get_files:scan_sources: tailwindcss_oxide::scanner: Discovering "D:\\trading-formation\\prisma\\migrations\\20251223013809_add_email_verification"
2025-12-31T15:32:59.507838Z  INFO get_files:scan_sources: tailwindcss_oxide::scanner: Discovering "D:\\trading-formation\\prisma\\migrations\\20251223032538_update_user_model"
2025-12-31T15:32:59.508056Z  INFO get_files:scan_sources: tailwindcss_oxide::scanner: Discovering "D:\\trading-formation\\prisma\\migrations\\20251224172209_add_discord_username"
2025-12-31T15:32:59.508273Z  INFO get_files:scan_sources: tailwindcss_oxide::scanner: Discovering "D:\\trading-formation\\prisma\\migrations\\20251224181028_init"
2025-12-31T15:32:59.508487Z  INFO get_files:scan_sources: tailwindcss_oxide::scanner: Discovering "D:\\trading-formation\\prisma\\migrations\\20251226201343_update_discord_roles"
2025-12-31T15:32:59.508702Z  INFO get_files:scan_sources: tailwindcss_oxide::scanner: Discovering "D:\\trading-formation\\prisma\\migrations\\20251226204848_add_expires_at_to_user"
2025-12-31T15:32:59.508915Z  INFO get_files:scan_sources: tailwindcss_oxide::scanner: Discovering "D:\\trading-formation\\prisma\\migrations\\20251227032937_update_schema"
2025-12-31T15:32:59.509254Z  INFO get_files:scan_sources: tailwindcss_oxide::scanner: Discovering "D:\\trading-formation\\public"
2025-12-31T15:32:59.509518Z  INFO get_files:scan_sources: tailwindcss_oxide::scanner: Discovering "D:\\trading-formation\\public\\images"
2025-12-31T15:32:59.509967Z  INFO get_files:scan_sources: tailwindcss_oxide::scanner: Discovering "D:\\trading-formation\\scripts"
2025-12-31T15:32:59.510238Z  INFO get_files:scan_sources: tailwindcss_oxide::scanner: Discovering "D:\\trading-formation\\src"
2025-12-31T15:32:59.510402Z  INFO get_files:scan_sources: tailwindcss_oxide::scanner: Discovering "D:\\trading-formation\\src\\app"
2025-12-31T15:32:59.510597Z  INFO get_files:scan_sources: tailwindcss_oxide::scanner: Discovering "D:\\trading-formation\\src\\app\\admin"
2025-12-31T15:32:59.510760Z  INFO get_files:scan_sources: tailwindcss_oxide::scanner: Discovering "D:\\trading-formation\\src\\app\\admin\\admin"
2025-12-31T15:32:59.510971Z  INFO get_files:scan_sources: tailwindcss_oxide::scanner: Discovering "D:\\trading-formation\\src\\app\\admin\\components"
2025-12-31T15:32:59.511350Z  INFO get_files:scan_sources: tailwindcss_oxide::scanner: Discovering "D:\\trading-formation\\src\\app\\admin\\dashboard"
2025-12-31T15:32:59.511593Z  INFO get_files:scan_sources: tailwindcss_oxide::scanner: Discovering "D:\\trading-formation\\src\\app\\admin\\moderator"
2025-12-31T15:32:59.511829Z  INFO get_files:scan_sources: tailwindcss_oxide::scanner: Discovering "D:\\trading-formation\\src\\app\\admin\\owner"
2025-12-31T15:32:59.512090Z  INFO get_files:scan_sources: tailwindcss_oxide::scanner: Discovering "D:\\trading-formation\\src\\app\\api"
2025-12-31T15:32:59.512242Z  INFO get_files:scan_sources: tailwindcss_oxide::scanner: Discovering "D:\\trading-formation\\src\\app\\api\\admin"
2025-12-31T15:32:59.512395Z  INFO get_files:scan_sources: tailwindcss_oxide::scanner: Discovering "D:\\trading-formation\\src\\app\\api\\admin\\create-account"
2025-12-31T15:32:59.512653Z  INFO get_files:scan_sources: tailwindcss_oxide::scanner: Discovering "D:\\trading-formation\\src\\app\\api\\auth"
2025-12-31T15:32:59.512814Z  INFO get_files:scan_sources: tailwindcss_oxide::scanner: Discovering "D:\\trading-formation\\src\\app\\api\\auth\\check-email"
2025-12-31T15:32:59.513023Z  INFO get_files:scan_sources: tailwindcss_oxide::scanner: Discovering "D:\\trading-formation\\src\\app\\api\\auth\\create-account"
2025-12-31T15:32:59.513272Z  INFO get_files:scan_sources: tailwindcss_oxide::scanner: Discovering "D:\\trading-formation\\src\\app\\api\\auth\\discord"
2025-12-31T15:32:59.513433Z  INFO get_files:scan_sources: tailwindcss_oxide::scanner: Discovering "D:\\trading-formation\\src\\app\\api\\auth\\discord\\create-account"
2025-12-31T15:32:59.513837Z  INFO get_files:scan_sources: tailwindcss_oxide::scanner: Discovering "D:\\trading-formation\\src\\app\\api\\auth\\login"
2025-12-31T15:32:59.514211Z  INFO get_files:scan_sources: tailwindcss_oxide::scanner: Discovering "D:\\trading-formation\\src\\app\\api\\auth\\register"
2025-12-31T15:32:59.514533Z  INFO get_files:scan_sources: tailwindcss_oxide::scanner: Discovering "D:\\trading-formation\\src\\app\\api\\auth\\resend-verification"
2025-12-31T15:32:59.514837Z  INFO get_files:scan_sources: tailwindcss_oxide::scanner: Discovering "D:\\trading-formation\\src\\app\\api\\auth\\verify-code"
2025-12-31T15:32:59.515138Z  INFO get_files:scan_sources: tailwindcss_oxide::scanner: Discovering "D:\\trading-formation\\src\\app\\api\\auth\\verify-email"
2025-12-31T15:32:59.515475Z  INFO get_files:scan_sources: tailwindcss_oxide::scanner: Discovering "D:\\trading-formation\\src\\app\\api\\auth\\[...nextauth]"
2025-12-31T15:32:59.515857Z  INFO get_files:scan_sources: tailwindcss_oxide::scanner: Discovering "D:\\trading-formation\\src\\app\\api\\discord"
2025-12-31T15:32:59.516083Z  INFO get_files:scan_sources: tailwindcss_oxide::scanner: Discovering "D:\\trading-formation\\src\\app\\api\\discord\\register"
2025-12-31T15:32:59.516416Z  INFO get_files:scan_sources: tailwindcss_oxide::scanner: Discovering "D:\\trading-formation\\src\\app\\api\\register"
2025-12-31T15:32:59.516760Z  INFO get_files:scan_sources: tailwindcss_oxide::scanner: Discovering "D:\\trading-formation\\src\\app\\auth"
2025-12-31T15:32:59.517008Z  INFO get_files:scan_sources: tailwindcss_oxide::scanner: Discovering "D:\\trading-formation\\src\\app\\auth\\error"
2025-12-31T15:32:59.517335Z  INFO get_files:scan_sources: tailwindcss_oxide::scanner: Discovering "D:\\trading-formation\\src\\app\\client"
2025-12-31T15:32:59.517656Z  INFO get_files:scan_sources: tailwindcss_oxide::scanner: Discovering "D:\\trading-formation\\src\\app\\components"
2025-12-31T15:32:59.518088Z  INFO get_files:scan_sources: tailwindcss_oxide::scanner: Discovering "D:\\trading-formation\\src\\app\\connexion"
2025-12-31T15:32:59.518316Z  INFO get_files:scan_sources: tailwindcss_oxide::scanner: Discovering "D:\\trading-formation\\src\\app\\connexion\\erreur"
2025-12-31T15:32:59.518685Z  INFO get_files:scan_sources: tailwindcss_oxide::scanner: Discovering "D:\\trading-formation\\src\\app\\credits"
2025-12-31T15:32:59.518998Z  INFO get_files:scan_sources: tailwindcss_oxide::scanner: Discovering "D:\\trading-formation\\src\\app\\dashboard"
2025-12-31T15:32:59.519369Z  INFO get_files:scan_sources: tailwindcss_oxide::scanner: Discovering "D:\\trading-formation\\src\\app\\home"
2025-12-31T15:32:59.519671Z  INFO get_files:scan_sources: tailwindcss_oxide::scanner: Discovering "D:\\trading-formation\\src\\app\\inscription"
2025-12-31T15:32:59.520025Z  INFO get_files:scan_sources: tailwindcss_oxide::scanner: Discovering "D:\\trading-formation\\src\\app\\login"
2025-12-31T15:32:59.521435Z  INFO get_files:scan_sources: tailwindcss_oxide::scanner: Discovering "D:\\trading-formation\\src\\app\\paiement"
2025-12-31T15:32:59.521603Z  INFO get_files:scan_sources: tailwindcss_oxide::scanner: Discovering "D:\\trading-formation\\src\\app\\paiement\\confirmation"
2025-12-31T15:32:59.521882Z  INFO get_files:scan_sources: tailwindcss_oxide::scanner: Discovering "D:\\trading-formation\\src\\app\\paiement\\success"
2025-12-31T15:32:59.522141Z  INFO get_files:scan_sources: tailwindcss_oxide::scanner: Discovering "D:\\trading-formation\\src\\app\\verification"
2025-12-31T15:32:59.522373Z  INFO get_files:scan_sources: tailwindcss_oxide::scanner: Discovering "D:\\trading-formation\\src\\components"
2025-12-31T15:32:59.522534Z  INFO get_files:scan_sources: tailwindcss_oxide::scanner: Discovering "D:\\trading-formation\\src\\components\\ads"
2025-12-31T15:32:59.522811Z  INFO get_files:scan_sources: tailwindcss_oxide::scanner: Discovering "D:\\trading-formation\\src\\components\\auth"
2025-12-31T15:32:59.523131Z  INFO get_files:scan_sources: tailwindcss_oxide::scanner: Discovering "D:\\trading-formation\\src\\components\\layout"
2025-12-31T15:32:59.523463Z  INFO get_files:scan_sources: tailwindcss_oxide::scanner: Discovering "D:\\trading-formation\\src\\components\\paiement"
2025-12-31T15:32:59.523689Z  INFO get_files:scan_sources: tailwindcss_oxide::scanner: Discovering "D:\\trading-formation\\src\\components\\providers"
2025-12-31T15:32:59.523969Z  INFO get_files:scan_sources: tailwindcss_oxide::scanner: Discovering "D:\\trading-formation\\src\\components\\ui"
2025-12-31T15:32:59.524202Z  INFO get_files:scan_sources: tailwindcss_oxide::scanner: Discovering "D:\\trading-formation\\src\\config"
2025-12-31T15:32:59.524432Z  INFO get_files:scan_sources: tailwindcss_oxide::scanner: Discovering "D:\\trading-formation\\src\\hooks"
2025-12-31T15:32:59.524649Z  INFO get_files:scan_sources: tailwindcss_oxide::scanner: Discovering "D:\\trading-formation\\src\\lib"
2025-12-31T15:32:59.525108Z  INFO get_files:scan_sources: tailwindcss_oxide::scanner: Discovering "D:\\trading-formation\\src\\types"
2025-12-31T15:32:59.525389Z  INFO get_files:scan_sources: tailwindcss_oxide::scanner: Discovering "D:\\trading-formation\\static"
2025-12-31T15:32:59.525550Z  INFO get_files:scan_sources: tailwindcss_oxide::scanner: Discovering "D:\\trading-formation\\static\\css"
2025-12-31T15:32:59.525759Z  INFO get_files:scan_sources: tailwindcss_oxide::scanner: Discovering "D:\\trading-formation\\static\\js"
2025-12-31T15:32:59.526509Z  INFO get_files:scan_sources: tailwindcss_oxide::scanner: exit
2025-12-31T15:32:59.526620Z  INFO get_files: tailwindcss_oxide::scanner: exit
2025-12-31T15:32:59.527317Z  INFO get_globs: tailwindcss_oxide::scanner: enter
2025-12-31T15:32:59.527328Z  INFO get_globs:scan_sources: tailwindcss_oxide::scanner: enter
2025-12-31T15:32:59.528815Z  INFO get_globs:scan_sources: tailwindcss_oxide::scanner: Discovering "D:\\trading-formation\\instance"
2025-12-31T15:32:59.529625Z  INFO get_globs:scan_sources: tailwindcss_oxide::scanner: Discovering "D:\\trading-formation\\prisma"
2025-12-31T15:32:59.529915Z  INFO get_globs:scan_sources: tailwindcss_oxide::scanner: Discovering "D:\\trading-formation\\prisma\\migrations"
2025-12-31T15:32:59.530097Z  INFO get_globs:scan_sources: tailwindcss_oxide::scanner: Discovering "D:\\trading-formation\\prisma\\migrations\\20251223013809_add_email_verification"
2025-12-31T15:32:59.530331Z  INFO get_globs:scan_sources: tailwindcss_oxide::scanner: Discovering "D:\\trading-formation\\prisma\\migrations\\20251223032538_update_user_model"
2025-12-31T15:32:59.530553Z  INFO get_globs:scan_sources: tailwindcss_oxide::scanner: Discovering "D:\\trading-formation\\prisma\\migrations\\20251224172209_add_discord_username"
2025-12-31T15:32:59.530783Z  INFO get_globs:scan_sources: tailwindcss_oxide::scanner: Discovering "D:\\trading-formation\\prisma\\migrations\\20251224181028_init"
2025-12-31T15:32:59.530998Z  INFO get_globs:scan_sources: tailwindcss_oxide::scanner: Discovering "D:\\trading-formation\\prisma\\migrations\\20251226201343_update_discord_roles"
2025-12-31T15:32:59.531217Z  INFO get_globs:scan_sources: tailwindcss_oxide::scanner: Discovering "D:\\trading-formation\\prisma\\migrations\\20251226204848_add_expires_at_to_user"
2025-12-31T15:32:59.531439Z  INFO get_globs:scan_sources: tailwindcss_oxide::scanner: Discovering "D:\\trading-formation\\prisma\\migrations\\20251227032937_update_schema"
2025-12-31T15:32:59.531772Z  INFO get_globs:scan_sources: tailwindcss_oxide::scanner: Discovering "D:\\trading-formation\\public"
2025-12-31T15:32:59.532004Z  INFO get_globs:scan_sources: tailwindcss_oxide::scanner: Discovering "D:\\trading-formation\\public\\images"
2025-12-31T15:32:59.532459Z  INFO get_globs:scan_sources: tailwindcss_oxide::scanner: Discovering "D:\\trading-formation\\scripts"
2025-12-31T15:32:59.532760Z  INFO get_globs:scan_sources: tailwindcss_oxide::scanner: Discovering "D:\\trading-formation\\src"
2025-12-31T15:32:59.532934Z  INFO get_globs:scan_sources: tailwindcss_oxide::scanner: Discovering "D:\\trading-formation\\src\\app"
2025-12-31T15:32:59.533152Z  INFO get_globs:scan_sources: tailwindcss_oxide::scanner: Discovering "D:\\trading-formation\\src\\app\\admin"
2025-12-31T15:32:59.533431Z  INFO get_globs:scan_sources: tailwindcss_oxide::scanner: Discovering "D:\\trading-formation\\src\\app\\admin\\admin"
2025-12-31T15:32:59.533765Z  INFO get_globs:scan_sources: tailwindcss_oxide::scanner: Discovering "D:\\trading-formation\\src\\app\\admin\\components"
2025-12-31T15:32:59.534228Z  INFO get_globs:scan_sources: tailwindcss_oxide::scanner: Discovering "D:\\trading-formation\\src\\app\\admin\\dashboard"
2025-12-31T15:32:59.534487Z  INFO get_globs:scan_sources: tailwindcss_oxide::scanner: Discovering "D:\\trading-formation\\src\\app\\admin\\moderator"
2025-12-31T15:32:59.534704Z  INFO get_globs:scan_sources: tailwindcss_oxide::scanner: Discovering "D:\\trading-formation\\src\\app\\admin\\owner"
2025-12-31T15:32:59.535050Z  INFO get_globs:scan_sources: tailwindcss_oxide::scanner: Discovering "D:\\trading-formation\\src\\app\\api"
2025-12-31T15:32:59.535211Z  INFO get_globs:scan_sources: tailwindcss_oxide::scanner: Discovering "D:\\trading-formation\\src\\app\\api\\admin"
2025-12-31T15:32:59.535382Z  INFO get_globs:scan_sources: tailwindcss_oxide::scanner: Discovering "D:\\trading-formation\\src\\app\\api\\admin\\create-account"
2025-12-31T15:32:59.535653Z  INFO get_globs:scan_sources: tailwindcss_oxide::scanner: Discovering "D:\\trading-formation\\src\\app\\api\\auth"
2025-12-31T15:32:59.535861Z  INFO get_globs:scan_sources: tailwindcss_oxide::scanner: Discovering "D:\\trading-formation\\src\\app\\api\\auth\\check-email"
2025-12-31T15:32:59.536079Z  INFO get_globs:scan_sources: tailwindcss_oxide::scanner: Discovering "D:\\trading-formation\\src\\app\\api\\auth\\create-account"
2025-12-31T15:32:59.536292Z  INFO get_globs:scan_sources: tailwindcss_oxide::scanner: Discovering "D:\\trading-formation\\src\\app\\api\\auth\\discord"
2025-12-31T15:32:59.536449Z  INFO get_globs:scan_sources: tailwindcss_oxide::scanner: Discovering "D:\\trading-formation\\src\\app\\api\\auth\\discord\\create-account"
2025-12-31T15:32:59.536680Z  INFO get_globs:scan_sources: tailwindcss_oxide::scanner: Discovering "D:\\trading-formation\\src\\app\\api\\auth\\login"
2025-12-31T15:32:59.536888Z  INFO get_globs:scan_sources: tailwindcss_oxide::scanner: Discovering "D:\\trading-formation\\src\\app\\api\\auth\\register"
2025-12-31T15:32:59.537098Z  INFO get_globs:scan_sources: tailwindcss_oxide::scanner: Discovering "D:\\trading-formation\\src\\app\\api\\auth\\resend-verification"
2025-12-31T15:32:59.537308Z  INFO get_globs:scan_sources: tailwindcss_oxide::scanner: Discovering "D:\\trading-formation\\src\\app\\api\\auth\\verify-code"
2025-12-31T15:32:59.537521Z  INFO get_globs:scan_sources: tailwindcss_oxide::scanner: Discovering "D:\\trading-formation\\src\\app\\api\\auth\\verify-email"
2025-12-31T15:32:59.537738Z  INFO get_globs:scan_sources: tailwindcss_oxide::scanner: Discovering "D:\\trading-formation\\src\\app\\api\\auth\\[...nextauth]"
2025-12-31T15:32:59.537984Z  INFO get_globs:scan_sources: tailwindcss_oxide::scanner: Discovering "D:\\trading-formation\\src\\app\\api\\discord"
2025-12-31T15:32:59.538140Z  INFO get_globs:scan_sources: tailwindcss_oxide::scanner: Discovering "D:\\trading-formation\\src\\app\\api\\discord\\register"
2025-12-31T15:32:59.538361Z  INFO get_globs:scan_sources: tailwindcss_oxide::scanner: Discovering "D:\\trading-formation\\src\\app\\api\\register"
2025-12-31T15:32:59.538599Z  INFO get_globs:scan_sources: tailwindcss_oxide::scanner: Discovering "D:\\trading-formation\\src\\app\\auth"
2025-12-31T15:32:59.538754Z  INFO get_globs:scan_sources: tailwindcss_oxide::scanner: Discovering "D:\\trading-formation\\src\\app\\auth\\error"
2025-12-31T15:32:59.538974Z  INFO get_globs:scan_sources: tailwindcss_oxide::scanner: Discovering "D:\\trading-formation\\src\\app\\client"
2025-12-31T15:32:59.539184Z  INFO get_globs:scan_sources: tailwindcss_oxide::scanner: Discovering "D:\\trading-formation\\src\\app\\components"
2025-12-31T15:32:59.539464Z  INFO get_globs:scan_sources: tailwindcss_oxide::scanner: Discovering "D:\\trading-formation\\src\\app\\connexion"
2025-12-31T15:32:59.539624Z  INFO get_globs:scan_sources: tailwindcss_oxide::scanner: Discovering "D:\\trading-formation\\src\\app\\connexion\\erreur"
2025-12-31T15:32:59.539881Z  INFO get_globs:scan_sources: tailwindcss_oxide::scanner: Discovering "D:\\trading-formation\\src\\app\\credits"
2025-12-31T15:32:59.540089Z  INFO get_globs:scan_sources: tailwindcss_oxide::scanner: Discovering "D:\\trading-formation\\src\\app\\dashboard"
2025-12-31T15:32:59.540344Z  INFO get_globs:scan_sources: tailwindcss_oxide::scanner: Discovering "D:\\trading-formation\\src\\app\\home"
2025-12-31T15:32:59.540557Z  INFO get_globs:scan_sources: tailwindcss_oxide::scanner: Discovering "D:\\trading-formation\\src\\app\\inscription"
2025-12-31T15:32:59.540797Z  INFO get_globs:scan_sources: tailwindcss_oxide::scanner: Discovering "D:\\trading-formation\\src\\app\\login"
2025-12-31T15:32:59.541977Z  INFO get_globs:scan_sources: tailwindcss_oxide::scanner: Discovering "D:\\trading-formation\\src\\app\\paiement"
2025-12-31T15:32:59.542136Z  INFO get_globs:scan_sources: tailwindcss_oxide::scanner: Discovering "D:\\trading-formation\\src\\app\\paiement\\confirmation"
2025-12-31T15:32:59.542413Z  INFO get_globs:scan_sources: tailwindcss_oxide::scanner: Discovering "D:\\trading-formation\\src\\app\\paiement\\success"
2025-12-31T15:32:59.542710Z  INFO get_globs:scan_sources: tailwindcss_oxide::scanner: Discovering "D:\\trading-formation\\src\\app\\verification"
2025-12-31T15:32:59.542943Z  INFO get_globs:scan_sources: tailwindcss_oxide::scanner: Discovering "D:\\trading-formation\\src\\components"
2025-12-31T15:32:59.543200Z  INFO get_globs:scan_sources: tailwindcss_oxide::scanner: Discovering "D:\\trading-formation\\src\\components\\ads"
2025-12-31T15:32:59.543506Z  INFO get_globs:scan_sources: tailwindcss_oxide::scanner: Discovering "D:\\trading-formation\\src\\components\\auth"
2025-12-31T15:32:59.543797Z  INFO get_globs:scan_sources: tailwindcss_oxide::scanner: Discovering "D:\\trading-formation\\src\\components\\layout"
2025-12-31T15:32:59.544081Z  INFO get_globs:scan_sources: tailwindcss_oxide::scanner: Discovering "D:\\trading-formation\\src\\components\\paiement"
2025-12-31T15:32:59.544296Z  INFO get_globs:scan_sources: tailwindcss_oxide::scanner: Discovering "D:\\trading-formation\\src\\components\\providers"
2025-12-31T15:32:59.544667Z  INFO get_globs:scan_sources: tailwindcss_oxide::scanner: Discovering "D:\\trading-formation\\src\\components\\ui"
2025-12-31T15:32:59.545014Z  INFO get_globs:scan_sources: tailwindcss_oxide::scanner: Discovering "D:\\trading-formation\\src\\config"
2025-12-31T15:32:59.545238Z  INFO get_globs:scan_sources: tailwindcss_oxide::scanner: Discovering "D:\\trading-formation\\src\\hooks"
2025-12-31T15:32:59.545463Z  INFO get_globs:scan_sources: tailwindcss_oxide::scanner: Discovering "D:\\trading-formation\\src\\lib"
2025-12-31T15:32:59.545903Z  INFO get_globs:scan_sources: tailwindcss_oxide::scanner: Discovering "D:\\trading-formation\\src\\types"
2025-12-31T15:32:59.546177Z  INFO get_globs:scan_sources: tailwindcss_oxide::scanner: Discovering "D:\\trading-formation\\static"
2025-12-31T15:32:59.546347Z  INFO get_globs:scan_sources: tailwindcss_oxide::scanner: Discovering "D:\\trading-formation\\static\\css"
2025-12-31T15:32:59.546560Z  INFO get_globs:scan_sources: tailwindcss_oxide::scanner: Discovering "D:\\trading-formation\\static\\js"
2025-12-31T15:32:59.547236Z  INFO get_globs:scan_sources: tailwindcss_oxide::scanner: exit
2025-12-31T15:32:59.559475Z  INFO get_globs: tailwindcss_oxide::scanner: exit
