2025-12-31T15:31:35.592961Z  INFO tailwindcss_oxide::scanner: Provided sources:
2025-12-31T15:31:35.593066Z  INFO tailwindcss_oxide::scanner: Source: PublicSourceEntry { base: "D:\\trading-formation", pattern: "**/*", negated: false }
2025-12-31T15:31:35.593308Z  INFO tailwindcss_oxide::scanner: Optimized sources:
2025-12-31T15:31:35.593332Z  INFO tailwindcss_oxide::scanner: Source: Auto { base: "D:\\trading-formation" }
2025-12-31T15:31:35.595506Z  INFO scan_sources: tailwindcss_oxide::scanner: enter
2025-12-31T15:31:35.597475Z  INFO scan_sources: tailwindcss_oxide::scanner: Discovering "D:\\trading-formation\\add-role-column.js"
2025-12-31T15:31:35.597632Z  INFO scan_sources: tailwindcss_oxide::scanner: Discovering "D:\\trading-formation\\app.py"
2025-12-31T15:31:35.598055Z  INFO scan_sources: tailwindcss_oxide::scanner: Discovering "D:\\trading-formation\\bot.py"
2025-12-31T15:31:35.598139Z  INFO scan_sources: tailwindcss_oxide::scanner: Discovering "D:\\trading-formation\\bot_backup.py"
2025-12-31T15:31:35.598216Z  INFO scan_sources: tailwindcss_oxide::scanner: Discovering "D:\\trading-formation\\bot_backup_help.py"
2025-12-31T15:31:35.598292Z  INFO scan_sources: tailwindcss_oxide::scanner: Discovering "D:\\trading-formation\\check-and-fix-db.js"
2025-12-31T15:31:35.598362Z  INFO scan_sources: tailwindcss_oxide::scanner: Discovering "D:\\trading-formation\\check-structure.js"
2025-12-31T15:31:35.598430Z  INFO scan_sources: tailwindcss_oxide::scanner: Discovering "D:\\trading-formation\\create-accounts.js"
2025-12-31T15:31:35.598500Z  INFO scan_sources: tailwindcss_oxide::scanner: Discovering "D:\\trading-formation\\env.temp"
2025-12-31T15:31:35.598571Z  INFO scan_sources: tailwindcss_oxide::scanner: Discovering "D:\\trading-formation\\eslint.config.mjs"
2025-12-31T15:31:35.598641Z  INFO scan_sources: tailwindcss_oxide::scanner: Discovering "D:\\trading-formation\\final-setup.js"
2025-12-31T15:31:35.598707Z  INFO scan_sources: tailwindcss_oxide::scanner: Discovering "D:\\trading-formation\\fix_bot.py"
2025-12-31T15:31:35.598773Z  INFO scan_sources: tailwindcss_oxide::scanner: Discovering "D:\\trading-formation\\fix_env.py"
2025-12-31T15:31:35.598838Z  INFO scan_sources: tailwindcss_oxide::scanner: Discovering "D:\\trading-formation\\fix_env_format.py"
2025-12-31T15:31:35.598904Z  INFO scan_sources: tailwindcss_oxide::scanner: Discovering "D:\\trading-formation\\fix_env_simple.py"
2025-12-31T15:31:35.599015Z  INFO scan_sources: tailwindcss_oxide::scanner: Discovering "D:\\trading-formation\\instance"
2025-12-31T15:31:35.599185Z  INFO scan_sources: tailwindcss_oxide::scanner: Discovering "D:\\trading-formation\\list-users.js"
2025-12-31T15:31:35.599257Z  INFO scan_sources: tailwindcss_oxide::scanner: Discovering "D:\\trading-formation\\main.py"
2025-12-31T15:31:35.599326Z  INFO scan_sources: tailwindcss_oxide::scanner: Discovering "D:\\trading-formation\\make-admin.js"
2025-12-31T15:31:35.599394Z  INFO scan_sources: tailwindcss_oxide::scanner: Discovering "D:\\trading-formation\\middleware.ts"
2025-12-31T15:31:35.599468Z  INFO scan_sources: tailwindcss_oxide::scanner: Discovering "D:\\trading-formation\\next.config.js"
2025-12-31T15:31:35.599534Z  INFO scan_sources: tailwindcss_oxide::scanner: Discovering "D:\\trading-formation\\next.config.ts"
2025-12-31T15:31:35.599777Z  INFO scan_sources: tailwindcss_oxide::scanner: Discovering "D:\\trading-formation\\package.json"
2025-12-31T15:31:35.599851Z  INFO scan_sources: tailwindcss_oxide::scanner: Discovering "D:\\trading-formation\\postcss.config.mjs"
2025-12-31T15:31:35.599963Z  INFO scan_sources: tailwindcss_oxide::scanner: Discovering "D:\\trading-formation\\prisma"
2025-12-31T15:31:35.600111Z  INFO scan_sources: tailwindcss_oxide::scanner: Discovering "D:\\trading-formation\\prisma\\config.ts"
2025-12-31T15:31:35.600240Z  INFO scan_sources: tailwindcss_oxide::scanner: Discovering "D:\\trading-formation\\prisma\\migrations"
2025-12-31T15:31:35.600431Z  INFO scan_sources: tailwindcss_oxide::scanner: Discovering "D:\\trading-formation\\prisma\\migrations\\20251223013809_add_email_verification"
2025-12-31T15:31:35.600621Z  INFO scan_sources: tailwindcss_oxide::scanner: Discovering "D:\\trading-formation\\prisma\\migrations\\20251223013809_add_email_verification\\migration.sql"
2025-12-31T15:31:35.600760Z  INFO scan_sources: tailwindcss_oxide::scanner: Discovering "D:\\trading-formation\\prisma\\migrations\\20251223032538_update_user_model"
2025-12-31T15:31:35.600896Z  INFO scan_sources: tailwindcss_oxide::scanner: Discovering "D:\\trading-formation\\prisma\\migrations\\20251223032538_update_user_model\\migration.sql"
2025-12-31T15:31:35.601025Z  INFO scan_sources: tailwindcss_oxide::scanner: Discovering "D:\\trading-formation\\prisma\\migrations\\20251224172209_add_discord_username"
2025-12-31T15:31:35.601204Z  INFO scan_sources: tailwindcss_oxide::scanner: Discovering "D:\\trading-formation\\prisma\\migrations\\20251224172209_add_discord_username\\migration.sql"
2025-12-31T15:31:35.601488Z  INFO scan_sources: tailwindcss_oxide::scanner: Discovering "D:\\trading-formation\\prisma\\migrations\\20251224181028_init"
2025-12-31T15:31:35.601778Z  INFO scan_sources: tailwindcss_oxide::scanner: Discovering "D:\\trading-formation\\prisma\\migrations\\20251224181028_init\\migration.sql"
2025-12-31T15:31:35.602093Z  INFO scan_sources: tailwindcss_oxide::scanner: Discovering "D:\\trading-formation\\prisma\\migrations\\20251226201343_update_discord_roles"
2025-12-31T15:31:35.602268Z  INFO scan_sources: tailwindcss_oxide::scanner: Discovering "D:\\trading-formation\\prisma\\migrations\\20251226201343_update_discord_roles\\migration.sql"
2025-12-31T15:31:35.602411Z  INFO scan_sources: tailwindcss_oxide::scanner: Discovering "D:\\trading-formation\\prisma\\migrations\\20251226204848_add_expires_at_to_user"
2025-12-31T15:31:35.602569Z  INFO scan_sources: tailwindcss_oxide::scanner: Discovering "D:\\trading-formation\\prisma\\migrations\\20251226204848_add_expires_at_to_user\\migration.sql"
2025-12-31T15:31:35.602719Z  INFO scan_sources: tailwindcss_oxide::scanner: Discovering "D:\\trading-formation\\prisma\\migrations\\20251227032937_update_schema"
2025-12-31T15:31:35.602862Z  INFO scan_sources: tailwindcss_oxide::scanner: Discovering "D:\\trading-formation\\prisma\\migrations\\20251227032937_update_schema\\migration.sql"
2025-12-31T15:31:35.602957Z  INFO scan_sources: tailwindcss_oxide::scanner: Discovering "D:\\trading-formation\\prisma\\migrations\\migration_lock.toml"
2025-12-31T15:31:35.603055Z  INFO scan_sources: tailwindcss_oxide::scanner: Discovering "D:\\trading-formation\\prisma\\schema.prisma"
2025-12-31T15:31:35.603291Z  INFO scan_sources: tailwindcss_oxide::scanner: Discovering "D:\\trading-formation\\public"
2025-12-31T15:31:35.603429Z  INFO scan_sources: tailwindcss_oxide::scanner: Discovering "D:\\trading-formation\\public\\file.svg"
2025-12-31T15:31:35.603500Z  INFO scan_sources: tailwindcss_oxide::scanner: Discovering "D:\\trading-formation\\public\\globe.svg"
2025-12-31T15:31:35.603609Z  INFO scan_sources: tailwindcss_oxide::scanner: Discovering "D:\\trading-formation\\public\\images"
2025-12-31T15:31:35.603770Z  INFO scan_sources: tailwindcss_oxide::scanner: Discovering "D:\\trading-formation\\public\\next.svg"
2025-12-31T15:31:35.603849Z  INFO scan_sources: tailwindcss_oxide::scanner: Discovering "D:\\trading-formation\\public\\vercel.svg"
2025-12-31T15:31:35.603917Z  INFO scan_sources: tailwindcss_oxide::scanner: Discovering "D:\\trading-formation\\public\\window.svg"
2025-12-31T15:31:35.604014Z  INFO scan_sources: tailwindcss_oxide::scanner: Discovering "D:\\trading-formation\\README.md"
2025-12-31T15:31:35.604153Z  INFO scan_sources: tailwindcss_oxide::scanner: Discovering "D:\\trading-formation\\requirements.txt"
2025-12-31T15:31:35.604306Z  INFO scan_sources: tailwindcss_oxide::scanner: Discovering "D:\\trading-formation\\reset-and-setup.js"
2025-12-31T15:31:35.604423Z  INFO scan_sources: tailwindcss_oxide::scanner: Discovering "D:\\trading-formation\\reset-db.js"
2025-12-31T15:31:35.604586Z  INFO scan_sources: tailwindcss_oxide::scanner: Discovering "D:\\trading-formation\\scripts"
2025-12-31T15:31:35.604854Z  INFO scan_sources: tailwindcss_oxide::scanner: Discovering "D:\\trading-formation\\scripts\\createAdmin.ts"
2025-12-31T15:31:35.604987Z  INFO scan_sources: tailwindcss_oxide::scanner: Discovering "D:\\trading-formation\\setup-admin.js"
2025-12-31T15:31:35.605085Z  INFO scan_sources: tailwindcss_oxide::scanner: Discovering "D:\\trading-formation\\show-users.js"
2025-12-31T15:31:35.605249Z  INFO scan_sources: tailwindcss_oxide::scanner: Discovering "D:\\trading-formation\\src"
2025-12-31T15:31:35.605503Z  INFO scan_sources: tailwindcss_oxide::scanner: Discovering "D:\\trading-formation\\src\\app"
2025-12-31T15:31:35.605831Z  INFO scan_sources: tailwindcss_oxide::scanner: Discovering "D:\\trading-formation\\src\\app\\admin"
2025-12-31T15:31:35.606136Z  INFO scan_sources: tailwindcss_oxide::scanner: Discovering "D:\\trading-formation\\src\\app\\admin\\admin"
2025-12-31T15:31:35.606344Z  INFO scan_sources: tailwindcss_oxide::scanner: Discovering "D:\\trading-formation\\src\\app\\admin\\admin\\page.tsx"
2025-12-31T15:31:35.606554Z  INFO scan_sources: tailwindcss_oxide::scanner: Discovering "D:\\trading-formation\\src\\app\\admin\\components"
2025-12-31T15:31:35.606771Z  INFO scan_sources: tailwindcss_oxide::scanner: Discovering "D:\\trading-formation\\src\\app\\admin\\components\\AdminLayout.tsx"
2025-12-31T15:31:35.606886Z  INFO scan_sources: tailwindcss_oxide::scanner: Discovering "D:\\trading-formation\\src\\app\\admin\\components\\Customers.tsx"
2025-12-31T15:31:35.607008Z  INFO scan_sources: tailwindcss_oxide::scanner: Discovering "D:\\trading-formation\\src\\app\\admin\\components\\Dashboard.tsx"
2025-12-31T15:31:35.607120Z  INFO scan_sources: tailwindcss_oxide::scanner: Discovering "D:\\trading-formation\\src\\app\\admin\\components\\Invoices.tsx"
2025-12-31T15:31:35.607242Z  INFO scan_sources: tailwindcss_oxide::scanner: Discovering "D:\\trading-formation\\src\\app\\admin\\components\\Orders.tsx"
2025-12-31T15:31:35.607356Z  INFO scan_sources: tailwindcss_oxide::scanner: Discovering "D:\\trading-formation\\src\\app\\admin\\components\\Products.tsx"
2025-12-31T15:31:35.607540Z  INFO scan_sources: tailwindcss_oxide::scanner: Discovering "D:\\trading-formation\\src\\app\\admin\\dashboard"
2025-12-31T15:31:35.607727Z  INFO scan_sources: tailwindcss_oxide::scanner: Discovering "D:\\trading-formation\\src\\app\\admin\\dashboard\\page.tsx"
2025-12-31T15:31:35.607852Z  INFO scan_sources: tailwindcss_oxide::scanner: Discovering "D:\\trading-formation\\src\\app\\admin\\layout.tsx"
2025-12-31T15:31:35.608004Z  INFO scan_sources: tailwindcss_oxide::scanner: Discovering "D:\\trading-formation\\src\\app\\admin\\moderator"
2025-12-31T15:31:35.608183Z  INFO scan_sources: tailwindcss_oxide::scanner: Discovering "D:\\trading-formation\\src\\app\\admin\\moderator\\page.tsx"
2025-12-31T15:31:35.608357Z  INFO scan_sources: tailwindcss_oxide::scanner: Discovering "D:\\trading-formation\\src\\app\\admin\\owner"
2025-12-31T15:31:35.608541Z  INFO scan_sources: tailwindcss_oxide::scanner: Discovering "D:\\trading-formation\\src\\app\\admin\\owner\\page.tsx"
2025-12-31T15:31:35.608689Z  INFO scan_sources: tailwindcss_oxide::scanner: Discovering "D:\\trading-formation\\src\\app\\admin\\page.tsx"
2025-12-31T15:31:35.608889Z  INFO scan_sources: tailwindcss_oxide::scanner: Discovering "D:\\trading-formation\\src\\app\\api"
2025-12-31T15:31:35.609138Z  INFO scan_sources: tailwindcss_oxide::scanner: Discovering "D:\\trading-formation\\src\\app\\api\\admin"
2025-12-31T15:31:35.609393Z  INFO scan_sources: tailwindcss_oxide::scanner: Discovering "D:\\trading-formation\\src\\app\\api\\admin\\create-account"
2025-12-31T15:31:35.609579Z  INFO scan_sources: tailwindcss_oxide::scanner: Discovering "D:\\trading-formation\\src\\app\\api\\admin\\create-account\\route.ts"
2025-12-31T15:31:35.609775Z  INFO scan_sources: tailwindcss_oxide::scanner: Discovering "D:\\trading-formation\\src\\app\\api\\auth"
2025-12-31T15:31:35.610032Z  INFO scan_sources: tailwindcss_oxide::scanner: Discovering "D:\\trading-formation\\src\\app\\api\\auth\\check-email"
2025-12-31T15:31:35.610240Z  INFO scan_sources: tailwindcss_oxide::scanner: Discovering "D:\\trading-formation\\src\\app\\api\\auth\\check-email\\route.ts"
2025-12-31T15:31:35.610443Z  INFO scan_sources: tailwindcss_oxide::scanner: Discovering "D:\\trading-formation\\src\\app\\api\\auth\\create-account"
2025-12-31T15:31:35.610618Z  INFO scan_sources: tailwindcss_oxide::scanner: Discovering "D:\\trading-formation\\src\\app\\api\\auth\\create-account\\route.ts"
2025-12-31T15:31:35.610757Z  INFO scan_sources: tailwindcss_oxide::scanner: Discovering "D:\\trading-formation\\src\\app\\api\\auth\\discord"
2025-12-31T15:31:35.610926Z  INFO scan_sources: tailwindcss_oxide::scanner: Discovering "D:\\trading-formation\\src\\app\\api\\auth\\discord\\create-account"
2025-12-31T15:31:35.611134Z  INFO scan_sources: tailwindcss_oxide::scanner: Discovering "D:\\trading-formation\\src\\app\\api\\auth\\discord\\create-account\\route.ts"
2025-12-31T15:31:35.611418Z  INFO scan_sources: tailwindcss_oxide::scanner: Discovering "D:\\trading-formation\\src\\app\\api\\auth\\login"
2025-12-31T15:31:35.611659Z  INFO scan_sources: tailwindcss_oxide::scanner: Discovering "D:\\trading-formation\\src\\app\\api\\auth\\login\\route.ts"
2025-12-31T15:31:35.611899Z  INFO scan_sources: tailwindcss_oxide::scanner: Discovering "D:\\trading-formation\\src\\app\\api\\auth\\register"
2025-12-31T15:31:35.612057Z  INFO scan_sources: tailwindcss_oxide::scanner: Discovering "D:\\trading-formation\\src\\app\\api\\auth\\register\\route.ts"
2025-12-31T15:31:35.612238Z  INFO scan_sources: tailwindcss_oxide::scanner: Discovering "D:\\trading-formation\\src\\app\\api\\auth\\resend-verification"
2025-12-31T15:31:35.612433Z  INFO scan_sources: tailwindcss_oxide::scanner: Discovering "D:\\trading-formation\\src\\app\\api\\auth\\resend-verification\\route.ts"
2025-12-31T15:31:35.612609Z  INFO scan_sources: tailwindcss_oxide::scanner: Discovering "D:\\trading-formation\\src\\app\\api\\auth\\verify-code"
2025-12-31T15:31:35.612801Z  INFO scan_sources: tailwindcss_oxide::scanner: Discovering "D:\\trading-formation\\src\\app\\api\\auth\\verify-code\\route.ts"
2025-12-31T15:31:35.612995Z  INFO scan_sources: tailwindcss_oxide::scanner: Discovering "D:\\trading-formation\\src\\app\\api\\auth\\verify-email"
2025-12-31T15:31:35.613183Z  INFO scan_sources: tailwindcss_oxide::scanner: Discovering "D:\\trading-formation\\src\\app\\api\\auth\\verify-email\\route.ts"
2025-12-31T15:31:35.613366Z  INFO scan_sources: tailwindcss_oxide::scanner: Discovering "D:\\trading-formation\\src\\app\\api\\auth\\[...nextauth]"
2025-12-31T15:31:35.613555Z  INFO scan_sources: tailwindcss_oxide::scanner: Discovering "D:\\trading-formation\\src\\app\\api\\auth\\[...nextauth]\\route.ts"
2025-12-31T15:31:35.613763Z  INFO scan_sources: tailwindcss_oxide::scanner: Discovering "D:\\trading-formation\\src\\app\\api\\discord"
2025-12-31T15:31:35.614006Z  INFO scan_sources: tailwindcss_oxide::scanner: Discovering "D:\\trading-formation\\src\\app\\api\\discord\\register"
2025-12-31T15:31:35.614256Z  INFO scan_sources: tailwindcss_oxide::scanner: Discovering "D:\\trading-formation\\src\\app\\api\\discord\\register\\route.ts"
2025-12-31T15:31:35.614588Z  INFO scan_sources: tailwindcss_oxide::scanner: Discovering "D:\\trading-formation\\src\\app\\api\\register"
2025-12-31T15:31:35.614905Z  INFO scan_sources: tailwindcss_oxide::scanner: Discovering "D:\\trading-formation\\src\\app\\api\\register\\route.ts"
2025-12-31T15:31:35.615161Z  INFO scan_sources: tailwindcss_oxide::scanner: Discovering "D:\\trading-formation\\src\\app\\auth"
2025-12-31T15:31:35.615471Z  INFO scan_sources: tailwindcss_oxide::scanner: Discovering "D:\\trading-formation\\src\\app\\auth\\error"
2025-12-31T15:31:35.615690Z  INFO scan_sources: tailwindcss_oxide::scanner: Discovering "D:\\trading-formation\\src\\app\\auth\\error\\page.tsx"
2025-12-31T15:31:35.615971Z  INFO scan_sources: tailwindcss_oxide::scanner: Discovering "D:\\trading-formation\\src\\app\\client"
2025-12-31T15:31:35.616246Z  INFO scan_sources: tailwindcss_oxide::scanner: Discovering "D:\\trading-formation\\src\\app\\client\\page.fixed.tsx"
2025-12-31T15:31:35.616472Z  INFO scan_sources: tailwindcss_oxide::scanner: Discovering "D:\\trading-formation\\src\\app\\components"
2025-12-31T15:31:35.616626Z  INFO scan_sources: tailwindcss_oxide::scanner: Discovering "D:\\trading-formation\\src\\app\\components\\AnnouncementCarousel.tsx"
2025-12-31T15:31:35.616705Z  INFO scan_sources: tailwindcss_oxide::scanner: Discovering "D:\\trading-formation\\src\\app\\components\\LoadingScreen.tsx"
2025-12-31T15:31:35.616842Z  INFO scan_sources: tailwindcss_oxide::scanner: Discovering "D:\\trading-formation\\src\\app\\components\\PromoModal.tsx"
2025-12-31T15:31:35.617023Z  INFO scan_sources: tailwindcss_oxide::scanner: Discovering "D:\\trading-formation\\src\\app\\connexion"
2025-12-31T15:31:35.617210Z  INFO scan_sources: tailwindcss_oxide::scanner: Discovering "D:\\trading-formation\\src\\app\\connexion\\erreur"
2025-12-31T15:31:35.617365Z  INFO scan_sources: tailwindcss_oxide::scanner: Discovering "D:\\trading-formation\\src\\app\\connexion\\erreur\\page.tsx"
2025-12-31T15:31:35.617480Z  INFO scan_sources: tailwindcss_oxide::scanner: Discovering "D:\\trading-formation\\src\\app\\connexion\\page.tsx"
2025-12-31T15:31:35.617613Z  INFO scan_sources: tailwindcss_oxide::scanner: Discovering "D:\\trading-formation\\src\\app\\credits"
2025-12-31T15:31:35.617748Z  INFO scan_sources: tailwindcss_oxide::scanner: Discovering "D:\\trading-formation\\src\\app\\credits\\page.tsx"
2025-12-31T15:31:35.617875Z  INFO scan_sources: tailwindcss_oxide::scanner: Discovering "D:\\trading-formation\\src\\app\\dashboard"
2025-12-31T15:31:35.618012Z  INFO scan_sources: tailwindcss_oxide::scanner: Discovering "D:\\trading-formation\\src\\app\\dashboard\\page.tsx"
2025-12-31T15:31:35.618111Z  INFO scan_sources: tailwindcss_oxide::scanner: Discovering "D:\\trading-formation\\src\\app\\globals.css"
2025-12-31T15:31:35.618225Z  INFO scan_sources: tailwindcss_oxide::scanner: Discovering "D:\\trading-formation\\src\\app\\home"
2025-12-31T15:31:35.618370Z  INFO scan_sources: tailwindcss_oxide::scanner: Discovering "D:\\trading-formation\\src\\app\\home\\page.tsx"
2025-12-31T15:31:35.618600Z  INFO scan_sources: tailwindcss_oxide::scanner: Discovering "D:\\trading-formation\\src\\app\\inscription"
2025-12-31T15:31:35.618764Z  INFO scan_sources: tailwindcss_oxide::scanner: Discovering "D:\\trading-formation\\src\\app\\inscription\\page.tsx"
2025-12-31T15:31:35.618868Z  INFO scan_sources: tailwindcss_oxide::scanner: Discovering "D:\\trading-formation\\src\\app\\layout.tsx"
2025-12-31T15:31:35.618998Z  INFO scan_sources: tailwindcss_oxide::scanner: Discovering "D:\\trading-formation\\src\\app\\login"
2025-12-31T15:31:35.619134Z  INFO scan_sources: tailwindcss_oxide::scanner: Discovering "D:\\trading-formation\\src\\app\\login\\page.tsx"
2025-12-31T15:31:35.619226Z  INFO scan_sources: tailwindcss_oxide::scanner: Discovering "D:\\trading-formation\\src\\app\\page.temp.tsx"
2025-12-31T15:31:35.619294Z  INFO scan_sources: tailwindcss_oxide::scanner: Discovering "D:\\trading-formation\\src\\app\\page.tsx"
2025-12-31T15:31:35.619363Z  INFO scan_sources: tailwindcss_oxide::scanner: Discovering "D:\\trading-formation\\src\\app\\page.tsx.backup"
2025-12-31T15:31:35.619430Z  INFO scan_sources: tailwindcss_oxide::scanner: Discovering "D:\\trading-formation\\src\\app\\page.tsx.backup2"
2025-12-31T15:31:35.619504Z  INFO scan_sources: tailwindcss_oxide::scanner: Discovering "D:\\trading-formation\\src\\app\\page.tsx.backup_final"
2025-12-31T15:31:35.619572Z  INFO scan_sources: tailwindcss_oxide::scanner: Discovering "D:\\trading-formation\\src\\app\\page.tsx.backup_final10"
2025-12-31T15:31:35.619639Z  INFO scan_sources: tailwindcss_oxide::scanner: Discovering "D:\\trading-formation\\src\\app\\page.tsx.backup_final11"
2025-12-31T15:31:35.619706Z  INFO scan_sources: tailwindcss_oxide::scanner: Discovering "D:\\trading-formation\\src\\app\\page.tsx.backup_final12"
2025-12-31T15:31:35.619773Z  INFO scan_sources: tailwindcss_oxide::scanner: Discovering "D:\\trading-formation\\src\\app\\page.tsx.backup_final13"
2025-12-31T15:31:35.619850Z  INFO scan_sources: tailwindcss_oxide::scanner: Discovering "D:\\trading-formation\\src\\app\\page.tsx.backup_final14"
2025-12-31T15:31:35.619921Z  INFO scan_sources: tailwindcss_oxide::scanner: Discovering "D:\\trading-formation\\src\\app\\page.tsx.backup_final2"
2025-12-31T15:31:35.619988Z  INFO scan_sources: tailwindcss_oxide::scanner: Discovering "D:\\trading-formation\\src\\app\\page.tsx.backup_final3"
2025-12-31T15:31:35.620053Z  INFO scan_sources: tailwindcss_oxide::scanner: Discovering "D:\\trading-formation\\src\\app\\page.tsx.backup_final4"
2025-12-31T15:31:35.620120Z  INFO scan_sources: tailwindcss_oxide::scanner: Discovering "D:\\trading-formation\\src\\app\\page.tsx.backup_final5"
2025-12-31T15:31:35.620187Z  INFO scan_sources: tailwindcss_oxide::scanner: Discovering "D:\\trading-formation\\src\\app\\page.tsx.backup_final6"
2025-12-31T15:31:35.620264Z  INFO scan_sources: tailwindcss_oxide::scanner: Discovering "D:\\trading-formation\\src\\app\\page.tsx.backup_final7"
2025-12-31T15:31:35.620335Z  INFO scan_sources: tailwindcss_oxide::scanner: Discovering "D:\\trading-formation\\src\\app\\page.tsx.backup_final8"
2025-12-31T15:31:35.620407Z  INFO scan_sources: tailwindcss_oxide::scanner: Discovering "D:\\trading-formation\\src\\app\\page.tsx.backup_final9"
2025-12-31T15:31:35.620483Z  INFO scan_sources: tailwindcss_oxide::scanner: Discovering "D:\\trading-formation\\src\\app\\page.tsx.bak10"
2025-12-31T15:31:35.620556Z  INFO scan_sources: tailwindcss_oxide::scanner: Discovering "D:\\trading-formation\\src\\app\\page.tsx.bak11"
2025-12-31T15:31:35.620624Z  INFO scan_sources: tailwindcss_oxide::scanner: Discovering "D:\\trading-formation\\src\\app\\page.tsx.bak12"
2025-12-31T15:31:35.620690Z  INFO scan_sources: tailwindcss_oxide::scanner: Discovering "D:\\trading-formation\\src\\app\\page.tsx.bak13"
2025-12-31T15:31:35.620757Z  INFO scan_sources: tailwindcss_oxide::scanner: Discovering "D:\\trading-formation\\src\\app\\page.tsx.bak2"
2025-12-31T15:31:35.620825Z  INFO scan_sources: tailwindcss_oxide::scanner: Discovering "D:\\trading-formation\\src\\app\\page.tsx.bak3"
2025-12-31T15:31:35.620892Z  INFO scan_sources: tailwindcss_oxide::scanner: Discovering "D:\\trading-formation\\src\\app\\page.tsx.bak4"
2025-12-31T15:31:35.620970Z  INFO scan_sources: tailwindcss_oxide::scanner: Discovering "D:\\trading-formation\\src\\app\\page.tsx.bak5"
2025-12-31T15:31:35.621039Z  INFO scan_sources: tailwindcss_oxide::scanner: Discovering "D:\\trading-formation\\src\\app\\page.tsx.bak6"
2025-12-31T15:31:35.621105Z  INFO scan_sources: tailwindcss_oxide::scanner: Discovering "D:\\trading-formation\\src\\app\\page.tsx.bak7"
2025-12-31T15:31:35.621176Z  INFO scan_sources: tailwindcss_oxide::scanner: Discovering "D:\\trading-formation\\src\\app\\page.tsx.bak8"
2025-12-31T15:31:35.621268Z  INFO scan_sources: tailwindcss_oxide::scanner: Discovering "D:\\trading-formation\\src\\app\\page.tsx.bak9"
2025-12-31T15:31:35.621381Z  INFO scan_sources: tailwindcss_oxide::scanner: Discovering "D:\\trading-formation\\src\\app\\paiement"
2025-12-31T15:31:35.621549Z  INFO scan_sources: tailwindcss_oxide::scanner: Discovering "D:\\trading-formation\\src\\app\\paiement\\confirmation"
2025-12-31T15:31:35.621684Z  INFO scan_sources: tailwindcss_oxide::scanner: Discovering "D:\\trading-formation\\src\\app\\paiement\\confirmation\\page.tsx"
2025-12-31T15:31:35.621774Z  INFO scan_sources: tailwindcss_oxide::scanner: Discovering "D:\\trading-formation\\src\\app\\paiement\\layout.tsx"
2025-12-31T15:31:35.621842Z  INFO scan_sources: tailwindcss_oxide::scanner: Discovering "D:\\trading-formation\\src\\app\\paiement\\page.tsx"
2025-12-31T15:31:35.621950Z  INFO scan_sources: tailwindcss_oxide::scanner: Discovering "D:\\trading-formation\\src\\app\\paiement\\success"
2025-12-31T15:31:35.622099Z  INFO scan_sources: tailwindcss_oxide::scanner: Discovering "D:\\trading-formation\\src\\app\\paiement\\success\\page.tsx"
2025-12-31T15:31:35.622207Z  INFO scan_sources: tailwindcss_oxide::scanner: Discovering "D:\\trading-formation\\src\\app\\temp.tsx"
2025-12-31T15:31:35.622322Z  INFO scan_sources: tailwindcss_oxide::scanner: Discovering "D:\\trading-formation\\src\\app\\verification"
2025-12-31T15:31:35.622460Z  INFO scan_sources: tailwindcss_oxide::scanner: Discovering "D:\\trading-formation\\src\\app\\verification\\page.tsx"
2025-12-31T15:31:35.622607Z  INFO scan_sources: tailwindcss_oxide::scanner: Discovering "D:\\trading-formation\\src\\components"
2025-12-31T15:31:35.622775Z  INFO scan_sources: tailwindcss_oxide::scanner: Discovering "D:\\trading-formation\\src\\components\\ads"
2025-12-31T15:31:35.622908Z  INFO scan_sources: tailwindcss_oxide::scanner: Discovering "D:\\trading-formation\\src\\components\\ads\\AdBanner.tsx"
2025-12-31T15:31:35.622998Z  INFO scan_sources: tailwindcss_oxide::scanner: Discovering "D:\\trading-formation\\src\\components\\AnimatedParticles.tsx"
2025-12-31T15:31:35.623103Z  INFO scan_sources: tailwindcss_oxide::scanner: Discovering "D:\\trading-formation\\src\\components\\auth"
2025-12-31T15:31:35.623335Z  INFO scan_sources: tailwindcss_oxide::scanner: Discovering "D:\\trading-formation\\src\\components\\auth\\AuthForm.tsx"
2025-12-31T15:31:35.623411Z  INFO scan_sources: tailwindcss_oxide::scanner: Discovering "D:\\trading-formation\\src\\components\\auth\\AuthGuard.tsx"
2025-12-31T15:31:35.623479Z  INFO scan_sources: tailwindcss_oxide::scanner: Discovering "D:\\trading-formation\\src\\components\\auth\\SignOutButton.tsx"
2025-12-31T15:31:35.623603Z  INFO scan_sources: tailwindcss_oxide::scanner: Discovering "D:\\trading-formation\\src\\components\\layout"
2025-12-31T15:31:35.623735Z  INFO scan_sources: tailwindcss_oxide::scanner: Discovering "D:\\trading-formation\\src\\components\\layout\\ClientHeader.tsx"
2025-12-31T15:31:35.623827Z  INFO scan_sources: tailwindcss_oxide::scanner: Discovering "D:\\trading-formation\\src\\components\\layout\\Header.tsx"
2025-12-31T15:31:35.623951Z  INFO scan_sources: tailwindcss_oxide::scanner: Discovering "D:\\trading-formation\\src\\components\\Navbar.tsx"
2025-12-31T15:31:35.624065Z  INFO scan_sources: tailwindcss_oxide::scanner: Discovering "D:\\trading-formation\\src\\components\\paiement"
2025-12-31T15:31:35.624227Z  INFO scan_sources: tailwindcss_oxide::scanner: Discovering "D:\\trading-formation\\src\\components\\paiement\\PaiementButton.tsx"
2025-12-31T15:31:35.624404Z  INFO scan_sources: tailwindcss_oxide::scanner: Discovering "D:\\trading-formation\\src\\components\\providers"
2025-12-31T15:31:35.624567Z  INFO scan_sources: tailwindcss_oxide::scanner: Discovering "D:\\trading-formation\\src\\components\\providers\\AuthProvider.tsx"
2025-12-31T15:31:35.624695Z  INFO scan_sources: tailwindcss_oxide::scanner: Discovering "D:\\trading-formation\\src\\components\\TradingNews.tsx"
2025-12-31T15:31:35.624844Z  INFO scan_sources: tailwindcss_oxide::scanner: Discovering "D:\\trading-formation\\src\\components\\ui"
2025-12-31T15:31:35.625061Z  INFO scan_sources: tailwindcss_oxide::scanner: Discovering "D:\\trading-formation\\src\\components\\ui\\Loading.tsx"
2025-12-31T15:31:35.625260Z  INFO scan_sources: tailwindcss_oxide::scanner: Discovering "D:\\trading-formation\\src\\config"
2025-12-31T15:31:35.625419Z  INFO scan_sources: tailwindcss_oxide::scanner: Discovering "D:\\trading-formation\\src\\config\\security.ts"
2025-12-31T15:31:35.625599Z  INFO scan_sources: tailwindcss_oxide::scanner: Discovering "D:\\trading-formation\\src\\hooks"
2025-12-31T15:31:35.625733Z  INFO scan_sources: tailwindcss_oxide::scanner: Discovering "D:\\trading-formation\\src\\hooks\\useAuth.ts"
2025-12-31T15:31:35.625911Z  INFO scan_sources: tailwindcss_oxide::scanner: Discovering "D:\\trading-formation\\src\\lib"
2025-12-31T15:31:35.626060Z  INFO scan_sources: tailwindcss_oxide::scanner: Discovering "D:\\trading-formation\\src\\lib\\auth-utils.ts"
2025-12-31T15:31:35.626162Z  INFO scan_sources: tailwindcss_oxide::scanner: Discovering "D:\\trading-formation\\src\\lib\\auth.ts"
2025-12-31T15:31:35.626267Z  INFO scan_sources: tailwindcss_oxide::scanner: Discovering "D:\\trading-formation\\src\\lib\\auth.ts.new"
2025-12-31T15:31:35.626348Z  INFO scan_sources: tailwindcss_oxide::scanner: Discovering "D:\\trading-formation\\src\\lib\\db.ts"
2025-12-31T15:31:35.626428Z  INFO scan_sources: tailwindcss_oxide::scanner: Discovering "D:\\trading-formation\\src\\lib\\email.ts"
2025-12-31T15:31:35.626522Z  INFO scan_sources: tailwindcss_oxide::scanner: Discovering "D:\\trading-formation\\src\\lib\\prisma.ts"
2025-12-31T15:31:35.626603Z  INFO scan_sources: tailwindcss_oxide::scanner: Discovering "D:\\trading-formation\\src\\lib\\session.ts"
2025-12-31T15:31:35.626704Z  INFO scan_sources: tailwindcss_oxide::scanner: Discovering "D:\\trading-formation\\src\\middleware.ts"
2025-12-31T15:31:35.626869Z  INFO scan_sources: tailwindcss_oxide::scanner: Discovering "D:\\trading-formation\\src\\types"
2025-12-31T15:31:35.627057Z  INFO scan_sources: tailwindcss_oxide::scanner: Discovering "D:\\trading-formation\\src\\types\\next-auth.d.ts"
2025-12-31T15:31:35.627197Z  INFO scan_sources: tailwindcss_oxide::scanner: Discovering "D:\\trading-formation\\start-all.bat"
2025-12-31T15:31:35.627333Z  INFO scan_sources: tailwindcss_oxide::scanner: Discovering "D:\\trading-formation\\static"
2025-12-31T15:31:35.627580Z  INFO scan_sources: tailwindcss_oxide::scanner: Discovering "D:\\trading-formation\\static\\css"
2025-12-31T15:31:35.627782Z  INFO scan_sources: tailwindcss_oxide::scanner: Discovering "D:\\trading-formation\\static\\css\\style.css"
2025-12-31T15:31:35.627919Z  INFO scan_sources: tailwindcss_oxide::scanner: Discovering "D:\\trading-formation\\static\\js"
2025-12-31T15:31:35.628056Z  INFO scan_sources: tailwindcss_oxide::scanner: Discovering "D:\\trading-formation\\static\\js\\auth.js"
2025-12-31T15:31:35.628164Z  INFO scan_sources: tailwindcss_oxide::scanner: Discovering "D:\\trading-formation\\tailwind.config.js"
2025-12-31T15:31:35.628253Z  INFO scan_sources: tailwindcss_oxide::scanner: Discovering "D:\\trading-formation\\tsconfig.json"
2025-12-31T15:31:35.628325Z  INFO scan_sources: tailwindcss_oxide::scanner: Discovering "D:\\trading-formation\\update-roles.js"
2025-12-31T15:31:35.628391Z  INFO scan_sources: tailwindcss_oxide::scanner: Discovering "D:\\trading-formation\\update-to-admin.js"
2025-12-31T15:31:35.628464Z  INFO scan_sources: tailwindcss_oxide::scanner: Discovering "D:\\trading-formation\\update_env.ps1"
2025-12-31T15:31:35.628869Z  INFO scan_sources: tailwindcss_oxide::scanner: exit
2025-12-31T15:31:35.628882Z  INFO extract_candidates: tailwindcss_oxide::scanner: enter
2025-12-31T15:31:35.628891Z  INFO extract_candidates:read_all_files: tailwindcss_oxide::scanner: enter
2025-12-31T15:31:35.628896Z  INFO extract_candidates:read_all_files: tailwindcss_oxide::scanner: Reading 148 file(s)
2025-12-31T15:31:35.629326Z  INFO tailwindcss_oxide::scanner: Reading "D:\\trading-formation\\src\\app\\connexion\\erreur\\page.tsx"
2025-12-31T15:31:35.629339Z  INFO tailwindcss_oxide::scanner: Reading "D:\\trading-formation\\src\\components\\ui\\Loading.tsx"
2025-12-31T15:31:35.629343Z  INFO tailwindcss_oxide::scanner: Reading "D:\\trading-formation\\public\\window.svg"
2025-12-31T15:31:35.629352Z  INFO tailwindcss_oxide::scanner: Reading "D:\\trading-formation\\add-role-column.js"
2025-12-31T15:31:35.629367Z  INFO tailwindcss_oxide::scanner: Reading "D:\\trading-formation\\src\\app\\page.tsx.bak9"
2025-12-31T15:31:35.629403Z  INFO tailwindcss_oxide::scanner: Reading "D:\\trading-formation\\middleware.ts"
2025-12-31T15:31:35.629450Z  INFO tailwindcss_oxide::scanner: Reading "D:\\trading-formation\\src\\app\\admin\\owner\\page.tsx"
2025-12-31T15:31:35.629454Z  INFO tailwindcss_oxide::scanner: Reading "D:\\trading-formation\\src\\app\\connexion\\page.tsx"
2025-12-31T15:31:35.629456Z  INFO tailwindcss_oxide::scanner: Reading "D:\\trading-formation\\src\\config\\security.ts"
2025-12-31T15:31:35.629477Z  INFO tailwindcss_oxide::scanner: Reading "D:\\trading-formation\\README.md"
2025-12-31T15:31:35.629486Z  INFO tailwindcss_oxide::scanner: Reading "D:\\trading-formation\\app.py"
2025-12-31T15:31:35.629509Z  INFO tailwindcss_oxide::scanner: Reading "D:\\trading-formation\\src\\app\\api\\auth\\verify-code\\route.ts"
2025-12-31T15:31:35.629585Z  INFO tailwindcss_oxide::scanner: Reading "D:\\trading-formation\\eslint.config.mjs"
2025-12-31T15:31:35.629598Z  INFO tailwindcss_oxide::scanner: Reading "D:\\trading-formation\\src\\hooks\\useAuth.ts"
2025-12-31T15:31:35.629552Z  INFO tailwindcss_oxide::scanner: Reading "D:\\trading-formation\\src\\app\\admin\\page.tsx"
2025-12-31T15:31:35.629621Z  INFO tailwindcss_oxide::scanner: Reading "D:\\trading-formation\\requirements.txt"
2025-12-31T15:31:35.629512Z  INFO tailwindcss_oxide::scanner: Reading "D:\\trading-formation\\next.config.js"
2025-12-31T15:31:35.629502Z  INFO tailwindcss_oxide::scanner: Reading "D:\\trading-formation\\src\\app\\paiement\\confirmation\\page.tsx"
2025-12-31T15:31:35.629691Z  INFO tailwindcss_oxide::scanner: Reading "D:\\trading-formation\\src\\app\\api\\auth\\verify-email\\route.ts"
2025-12-31T15:31:35.629567Z  INFO tailwindcss_oxide::scanner: Reading "D:\\trading-formation\\src\\app\\credits\\page.tsx"
2025-12-31T15:31:35.629632Z  INFO tailwindcss_oxide::scanner: Reading "D:\\trading-formation\\src\\app\\api\\auth\\create-account\\route.ts"
2025-12-31T15:31:35.629625Z  INFO tailwindcss_oxide::scanner: Reading "D:\\trading-formation\\bot.py"
2025-12-31T15:31:35.629738Z  INFO tailwindcss_oxide::scanner: Reading "D:\\trading-formation\\src\\app\\api\\admin\\create-account\\route.ts"
2025-12-31T15:31:35.629742Z  INFO tailwindcss_oxide::scanner: Reading "D:\\trading-formation\\src\\app\\paiement\\layout.tsx"
2025-12-31T15:31:35.629749Z  INFO tailwindcss_oxide::scanner: Reading "D:\\trading-formation\\next.config.ts"
2025-12-31T15:31:35.629751Z  INFO tailwindcss_oxide::scanner: Reading "D:\\trading-formation\\bot_backup_help.py"
2025-12-31T15:31:35.629751Z  INFO tailwindcss_oxide::scanner: Reading "D:\\trading-formation\\src\\lib\\auth-utils.ts"
2025-12-31T15:31:35.629815Z  INFO tailwindcss_oxide::scanner: Reading "D:\\trading-formation\\src\\app\\api\\auth\\[...nextauth]\\route.ts"
2025-12-31T15:31:35.629696Z  INFO tailwindcss_oxide::scanner: Reading "D:\\trading-formation\\final-setup.js"
2025-12-31T15:31:35.629724Z  INFO tailwindcss_oxide::scanner: Reading "D:\\trading-formation\\reset-and-setup.js"
2025-12-31T15:31:35.629816Z  INFO tailwindcss_oxide::scanner: Reading "D:\\trading-formation\\src\\app\\dashboard\\page.tsx"
2025-12-31T15:31:35.629850Z  INFO tailwindcss_oxide::scanner: Reading "D:\\trading-formation\\package.json"
2025-12-31T15:31:35.629859Z  INFO tailwindcss_oxide::scanner: Reading "D:\\trading-formation\\src\\app\\page.tsx.backup_final2"
2025-12-31T15:31:35.629875Z  INFO tailwindcss_oxide::scanner: Reading "D:\\trading-formation\\src\\app\\paiement\\page.tsx"
2025-12-31T15:31:35.629868Z  INFO tailwindcss_oxide::scanner: Reading "D:\\trading-formation\\src\\lib\\auth.ts"
2025-12-31T15:31:35.629869Z  INFO tailwindcss_oxide::scanner: Reading "D:\\trading-formation\\bot_backup.py"
2025-12-31T15:31:35.629830Z  INFO tailwindcss_oxide::scanner: Reading "D:\\trading-formation\\src\\app\\api\\auth\\check-email\\route.ts"
2025-12-31T15:31:35.629816Z  INFO tailwindcss_oxide::scanner: Reading "D:\\trading-formation\\src\\app\\api\\auth\\discord\\create-account\\route.ts"
2025-12-31T15:31:35.629929Z  INFO tailwindcss_oxide::scanner: Reading "D:\\trading-formation\\fix_bot.py"
2025-12-31T15:31:35.629916Z  INFO tailwindcss_oxide::scanner: Reading "D:\\trading-formation\\src\\app\\home\\page.tsx"
2025-12-31T15:31:35.629950Z  INFO tailwindcss_oxide::scanner: Reading "D:\\trading-formation\\postcss.config.mjs"
2025-12-31T15:31:35.629917Z  INFO tailwindcss_oxide::scanner: Reading "D:\\trading-formation\\src\\app\\api\\discord\\register\\route.ts"
2025-12-31T15:31:35.629974Z  INFO tailwindcss_oxide::scanner: Reading "D:\\trading-formation\\src\\app\\paiement\\success\\page.tsx"
2025-12-31T15:31:35.629980Z  INFO tailwindcss_oxide::scanner: Reading "D:\\trading-formation\\src\\app\\page.tsx.backup_final3"
2025-12-31T15:31:35.629997Z  INFO tailwindcss_oxide::scanner: Reading "D:\\trading-formation\\src\\lib\\auth.ts.new"
2025-12-31T15:31:35.630017Z  INFO tailwindcss_oxide::scanner: Reading "D:\\trading-formation\\fix_env.py"
2025-12-31T15:31:35.630018Z  INFO tailwindcss_oxide::scanner: Reading "D:\\trading-formation\\src\\lib\\session.ts"
2025-12-31T15:31:35.630019Z  INFO tailwindcss_oxide::scanner: Reading "D:\\trading-formation\\src\\app\\api\\auth\\login\\route.ts"
2025-12-31T15:31:35.630030Z  INFO tailwindcss_oxide::scanner: Reading "D:\\trading-formation\\src\\components\\auth\\AuthForm.tsx"
2025-12-31T15:31:35.630043Z  INFO tailwindcss_oxide::scanner: Reading "D:\\trading-formation\\src\\app\\inscription\\page.tsx"
2025-12-31T15:31:35.629868Z  INFO tailwindcss_oxide::scanner: Reading "D:\\trading-formation\\check-and-fix-db.js"
2025-12-31T15:31:35.630068Z  INFO tailwindcss_oxide::scanner: Reading "D:\\trading-formation\\src\\app\\api\\register\\route.ts"
2025-12-31T15:31:35.630072Z  INFO tailwindcss_oxide::scanner: Reading "D:\\trading-formation\\src\\app\\temp.tsx"
2025-12-31T15:31:35.630102Z  INFO tailwindcss_oxide::scanner: Reading "D:\\trading-formation\\src\\lib\\db.ts"
2025-12-31T15:31:35.630115Z  INFO tailwindcss_oxide::scanner: Reading "D:\\trading-formation\\src\\app\\api\\auth\\register\\route.ts"
2025-12-31T15:31:35.629940Z  INFO tailwindcss_oxide::scanner: Reading "D:\\trading-formation\\reset-db.js"
2025-12-31T15:31:35.630044Z  INFO tailwindcss_oxide::scanner: Reading "D:\\trading-formation\\prisma\\config.ts"
2025-12-31T15:31:35.630147Z  INFO tailwindcss_oxide::scanner: Reading "D:\\trading-formation\\check-structure.js"
2025-12-31T15:31:35.630157Z  INFO tailwindcss_oxide::scanner: Reading "D:\\trading-formation\\src\\app\\layout.tsx"
2025-12-31T15:31:35.630116Z  INFO tailwindcss_oxide::scanner: Reading "D:\\trading-formation\\src\\middleware.ts"
2025-12-31T15:31:35.630075Z  INFO tailwindcss_oxide::scanner: Reading "D:\\trading-formation\\src\\app\\page.tsx.backup_final4"
2025-12-31T15:31:35.630200Z  INFO tailwindcss_oxide::scanner: Reading "D:\\trading-formation\\src\\lib\\email.ts"
2025-12-31T15:31:35.630161Z  INFO tailwindcss_oxide::scanner: Reading "D:\\trading-formation\\src\\app\\auth\\error\\page.tsx"
2025-12-31T15:31:35.630217Z  INFO tailwindcss_oxide::scanner: Reading "D:\\trading-formation\\src\\app\\api\\auth\\resend-verification\\route.ts"
2025-12-31T15:31:35.630225Z  INFO tailwindcss_oxide::scanner: Reading "D:\\trading-formation\\scripts\\createAdmin.ts"
2025-12-31T15:31:35.630232Z  INFO tailwindcss_oxide::scanner: Reading "D:\\trading-formation\\prisma\\migrations\\20251223013809_add_email_verification\\migration.sql"
2025-12-31T15:31:35.630244Z  INFO tailwindcss_oxide::scanner: Reading "D:\\trading-formation\\create-accounts.js"
2025-12-31T15:31:35.630115Z  INFO tailwindcss_oxide::scanner: Reading "D:\\trading-formation\\fix_env_format.py"
2025-12-31T15:31:35.630272Z  INFO tailwindcss_oxide::scanner: Reading "D:\\trading-formation\\src\\types\\next-auth.d.ts"
2025-12-31T15:31:35.630128Z  INFO tailwindcss_oxide::scanner: Reading "D:\\trading-formation\\src\\components\\auth\\AuthGuard.tsx"
2025-12-31T15:31:35.630291Z  INFO tailwindcss_oxide::scanner: Reading "D:\\trading-formation\\src\\lib\\prisma.ts"
2025-12-31T15:31:35.630321Z  INFO tailwindcss_oxide::scanner: Reading "D:\\trading-formation\\setup-admin.js"
2025-12-31T15:31:35.630338Z  INFO tailwindcss_oxide::scanner: Reading "D:\\trading-formation\\env.temp"
2025-12-31T15:31:35.630258Z  INFO tailwindcss_oxide::scanner: Reading "D:\\trading-formation\\src\\app\\login\\page.tsx"
2025-12-31T15:31:35.630363Z  INFO tailwindcss_oxide::scanner: Reading "D:\\trading-formation\\fix_env_simple.py"
2025-12-31T15:31:35.630338Z  INFO tailwindcss_oxide::scanner: Reading "D:\\trading-formation\\prisma\\migrations\\20251223032538_update_user_model\\migration.sql"
2025-12-31T15:31:35.630339Z  INFO tailwindcss_oxide::scanner: Reading "D:\\trading-formation\\prisma\\migrations\\20251224181028_init\\migration.sql"
2025-12-31T15:31:35.630350Z  INFO tailwindcss_oxide::scanner: Reading "D:\\trading-formation\\src\\app\\client\\page.fixed.tsx"
2025-12-31T15:31:35.630410Z  INFO tailwindcss_oxide::scanner: Reading "D:\\trading-formation\\list-users.js"
2025-12-31T15:31:35.630170Z  INFO tailwindcss_oxide::scanner: Reading "D:\\trading-formation\\src\\app\\verification\\page.tsx"
2025-12-31T15:31:35.630414Z  INFO tailwindcss_oxide::scanner: Reading "D:\\trading-formation\\src\\app\\page.tsx.backup_final5"
2025-12-31T15:31:35.630434Z  INFO tailwindcss_oxide::scanner: Reading "D:\\trading-formation\\show-users.js"
2025-12-31T15:31:35.630452Z  INFO tailwindcss_oxide::scanner: Reading "D:\\trading-formation\\main.py"
2025-12-31T15:31:35.630466Z  INFO tailwindcss_oxide::scanner: Reading "D:\\trading-formation\\src\\app\\page.temp.tsx"
2025-12-31T15:31:35.630481Z  INFO tailwindcss_oxide::scanner: Reading "D:\\trading-formation\\prisma\\schema.prisma"
2025-12-31T15:31:35.630488Z  INFO tailwindcss_oxide::scanner: Reading "D:\\trading-formation\\prisma\\migrations\\20251224172209_add_discord_username\\migration.sql"
2025-12-31T15:31:35.630488Z  INFO tailwindcss_oxide::scanner: Reading "D:\\trading-formation\\prisma\\migrations\\20251226201343_update_discord_roles\\migration.sql"
2025-12-31T15:31:35.630523Z  INFO tailwindcss_oxide::scanner: Reading "D:\\trading-formation\\src\\app\\page.tsx.backup_final6"
2025-12-31T15:31:35.630385Z  INFO tailwindcss_oxide::scanner: Reading "D:\\trading-formation\\start-all.bat"
2025-12-31T15:31:35.630522Z  INFO tailwindcss_oxide::scanner: Reading "D:\\trading-formation\\prisma\\migrations\\20251226204848_add_expires_at_to_user\\migration.sql"
2025-12-31T15:31:35.630528Z  INFO tailwindcss_oxide::scanner: Reading "D:\\trading-formation\\src\\app\\admin\\admin\\page.tsx"
2025-12-31T15:31:35.630410Z  INFO tailwindcss_oxide::scanner: Reading "D:\\trading-formation\\src\\components\\auth\\SignOutButton.tsx"
2025-12-31T15:31:35.630536Z  INFO tailwindcss_oxide::scanner: Reading "D:\\trading-formation\\src\\app\\components\\AnnouncementCarousel.tsx"
2025-12-31T15:31:35.630607Z  INFO tailwindcss_oxide::scanner: Reading "D:\\trading-formation\\prisma\\migrations\\20251227032937_update_schema\\migration.sql"
2025-12-31T15:31:35.630526Z  INFO tailwindcss_oxide::scanner: Reading "D:\\trading-formation\\src\\components\\ads\\AdBanner.tsx"
2025-12-31T15:31:35.630633Z  INFO tailwindcss_oxide::scanner: Reading "D:\\trading-formation\\static\\js\\auth.js"
2025-12-31T15:31:35.630643Z  INFO tailwindcss_oxide::scanner: Reading "D:\\trading-formation\\src\\app\\page.tsx.backup_final7"
2025-12-31T15:31:35.630582Z  INFO tailwindcss_oxide::scanner: Reading "D:\\trading-formation\\public\\file.svg"
2025-12-31T15:31:35.630671Z  INFO tailwindcss_oxide::scanner: Reading "D:\\trading-formation\\src\\components\\layout\\ClientHeader.tsx"
2025-12-31T15:31:35.630607Z  INFO tailwindcss_oxide::scanner: Reading "D:\\trading-formation\\src\\components\\layout\\Header.tsx"
2025-12-31T15:31:35.630686Z  INFO tailwindcss_oxide::scanner: Reading "D:\\trading-formation\\src\\app\\components\\LoadingScreen.tsx"
2025-12-31T15:31:35.630688Z  INFO tailwindcss_oxide::scanner: Reading "D:\\trading-formation\\src\\app\\page.tsx.backup_final10"
2025-12-31T15:31:35.630730Z  INFO tailwindcss_oxide::scanner: Reading "D:\\trading-formation\\src\\components\\AnimatedParticles.tsx"
2025-12-31T15:31:35.630735Z  INFO tailwindcss_oxide::scanner: Reading "D:\\trading-formation\\prisma\\migrations\\migration_lock.toml"
2025-12-31T15:31:35.630664Z  INFO tailwindcss_oxide::scanner: Reading "D:\\trading-formation\\src\\app\\admin\\components\\AdminLayout.tsx"
2025-12-31T15:31:35.630544Z  INFO tailwindcss_oxide::scanner: Reading "D:\\trading-formation\\make-admin.js"
2025-12-31T15:31:35.630772Z  INFO tailwindcss_oxide::scanner: Reading "D:\\trading-formation\\public\\globe.svg"
2025-12-31T15:31:35.630778Z  INFO tailwindcss_oxide::scanner: Reading "D:\\trading-formation\\src\\app\\components\\PromoModal.tsx"
2025-12-31T15:31:35.630781Z  INFO tailwindcss_oxide::scanner: Reading "D:\\trading-formation\\src\\components\\Navbar.tsx"
2025-12-31T15:31:35.630794Z  INFO tailwindcss_oxide::scanner: Reading "D:\\trading-formation\\src\\app\\page.tsx.bak11"
2025-12-31T15:31:35.630754Z  INFO tailwindcss_oxide::scanner: Reading "D:\\trading-formation\\src\\app\\page.tsx.backup_final8"
2025-12-31T15:31:35.630734Z  INFO tailwindcss_oxide::scanner: Reading "D:\\trading-formation\\tailwind.config.js"
2025-12-31T15:31:35.630843Z  INFO tailwindcss_oxide::scanner: Reading "D:\\trading-formation\\src\\app\\page.tsx.backup_final9"
2025-12-31T15:31:35.630853Z  INFO tailwindcss_oxide::scanner: Reading "D:\\trading-formation\\src\\app\\admin\\components\\Customers.tsx"
2025-12-31T15:31:35.630868Z  INFO tailwindcss_oxide::scanner: Reading "D:\\trading-formation\\src\\components\\paiement\\PaiementButton.tsx"
2025-12-31T15:31:35.630874Z  INFO tailwindcss_oxide::scanner: Reading "D:\\trading-formation\\public\\next.svg"
2025-12-31T15:31:35.630579Z  INFO tailwindcss_oxide::scanner: Reading "D:\\trading-formation\\src\\app\\page.tsx"
2025-12-31T15:31:35.630800Z  INFO tailwindcss_oxide::scanner: Reading "D:\\trading-formation\\src\\app\\page.tsx.backup_final11"
2025-12-31T15:31:35.630903Z  INFO tailwindcss_oxide::scanner: Reading "D:\\trading-formation\\src\\app\\page.tsx.backup2"
2025-12-31T15:31:35.630908Z  INFO tailwindcss_oxide::scanner: Reading "D:\\trading-formation\\src\\app\\page.tsx.bak12"
2025-12-31T15:31:35.630944Z  INFO tailwindcss_oxide::scanner: Reading "D:\\trading-formation\\tsconfig.json"
2025-12-31T15:31:35.630950Z  INFO tailwindcss_oxide::scanner: Reading "D:\\trading-formation\\src\\app\\admin\\components\\Dashboard.tsx"
2025-12-31T15:31:35.630954Z  INFO tailwindcss_oxide::scanner: Reading "D:\\trading-formation\\src\\app\\page.tsx.bak10"
2025-12-31T15:31:35.630966Z  INFO tailwindcss_oxide::scanner: Reading "D:\\trading-formation\\src\\components\\providers\\AuthProvider.tsx"
2025-12-31T15:31:35.630963Z  INFO tailwindcss_oxide::scanner: Reading "D:\\trading-formation\\src\\app\\page.tsx.backup_final12"
2025-12-31T15:31:35.630982Z  INFO tailwindcss_oxide::scanner: Reading "D:\\trading-formation\\src\\app\\page.tsx.backup"
2025-12-31T15:31:35.630982Z  INFO tailwindcss_oxide::scanner: Reading "D:\\trading-formation\\src\\app\\page.tsx.backup_final"
2025-12-31T15:31:35.631017Z  INFO tailwindcss_oxide::scanner: Reading "D:\\trading-formation\\src\\app\\page.tsx.bak13"
2025-12-31T15:31:35.631016Z  INFO tailwindcss_oxide::scanner: Reading "D:\\trading-formation\\update-roles.js"
2025-12-31T15:31:35.631030Z  INFO tailwindcss_oxide::scanner: Reading "D:\\trading-formation\\src\\components\\TradingNews.tsx"
2025-12-31T15:31:35.631041Z  INFO tailwindcss_oxide::scanner: Reading "D:\\trading-formation\\src\\app\\page.tsx.backup_final13"
2025-12-31T15:31:35.631049Z  INFO tailwindcss_oxide::scanner: Reading "D:\\trading-formation\\src\\app\\page.tsx.backup_final14"
2025-12-31T15:31:35.630874Z  INFO tailwindcss_oxide::scanner: Reading "D:\\trading-formation\\public\\vercel.svg"
2025-12-31T15:31:35.631077Z  INFO tailwindcss_oxide::scanner: Reading "D:\\trading-formation\\src\\app\\admin\\components\\Invoices.tsx"
2025-12-31T15:31:35.631088Z  INFO tailwindcss_oxide::scanner: Reading "D:\\trading-formation\\src\\app\\admin\\components\\Orders.tsx"
2025-12-31T15:31:35.631087Z  INFO tailwindcss_oxide::scanner: Reading "D:\\trading-formation\\src\\app\\admin\\dashboard\\page.tsx"
2025-12-31T15:31:35.631122Z  INFO tailwindcss_oxide::scanner: Reading "D:\\trading-formation\\update-to-admin.js"
2025-12-31T15:31:35.630856Z  INFO tailwindcss_oxide::scanner: Reading "D:\\trading-formation\\src\\app\\page.tsx.bak4"
2025-12-31T15:31:35.631147Z  INFO tailwindcss_oxide::scanner: Reading "D:\\trading-formation\\update_env.ps1"
2025-12-31T15:31:35.631150Z  INFO tailwindcss_oxide::scanner: Reading "D:\\trading-formation\\src\\app\\page.tsx.bak3"
2025-12-31T15:31:35.631143Z  INFO tailwindcss_oxide::scanner: Reading "D:\\trading-formation\\src\\app\\page.tsx.bak2"
2025-12-31T15:31:35.631163Z  INFO tailwindcss_oxide::scanner: Reading "D:\\trading-formation\\src\\app\\page.tsx.bak5"
2025-12-31T15:31:35.631181Z  INFO tailwindcss_oxide::scanner: Reading "D:\\trading-formation\\src\\app\\page.tsx.bak7"
2025-12-31T15:31:35.631185Z  INFO tailwindcss_oxide::scanner: Reading "D:\\trading-formation\\src\\app\\admin\\layout.tsx"
2025-12-31T15:31:35.631215Z  INFO tailwindcss_oxide::scanner: Reading "D:\\trading-formation\\src\\app\\admin\\moderator\\page.tsx"
2025-12-31T15:31:35.631167Z  INFO tailwindcss_oxide::scanner: Reading "D:\\trading-formation\\src\\app\\admin\\components\\Products.tsx"
2025-12-31T15:31:35.631246Z  INFO tailwindcss_oxide::scanner: Reading "D:\\trading-formation\\src\\app\\page.tsx.bak8"
2025-12-31T15:31:35.631270Z  INFO tailwindcss_oxide::scanner: Reading "D:\\trading-formation\\src\\app\\page.tsx.bak6"
2025-12-31T15:31:35.631317Z  INFO extract_candidates:read_all_files: tailwindcss_oxide::scanner: exit
2025-12-31T15:31:35.631330Z  INFO extract_candidates:parse_all_blobs: tailwindcss_oxide::scanner: enter
2025-12-31T15:31:35.631337Z  INFO extract_candidates:parse_all_blobs:extract: tailwindcss_oxide::scanner: enter
2025-12-31T15:31:35.636746Z  INFO extract_candidates:parse_all_blobs:extract: tailwindcss_oxide::scanner: exit
2025-12-31T15:31:35.636991Z  INFO extract_candidates:parse_all_blobs: tailwindcss_oxide::scanner: exit
2025-12-31T15:31:35.637007Z  INFO extract_candidates:read_all_files: tailwindcss_oxide::scanner: enter
2025-12-31T15:31:35.637011Z  INFO extract_candidates:read_all_files: tailwindcss_oxide::scanner: Reading 2 file(s)
2025-12-31T15:31:35.637166Z  INFO tailwindcss_oxide::scanner: Reading "D:\\trading-formation\\src\\app\\globals.css"
2025-12-31T15:31:35.637178Z  INFO tailwindcss_oxide::scanner: Reading "D:\\trading-formation\\static\\css\\style.css"
2025-12-31T15:31:35.637251Z  INFO extract_candidates:read_all_files: tailwindcss_oxide::scanner: exit
2025-12-31T15:31:35.637272Z  INFO extract_candidates:extract_css_variables: tailwindcss_oxide::scanner: enter
2025-12-31T15:31:35.637279Z  INFO extract_candidates:extract_css_variables:extract: tailwindcss_oxide::scanner: enter
2025-12-31T15:31:35.637421Z  INFO extract_candidates:extract_css_variables:extract: tailwindcss_oxide::scanner: exit
2025-12-31T15:31:35.637434Z  INFO extract_candidates:extract_css_variables: tailwindcss_oxide::scanner: exit
2025-12-31T15:31:35.638180Z  INFO extract_candidates: tailwindcss_oxide::scanner: exit
2025-12-31T15:31:35.639091Z  INFO get_files: tailwindcss_oxide::scanner: enter
2025-12-31T15:31:35.639103Z  INFO get_files:scan_sources: tailwindcss_oxide::scanner: enter
2025-12-31T15:31:35.640567Z  INFO get_files:scan_sources: tailwindcss_oxide::scanner: Discovering "D:\\trading-formation\\instance"
2025-12-31T15:31:35.641193Z  INFO get_files:scan_sources: tailwindcss_oxide::scanner: Discovering "D:\\trading-formation\\prisma"
2025-12-31T15:31:35.641407Z  INFO get_files:scan_sources: tailwindcss_oxide::scanner: Discovering "D:\\trading-formation\\prisma\\migrations"
2025-12-31T15:31:35.641582Z  INFO get_files:scan_sources: tailwindcss_oxide::scanner: Discovering "D:\\trading-formation\\prisma\\migrations\\20251223013809_add_email_verification"
2025-12-31T15:31:35.641816Z  INFO get_files:scan_sources: tailwindcss_oxide::scanner: Discovering "D:\\trading-formation\\prisma\\migrations\\20251223032538_update_user_model"
2025-12-31T15:31:35.642037Z  INFO get_files:scan_sources: tailwindcss_oxide::scanner: Discovering "D:\\trading-formation\\prisma\\migrations\\20251224172209_add_discord_username"
2025-12-31T15:31:35.642260Z  INFO get_files:scan_sources: tailwindcss_oxide::scanner: Discovering "D:\\trading-formation\\prisma\\migrations\\20251224181028_init"
2025-12-31T15:31:35.642485Z  INFO get_files:scan_sources: tailwindcss_oxide::scanner: Discovering "D:\\trading-formation\\prisma\\migrations\\20251226201343_update_discord_roles"
2025-12-31T15:31:35.642731Z  INFO get_files:scan_sources: tailwindcss_oxide::scanner: Discovering "D:\\trading-formation\\prisma\\migrations\\20251226204848_add_expires_at_to_user"
2025-12-31T15:31:35.642981Z  INFO get_files:scan_sources: tailwindcss_oxide::scanner: Discovering "D:\\trading-formation\\prisma\\migrations\\20251227032937_update_schema"
2025-12-31T15:31:35.643325Z  INFO get_files:scan_sources: tailwindcss_oxide::scanner: Discovering "D:\\trading-formation\\public"
2025-12-31T15:31:35.643564Z  INFO get_files:scan_sources: tailwindcss_oxide::scanner: Discovering "D:\\trading-formation\\public\\images"
2025-12-31T15:31:35.644032Z  INFO get_files:scan_sources: tailwindcss_oxide::scanner: Discovering "D:\\trading-formation\\scripts"
2025-12-31T15:31:35.644336Z  INFO get_files:scan_sources: tailwindcss_oxide::scanner: Discovering "D:\\trading-formation\\src"
2025-12-31T15:31:35.644519Z  INFO get_files:scan_sources: tailwindcss_oxide::scanner: Discovering "D:\\trading-formation\\src\\app"
2025-12-31T15:31:35.644751Z  INFO get_files:scan_sources: tailwindcss_oxide::scanner: Discovering "D:\\trading-formation\\src\\app\\admin"
2025-12-31T15:31:35.644969Z  INFO get_files:scan_sources: tailwindcss_oxide::scanner: Discovering "D:\\trading-formation\\src\\app\\admin\\admin"
2025-12-31T15:31:35.645204Z  INFO get_files:scan_sources: tailwindcss_oxide::scanner: Discovering "D:\\trading-formation\\src\\app\\admin\\components"
2025-12-31T15:31:35.645601Z  INFO get_files:scan_sources: tailwindcss_oxide::scanner: Discovering "D:\\trading-formation\\src\\app\\admin\\dashboard"
2025-12-31T15:31:35.645963Z  INFO get_files:scan_sources: tailwindcss_oxide::scanner: Discovering "D:\\trading-formation\\src\\app\\admin\\moderator"
2025-12-31T15:31:35.646181Z  INFO get_files:scan_sources: tailwindcss_oxide::scanner: Discovering "D:\\trading-formation\\src\\app\\admin\\owner"
2025-12-31T15:31:35.646479Z  INFO get_files:scan_sources: tailwindcss_oxide::scanner: Discovering "D:\\trading-formation\\src\\app\\api"
2025-12-31T15:31:35.646637Z  INFO get_files:scan_sources: tailwindcss_oxide::scanner: Discovering "D:\\trading-formation\\src\\app\\api\\admin"
2025-12-31T15:31:35.646795Z  INFO get_files:scan_sources: tailwindcss_oxide::scanner: Discovering "D:\\trading-formation\\src\\app\\api\\admin\\create-account"
2025-12-31T15:31:35.647031Z  INFO get_files:scan_sources: tailwindcss_oxide::scanner: Discovering "D:\\trading-formation\\src\\app\\api\\auth"
2025-12-31T15:31:35.647191Z  INFO get_files:scan_sources: tailwindcss_oxide::scanner: Discovering "D:\\trading-formation\\src\\app\\api\\auth\\check-email"
2025-12-31T15:31:35.647399Z  INFO get_files:scan_sources: tailwindcss_oxide::scanner: Discovering "D:\\trading-formation\\src\\app\\api\\auth\\create-account"
2025-12-31T15:31:35.647614Z  INFO get_files:scan_sources: tailwindcss_oxide::scanner: Discovering "D:\\trading-formation\\src\\app\\api\\auth\\discord"
2025-12-31T15:31:35.647776Z  INFO get_files:scan_sources: tailwindcss_oxide::scanner: Discovering "D:\\trading-formation\\src\\app\\api\\auth\\discord\\create-account"
2025-12-31T15:31:35.648059Z  INFO get_files:scan_sources: tailwindcss_oxide::scanner: Discovering "D:\\trading-formation\\src\\app\\api\\auth\\login"
2025-12-31T15:31:35.648279Z  INFO get_files:scan_sources: tailwindcss_oxide::scanner: Discovering "D:\\trading-formation\\src\\app\\api\\auth\\register"
2025-12-31T15:31:35.648572Z  INFO get_files:scan_sources: tailwindcss_oxide::scanner: Discovering "D:\\trading-formation\\src\\app\\api\\auth\\resend-verification"
2025-12-31T15:31:35.648806Z  INFO get_files:scan_sources: tailwindcss_oxide::scanner: Discovering "D:\\trading-formation\\src\\app\\api\\auth\\verify-code"
2025-12-31T15:31:35.649026Z  INFO get_files:scan_sources: tailwindcss_oxide::scanner: Discovering "D:\\trading-formation\\src\\app\\api\\auth\\verify-email"
2025-12-31T15:31:35.649249Z  INFO get_files:scan_sources: tailwindcss_oxide::scanner: Discovering "D:\\trading-formation\\src\\app\\api\\auth\\[...nextauth]"
2025-12-31T15:31:35.649490Z  INFO get_files:scan_sources: tailwindcss_oxide::scanner: Discovering "D:\\trading-formation\\src\\app\\api\\discord"
2025-12-31T15:31:35.649652Z  INFO get_files:scan_sources: tailwindcss_oxide::scanner: Discovering "D:\\trading-formation\\src\\app\\api\\discord\\register"
2025-12-31T15:31:35.649880Z  INFO get_files:scan_sources: tailwindcss_oxide::scanner: Discovering "D:\\trading-formation\\src\\app\\api\\register"
2025-12-31T15:31:35.650143Z  INFO get_files:scan_sources: tailwindcss_oxide::scanner: Discovering "D:\\trading-formation\\src\\app\\auth"
2025-12-31T15:31:35.650305Z  INFO get_files:scan_sources: tailwindcss_oxide::scanner: Discovering "D:\\trading-formation\\src\\app\\auth\\error"
2025-12-31T15:31:35.650539Z  INFO get_files:scan_sources: tailwindcss_oxide::scanner: Discovering "D:\\trading-formation\\src\\app\\client"
2025-12-31T15:31:35.650766Z  INFO get_files:scan_sources: tailwindcss_oxide::scanner: Discovering "D:\\trading-formation\\src\\app\\components"
2025-12-31T15:31:35.651047Z  INFO get_files:scan_sources: tailwindcss_oxide::scanner: Discovering "D:\\trading-formation\\src\\app\\connexion"
2025-12-31T15:31:35.651214Z  INFO get_files:scan_sources: tailwindcss_oxide::scanner: Discovering "D:\\trading-formation\\src\\app\\connexion\\erreur"
2025-12-31T15:31:35.651499Z  INFO get_files:scan_sources: tailwindcss_oxide::scanner: Discovering "D:\\trading-formation\\src\\app\\credits"
2025-12-31T15:31:35.651712Z  INFO get_files:scan_sources: tailwindcss_oxide::scanner: Discovering "D:\\trading-formation\\src\\app\\dashboard"
2025-12-31T15:31:35.651969Z  INFO get_files:scan_sources: tailwindcss_oxide::scanner: Discovering "D:\\trading-formation\\src\\app\\home"
2025-12-31T15:31:35.652183Z  INFO get_files:scan_sources: tailwindcss_oxide::scanner: Discovering "D:\\trading-formation\\src\\app\\inscription"
2025-12-31T15:31:35.652439Z  INFO get_files:scan_sources: tailwindcss_oxide::scanner: Discovering "D:\\trading-formation\\src\\app\\login"
2025-12-31T15:31:35.653624Z  INFO get_files:scan_sources: tailwindcss_oxide::scanner: Discovering "D:\\trading-formation\\src\\app\\paiement"
2025-12-31T15:31:35.653790Z  INFO get_files:scan_sources: tailwindcss_oxide::scanner: Discovering "D:\\trading-formation\\src\\app\\paiement\\confirmation"
2025-12-31T15:31:35.654134Z  INFO get_files:scan_sources: tailwindcss_oxide::scanner: Discovering "D:\\trading-formation\\src\\app\\paiement\\success"
2025-12-31T15:31:35.654714Z  INFO get_files:scan_sources: tailwindcss_oxide::scanner: Discovering "D:\\trading-formation\\src\\app\\verification"
2025-12-31T15:31:35.655160Z  INFO get_files:scan_sources: tailwindcss_oxide::scanner: Discovering "D:\\trading-formation\\src\\components"
2025-12-31T15:31:35.655459Z  INFO get_files:scan_sources: tailwindcss_oxide::scanner: Discovering "D:\\trading-formation\\src\\components\\ads"
2025-12-31T15:31:35.655760Z  INFO get_files:scan_sources: tailwindcss_oxide::scanner: Discovering "D:\\trading-formation\\src\\components\\auth"
2025-12-31T15:31:35.656104Z  INFO get_files:scan_sources: tailwindcss_oxide::scanner: Discovering "D:\\trading-formation\\src\\components\\layout"
2025-12-31T15:31:35.656405Z  INFO get_files:scan_sources: tailwindcss_oxide::scanner: Discovering "D:\\trading-formation\\src\\components\\paiement"
2025-12-31T15:31:35.656630Z  INFO get_files:scan_sources: tailwindcss_oxide::scanner: Discovering "D:\\trading-formation\\src\\components\\providers"
2025-12-31T15:31:35.656888Z  INFO get_files:scan_sources: tailwindcss_oxide::scanner: Discovering "D:\\trading-formation\\src\\components\\ui"
2025-12-31T15:31:35.657144Z  INFO get_files:scan_sources: tailwindcss_oxide::scanner: Discovering "D:\\trading-formation\\src\\config"
2025-12-31T15:31:35.657368Z  INFO get_files:scan_sources: tailwindcss_oxide::scanner: Discovering "D:\\trading-formation\\src\\hooks"
2025-12-31T15:31:35.657585Z  INFO get_files:scan_sources: tailwindcss_oxide::scanner: Discovering "D:\\trading-formation\\src\\lib"
2025-12-31T15:31:35.658079Z  INFO get_files:scan_sources: tailwindcss_oxide::scanner: Discovering "D:\\trading-formation\\src\\types"
2025-12-31T15:31:35.658380Z  INFO get_files:scan_sources: tailwindcss_oxide::scanner: Discovering "D:\\trading-formation\\static"
2025-12-31T15:31:35.658547Z  INFO get_files:scan_sources: tailwindcss_oxide::scanner: Discovering "D:\\trading-formation\\static\\css"
2025-12-31T15:31:35.658771Z  INFO get_files:scan_sources: tailwindcss_oxide::scanner: Discovering "D:\\trading-formation\\static\\js"
2025-12-31T15:31:35.659434Z  INFO get_files:scan_sources: tailwindcss_oxide::scanner: exit
2025-12-31T15:31:35.659543Z  INFO get_files: tailwindcss_oxide::scanner: exit
2025-12-31T15:31:35.660216Z  INFO get_globs: tailwindcss_oxide::scanner: enter
2025-12-31T15:31:35.660225Z  INFO get_globs:scan_sources: tailwindcss_oxide::scanner: enter
2025-12-31T15:31:35.661686Z  INFO get_globs:scan_sources: tailwindcss_oxide::scanner: Discovering "D:\\trading-formation\\instance"
2025-12-31T15:31:35.662300Z  INFO get_globs:scan_sources: tailwindcss_oxide::scanner: Discovering "D:\\trading-formation\\prisma"
2025-12-31T15:31:35.662601Z  INFO get_globs:scan_sources: tailwindcss_oxide::scanner: Discovering "D:\\trading-formation\\prisma\\migrations"
2025-12-31T15:31:35.662797Z  INFO get_globs:scan_sources: tailwindcss_oxide::scanner: Discovering "D:\\trading-formation\\prisma\\migrations\\20251223013809_add_email_verification"
2025-12-31T15:31:35.663051Z  INFO get_globs:scan_sources: tailwindcss_oxide::scanner: Discovering "D:\\trading-formation\\prisma\\migrations\\20251223032538_update_user_model"
2025-12-31T15:31:35.663311Z  INFO get_globs:scan_sources: tailwindcss_oxide::scanner: Discovering "D:\\trading-formation\\prisma\\migrations\\20251224172209_add_discord_username"
2025-12-31T15:31:35.663571Z  INFO get_globs:scan_sources: tailwindcss_oxide::scanner: Discovering "D:\\trading-formation\\prisma\\migrations\\20251224181028_init"
2025-12-31T15:31:35.663818Z  INFO get_globs:scan_sources: tailwindcss_oxide::scanner: Discovering "D:\\trading-formation\\prisma\\migrations\\20251226201343_update_discord_roles"
2025-12-31T15:31:35.664039Z  INFO get_globs:scan_sources: tailwindcss_oxide::scanner: Discovering "D:\\trading-formation\\prisma\\migrations\\20251226204848_add_expires_at_to_user"
2025-12-31T15:31:35.664388Z  INFO get_globs:scan_sources: tailwindcss_oxide::scanner: Discovering "D:\\trading-formation\\prisma\\migrations\\20251227032937_update_schema"
2025-12-31T15:31:35.664895Z  INFO get_globs:scan_sources: tailwindcss_oxide::scanner: Discovering "D:\\trading-formation\\public"
2025-12-31T15:31:35.665277Z  INFO get_globs:scan_sources: tailwindcss_oxide::scanner: Discovering "D:\\trading-formation\\public\\images"
2025-12-31T15:31:35.665819Z  INFO get_globs:scan_sources: tailwindcss_oxide::scanner: Discovering "D:\\trading-formation\\scripts"
2025-12-31T15:31:35.666153Z  INFO get_globs:scan_sources: tailwindcss_oxide::scanner: Discovering "D:\\trading-formation\\src"
2025-12-31T15:31:35.666334Z  INFO get_globs:scan_sources: tailwindcss_oxide::scanner: Discovering "D:\\trading-formation\\src\\app"
2025-12-31T15:31:35.666596Z  INFO get_globs:scan_sources: tailwindcss_oxide::scanner: Discovering "D:\\trading-formation\\src\\app\\admin"
2025-12-31T15:31:35.666903Z  INFO get_globs:scan_sources: tailwindcss_oxide::scanner: Discovering "D:\\trading-formation\\src\\app\\admin\\admin"
2025-12-31T15:31:35.667151Z  INFO get_globs:scan_sources: tailwindcss_oxide::scanner: Discovering "D:\\trading-formation\\src\\app\\admin\\components"
2025-12-31T15:31:35.667548Z  INFO get_globs:scan_sources: tailwindcss_oxide::scanner: Discovering "D:\\trading-formation\\src\\app\\admin\\dashboard"
2025-12-31T15:31:35.667808Z  INFO get_globs:scan_sources: tailwindcss_oxide::scanner: Discovering "D:\\trading-formation\\src\\app\\admin\\moderator"
2025-12-31T15:31:35.668027Z  INFO get_globs:scan_sources: tailwindcss_oxide::scanner: Discovering "D:\\trading-formation\\src\\app\\admin\\owner"
2025-12-31T15:31:35.668327Z  INFO get_globs:scan_sources: tailwindcss_oxide::scanner: Discovering "D:\\trading-formation\\src\\app\\api"
2025-12-31T15:31:35.668498Z  INFO get_globs:scan_sources: tailwindcss_oxide::scanner: Discovering "D:\\trading-formation\\src\\app\\api\\admin"
2025-12-31T15:31:35.668659Z  INFO get_globs:scan_sources: tailwindcss_oxide::scanner: Discovering "D:\\trading-formation\\src\\app\\api\\admin\\create-account"
2025-12-31T15:31:35.668896Z  INFO get_globs:scan_sources: tailwindcss_oxide::scanner: Discovering "D:\\trading-formation\\src\\app\\api\\auth"
2025-12-31T15:31:35.669115Z  INFO get_globs:scan_sources: tailwindcss_oxide::scanner: Discovering "D:\\trading-formation\\src\\app\\api\\auth\\check-email"
2025-12-31T15:31:35.669338Z  INFO get_globs:scan_sources: tailwindcss_oxide::scanner: Discovering "D:\\trading-formation\\src\\app\\api\\auth\\create-account"
2025-12-31T15:31:35.669565Z  INFO get_globs:scan_sources: tailwindcss_oxide::scanner: Discovering "D:\\trading-formation\\src\\app\\api\\auth\\discord"
2025-12-31T15:31:35.669734Z  INFO get_globs:scan_sources: tailwindcss_oxide::scanner: Discovering "D:\\trading-formation\\src\\app\\api\\auth\\discord\\create-account"
2025-12-31T15:31:35.669980Z  INFO get_globs:scan_sources: tailwindcss_oxide::scanner: Discovering "D:\\trading-formation\\src\\app\\api\\auth\\login"
2025-12-31T15:31:35.670204Z  INFO get_globs:scan_sources: tailwindcss_oxide::scanner: Discovering "D:\\trading-formation\\src\\app\\api\\auth\\register"
2025-12-31T15:31:35.670426Z  INFO get_globs:scan_sources: tailwindcss_oxide::scanner: Discovering "D:\\trading-formation\\src\\app\\api\\auth\\resend-verification"
2025-12-31T15:31:35.670651Z  INFO get_globs:scan_sources: tailwindcss_oxide::scanner: Discovering "D:\\trading-formation\\src\\app\\api\\auth\\verify-code"
2025-12-31T15:31:35.670868Z  INFO get_globs:scan_sources: tailwindcss_oxide::scanner: Discovering "D:\\trading-formation\\src\\app\\api\\auth\\verify-email"
2025-12-31T15:31:35.671113Z  INFO get_globs:scan_sources: tailwindcss_oxide::scanner: Discovering "D:\\trading-formation\\src\\app\\api\\auth\\[...nextauth]"
2025-12-31T15:31:35.671360Z  INFO get_globs:scan_sources: tailwindcss_oxide::scanner: Discovering "D:\\trading-formation\\src\\app\\api\\discord"
2025-12-31T15:31:35.671522Z  INFO get_globs:scan_sources: tailwindcss_oxide::scanner: Discovering "D:\\trading-formation\\src\\app\\api\\discord\\register"
2025-12-31T15:31:35.671754Z  INFO get_globs:scan_sources: tailwindcss_oxide::scanner: Discovering "D:\\trading-formation\\src\\app\\api\\register"
2025-12-31T15:31:35.672003Z  INFO get_globs:scan_sources: tailwindcss_oxide::scanner: Discovering "D:\\trading-formation\\src\\app\\auth"
2025-12-31T15:31:35.672165Z  INFO get_globs:scan_sources: tailwindcss_oxide::scanner: Discovering "D:\\trading-formation\\src\\app\\auth\\error"
2025-12-31T15:31:35.672398Z  INFO get_globs:scan_sources: tailwindcss_oxide::scanner: Discovering "D:\\trading-formation\\src\\app\\client"
2025-12-31T15:31:35.672630Z  INFO get_globs:scan_sources: tailwindcss_oxide::scanner: Discovering "D:\\trading-formation\\src\\app\\components"
2025-12-31T15:31:35.672916Z  INFO get_globs:scan_sources: tailwindcss_oxide::scanner: Discovering "D:\\trading-formation\\src\\app\\connexion"
2025-12-31T15:31:35.673087Z  INFO get_globs:scan_sources: tailwindcss_oxide::scanner: Discovering "D:\\trading-formation\\src\\app\\connexion\\erreur"
2025-12-31T15:31:35.673352Z  INFO get_globs:scan_sources: tailwindcss_oxide::scanner: Discovering "D:\\trading-formation\\src\\app\\credits"
2025-12-31T15:31:35.673566Z  INFO get_globs:scan_sources: tailwindcss_oxide::scanner: Discovering "D:\\trading-formation\\src\\app\\dashboard"
2025-12-31T15:31:35.673823Z  INFO get_globs:scan_sources: tailwindcss_oxide::scanner: Discovering "D:\\trading-formation\\src\\app\\home"
2025-12-31T15:31:35.674041Z  INFO get_globs:scan_sources: tailwindcss_oxide::scanner: Discovering "D:\\trading-formation\\src\\app\\inscription"
2025-12-31T15:31:35.674413Z  INFO get_globs:scan_sources: tailwindcss_oxide::scanner: Discovering "D:\\trading-formation\\src\\app\\login"
2025-12-31T15:31:35.675795Z  INFO get_globs:scan_sources: tailwindcss_oxide::scanner: Discovering "D:\\trading-formation\\src\\app\\paiement"
2025-12-31T15:31:35.675968Z  INFO get_globs:scan_sources: tailwindcss_oxide::scanner: Discovering "D:\\trading-formation\\src\\app\\paiement\\confirmation"
2025-12-31T15:31:35.676259Z  INFO get_globs:scan_sources: tailwindcss_oxide::scanner: Discovering "D:\\trading-formation\\src\\app\\paiement\\success"
2025-12-31T15:31:35.676544Z  INFO get_globs:scan_sources: tailwindcss_oxide::scanner: Discovering "D:\\trading-formation\\src\\app\\verification"
2025-12-31T15:31:35.676783Z  INFO get_globs:scan_sources: tailwindcss_oxide::scanner: Discovering "D:\\trading-formation\\src\\components"
2025-12-31T15:31:35.676948Z  INFO get_globs:scan_sources: tailwindcss_oxide::scanner: Discovering "D:\\trading-formation\\src\\components\\ads"
2025-12-31T15:31:35.677198Z  INFO get_globs:scan_sources: tailwindcss_oxide::scanner: Discovering "D:\\trading-formation\\src\\components\\auth"
2025-12-31T15:31:35.677484Z  INFO get_globs:scan_sources: tailwindcss_oxide::scanner: Discovering "D:\\trading-formation\\src\\components\\layout"
2025-12-31T15:31:35.677819Z  INFO get_globs:scan_sources: tailwindcss_oxide::scanner: Discovering "D:\\trading-formation\\src\\components\\paiement"
2025-12-31T15:31:35.678041Z  INFO get_globs:scan_sources: tailwindcss_oxide::scanner: Discovering "D:\\trading-formation\\src\\components\\providers"
2025-12-31T15:31:35.678346Z  INFO get_globs:scan_sources: tailwindcss_oxide::scanner: Discovering "D:\\trading-formation\\src\\components\\ui"
2025-12-31T15:31:35.678672Z  INFO get_globs:scan_sources: tailwindcss_oxide::scanner: Discovering "D:\\trading-formation\\src\\config"
2025-12-31T15:31:35.678898Z  INFO get_globs:scan_sources: tailwindcss_oxide::scanner: Discovering "D:\\trading-formation\\src\\hooks"
2025-12-31T15:31:35.679239Z  INFO get_globs:scan_sources: tailwindcss_oxide::scanner: Discovering "D:\\trading-formation\\src\\lib"
2025-12-31T15:31:35.679737Z  INFO get_globs:scan_sources: tailwindcss_oxide::scanner: Discovering "D:\\trading-formation\\src\\types"
2025-12-31T15:31:35.680035Z  INFO get_globs:scan_sources: tailwindcss_oxide::scanner: Discovering "D:\\trading-formation\\static"
2025-12-31T15:31:35.680200Z  INFO get_globs:scan_sources: tailwindcss_oxide::scanner: Discovering "D:\\trading-formation\\static\\css"
2025-12-31T15:31:35.680423Z  INFO get_globs:scan_sources: tailwindcss_oxide::scanner: Discovering "D:\\trading-formation\\static\\js"
2025-12-31T15:31:35.681236Z  INFO get_globs:scan_sources: tailwindcss_oxide::scanner: exit
2025-12-31T15:31:35.693965Z  INFO get_globs: tailwindcss_oxide::scanner: exit
