2025-12-24T17:57:36.897097Z  INFO tailwindcss_oxide::scanner: Provided sources:
2025-12-24T17:57:36.897286Z  INFO tailwindcss_oxide::scanner: Source: PublicSourceEntry { base: "D:\\trading-formation", pattern: "**/*", negated: false }
2025-12-24T17:57:36.897527Z  INFO tailwindcss_oxide::scanner: Optimized sources:
2025-12-24T17:57:36.897686Z  INFO tailwindcss_oxide::scanner: Source: Auto { base: "D:\\trading-formation" }
2025-12-24T17:57:36.900027Z  INFO scan_sources: tailwindcss_oxide::scanner: enter
2025-12-24T17:57:36.901302Z  INFO scan_sources: tailwindcss_oxide::scanner: Discovering "D:\\trading-formation\\add-role-column.js"
2025-12-24T17:57:36.901444Z  INFO scan_sources: tailwindcss_oxide::scanner: Discovering "D:\\trading-formation\\app.py"
2025-12-24T17:57:37.425618Z  INFO scan_sources: tailwindcss_oxide::scanner: Discovering "D:\\trading-formation\\bot.py"
2025-12-24T17:57:37.467975Z  INFO scan_sources: tailwindcss_oxide::scanner: Discovering "D:\\trading-formation\\check-and-fix-db.js"
2025-12-24T17:57:37.468398Z  INFO scan_sources: tailwindcss_oxide::scanner: Discovering "D:\\trading-formation\\check-structure.js"
2025-12-24T17:57:37.468586Z  INFO scan_sources: tailwindcss_oxide::scanner: Discovering "D:\\trading-formation\\create-accounts.js"
2025-12-24T17:57:37.468720Z  INFO scan_sources: tailwindcss_oxide::scanner: Discovering "D:\\trading-formation\\env.temp"
2025-12-24T17:57:37.468864Z  INFO scan_sources: tailwindcss_oxide::scanner: Discovering "D:\\trading-formation\\eslint.config.mjs"
2025-12-24T17:57:37.468996Z  INFO scan_sources: tailwindcss_oxide::scanner: Discovering "D:\\trading-formation\\final-setup.js"
2025-12-24T17:57:37.469133Z  INFO scan_sources: tailwindcss_oxide::scanner: Discovering "D:\\trading-formation\\fix_bot.py"
2025-12-24T17:57:37.469283Z  INFO scan_sources: tailwindcss_oxide::scanner: Discovering "D:\\trading-formation\\fix_env.py"
2025-12-24T17:57:37.469411Z  INFO scan_sources: tailwindcss_oxide::scanner: Discovering "D:\\trading-formation\\fix_env_format.py"
2025-12-24T17:57:37.469561Z  INFO scan_sources: tailwindcss_oxide::scanner: Discovering "D:\\trading-formation\\fix_env_simple.py"
2025-12-24T17:57:37.469734Z  INFO scan_sources: tailwindcss_oxide::scanner: Discovering "D:\\trading-formation\\instance"
2025-12-24T17:57:37.470022Z  INFO scan_sources: tailwindcss_oxide::scanner: Discovering "D:\\trading-formation\\list-users.js"
2025-12-24T17:57:37.470109Z  INFO scan_sources: tailwindcss_oxide::scanner: Discovering "D:\\trading-formation\\main.py"
2025-12-24T17:57:37.470190Z  INFO scan_sources: tailwindcss_oxide::scanner: Discovering "D:\\trading-formation\\make-admin.js"
2025-12-24T17:57:37.470280Z  INFO scan_sources: tailwindcss_oxide::scanner: Discovering "D:\\trading-formation\\next.config.js"
2025-12-24T17:57:37.470352Z  INFO scan_sources: tailwindcss_oxide::scanner: Discovering "D:\\trading-formation\\next.config.ts"
2025-12-24T17:57:37.470611Z  INFO scan_sources: tailwindcss_oxide::scanner: Discovering "D:\\trading-formation\\package.json"
2025-12-24T17:57:37.470687Z  INFO scan_sources: tailwindcss_oxide::scanner: Discovering "D:\\trading-formation\\postcss.config.mjs"
2025-12-24T17:57:37.470801Z  INFO scan_sources: tailwindcss_oxide::scanner: Discovering "D:\\trading-formation\\prisma"
2025-12-24T17:57:37.470977Z  INFO scan_sources: tailwindcss_oxide::scanner: Discovering "D:\\trading-formation\\prisma\\config.ts"
2025-12-24T17:57:37.471151Z  INFO scan_sources: tailwindcss_oxide::scanner: Discovering "D:\\trading-formation\\prisma\\migrations"
2025-12-24T17:57:37.471370Z  INFO scan_sources: tailwindcss_oxide::scanner: Discovering "D:\\trading-formation\\prisma\\migrations\\20251223013809_add_email_verification"
2025-12-24T17:57:37.471518Z  INFO scan_sources: tailwindcss_oxide::scanner: Discovering "D:\\trading-formation\\prisma\\migrations\\20251223013809_add_email_verification\\migration.sql"
2025-12-24T17:57:37.471657Z  INFO scan_sources: tailwindcss_oxide::scanner: Discovering "D:\\trading-formation\\prisma\\migrations\\20251223032538_update_user_model"
2025-12-24T17:57:37.471806Z  INFO scan_sources: tailwindcss_oxide::scanner: Discovering "D:\\trading-formation\\prisma\\migrations\\20251223032538_update_user_model\\migration.sql"
2025-12-24T17:57:37.472017Z  INFO scan_sources: tailwindcss_oxide::scanner: Discovering "D:\\trading-formation\\prisma\\migrations\\20251224172209_add_discord_username"
2025-12-24T17:57:37.472233Z  INFO scan_sources: tailwindcss_oxide::scanner: Discovering "D:\\trading-formation\\prisma\\migrations\\20251224172209_add_discord_username\\migration.sql"
2025-12-24T17:57:37.472383Z  INFO scan_sources: tailwindcss_oxide::scanner: Discovering "D:\\trading-formation\\prisma\\migrations\\migration_lock.toml"
2025-12-24T17:57:37.472522Z  INFO scan_sources: tailwindcss_oxide::scanner: Discovering "D:\\trading-formation\\prisma\\schema.prisma"
2025-12-24T17:57:37.472750Z  INFO scan_sources: tailwindcss_oxide::scanner: Discovering "D:\\trading-formation\\public"
2025-12-24T17:57:37.472966Z  INFO scan_sources: tailwindcss_oxide::scanner: Discovering "D:\\trading-formation\\public\\file.svg"
2025-12-24T17:57:37.473047Z  INFO scan_sources: tailwindcss_oxide::scanner: Discovering "D:\\trading-formation\\public\\globe.svg"
2025-12-24T17:57:37.473180Z  INFO scan_sources: tailwindcss_oxide::scanner: Discovering "D:\\trading-formation\\public\\images"
2025-12-24T17:57:37.473362Z  INFO scan_sources: tailwindcss_oxide::scanner: Discovering "D:\\trading-formation\\public\\next.svg"
2025-12-24T17:57:37.473445Z  INFO scan_sources: tailwindcss_oxide::scanner: Discovering "D:\\trading-formation\\public\\vercel.svg"
2025-12-24T17:57:37.473517Z  INFO scan_sources: tailwindcss_oxide::scanner: Discovering "D:\\trading-formation\\public\\window.svg"
2025-12-24T17:57:37.473609Z  INFO scan_sources: tailwindcss_oxide::scanner: Discovering "D:\\trading-formation\\README.md"
2025-12-24T17:57:37.473683Z  INFO scan_sources: tailwindcss_oxide::scanner: Discovering "D:\\trading-formation\\requirements.txt"
2025-12-24T17:57:37.473757Z  INFO scan_sources: tailwindcss_oxide::scanner: Discovering "D:\\trading-formation\\reset-and-setup.js"
2025-12-24T17:57:37.473826Z  INFO scan_sources: tailwindcss_oxide::scanner: Discovering "D:\\trading-formation\\reset-db.js"
2025-12-24T17:57:37.473935Z  INFO scan_sources: tailwindcss_oxide::scanner: Discovering "D:\\trading-formation\\scripts"
2025-12-24T17:57:37.474068Z  INFO scan_sources: tailwindcss_oxide::scanner: Discovering "D:\\trading-formation\\scripts\\createAdmin.ts"
2025-12-24T17:57:37.474158Z  INFO scan_sources: tailwindcss_oxide::scanner: Discovering "D:\\trading-formation\\setup-admin.js"
2025-12-24T17:57:37.474226Z  INFO scan_sources: tailwindcss_oxide::scanner: Discovering "D:\\trading-formation\\show-users.js"
2025-12-24T17:57:37.474337Z  INFO scan_sources: tailwindcss_oxide::scanner: Discovering "D:\\trading-formation\\src"
2025-12-24T17:57:37.474521Z  INFO scan_sources: tailwindcss_oxide::scanner: Discovering "D:\\trading-formation\\src\\app"
2025-12-24T17:57:37.474692Z  INFO scan_sources: tailwindcss_oxide::scanner: Discovering "D:\\trading-formation\\src\\app\\admin"
2025-12-24T17:57:37.474869Z  INFO scan_sources: tailwindcss_oxide::scanner: Discovering "D:\\trading-formation\\src\\app\\admin\\admin"
2025-12-24T17:57:37.475006Z  INFO scan_sources: tailwindcss_oxide::scanner: Discovering "D:\\trading-formation\\src\\app\\admin\\admin\\page.tsx"
2025-12-24T17:57:37.475133Z  INFO scan_sources: tailwindcss_oxide::scanner: Discovering "D:\\trading-formation\\src\\app\\admin\\components"
2025-12-24T17:57:37.475281Z  INFO scan_sources: tailwindcss_oxide::scanner: Discovering "D:\\trading-formation\\src\\app\\admin\\components\\AdminLayout.tsx"
2025-12-24T17:57:37.475352Z  INFO scan_sources: tailwindcss_oxide::scanner: Discovering "D:\\trading-formation\\src\\app\\admin\\components\\Customers.tsx"
2025-12-24T17:57:37.475419Z  INFO scan_sources: tailwindcss_oxide::scanner: Discovering "D:\\trading-formation\\src\\app\\admin\\components\\Dashboard.tsx"
2025-12-24T17:57:37.475488Z  INFO scan_sources: tailwindcss_oxide::scanner: Discovering "D:\\trading-formation\\src\\app\\admin\\components\\Invoices.tsx"
2025-12-24T17:57:37.475607Z  INFO scan_sources: tailwindcss_oxide::scanner: Discovering "D:\\trading-formation\\src\\app\\admin\\components\\Orders.tsx"
2025-12-24T17:57:37.475683Z  INFO scan_sources: tailwindcss_oxide::scanner: Discovering "D:\\trading-formation\\src\\app\\admin\\components\\Products.tsx"
2025-12-24T17:57:37.475822Z  INFO scan_sources: tailwindcss_oxide::scanner: Discovering "D:\\trading-formation\\src\\app\\admin\\dashboard"
2025-12-24T17:57:37.475958Z  INFO scan_sources: tailwindcss_oxide::scanner: Discovering "D:\\trading-formation\\src\\app\\admin\\dashboard\\page.tsx"
2025-12-24T17:57:37.476049Z  INFO scan_sources: tailwindcss_oxide::scanner: Discovering "D:\\trading-formation\\src\\app\\admin\\layout.tsx"
2025-12-24T17:57:37.476154Z  INFO scan_sources: tailwindcss_oxide::scanner: Discovering "D:\\trading-formation\\src\\app\\admin\\moderator"
2025-12-24T17:57:37.476285Z  INFO scan_sources: tailwindcss_oxide::scanner: Discovering "D:\\trading-formation\\src\\app\\admin\\moderator\\page.tsx"
2025-12-24T17:57:37.476422Z  INFO scan_sources: tailwindcss_oxide::scanner: Discovering "D:\\trading-formation\\src\\app\\admin\\owner"
2025-12-24T17:57:37.476565Z  INFO scan_sources: tailwindcss_oxide::scanner: Discovering "D:\\trading-formation\\src\\app\\admin\\owner\\page.tsx"
2025-12-24T17:57:37.476655Z  INFO scan_sources: tailwindcss_oxide::scanner: Discovering "D:\\trading-formation\\src\\app\\admin\\page.tsx"
2025-12-24T17:57:37.476785Z  INFO scan_sources: tailwindcss_oxide::scanner: Discovering "D:\\trading-formation\\src\\app\\api"
2025-12-24T17:57:37.476957Z  INFO scan_sources: tailwindcss_oxide::scanner: Discovering "D:\\trading-formation\\src\\app\\api\\admin"
2025-12-24T17:57:37.477160Z  INFO scan_sources: tailwindcss_oxide::scanner: Discovering "D:\\trading-formation\\src\\app\\api\\admin\\create-account"
2025-12-24T17:57:37.477359Z  INFO scan_sources: tailwindcss_oxide::scanner: Discovering "D:\\trading-formation\\src\\app\\api\\admin\\create-account\\route.ts"
2025-12-24T17:57:37.477521Z  INFO scan_sources: tailwindcss_oxide::scanner: Discovering "D:\\trading-formation\\src\\app\\api\\auth"
2025-12-24T17:57:37.477700Z  INFO scan_sources: tailwindcss_oxide::scanner: Discovering "D:\\trading-formation\\src\\app\\api\\auth\\login"
2025-12-24T17:57:37.477835Z  INFO scan_sources: tailwindcss_oxide::scanner: Discovering "D:\\trading-formation\\src\\app\\api\\auth\\login\\route.ts"
2025-12-24T17:57:37.477965Z  INFO scan_sources: tailwindcss_oxide::scanner: Discovering "D:\\trading-formation\\src\\app\\api\\auth\\register"
2025-12-24T17:57:37.478102Z  INFO scan_sources: tailwindcss_oxide::scanner: Discovering "D:\\trading-formation\\src\\app\\api\\auth\\register\\route.ts"
2025-12-24T17:57:37.478231Z  INFO scan_sources: tailwindcss_oxide::scanner: Discovering "D:\\trading-formation\\src\\app\\api\\auth\\resend-verification"
2025-12-24T17:57:37.478376Z  INFO scan_sources: tailwindcss_oxide::scanner: Discovering "D:\\trading-formation\\src\\app\\api\\auth\\resend-verification\\route.ts"
2025-12-24T17:57:37.478507Z  INFO scan_sources: tailwindcss_oxide::scanner: Discovering "D:\\trading-formation\\src\\app\\api\\auth\\verify-code"
2025-12-24T17:57:37.478687Z  INFO scan_sources: tailwindcss_oxide::scanner: Discovering "D:\\trading-formation\\src\\app\\api\\auth\\verify-code\\route.ts"
2025-12-24T17:57:37.478831Z  INFO scan_sources: tailwindcss_oxide::scanner: Discovering "D:\\trading-formation\\src\\app\\api\\auth\\verify-email"
2025-12-24T17:57:37.479002Z  INFO scan_sources: tailwindcss_oxide::scanner: Discovering "D:\\trading-formation\\src\\app\\api\\auth\\verify-email\\route.ts"
2025-12-24T17:57:37.479268Z  INFO scan_sources: tailwindcss_oxide::scanner: Discovering "D:\\trading-formation\\src\\app\\api\\auth\\[...nextauth]"
2025-12-24T17:57:37.479451Z  INFO scan_sources: tailwindcss_oxide::scanner: Discovering "D:\\trading-formation\\src\\app\\api\\auth\\[...nextauth]\\route.ts"
2025-12-24T17:57:37.479752Z  INFO scan_sources: tailwindcss_oxide::scanner: Discovering "D:\\trading-formation\\src\\app\\api\\discord"
2025-12-24T17:57:37.480055Z  INFO scan_sources: tailwindcss_oxide::scanner: Discovering "D:\\trading-formation\\src\\app\\api\\discord\\register"
2025-12-24T17:57:37.480320Z  INFO scan_sources: tailwindcss_oxide::scanner: Discovering "D:\\trading-formation\\src\\app\\api\\discord\\register\\route.ts"
2025-12-24T17:57:37.480568Z  INFO scan_sources: tailwindcss_oxide::scanner: Discovering "D:\\trading-formation\\src\\app\\api\\register"
2025-12-24T17:57:37.480786Z  INFO scan_sources: tailwindcss_oxide::scanner: Discovering "D:\\trading-formation\\src\\app\\api\\register\\route.ts"
2025-12-24T17:57:37.481019Z  INFO scan_sources: tailwindcss_oxide::scanner: Discovering "D:\\trading-formation\\src\\app\\client"
2025-12-24T17:57:37.481267Z  INFO scan_sources: tailwindcss_oxide::scanner: Discovering "D:\\trading-formation\\src\\app\\client\\page.fixed.tsx"
2025-12-24T17:57:37.481360Z  INFO scan_sources: tailwindcss_oxide::scanner: Discovering "D:\\trading-formation\\src\\app\\client\\page.tsx"
2025-12-24T17:57:37.481585Z  INFO scan_sources: tailwindcss_oxide::scanner: Discovering "D:\\trading-formation\\src\\app\\components"
2025-12-24T17:57:37.481800Z  INFO scan_sources: tailwindcss_oxide::scanner: Discovering "D:\\trading-formation\\src\\app\\components\\AnnouncementCarousel.tsx"
2025-12-24T17:57:37.481930Z  INFO scan_sources: tailwindcss_oxide::scanner: Discovering "D:\\trading-formation\\src\\app\\components\\LoadingScreen.tsx"
2025-12-24T17:57:37.482050Z  INFO scan_sources: tailwindcss_oxide::scanner: Discovering "D:\\trading-formation\\src\\app\\components\\PromoModal.tsx"
2025-12-24T17:57:37.482265Z  INFO scan_sources: tailwindcss_oxide::scanner: Discovering "D:\\trading-formation\\src\\app\\connexion"
2025-12-24T17:57:37.482540Z  INFO scan_sources: tailwindcss_oxide::scanner: Discovering "D:\\trading-formation\\src\\app\\connexion\\page.tsx"
2025-12-24T17:57:37.482755Z  INFO scan_sources: tailwindcss_oxide::scanner: Discovering "D:\\trading-formation\\src\\app\\globals.css"
2025-12-24T17:57:37.482958Z  INFO scan_sources: tailwindcss_oxide::scanner: Discovering "D:\\trading-formation\\src\\app\\inscription"
2025-12-24T17:57:37.483172Z  INFO scan_sources: tailwindcss_oxide::scanner: Discovering "D:\\trading-formation\\src\\app\\inscription\\page.tsx"
2025-12-24T17:57:37.483320Z  INFO scan_sources: tailwindcss_oxide::scanner: Discovering "D:\\trading-formation\\src\\app\\layout.tsx"
2025-12-24T17:57:37.483426Z  INFO scan_sources: tailwindcss_oxide::scanner: Discovering "D:\\trading-formation\\src\\app\\page.tsx"
2025-12-24T17:57:37.483539Z  INFO scan_sources: tailwindcss_oxide::scanner: Discovering "D:\\trading-formation\\src\\app\\temp.tsx"
2025-12-24T17:57:37.483722Z  INFO scan_sources: tailwindcss_oxide::scanner: Discovering "D:\\trading-formation\\src\\app\\verification"
2025-12-24T17:57:37.483990Z  INFO scan_sources: tailwindcss_oxide::scanner: Discovering "D:\\trading-formation\\src\\app\\verification\\page.tsx"
2025-12-24T17:57:37.484284Z  INFO scan_sources: tailwindcss_oxide::scanner: Discovering "D:\\trading-formation\\src\\components"
2025-12-24T17:57:37.484548Z  INFO scan_sources: tailwindcss_oxide::scanner: Discovering "D:\\trading-formation\\src\\components\\AnimatedParticles.tsx"
2025-12-24T17:57:37.484762Z  INFO scan_sources: tailwindcss_oxide::scanner: Discovering "D:\\trading-formation\\src\\components\\auth"
2025-12-24T17:57:37.485023Z  INFO scan_sources: tailwindcss_oxide::scanner: Discovering "D:\\trading-formation\\src\\components\\auth\\SignOutButton.tsx"
2025-12-24T17:57:37.485279Z  INFO scan_sources: tailwindcss_oxide::scanner: Discovering "D:\\trading-formation\\src\\components\\layout"
2025-12-24T17:57:37.485537Z  INFO scan_sources: tailwindcss_oxide::scanner: Discovering "D:\\trading-formation\\src\\components\\layout\\ClientHeader.tsx"
2025-12-24T17:57:37.485702Z  INFO scan_sources: tailwindcss_oxide::scanner: Discovering "D:\\trading-formation\\src\\components\\layout\\Header.tsx"
2025-12-24T17:57:37.485966Z  INFO scan_sources: tailwindcss_oxide::scanner: Discovering "D:\\trading-formation\\src\\components\\providers"
2025-12-24T17:57:37.486280Z  INFO scan_sources: tailwindcss_oxide::scanner: Discovering "D:\\trading-formation\\src\\components\\providers\\AuthProvider.tsx"
2025-12-24T17:57:37.486445Z  INFO scan_sources: tailwindcss_oxide::scanner: Discovering "D:\\trading-formation\\src\\components\\TradingNews.tsx"
2025-12-24T17:57:37.486630Z  INFO scan_sources: tailwindcss_oxide::scanner: Discovering "D:\\trading-formation\\src\\config"
2025-12-24T17:57:37.486779Z  INFO scan_sources: tailwindcss_oxide::scanner: Discovering "D:\\trading-formation\\src\\config\\security.ts"
2025-12-24T17:57:37.486918Z  INFO scan_sources: tailwindcss_oxide::scanner: Discovering "D:\\trading-formation\\src\\hooks"
2025-12-24T17:57:37.487077Z  INFO scan_sources: tailwindcss_oxide::scanner: Discovering "D:\\trading-formation\\src\\hooks\\useAuth.ts"
2025-12-24T17:57:37.487265Z  INFO scan_sources: tailwindcss_oxide::scanner: Discovering "D:\\trading-formation\\src\\lib"
2025-12-24T17:57:37.487432Z  INFO scan_sources: tailwindcss_oxide::scanner: Discovering "D:\\trading-formation\\src\\lib\\auth.ts"
2025-12-24T17:57:37.487516Z  INFO scan_sources: tailwindcss_oxide::scanner: Discovering "D:\\trading-formation\\src\\lib\\email.ts"
2025-12-24T17:57:37.487622Z  INFO scan_sources: tailwindcss_oxide::scanner: Discovering "D:\\trading-formation\\src\\lib\\prisma.ts"
2025-12-24T17:57:37.487731Z  INFO scan_sources: tailwindcss_oxide::scanner: Discovering "D:\\trading-formation\\src\\lib\\session.ts"
2025-12-24T17:57:37.487828Z  INFO scan_sources: tailwindcss_oxide::scanner: Discovering "D:\\trading-formation\\src\\middleware.ts"
2025-12-24T17:57:37.487936Z  INFO scan_sources: tailwindcss_oxide::scanner: Discovering "D:\\trading-formation\\src\\types"
2025-12-24T17:57:37.488082Z  INFO scan_sources: tailwindcss_oxide::scanner: Discovering "D:\\trading-formation\\src\\types\\next-auth.d.ts"
2025-12-24T17:57:37.488196Z  INFO scan_sources: tailwindcss_oxide::scanner: Discovering "D:\\trading-formation\\start-all.bat"
2025-12-24T17:57:37.488303Z  INFO scan_sources: tailwindcss_oxide::scanner: Discovering "D:\\trading-formation\\static"
2025-12-24T17:57:37.488467Z  INFO scan_sources: tailwindcss_oxide::scanner: Discovering "D:\\trading-formation\\static\\css"
2025-12-24T17:57:37.488610Z  INFO scan_sources: tailwindcss_oxide::scanner: Discovering "D:\\trading-formation\\static\\css\\style.css"
2025-12-24T17:57:37.488789Z  INFO scan_sources: tailwindcss_oxide::scanner: Discovering "D:\\trading-formation\\static\\js"
2025-12-24T17:57:37.488972Z  INFO scan_sources: tailwindcss_oxide::scanner: Discovering "D:\\trading-formation\\static\\js\\auth.js"
2025-12-24T17:57:37.489105Z  INFO scan_sources: tailwindcss_oxide::scanner: Discovering "D:\\trading-formation\\tailwind.config.js"
2025-12-24T17:57:37.489258Z  INFO scan_sources: tailwindcss_oxide::scanner: Discovering "D:\\trading-formation\\tsconfig.json"
2025-12-24T17:57:37.489403Z  INFO scan_sources: tailwindcss_oxide::scanner: Discovering "D:\\trading-formation\\update-roles.js"
2025-12-24T17:57:37.489531Z  INFO scan_sources: tailwindcss_oxide::scanner: Discovering "D:\\trading-formation\\update-to-admin.js"
2025-12-24T17:57:37.489644Z  INFO scan_sources: tailwindcss_oxide::scanner: Discovering "D:\\trading-formation\\update_env.ps1"
2025-12-24T17:57:37.490193Z  INFO scan_sources: tailwindcss_oxide::scanner: exit
2025-12-24T17:57:37.490211Z  INFO extract_candidates: tailwindcss_oxide::scanner: enter
2025-12-24T17:57:37.490222Z  INFO extract_candidates:read_all_files: tailwindcss_oxide::scanner: enter
2025-12-24T17:57:37.490230Z  INFO extract_candidates:read_all_files: tailwindcss_oxide::scanner: Reading 91 file(s)
2025-12-24T17:57:37.490763Z  INFO tailwindcss_oxide::scanner: Reading "D:\\trading-formation\\src\\app\\admin\\dashboard\\page.tsx"
2025-12-24T17:57:37.490781Z  INFO tailwindcss_oxide::scanner: Reading "D:\\trading-formation\\prisma\\migrations\\20251223032538_update_user_model\\migration.sql"
2025-12-24T17:57:37.490807Z  INFO tailwindcss_oxide::scanner: Reading "D:\\trading-formation\\bot.py"
2025-12-24T17:57:37.490807Z  INFO tailwindcss_oxide::scanner: Reading "D:\\trading-formation\\fix_env_format.py"
2025-12-24T17:57:37.490782Z  INFO tailwindcss_oxide::scanner: Reading "D:\\trading-formation\\add-role-column.js"
2025-12-24T17:57:37.490871Z  INFO tailwindcss_oxide::scanner: Reading "D:\\trading-formation\\reset-and-setup.js"
2025-12-24T17:57:37.490881Z  INFO tailwindcss_oxide::scanner: Reading "D:\\trading-formation\\src\\app\\admin\\layout.tsx"
2025-12-24T17:57:37.490944Z  INFO tailwindcss_oxide::scanner: Reading "D:\\trading-formation\\fix_env_simple.py"
2025-12-24T17:57:37.490956Z  INFO tailwindcss_oxide::scanner: Reading "D:\\trading-formation\\app.py"
2025-12-24T17:57:37.490957Z  INFO tailwindcss_oxide::scanner: Reading "D:\\trading-formation\\check-and-fix-db.js"
2025-12-24T17:57:37.490991Z  INFO tailwindcss_oxide::scanner: Reading "D:\\trading-formation\\reset-db.js"
2025-12-24T17:57:37.490909Z  INFO tailwindcss_oxide::scanner: Reading "D:\\trading-formation\\prisma\\migrations\\20251224172209_add_discord_username\\migration.sql"
2025-12-24T17:57:37.490976Z  INFO tailwindcss_oxide::scanner: Reading "D:\\trading-formation\\src\\app\\admin\\components\\AdminLayout.tsx"
2025-12-24T17:57:37.491012Z  INFO tailwindcss_oxide::scanner: Reading "D:\\trading-formation\\public\\globe.svg"
2025-12-24T17:57:37.491027Z  INFO tailwindcss_oxide::scanner: Reading "D:\\trading-formation\\src\\app\\admin\\moderator\\page.tsx"
2025-12-24T17:57:37.491049Z  INFO tailwindcss_oxide::scanner: Reading "D:\\trading-formation\\list-users.js"
2025-12-24T17:57:37.491045Z  INFO tailwindcss_oxide::scanner: Reading "D:\\trading-formation\\setup-admin.js"
2025-12-24T17:57:37.491098Z  INFO tailwindcss_oxide::scanner: Reading "D:\\trading-formation\\check-structure.js"
2025-12-24T17:57:37.491129Z  INFO tailwindcss_oxide::scanner: Reading "D:\\trading-formation\\public\\next.svg"
2025-12-24T17:57:37.491130Z  INFO tailwindcss_oxide::scanner: Reading "D:\\trading-formation\\src\\app\\admin\\owner\\page.tsx"
2025-12-24T17:57:37.491130Z  INFO tailwindcss_oxide::scanner: Reading "D:\\trading-formation\\src\\app\\admin\\components\\Customers.tsx"
2025-12-24T17:57:37.491165Z  INFO tailwindcss_oxide::scanner: Reading "D:\\trading-formation\\main.py"
2025-12-24T17:57:37.491049Z  INFO tailwindcss_oxide::scanner: Reading "D:\\trading-formation\\final-setup.js"
2025-12-24T17:57:37.491180Z  INFO tailwindcss_oxide::scanner: Reading "D:\\trading-formation\\show-users.js"
2025-12-24T17:57:37.491209Z  INFO tailwindcss_oxide::scanner: Reading "D:\\trading-formation\\prisma\\migrations\\migration_lock.toml"
2025-12-24T17:57:37.491218Z  INFO tailwindcss_oxide::scanner: Reading "D:\\trading-formation\\fix_bot.py"
2025-12-24T17:57:37.491234Z  INFO tailwindcss_oxide::scanner: Reading "D:\\trading-formation\\public\\vercel.svg"
2025-12-24T17:57:37.491252Z  INFO tailwindcss_oxide::scanner: Reading "D:\\trading-formation\\src\\app\\admin\\page.tsx"
2025-12-24T17:57:37.491234Z  INFO tailwindcss_oxide::scanner: Reading "D:\\trading-formation\\env.temp"
2025-12-24T17:57:37.491099Z  INFO tailwindcss_oxide::scanner: Reading "D:\\trading-formation\\scripts\\createAdmin.ts"
2025-12-24T17:57:37.491252Z  INFO tailwindcss_oxide::scanner: Reading "D:\\trading-formation\\src\\app\\admin\\components\\Dashboard.tsx"
2025-12-24T17:57:37.491310Z  INFO tailwindcss_oxide::scanner: Reading "D:\\trading-formation\\prisma\\schema.prisma"
2025-12-24T17:57:37.491266Z  INFO tailwindcss_oxide::scanner: Reading "D:\\trading-formation\\make-admin.js"
2025-12-24T17:57:37.491317Z  INFO tailwindcss_oxide::scanner: Reading "D:\\trading-formation\\fix_env.py"
2025-12-24T17:57:37.491317Z  INFO tailwindcss_oxide::scanner: Reading "D:\\trading-formation\\src\\app\\admin\\admin\\page.tsx"
2025-12-24T17:57:37.491355Z  INFO tailwindcss_oxide::scanner: Reading "D:\\trading-formation\\README.md"
2025-12-24T17:57:37.491366Z  INFO tailwindcss_oxide::scanner: Reading "D:\\trading-formation\\src\\app\\api\\admin\\create-account\\route.ts"
2025-12-24T17:57:37.491374Z  INFO tailwindcss_oxide::scanner: Reading "D:\\trading-formation\\public\\window.svg"
2025-12-24T17:57:37.491409Z  INFO tailwindcss_oxide::scanner: Reading "D:\\trading-formation\\src\\app\\admin\\components\\Invoices.tsx"
2025-12-24T17:57:37.491428Z  INFO tailwindcss_oxide::scanner: Reading "D:\\trading-formation\\public\\file.svg"
2025-12-24T17:57:37.491445Z  INFO tailwindcss_oxide::scanner: Reading "D:\\trading-formation\\requirements.txt"
2025-12-24T17:57:37.491445Z  INFO tailwindcss_oxide::scanner: Reading "D:\\trading-formation\\src\\app\\admin\\components\\Products.tsx"
2025-12-24T17:57:37.491476Z  INFO tailwindcss_oxide::scanner: Reading "D:\\trading-formation\\next.config.js"
2025-12-24T17:57:37.491475Z  INFO tailwindcss_oxide::scanner: Reading "D:\\trading-formation\\src\\app\\temp.tsx"
2025-12-24T17:57:37.491493Z  INFO tailwindcss_oxide::scanner: Reading "D:\\trading-formation\\src\\app\\api\\auth\\login\\route.ts"
2025-12-24T17:57:37.491515Z  INFO tailwindcss_oxide::scanner: Reading "D:\\trading-formation\\eslint.config.mjs"
2025-12-24T17:57:37.491519Z  INFO tailwindcss_oxide::scanner: Reading "D:\\trading-formation\\src\\components\\layout\\Header.tsx"
2025-12-24T17:57:37.491521Z  INFO tailwindcss_oxide::scanner: Reading "D:\\trading-formation\\src\\lib\\email.ts"
2025-12-24T17:57:37.491544Z  INFO tailwindcss_oxide::scanner: Reading "D:\\trading-formation\\src\\config\\security.ts"
2025-12-24T17:57:37.491586Z  INFO tailwindcss_oxide::scanner: Reading "D:\\trading-formation\\src\\app\\verification\\page.tsx"
2025-12-24T17:57:37.491593Z  INFO tailwindcss_oxide::scanner: Reading "D:\\trading-formation\\src\\app\\api\\auth\\register\\route.ts"
2025-12-24T17:57:37.491544Z  INFO tailwindcss_oxide::scanner: Reading "D:\\trading-formation\\src\\hooks\\useAuth.ts"
2025-12-24T17:57:37.491617Z  INFO tailwindcss_oxide::scanner: Reading "D:\\trading-formation\\next.config.ts"
2025-12-24T17:57:37.491624Z  INFO tailwindcss_oxide::scanner: Reading "D:\\trading-formation\\static\\js\\auth.js"
2025-12-24T17:57:37.491642Z  INFO tailwindcss_oxide::scanner: Reading "D:\\trading-formation\\src\\lib\\prisma.ts"
2025-12-24T17:57:37.491638Z  INFO tailwindcss_oxide::scanner: Reading "D:\\trading-formation\\src\\app\\admin\\components\\Orders.tsx"
2025-12-24T17:57:37.491529Z  INFO tailwindcss_oxide::scanner: Reading "D:\\trading-formation\\src\\components\\AnimatedParticles.tsx"
2025-12-24T17:57:37.491685Z  INFO tailwindcss_oxide::scanner: Reading "D:\\trading-formation\\src\\components\\providers\\AuthProvider.tsx"
2025-12-24T17:57:37.491699Z  INFO tailwindcss_oxide::scanner: Reading "D:\\trading-formation\\src\\app\\api\\auth\\resend-verification\\route.ts"
2025-12-24T17:57:37.491700Z  INFO tailwindcss_oxide::scanner: Reading "D:\\trading-formation\\src\\components\\TradingNews.tsx"
2025-12-24T17:57:37.491682Z  INFO tailwindcss_oxide::scanner: Reading "D:\\trading-formation\\postcss.config.mjs"
2025-12-24T17:57:37.491723Z  INFO tailwindcss_oxide::scanner: Reading "D:\\trading-formation\\tailwind.config.js"
2025-12-24T17:57:37.491725Z  INFO tailwindcss_oxide::scanner: Reading "D:\\trading-formation\\package.json"
2025-12-24T17:57:37.491765Z  INFO tailwindcss_oxide::scanner: Reading "D:\\trading-formation\\src\\lib\\session.ts"
2025-12-24T17:57:37.491783Z  INFO tailwindcss_oxide::scanner: Reading "D:\\trading-formation\\src\\app\\api\\auth\\[...nextauth]\\route.ts"
2025-12-24T17:57:37.491791Z  INFO tailwindcss_oxide::scanner: Reading "D:\\trading-formation\\src\\components\\auth\\SignOutButton.tsx"
2025-12-24T17:57:37.491795Z  INFO tailwindcss_oxide::scanner: Reading "D:\\trading-formation\\src\\app\\api\\auth\\verify-code\\route.ts"
2025-12-24T17:57:37.491803Z  INFO tailwindcss_oxide::scanner: Reading "D:\\trading-formation\\prisma\\config.ts"
2025-12-24T17:57:37.491811Z  INFO tailwindcss_oxide::scanner: Reading "D:\\trading-formation\\tsconfig.json"
2025-12-24T17:57:37.491821Z  INFO tailwindcss_oxide::scanner: Reading "D:\\trading-formation\\src\\components\\layout\\ClientHeader.tsx"
2025-12-24T17:57:37.491843Z  INFO tailwindcss_oxide::scanner: Reading "D:\\trading-formation\\src\\app\\components\\LoadingScreen.tsx"
2025-12-24T17:57:37.491895Z  INFO tailwindcss_oxide::scanner: Reading "D:\\trading-formation\\src\\app\\api\\auth\\verify-email\\route.ts"
2025-12-24T17:57:37.491898Z  INFO tailwindcss_oxide::scanner: Reading "D:\\trading-formation\\src\\app\\layout.tsx"
2025-12-24T17:57:37.491896Z  INFO tailwindcss_oxide::scanner: Reading "D:\\trading-formation\\src\\app\\inscription\\page.tsx"
2025-12-24T17:57:37.491913Z  INFO tailwindcss_oxide::scanner: Reading "D:\\trading-formation\\src\\app\\api\\discord\\register\\route.ts"
2025-12-24T17:57:37.491933Z  INFO tailwindcss_oxide::scanner: Reading "D:\\trading-formation\\prisma\\migrations\\20251223013809_add_email_verification\\migration.sql"
2025-12-24T17:57:37.491964Z  INFO tailwindcss_oxide::scanner: Reading "D:\\trading-formation\\src\\app\\client\\page.fixed.tsx"
2025-12-24T17:57:37.491963Z  INFO tailwindcss_oxide::scanner: Reading "D:\\trading-formation\\src\\app\\components\\PromoModal.tsx"
2025-12-24T17:57:37.491997Z  INFO tailwindcss_oxide::scanner: Reading "D:\\trading-formation\\src\\app\\api\\register\\route.ts"
2025-12-24T17:57:37.492016Z  INFO tailwindcss_oxide::scanner: Reading "D:\\trading-formation\\src\\app\\page.tsx"
2025-12-24T17:57:37.492016Z  INFO tailwindcss_oxide::scanner: Reading "D:\\trading-formation\\src\\app\\connexion\\page.tsx"
2025-12-24T17:57:37.491767Z  INFO tailwindcss_oxide::scanner: Reading "D:\\trading-formation\\src\\middleware.ts"
2025-12-24T17:57:37.492018Z  INFO tailwindcss_oxide::scanner: Reading "D:\\trading-formation\\src\\types\\next-auth.d.ts"
2025-12-24T17:57:37.492055Z  INFO tailwindcss_oxide::scanner: Reading "D:\\trading-formation\\src\\app\\client\\page.tsx"
2025-12-24T17:57:37.492088Z  INFO tailwindcss_oxide::scanner: Reading "D:\\trading-formation\\update-to-admin.js"
2025-12-24T17:57:37.491708Z  INFO tailwindcss_oxide::scanner: Reading "D:\\trading-formation\\src\\lib\\auth.ts"
2025-12-24T17:57:37.492110Z  INFO tailwindcss_oxide::scanner: Reading "D:\\trading-formation\\update_env.ps1"
2025-12-24T17:57:37.492098Z  INFO tailwindcss_oxide::scanner: Reading "D:\\trading-formation\\src\\app\\components\\AnnouncementCarousel.tsx"
2025-12-24T17:57:37.492168Z  INFO tailwindcss_oxide::scanner: Reading "D:\\trading-formation\\start-all.bat"
2025-12-24T17:57:37.492168Z  INFO tailwindcss_oxide::scanner: Reading "D:\\trading-formation\\update-roles.js"
2025-12-24T17:57:37.492137Z  INFO tailwindcss_oxide::scanner: Reading "D:\\trading-formation\\create-accounts.js"
2025-12-24T17:57:37.492620Z  INFO extract_candidates:read_all_files: tailwindcss_oxide::scanner: exit
2025-12-24T17:57:37.492638Z  INFO extract_candidates:parse_all_blobs: tailwindcss_oxide::scanner: enter
2025-12-24T17:57:37.492645Z  INFO extract_candidates:parse_all_blobs:extract: tailwindcss_oxide::scanner: enter
2025-12-24T17:57:37.495620Z  INFO extract_candidates:parse_all_blobs:extract: tailwindcss_oxide::scanner: exit
2025-12-24T17:57:37.495667Z  INFO extract_candidates:parse_all_blobs: tailwindcss_oxide::scanner: exit
2025-12-24T17:57:37.495677Z  INFO extract_candidates:read_all_files: tailwindcss_oxide::scanner: enter
2025-12-24T17:57:37.495683Z  INFO extract_candidates:read_all_files: tailwindcss_oxide::scanner: Reading 2 file(s)
2025-12-24T17:57:37.495903Z  INFO tailwindcss_oxide::scanner: Reading "D:\\trading-formation\\src\\app\\globals.css"
2025-12-24T17:57:37.495903Z  INFO tailwindcss_oxide::scanner: Reading "D:\\trading-formation\\static\\css\\style.css"
2025-12-24T17:57:37.495948Z  INFO extract_candidates:read_all_files: tailwindcss_oxide::scanner: exit
2025-12-24T17:57:37.495965Z  INFO extract_candidates:extract_css_variables: tailwindcss_oxide::scanner: enter
2025-12-24T17:57:37.495971Z  INFO extract_candidates:extract_css_variables:extract: tailwindcss_oxide::scanner: enter
2025-12-24T17:57:37.496186Z  INFO extract_candidates:extract_css_variables:extract: tailwindcss_oxide::scanner: exit
2025-12-24T17:57:37.496203Z  INFO extract_candidates:extract_css_variables: tailwindcss_oxide::scanner: exit
2025-12-24T17:57:37.497008Z  INFO extract_candidates: tailwindcss_oxide::scanner: exit
2025-12-24T17:57:37.497786Z  INFO get_files: tailwindcss_oxide::scanner: enter
2025-12-24T17:57:37.497807Z  INFO get_files:scan_sources: tailwindcss_oxide::scanner: enter
2025-12-24T17:57:37.499439Z  INFO get_files:scan_sources: tailwindcss_oxide::scanner: Discovering "D:\\trading-formation\\instance"
2025-12-24T17:57:37.500106Z  INFO get_files:scan_sources: tailwindcss_oxide::scanner: Discovering "D:\\trading-formation\\prisma"
2025-12-24T17:57:37.500362Z  INFO get_files:scan_sources: tailwindcss_oxide::scanner: Discovering "D:\\trading-formation\\prisma\\migrations"
2025-12-24T17:57:37.500554Z  INFO get_files:scan_sources: tailwindcss_oxide::scanner: Discovering "D:\\trading-formation\\prisma\\migrations\\20251223013809_add_email_verification"
2025-12-24T17:57:37.500841Z  INFO get_files:scan_sources: tailwindcss_oxide::scanner: Discovering "D:\\trading-formation\\prisma\\migrations\\20251223032538_update_user_model"
2025-12-24T17:57:37.501096Z  INFO get_files:scan_sources: tailwindcss_oxide::scanner: Discovering "D:\\trading-formation\\prisma\\migrations\\20251224172209_add_discord_username"
2025-12-24T17:57:37.501458Z  INFO get_files:scan_sources: tailwindcss_oxide::scanner: Discovering "D:\\trading-formation\\public"
2025-12-24T17:57:37.501884Z  INFO get_files:scan_sources: tailwindcss_oxide::scanner: Discovering "D:\\trading-formation\\public\\images"
2025-12-24T17:57:37.502380Z  INFO get_files:scan_sources: tailwindcss_oxide::scanner: Discovering "D:\\trading-formation\\scripts"
2025-12-24T17:57:37.502833Z  INFO get_files:scan_sources: tailwindcss_oxide::scanner: Discovering "D:\\trading-formation\\src"
2025-12-24T17:57:37.503227Z  INFO get_files:scan_sources: tailwindcss_oxide::scanner: Discovering "D:\\trading-formation\\src\\app"
2025-12-24T17:57:37.503490Z  INFO get_files:scan_sources: tailwindcss_oxide::scanner: Discovering "D:\\trading-formation\\src\\app\\admin"
2025-12-24T17:57:37.503734Z  INFO get_files:scan_sources: tailwindcss_oxide::scanner: Discovering "D:\\trading-formation\\src\\app\\admin\\admin"
2025-12-24T17:57:37.504086Z  INFO get_files:scan_sources: tailwindcss_oxide::scanner: Discovering "D:\\trading-formation\\src\\app\\admin\\components"
2025-12-24T17:57:37.504702Z  INFO get_files:scan_sources: tailwindcss_oxide::scanner: Discovering "D:\\trading-formation\\src\\app\\admin\\dashboard"
2025-12-24T17:57:37.505101Z  INFO get_files:scan_sources: tailwindcss_oxide::scanner: Discovering "D:\\trading-formation\\src\\app\\admin\\moderator"
2025-12-24T17:57:37.505426Z  INFO get_files:scan_sources: tailwindcss_oxide::scanner: Discovering "D:\\trading-formation\\src\\app\\admin\\owner"
2025-12-24T17:57:37.505834Z  INFO get_files:scan_sources: tailwindcss_oxide::scanner: Discovering "D:\\trading-formation\\src\\app\\api"
2025-12-24T17:57:37.506074Z  INFO get_files:scan_sources: tailwindcss_oxide::scanner: Discovering "D:\\trading-formation\\src\\app\\api\\admin"
2025-12-24T17:57:37.506319Z  INFO get_files:scan_sources: tailwindcss_oxide::scanner: Discovering "D:\\trading-formation\\src\\app\\api\\admin\\create-account"
2025-12-24T17:57:37.506669Z  INFO get_files:scan_sources: tailwindcss_oxide::scanner: Discovering "D:\\trading-formation\\src\\app\\api\\auth"
2025-12-24T17:57:37.506955Z  INFO get_files:scan_sources: tailwindcss_oxide::scanner: Discovering "D:\\trading-formation\\src\\app\\api\\auth\\login"
2025-12-24T17:57:37.507298Z  INFO get_files:scan_sources: tailwindcss_oxide::scanner: Discovering "D:\\trading-formation\\src\\app\\api\\auth\\register"
2025-12-24T17:57:37.507532Z  INFO get_files:scan_sources: tailwindcss_oxide::scanner: Discovering "D:\\trading-formation\\src\\app\\api\\auth\\resend-verification"
2025-12-24T17:57:37.507756Z  INFO get_files:scan_sources: tailwindcss_oxide::scanner: Discovering "D:\\trading-formation\\src\\app\\api\\auth\\verify-code"
2025-12-24T17:57:37.508074Z  INFO get_files:scan_sources: tailwindcss_oxide::scanner: Discovering "D:\\trading-formation\\src\\app\\api\\auth\\verify-email"
2025-12-24T17:57:37.508309Z  INFO get_files:scan_sources: tailwindcss_oxide::scanner: Discovering "D:\\trading-formation\\src\\app\\api\\auth\\[...nextauth]"
2025-12-24T17:57:37.508625Z  INFO get_files:scan_sources: tailwindcss_oxide::scanner: Discovering "D:\\trading-formation\\src\\app\\api\\discord"
2025-12-24T17:57:37.508812Z  INFO get_files:scan_sources: tailwindcss_oxide::scanner: Discovering "D:\\trading-formation\\src\\app\\api\\discord\\register"
2025-12-24T17:57:37.509094Z  INFO get_files:scan_sources: tailwindcss_oxide::scanner: Discovering "D:\\trading-formation\\src\\app\\api\\register"
2025-12-24T17:57:37.509405Z  INFO get_files:scan_sources: tailwindcss_oxide::scanner: Discovering "D:\\trading-formation\\src\\app\\client"
2025-12-24T17:57:37.509723Z  INFO get_files:scan_sources: tailwindcss_oxide::scanner: Discovering "D:\\trading-formation\\src\\app\\components"
2025-12-24T17:57:37.510033Z  INFO get_files:scan_sources: tailwindcss_oxide::scanner: Discovering "D:\\trading-formation\\src\\app\\connexion"
2025-12-24T17:57:37.510297Z  INFO get_files:scan_sources: tailwindcss_oxide::scanner: Discovering "D:\\trading-formation\\src\\app\\inscription"
2025-12-24T17:57:37.510636Z  INFO get_files:scan_sources: tailwindcss_oxide::scanner: Discovering "D:\\trading-formation\\src\\app\\verification"
2025-12-24T17:57:37.510909Z  INFO get_files:scan_sources: tailwindcss_oxide::scanner: Discovering "D:\\trading-formation\\src\\components"
2025-12-24T17:57:37.511148Z  INFO get_files:scan_sources: tailwindcss_oxide::scanner: Discovering "D:\\trading-formation\\src\\components\\auth"
2025-12-24T17:57:37.511509Z  INFO get_files:scan_sources: tailwindcss_oxide::scanner: Discovering "D:\\trading-formation\\src\\components\\layout"
2025-12-24T17:57:37.511844Z  INFO get_files:scan_sources: tailwindcss_oxide::scanner: Discovering "D:\\trading-formation\\src\\components\\providers"
2025-12-24T17:57:37.512212Z  INFO get_files:scan_sources: tailwindcss_oxide::scanner: Discovering "D:\\trading-formation\\src\\config"
2025-12-24T17:57:37.512463Z  INFO get_files:scan_sources: tailwindcss_oxide::scanner: Discovering "D:\\trading-formation\\src\\hooks"
2025-12-24T17:57:37.512690Z  INFO get_files:scan_sources: tailwindcss_oxide::scanner: Discovering "D:\\trading-formation\\src\\lib"
2025-12-24T17:57:37.513069Z  INFO get_files:scan_sources: tailwindcss_oxide::scanner: Discovering "D:\\trading-formation\\src\\types"
2025-12-24T17:57:37.513352Z  INFO get_files:scan_sources: tailwindcss_oxide::scanner: Discovering "D:\\trading-formation\\static"
2025-12-24T17:57:37.513516Z  INFO get_files:scan_sources: tailwindcss_oxide::scanner: Discovering "D:\\trading-formation\\static\\css"
2025-12-24T17:57:37.513737Z  INFO get_files:scan_sources: tailwindcss_oxide::scanner: Discovering "D:\\trading-formation\\static\\js"
2025-12-24T17:57:37.514576Z  INFO get_files:scan_sources: tailwindcss_oxide::scanner: exit
2025-12-24T17:57:37.514684Z  INFO get_files: tailwindcss_oxide::scanner: exit
2025-12-24T17:57:37.515160Z  INFO get_globs: tailwindcss_oxide::scanner: enter
2025-12-24T17:57:37.515170Z  INFO get_globs:scan_sources: tailwindcss_oxide::scanner: enter
2025-12-24T17:57:37.516536Z  INFO get_globs:scan_sources: tailwindcss_oxide::scanner: Discovering "D:\\trading-formation\\instance"
2025-12-24T17:57:37.517203Z  INFO get_globs:scan_sources: tailwindcss_oxide::scanner: Discovering "D:\\trading-formation\\prisma"
2025-12-24T17:57:37.517582Z  INFO get_globs:scan_sources: tailwindcss_oxide::scanner: Discovering "D:\\trading-formation\\prisma\\migrations"
2025-12-24T17:57:37.517787Z  INFO get_globs:scan_sources: tailwindcss_oxide::scanner: Discovering "D:\\trading-formation\\prisma\\migrations\\20251223013809_add_email_verification"
2025-12-24T17:57:37.518154Z  INFO get_globs:scan_sources: tailwindcss_oxide::scanner: Discovering "D:\\trading-formation\\prisma\\migrations\\20251223032538_update_user_model"
2025-12-24T17:57:37.518398Z  INFO get_globs:scan_sources: tailwindcss_oxide::scanner: Discovering "D:\\trading-formation\\prisma\\migrations\\20251224172209_add_discord_username"
2025-12-24T17:57:37.518854Z  INFO get_globs:scan_sources: tailwindcss_oxide::scanner: Discovering "D:\\trading-formation\\public"
2025-12-24T17:57:37.519224Z  INFO get_globs:scan_sources: tailwindcss_oxide::scanner: Discovering "D:\\trading-formation\\public\\images"
2025-12-24T17:57:37.519916Z  INFO get_globs:scan_sources: tailwindcss_oxide::scanner: Discovering "D:\\trading-formation\\scripts"
2025-12-24T17:57:37.520367Z  INFO get_globs:scan_sources: tailwindcss_oxide::scanner: Discovering "D:\\trading-formation\\src"
2025-12-24T17:57:37.520556Z  INFO get_globs:scan_sources: tailwindcss_oxide::scanner: Discovering "D:\\trading-formation\\src\\app"
2025-12-24T17:57:37.520726Z  INFO get_globs:scan_sources: tailwindcss_oxide::scanner: Discovering "D:\\trading-formation\\src\\app\\admin"
2025-12-24T17:57:37.520922Z  INFO get_globs:scan_sources: tailwindcss_oxide::scanner: Discovering "D:\\trading-formation\\src\\app\\admin\\admin"
2025-12-24T17:57:37.521149Z  INFO get_globs:scan_sources: tailwindcss_oxide::scanner: Discovering "D:\\trading-formation\\src\\app\\admin\\components"
2025-12-24T17:57:37.521595Z  INFO get_globs:scan_sources: tailwindcss_oxide::scanner: Discovering "D:\\trading-formation\\src\\app\\admin\\dashboard"
2025-12-24T17:57:37.521912Z  INFO get_globs:scan_sources: tailwindcss_oxide::scanner: Discovering "D:\\trading-formation\\src\\app\\admin\\moderator"
2025-12-24T17:57:37.522140Z  INFO get_globs:scan_sources: tailwindcss_oxide::scanner: Discovering "D:\\trading-formation\\src\\app\\admin\\owner"
2025-12-24T17:57:37.522429Z  INFO get_globs:scan_sources: tailwindcss_oxide::scanner: Discovering "D:\\trading-formation\\src\\app\\api"
2025-12-24T17:57:37.522601Z  INFO get_globs:scan_sources: tailwindcss_oxide::scanner: Discovering "D:\\trading-formation\\src\\app\\api\\admin"
2025-12-24T17:57:37.522777Z  INFO get_globs:scan_sources: tailwindcss_oxide::scanner: Discovering "D:\\trading-formation\\src\\app\\api\\admin\\create-account"
2025-12-24T17:57:37.523019Z  INFO get_globs:scan_sources: tailwindcss_oxide::scanner: Discovering "D:\\trading-formation\\src\\app\\api\\auth"
2025-12-24T17:57:37.523183Z  INFO get_globs:scan_sources: tailwindcss_oxide::scanner: Discovering "D:\\trading-formation\\src\\app\\api\\auth\\login"
2025-12-24T17:57:37.523398Z  INFO get_globs:scan_sources: tailwindcss_oxide::scanner: Discovering "D:\\trading-formation\\src\\app\\api\\auth\\register"
2025-12-24T17:57:37.523619Z  INFO get_globs:scan_sources: tailwindcss_oxide::scanner: Discovering "D:\\trading-formation\\src\\app\\api\\auth\\resend-verification"
2025-12-24T17:57:37.523844Z  INFO get_globs:scan_sources: tailwindcss_oxide::scanner: Discovering "D:\\trading-formation\\src\\app\\api\\auth\\verify-code"
2025-12-24T17:57:37.524062Z  INFO get_globs:scan_sources: tailwindcss_oxide::scanner: Discovering "D:\\trading-formation\\src\\app\\api\\auth\\verify-email"
2025-12-24T17:57:37.524280Z  INFO get_globs:scan_sources: tailwindcss_oxide::scanner: Discovering "D:\\trading-formation\\src\\app\\api\\auth\\[...nextauth]"
2025-12-24T17:57:37.524518Z  INFO get_globs:scan_sources: tailwindcss_oxide::scanner: Discovering "D:\\trading-formation\\src\\app\\api\\discord"
2025-12-24T17:57:37.524678Z  INFO get_globs:scan_sources: tailwindcss_oxide::scanner: Discovering "D:\\trading-formation\\src\\app\\api\\discord\\register"
2025-12-24T17:57:37.524918Z  INFO get_globs:scan_sources: tailwindcss_oxide::scanner: Discovering "D:\\trading-formation\\src\\app\\api\\register"
2025-12-24T17:57:37.525144Z  INFO get_globs:scan_sources: tailwindcss_oxide::scanner: Discovering "D:\\trading-formation\\src\\app\\client"
2025-12-24T17:57:37.525406Z  INFO get_globs:scan_sources: tailwindcss_oxide::scanner: Discovering "D:\\trading-formation\\src\\app\\components"
2025-12-24T17:57:37.525691Z  INFO get_globs:scan_sources: tailwindcss_oxide::scanner: Discovering "D:\\trading-formation\\src\\app\\connexion"
2025-12-24T17:57:37.525953Z  INFO get_globs:scan_sources: tailwindcss_oxide::scanner: Discovering "D:\\trading-formation\\src\\app\\inscription"
2025-12-24T17:57:37.526272Z  INFO get_globs:scan_sources: tailwindcss_oxide::scanner: Discovering "D:\\trading-formation\\src\\app\\verification"
2025-12-24T17:57:37.526538Z  INFO get_globs:scan_sources: tailwindcss_oxide::scanner: Discovering "D:\\trading-formation\\src\\components"
2025-12-24T17:57:37.526751Z  INFO get_globs:scan_sources: tailwindcss_oxide::scanner: Discovering "D:\\trading-formation\\src\\components\\auth"
2025-12-24T17:57:37.527042Z  INFO get_globs:scan_sources: tailwindcss_oxide::scanner: Discovering "D:\\trading-formation\\src\\components\\layout"
2025-12-24T17:57:37.527299Z  INFO get_globs:scan_sources: tailwindcss_oxide::scanner: Discovering "D:\\trading-formation\\src\\components\\providers"
2025-12-24T17:57:37.527621Z  INFO get_globs:scan_sources: tailwindcss_oxide::scanner: Discovering "D:\\trading-formation\\src\\config"
2025-12-24T17:57:37.527923Z  INFO get_globs:scan_sources: tailwindcss_oxide::scanner: Discovering "D:\\trading-formation\\src\\hooks"
2025-12-24T17:57:37.528312Z  INFO get_globs:scan_sources: tailwindcss_oxide::scanner: Discovering "D:\\trading-formation\\src\\lib"
2025-12-24T17:57:37.528826Z  INFO get_globs:scan_sources: tailwindcss_oxide::scanner: Discovering "D:\\trading-formation\\src\\types"
2025-12-24T17:57:37.529120Z  INFO get_globs:scan_sources: tailwindcss_oxide::scanner: Discovering "D:\\trading-formation\\static"
2025-12-24T17:57:37.529283Z  INFO get_globs:scan_sources: tailwindcss_oxide::scanner: Discovering "D:\\trading-formation\\static\\css"
2025-12-24T17:57:37.529506Z  INFO get_globs:scan_sources: tailwindcss_oxide::scanner: Discovering "D:\\trading-formation\\static\\js"
2025-12-24T17:57:37.530275Z  INFO get_globs:scan_sources: tailwindcss_oxide::scanner: exit
2025-12-24T17:57:37.540200Z  INFO get_globs: tailwindcss_oxide::scanner: exit
