2025-12-31T15:33:42.469202Z  INFO tailwindcss_oxide::scanner: Provided sources:
2025-12-31T15:33:42.469324Z  INFO tailwindcss_oxide::scanner: Source: PublicSourceEntry { base: "D:\\trading-formation", pattern: "**/*", negated: false }
2025-12-31T15:33:42.469557Z  INFO tailwindcss_oxide::scanner: Optimized sources:
2025-12-31T15:33:42.469648Z  INFO tailwindcss_oxide::scanner: Source: Auto { base: "D:\\trading-formation" }
2025-12-31T15:33:42.471923Z  INFO scan_sources: tailwindcss_oxide::scanner: enter
2025-12-31T15:33:42.473121Z  INFO scan_sources: tailwindcss_oxide::scanner: Discovering "D:\\trading-formation\\add-role-column.js"
2025-12-31T15:33:42.473297Z  INFO scan_sources: tailwindcss_oxide::scanner: Discovering "D:\\trading-formation\\app.py"
2025-12-31T15:33:42.473790Z  INFO scan_sources: tailwindcss_oxide::scanner: Discovering "D:\\trading-formation\\bot.py"
2025-12-31T15:33:42.473890Z  INFO scan_sources: tailwindcss_oxide::scanner: Discovering "D:\\trading-formation\\bot_backup.py"
2025-12-31T15:33:42.473968Z  INFO scan_sources: tailwindcss_oxide::scanner: Discovering "D:\\trading-formation\\bot_backup_help.py"
2025-12-31T15:33:42.474054Z  INFO scan_sources: tailwindcss_oxide::scanner: Discovering "D:\\trading-formation\\check-and-fix-db.js"
2025-12-31T15:33:42.474126Z  INFO scan_sources: tailwindcss_oxide::scanner: Discovering "D:\\trading-formation\\check-structure.js"
2025-12-31T15:33:42.474197Z  INFO scan_sources: tailwindcss_oxide::scanner: Discovering "D:\\trading-formation\\create-accounts.js"
2025-12-31T15:33:42.474269Z  INFO scan_sources: tailwindcss_oxide::scanner: Discovering "D:\\trading-formation\\env.temp"
2025-12-31T15:33:42.474346Z  INFO scan_sources: tailwindcss_oxide::scanner: Discovering "D:\\trading-formation\\eslint.config.mjs"
2025-12-31T15:33:42.474417Z  INFO scan_sources: tailwindcss_oxide::scanner: Discovering "D:\\trading-formation\\final-setup.js"
2025-12-31T15:33:42.474484Z  INFO scan_sources: tailwindcss_oxide::scanner: Discovering "D:\\trading-formation\\fix_bot.py"
2025-12-31T15:33:42.474553Z  INFO scan_sources: tailwindcss_oxide::scanner: Discovering "D:\\trading-formation\\fix_env.py"
2025-12-31T15:33:42.474620Z  INFO scan_sources: tailwindcss_oxide::scanner: Discovering "D:\\trading-formation\\fix_env_format.py"
2025-12-31T15:33:42.474690Z  INFO scan_sources: tailwindcss_oxide::scanner: Discovering "D:\\trading-formation\\fix_env_simple.py"
2025-12-31T15:33:42.474821Z  INFO scan_sources: tailwindcss_oxide::scanner: Discovering "D:\\trading-formation\\instance"
2025-12-31T15:33:42.475004Z  INFO scan_sources: tailwindcss_oxide::scanner: Discovering "D:\\trading-formation\\list-users.js"
2025-12-31T15:33:42.475082Z  INFO scan_sources: tailwindcss_oxide::scanner: Discovering "D:\\trading-formation\\main.py"
2025-12-31T15:33:42.475152Z  INFO scan_sources: tailwindcss_oxide::scanner: Discovering "D:\\trading-formation\\make-admin.js"
2025-12-31T15:33:42.475221Z  INFO scan_sources: tailwindcss_oxide::scanner: Discovering "D:\\trading-formation\\middleware.ts"
2025-12-31T15:33:42.475297Z  INFO scan_sources: tailwindcss_oxide::scanner: Discovering "D:\\trading-formation\\next.config.js"
2025-12-31T15:33:42.475366Z  INFO scan_sources: tailwindcss_oxide::scanner: Discovering "D:\\trading-formation\\next.config.ts"
2025-12-31T15:33:42.475746Z  INFO scan_sources: tailwindcss_oxide::scanner: Discovering "D:\\trading-formation\\package.json"
2025-12-31T15:33:42.475863Z  INFO scan_sources: tailwindcss_oxide::scanner: Discovering "D:\\trading-formation\\postcss.config.mjs"
2025-12-31T15:33:42.476035Z  INFO scan_sources: tailwindcss_oxide::scanner: Discovering "D:\\trading-formation\\prisma"
2025-12-31T15:33:42.476248Z  INFO scan_sources: tailwindcss_oxide::scanner: Discovering "D:\\trading-formation\\prisma\\config.ts"
2025-12-31T15:33:42.476423Z  INFO scan_sources: tailwindcss_oxide::scanner: Discovering "D:\\trading-formation\\prisma\\migrations"
2025-12-31T15:33:42.476725Z  INFO scan_sources: tailwindcss_oxide::scanner: Discovering "D:\\trading-formation\\prisma\\migrations\\20251223013809_add_email_verification"
2025-12-31T15:33:42.476974Z  INFO scan_sources: tailwindcss_oxide::scanner: Discovering "D:\\trading-formation\\prisma\\migrations\\20251223013809_add_email_verification\\migration.sql"
2025-12-31T15:33:42.477118Z  INFO scan_sources: tailwindcss_oxide::scanner: Discovering "D:\\trading-formation\\prisma\\migrations\\20251223032538_update_user_model"
2025-12-31T15:33:42.477272Z  INFO scan_sources: tailwindcss_oxide::scanner: Discovering "D:\\trading-formation\\prisma\\migrations\\20251223032538_update_user_model\\migration.sql"
2025-12-31T15:33:42.477405Z  INFO scan_sources: tailwindcss_oxide::scanner: Discovering "D:\\trading-formation\\prisma\\migrations\\20251224172209_add_discord_username"
2025-12-31T15:33:42.477552Z  INFO scan_sources: tailwindcss_oxide::scanner: Discovering "D:\\trading-formation\\prisma\\migrations\\20251224172209_add_discord_username\\migration.sql"
2025-12-31T15:33:42.477680Z  INFO scan_sources: tailwindcss_oxide::scanner: Discovering "D:\\trading-formation\\prisma\\migrations\\20251224181028_init"
2025-12-31T15:33:42.477835Z  INFO scan_sources: tailwindcss_oxide::scanner: Discovering "D:\\trading-formation\\prisma\\migrations\\20251224181028_init\\migration.sql"
2025-12-31T15:33:42.477970Z  INFO scan_sources: tailwindcss_oxide::scanner: Discovering "D:\\trading-formation\\prisma\\migrations\\20251226201343_update_discord_roles"
2025-12-31T15:33:42.478127Z  INFO scan_sources: tailwindcss_oxide::scanner: Discovering "D:\\trading-formation\\prisma\\migrations\\20251226201343_update_discord_roles\\migration.sql"
2025-12-31T15:33:42.478269Z  INFO scan_sources: tailwindcss_oxide::scanner: Discovering "D:\\trading-formation\\prisma\\migrations\\20251226204848_add_expires_at_to_user"
2025-12-31T15:33:42.478439Z  INFO scan_sources: tailwindcss_oxide::scanner: Discovering "D:\\trading-formation\\prisma\\migrations\\20251226204848_add_expires_at_to_user\\migration.sql"
2025-12-31T15:33:42.478569Z  INFO scan_sources: tailwindcss_oxide::scanner: Discovering "D:\\trading-formation\\prisma\\migrations\\20251227032937_update_schema"
2025-12-31T15:33:42.478722Z  INFO scan_sources: tailwindcss_oxide::scanner: Discovering "D:\\trading-formation\\prisma\\migrations\\20251227032937_update_schema\\migration.sql"
2025-12-31T15:33:42.478834Z  INFO scan_sources: tailwindcss_oxide::scanner: Discovering "D:\\trading-formation\\prisma\\migrations\\migration_lock.toml"
2025-12-31T15:33:42.478936Z  INFO scan_sources: tailwindcss_oxide::scanner: Discovering "D:\\trading-formation\\prisma\\schema.prisma"
2025-12-31T15:33:42.479088Z  INFO scan_sources: tailwindcss_oxide::scanner: Discovering "D:\\trading-formation\\public"
2025-12-31T15:33:42.479232Z  INFO scan_sources: tailwindcss_oxide::scanner: Discovering "D:\\trading-formation\\public\\file.svg"
2025-12-31T15:33:42.479311Z  INFO scan_sources: tailwindcss_oxide::scanner: Discovering "D:\\trading-formation\\public\\globe.svg"
2025-12-31T15:33:42.479429Z  INFO scan_sources: tailwindcss_oxide::scanner: Discovering "D:\\trading-formation\\public\\images"
2025-12-31T15:33:42.479608Z  INFO scan_sources: tailwindcss_oxide::scanner: Discovering "D:\\trading-formation\\public\\next.svg"
2025-12-31T15:33:42.479704Z  INFO scan_sources: tailwindcss_oxide::scanner: Discovering "D:\\trading-formation\\public\\vercel.svg"
2025-12-31T15:33:42.479782Z  INFO scan_sources: tailwindcss_oxide::scanner: Discovering "D:\\trading-formation\\public\\window.svg"
2025-12-31T15:33:42.479877Z  INFO scan_sources: tailwindcss_oxide::scanner: Discovering "D:\\trading-formation\\README.md"
2025-12-31T15:33:42.479947Z  INFO scan_sources: tailwindcss_oxide::scanner: Discovering "D:\\trading-formation\\requirements.txt"
2025-12-31T15:33:42.480014Z  INFO scan_sources: tailwindcss_oxide::scanner: Discovering "D:\\trading-formation\\reset-and-setup.js"
2025-12-31T15:33:42.480079Z  INFO scan_sources: tailwindcss_oxide::scanner: Discovering "D:\\trading-formation\\reset-db.js"
2025-12-31T15:33:42.480185Z  INFO scan_sources: tailwindcss_oxide::scanner: Discovering "D:\\trading-formation\\scripts"
2025-12-31T15:33:42.480372Z  INFO scan_sources: tailwindcss_oxide::scanner: Discovering "D:\\trading-formation\\scripts\\createAdmin.ts"
2025-12-31T15:33:42.480466Z  INFO scan_sources: tailwindcss_oxide::scanner: Discovering "D:\\trading-formation\\setup-admin.js"
2025-12-31T15:33:42.480535Z  INFO scan_sources: tailwindcss_oxide::scanner: Discovering "D:\\trading-formation\\show-users.js"
2025-12-31T15:33:42.480638Z  INFO scan_sources: tailwindcss_oxide::scanner: Discovering "D:\\trading-formation\\src"
2025-12-31T15:33:42.480811Z  INFO scan_sources: tailwindcss_oxide::scanner: Discovering "D:\\trading-formation\\src\\app"
2025-12-31T15:33:42.481056Z  INFO scan_sources: tailwindcss_oxide::scanner: Discovering "D:\\trading-formation\\src\\app\\admin"
2025-12-31T15:33:42.481246Z  INFO scan_sources: tailwindcss_oxide::scanner: Discovering "D:\\trading-formation\\src\\app\\admin\\admin"
2025-12-31T15:33:42.481393Z  INFO scan_sources: tailwindcss_oxide::scanner: Discovering "D:\\trading-formation\\src\\app\\admin\\admin\\page.tsx"
2025-12-31T15:33:42.481523Z  INFO scan_sources: tailwindcss_oxide::scanner: Discovering "D:\\trading-formation\\src\\app\\admin\\components"
2025-12-31T15:33:42.481658Z  INFO scan_sources: tailwindcss_oxide::scanner: Discovering "D:\\trading-formation\\src\\app\\admin\\components\\AdminLayout.tsx"
2025-12-31T15:33:42.481728Z  INFO scan_sources: tailwindcss_oxide::scanner: Discovering "D:\\trading-formation\\src\\app\\admin\\components\\Customers.tsx"
2025-12-31T15:33:42.481796Z  INFO scan_sources: tailwindcss_oxide::scanner: Discovering "D:\\trading-formation\\src\\app\\admin\\components\\Dashboard.tsx"
2025-12-31T15:33:42.481863Z  INFO scan_sources: tailwindcss_oxide::scanner: Discovering "D:\\trading-formation\\src\\app\\admin\\components\\Invoices.tsx"
2025-12-31T15:33:42.481930Z  INFO scan_sources: tailwindcss_oxide::scanner: Discovering "D:\\trading-formation\\src\\app\\admin\\components\\Orders.tsx"
2025-12-31T15:33:42.481997Z  INFO scan_sources: tailwindcss_oxide::scanner: Discovering "D:\\trading-formation\\src\\app\\admin\\components\\Products.tsx"
2025-12-31T15:33:42.482120Z  INFO scan_sources: tailwindcss_oxide::scanner: Discovering "D:\\trading-formation\\src\\app\\admin\\dashboard"
2025-12-31T15:33:42.482252Z  INFO scan_sources: tailwindcss_oxide::scanner: Discovering "D:\\trading-formation\\src\\app\\admin\\dashboard\\page.tsx"
2025-12-31T15:33:42.482342Z  INFO scan_sources: tailwindcss_oxide::scanner: Discovering "D:\\trading-formation\\src\\app\\admin\\layout.tsx"
2025-12-31T15:33:42.482446Z  INFO scan_sources: tailwindcss_oxide::scanner: Discovering "D:\\trading-formation\\src\\app\\admin\\moderator"
2025-12-31T15:33:42.482575Z  INFO scan_sources: tailwindcss_oxide::scanner: Discovering "D:\\trading-formation\\src\\app\\admin\\moderator\\page.tsx"
2025-12-31T15:33:42.482725Z  INFO scan_sources: tailwindcss_oxide::scanner: Discovering "D:\\trading-formation\\src\\app\\admin\\owner"
2025-12-31T15:33:42.482887Z  INFO scan_sources: tailwindcss_oxide::scanner: Discovering "D:\\trading-formation\\src\\app\\admin\\owner\\page.tsx"
2025-12-31T15:33:42.483040Z  INFO scan_sources: tailwindcss_oxide::scanner: Discovering "D:\\trading-formation\\src\\app\\admin\\page.tsx"
2025-12-31T15:33:42.483224Z  INFO scan_sources: tailwindcss_oxide::scanner: Discovering "D:\\trading-formation\\src\\app\\api"
2025-12-31T15:33:42.483448Z  INFO scan_sources: tailwindcss_oxide::scanner: Discovering "D:\\trading-formation\\src\\app\\api\\admin"
2025-12-31T15:33:42.483618Z  INFO scan_sources: tailwindcss_oxide::scanner: Discovering "D:\\trading-formation\\src\\app\\api\\admin\\create-account"
2025-12-31T15:33:42.483810Z  INFO scan_sources: tailwindcss_oxide::scanner: Discovering "D:\\trading-formation\\src\\app\\api\\admin\\create-account\\route.ts"
2025-12-31T15:33:42.483980Z  INFO scan_sources: tailwindcss_oxide::scanner: Discovering "D:\\trading-formation\\src\\app\\api\\auth"
2025-12-31T15:33:42.484149Z  INFO scan_sources: tailwindcss_oxide::scanner: Discovering "D:\\trading-formation\\src\\app\\api\\auth\\check-email"
2025-12-31T15:33:42.484288Z  INFO scan_sources: tailwindcss_oxide::scanner: Discovering "D:\\trading-formation\\src\\app\\api\\auth\\check-email\\route.ts"
2025-12-31T15:33:42.484419Z  INFO scan_sources: tailwindcss_oxide::scanner: Discovering "D:\\trading-formation\\src\\app\\api\\auth\\create-account"
2025-12-31T15:33:42.484554Z  INFO scan_sources: tailwindcss_oxide::scanner: Discovering "D:\\trading-formation\\src\\app\\api\\auth\\create-account\\route.ts"
2025-12-31T15:33:42.484687Z  INFO scan_sources: tailwindcss_oxide::scanner: Discovering "D:\\trading-formation\\src\\app\\api\\auth\\discord"
2025-12-31T15:33:42.484861Z  INFO scan_sources: tailwindcss_oxide::scanner: Discovering "D:\\trading-formation\\src\\app\\api\\auth\\discord\\create-account"
2025-12-31T15:33:42.485009Z  INFO scan_sources: tailwindcss_oxide::scanner: Discovering "D:\\trading-formation\\src\\app\\api\\auth\\discord\\create-account\\route.ts"
2025-12-31T15:33:42.485150Z  INFO scan_sources: tailwindcss_oxide::scanner: Discovering "D:\\trading-formation\\src\\app\\api\\auth\\login"
2025-12-31T15:33:42.485280Z  INFO scan_sources: tailwindcss_oxide::scanner: Discovering "D:\\trading-formation\\src\\app\\api\\auth\\login\\route.ts"
2025-12-31T15:33:42.485421Z  INFO scan_sources: tailwindcss_oxide::scanner: Discovering "D:\\trading-formation\\src\\app\\api\\auth\\register"
2025-12-31T15:33:42.485555Z  INFO scan_sources: tailwindcss_oxide::scanner: Discovering "D:\\trading-formation\\src\\app\\api\\auth\\register\\route.ts"
2025-12-31T15:33:42.485679Z  INFO scan_sources: tailwindcss_oxide::scanner: Discovering "D:\\trading-formation\\src\\app\\api\\auth\\resend-verification"
2025-12-31T15:33:42.485810Z  INFO scan_sources: tailwindcss_oxide::scanner: Discovering "D:\\trading-formation\\src\\app\\api\\auth\\resend-verification\\route.ts"
2025-12-31T15:33:42.485933Z  INFO scan_sources: tailwindcss_oxide::scanner: Discovering "D:\\trading-formation\\src\\app\\api\\auth\\verify-code"
2025-12-31T15:33:42.486064Z  INFO scan_sources: tailwindcss_oxide::scanner: Discovering "D:\\trading-formation\\src\\app\\api\\auth\\verify-code\\route.ts"
2025-12-31T15:33:42.486198Z  INFO scan_sources: tailwindcss_oxide::scanner: Discovering "D:\\trading-formation\\src\\app\\api\\auth\\verify-email"
2025-12-31T15:33:42.486329Z  INFO scan_sources: tailwindcss_oxide::scanner: Discovering "D:\\trading-formation\\src\\app\\api\\auth\\verify-email\\route.ts"
2025-12-31T15:33:42.486456Z  INFO scan_sources: tailwindcss_oxide::scanner: Discovering "D:\\trading-formation\\src\\app\\api\\auth\\[...nextauth]"
2025-12-31T15:33:42.486593Z  INFO scan_sources: tailwindcss_oxide::scanner: Discovering "D:\\trading-formation\\src\\app\\api\\auth\\[...nextauth]\\route.ts"
2025-12-31T15:33:42.486740Z  INFO scan_sources: tailwindcss_oxide::scanner: Discovering "D:\\trading-formation\\src\\app\\api\\discord"
2025-12-31T15:33:42.486902Z  INFO scan_sources: tailwindcss_oxide::scanner: Discovering "D:\\trading-formation\\src\\app\\api\\discord\\register"
2025-12-31T15:33:42.487031Z  INFO scan_sources: tailwindcss_oxide::scanner: Discovering "D:\\trading-formation\\src\\app\\api\\discord\\register\\route.ts"
2025-12-31T15:33:42.487167Z  INFO scan_sources: tailwindcss_oxide::scanner: Discovering "D:\\trading-formation\\src\\app\\api\\register"
2025-12-31T15:33:42.487328Z  INFO scan_sources: tailwindcss_oxide::scanner: Discovering "D:\\trading-formation\\src\\app\\api\\register\\route.ts"
2025-12-31T15:33:42.487469Z  INFO scan_sources: tailwindcss_oxide::scanner: Discovering "D:\\trading-formation\\src\\app\\auth"
2025-12-31T15:33:42.487628Z  INFO scan_sources: tailwindcss_oxide::scanner: Discovering "D:\\trading-formation\\src\\app\\auth\\error"
2025-12-31T15:33:42.487757Z  INFO scan_sources: tailwindcss_oxide::scanner: Discovering "D:\\trading-formation\\src\\app\\auth\\error\\page.tsx"
2025-12-31T15:33:42.487894Z  INFO scan_sources: tailwindcss_oxide::scanner: Discovering "D:\\trading-formation\\src\\app\\client"
2025-12-31T15:33:42.488028Z  INFO scan_sources: tailwindcss_oxide::scanner: Discovering "D:\\trading-formation\\src\\app\\client\\page.fixed.tsx"
2025-12-31T15:33:42.488199Z  INFO scan_sources: tailwindcss_oxide::scanner: Discovering "D:\\trading-formation\\src\\app\\components"
2025-12-31T15:33:42.488334Z  INFO scan_sources: tailwindcss_oxide::scanner: Discovering "D:\\trading-formation\\src\\app\\components\\AnnouncementCarousel.tsx"
2025-12-31T15:33:42.488407Z  INFO scan_sources: tailwindcss_oxide::scanner: Discovering "D:\\trading-formation\\src\\app\\components\\LoadingScreen.tsx"
2025-12-31T15:33:42.488475Z  INFO scan_sources: tailwindcss_oxide::scanner: Discovering "D:\\trading-formation\\src\\app\\components\\PromoModal.tsx"
2025-12-31T15:33:42.488597Z  INFO scan_sources: tailwindcss_oxide::scanner: Discovering "D:\\trading-formation\\src\\app\\connexion"
2025-12-31T15:33:42.488763Z  INFO scan_sources: tailwindcss_oxide::scanner: Discovering "D:\\trading-formation\\src\\app\\connexion\\erreur"
2025-12-31T15:33:42.488891Z  INFO scan_sources: tailwindcss_oxide::scanner: Discovering "D:\\trading-formation\\src\\app\\connexion\\erreur\\page.tsx"
2025-12-31T15:33:42.488979Z  INFO scan_sources: tailwindcss_oxide::scanner: Discovering "D:\\trading-formation\\src\\app\\connexion\\page.tsx"
2025-12-31T15:33:42.489100Z  INFO scan_sources: tailwindcss_oxide::scanner: Discovering "D:\\trading-formation\\src\\app\\credits"
2025-12-31T15:33:42.489226Z  INFO scan_sources: tailwindcss_oxide::scanner: Discovering "D:\\trading-formation\\src\\app\\credits\\page.tsx"
2025-12-31T15:33:42.489357Z  INFO scan_sources: tailwindcss_oxide::scanner: Discovering "D:\\trading-formation\\src\\app\\dashboard"
2025-12-31T15:33:42.489484Z  INFO scan_sources: tailwindcss_oxide::scanner: Discovering "D:\\trading-formation\\src\\app\\dashboard\\page.tsx"
2025-12-31T15:33:42.489579Z  INFO scan_sources: tailwindcss_oxide::scanner: Discovering "D:\\trading-formation\\src\\app\\globals.css"
2025-12-31T15:33:42.489686Z  INFO scan_sources: tailwindcss_oxide::scanner: Discovering "D:\\trading-formation\\src\\app\\home"
2025-12-31T15:33:42.489813Z  INFO scan_sources: tailwindcss_oxide::scanner: Discovering "D:\\trading-formation\\src\\app\\home\\page.tsx"
2025-12-31T15:33:42.489938Z  INFO scan_sources: tailwindcss_oxide::scanner: Discovering "D:\\trading-formation\\src\\app\\inscription"
2025-12-31T15:33:42.490064Z  INFO scan_sources: tailwindcss_oxide::scanner: Discovering "D:\\trading-formation\\src\\app\\inscription\\page.tsx"
2025-12-31T15:33:42.490151Z  INFO scan_sources: tailwindcss_oxide::scanner: Discovering "D:\\trading-formation\\src\\app\\layout.tsx"
2025-12-31T15:33:42.490252Z  INFO scan_sources: tailwindcss_oxide::scanner: Discovering "D:\\trading-formation\\src\\app\\login"
2025-12-31T15:33:42.490376Z  INFO scan_sources: tailwindcss_oxide::scanner: Discovering "D:\\trading-formation\\src\\app\\login\\page.tsx"
2025-12-31T15:33:42.490461Z  INFO scan_sources: tailwindcss_oxide::scanner: Discovering "D:\\trading-formation\\src\\app\\page.temp.tsx"
2025-12-31T15:33:42.490526Z  INFO scan_sources: tailwindcss_oxide::scanner: Discovering "D:\\trading-formation\\src\\app\\page.tsx"
2025-12-31T15:33:42.490593Z  INFO scan_sources: tailwindcss_oxide::scanner: Discovering "D:\\trading-formation\\src\\app\\page.tsx.backup"
2025-12-31T15:33:42.490663Z  INFO scan_sources: tailwindcss_oxide::scanner: Discovering "D:\\trading-formation\\src\\app\\page.tsx.backup2"
2025-12-31T15:33:42.490817Z  INFO scan_sources: tailwindcss_oxide::scanner: Discovering "D:\\trading-formation\\src\\app\\page.tsx.backup_final"
2025-12-31T15:33:42.490934Z  INFO scan_sources: tailwindcss_oxide::scanner: Discovering "D:\\trading-formation\\src\\app\\page.tsx.backup_final10"
2025-12-31T15:33:42.491010Z  INFO scan_sources: tailwindcss_oxide::scanner: Discovering "D:\\trading-formation\\src\\app\\page.tsx.backup_final11"
2025-12-31T15:33:42.491077Z  INFO scan_sources: tailwindcss_oxide::scanner: Discovering "D:\\trading-formation\\src\\app\\page.tsx.backup_final12"
2025-12-31T15:33:42.491177Z  INFO scan_sources: tailwindcss_oxide::scanner: Discovering "D:\\trading-formation\\src\\app\\page.tsx.backup_final13"
2025-12-31T15:33:42.491284Z  INFO scan_sources: tailwindcss_oxide::scanner: Discovering "D:\\trading-formation\\src\\app\\page.tsx.backup_final14"
2025-12-31T15:33:42.491360Z  INFO scan_sources: tailwindcss_oxide::scanner: Discovering "D:\\trading-formation\\src\\app\\page.tsx.backup_final2"
2025-12-31T15:33:42.491428Z  INFO scan_sources: tailwindcss_oxide::scanner: Discovering "D:\\trading-formation\\src\\app\\page.tsx.backup_final3"
2025-12-31T15:33:42.491493Z  INFO scan_sources: tailwindcss_oxide::scanner: Discovering "D:\\trading-formation\\src\\app\\page.tsx.backup_final4"
2025-12-31T15:33:42.491567Z  INFO scan_sources: tailwindcss_oxide::scanner: Discovering "D:\\trading-formation\\src\\app\\page.tsx.backup_final5"
2025-12-31T15:33:42.491632Z  INFO scan_sources: tailwindcss_oxide::scanner: Discovering "D:\\trading-formation\\src\\app\\page.tsx.backup_final6"
2025-12-31T15:33:42.491696Z  INFO scan_sources: tailwindcss_oxide::scanner: Discovering "D:\\trading-formation\\src\\app\\page.tsx.backup_final7"
2025-12-31T15:33:42.491761Z  INFO scan_sources: tailwindcss_oxide::scanner: Discovering "D:\\trading-formation\\src\\app\\page.tsx.backup_final8"
2025-12-31T15:33:42.491827Z  INFO scan_sources: tailwindcss_oxide::scanner: Discovering "D:\\trading-formation\\src\\app\\page.tsx.backup_final9"
2025-12-31T15:33:42.491896Z  INFO scan_sources: tailwindcss_oxide::scanner: Discovering "D:\\trading-formation\\src\\app\\page.tsx.bak10"
2025-12-31T15:33:42.491967Z  INFO scan_sources: tailwindcss_oxide::scanner: Discovering "D:\\trading-formation\\src\\app\\page.tsx.bak11"
2025-12-31T15:33:42.492050Z  INFO scan_sources: tailwindcss_oxide::scanner: Discovering "D:\\trading-formation\\src\\app\\page.tsx.bak12"
2025-12-31T15:33:42.492113Z  INFO scan_sources: tailwindcss_oxide::scanner: Discovering "D:\\trading-formation\\src\\app\\page.tsx.bak13"
2025-12-31T15:33:42.492177Z  INFO scan_sources: tailwindcss_oxide::scanner: Discovering "D:\\trading-formation\\src\\app\\page.tsx.bak2"
2025-12-31T15:33:42.492242Z  INFO scan_sources: tailwindcss_oxide::scanner: Discovering "D:\\trading-formation\\src\\app\\page.tsx.bak3"
2025-12-31T15:33:42.492308Z  INFO scan_sources: tailwindcss_oxide::scanner: Discovering "D:\\trading-formation\\src\\app\\page.tsx.bak4"
2025-12-31T15:33:42.492384Z  INFO scan_sources: tailwindcss_oxide::scanner: Discovering "D:\\trading-formation\\src\\app\\page.tsx.bak5"
2025-12-31T15:33:42.492450Z  INFO scan_sources: tailwindcss_oxide::scanner: Discovering "D:\\trading-formation\\src\\app\\page.tsx.bak6"
2025-12-31T15:33:42.492515Z  INFO scan_sources: tailwindcss_oxide::scanner: Discovering "D:\\trading-formation\\src\\app\\page.tsx.bak7"
2025-12-31T15:33:42.492582Z  INFO scan_sources: tailwindcss_oxide::scanner: Discovering "D:\\trading-formation\\src\\app\\page.tsx.bak8"
2025-12-31T15:33:42.492673Z  INFO scan_sources: tailwindcss_oxide::scanner: Discovering "D:\\trading-formation\\src\\app\\page.tsx.bak9"
2025-12-31T15:33:42.492794Z  INFO scan_sources: tailwindcss_oxide::scanner: Discovering "D:\\trading-formation\\src\\app\\paiement"
2025-12-31T15:33:42.492973Z  INFO scan_sources: tailwindcss_oxide::scanner: Discovering "D:\\trading-formation\\src\\app\\paiement\\confirmation"
2025-12-31T15:33:42.493199Z  INFO scan_sources: tailwindcss_oxide::scanner: Discovering "D:\\trading-formation\\src\\app\\paiement\\confirmation\\page.tsx"
2025-12-31T15:33:42.493365Z  INFO scan_sources: tailwindcss_oxide::scanner: Discovering "D:\\trading-formation\\src\\app\\paiement\\layout.tsx"
2025-12-31T15:33:42.493472Z  INFO scan_sources: tailwindcss_oxide::scanner: Discovering "D:\\trading-formation\\src\\app\\paiement\\page.tsx"
2025-12-31T15:33:42.493650Z  INFO scan_sources: tailwindcss_oxide::scanner: Discovering "D:\\trading-formation\\src\\app\\paiement\\success"
2025-12-31T15:33:42.493894Z  INFO scan_sources: tailwindcss_oxide::scanner: Discovering "D:\\trading-formation\\src\\app\\paiement\\success\\page.tsx"
2025-12-31T15:33:42.494075Z  INFO scan_sources: tailwindcss_oxide::scanner: Discovering "D:\\trading-formation\\src\\app\\temp.tsx"
2025-12-31T15:33:42.494254Z  INFO scan_sources: tailwindcss_oxide::scanner: Discovering "D:\\trading-formation\\src\\app\\verification"
2025-12-31T15:33:42.494484Z  INFO scan_sources: tailwindcss_oxide::scanner: Discovering "D:\\trading-formation\\src\\app\\verification\\page.tsx"
2025-12-31T15:33:42.494766Z  INFO scan_sources: tailwindcss_oxide::scanner: Discovering "D:\\trading-formation\\src\\components"
2025-12-31T15:33:42.494999Z  INFO scan_sources: tailwindcss_oxide::scanner: Discovering "D:\\trading-formation\\src\\components\\ads"
2025-12-31T15:33:42.495147Z  INFO scan_sources: tailwindcss_oxide::scanner: Discovering "D:\\trading-formation\\src\\components\\ads\\AdBanner.tsx"
2025-12-31T15:33:42.495251Z  INFO scan_sources: tailwindcss_oxide::scanner: Discovering "D:\\trading-formation\\src\\components\\AnimatedParticles.tsx"
2025-12-31T15:33:42.495363Z  INFO scan_sources: tailwindcss_oxide::scanner: Discovering "D:\\trading-formation\\src\\components\\auth"
2025-12-31T15:33:42.495506Z  INFO scan_sources: tailwindcss_oxide::scanner: Discovering "D:\\trading-formation\\src\\components\\auth\\AuthForm.tsx"
2025-12-31T15:33:42.495597Z  INFO scan_sources: tailwindcss_oxide::scanner: Discovering "D:\\trading-formation\\src\\components\\auth\\AuthGuard.tsx"
2025-12-31T15:33:42.495668Z  INFO scan_sources: tailwindcss_oxide::scanner: Discovering "D:\\trading-formation\\src\\components\\auth\\SignOutButton.tsx"
2025-12-31T15:33:42.495789Z  INFO scan_sources: tailwindcss_oxide::scanner: Discovering "D:\\trading-formation\\src\\components\\layout"
2025-12-31T15:33:42.495926Z  INFO scan_sources: tailwindcss_oxide::scanner: Discovering "D:\\trading-formation\\src\\components\\layout\\ClientHeader.tsx"
2025-12-31T15:33:42.495997Z  INFO scan_sources: tailwindcss_oxide::scanner: Discovering "D:\\trading-formation\\src\\components\\layout\\Header.tsx"
2025-12-31T15:33:42.496091Z  INFO scan_sources: tailwindcss_oxide::scanner: Discovering "D:\\trading-formation\\src\\components\\Navbar.tsx"
2025-12-31T15:33:42.496197Z  INFO scan_sources: tailwindcss_oxide::scanner: Discovering "D:\\trading-formation\\src\\components\\paiement"
2025-12-31T15:33:42.496339Z  INFO scan_sources: tailwindcss_oxide::scanner: Discovering "D:\\trading-formation\\src\\components\\paiement\\PaiementButton.tsx"
2025-12-31T15:33:42.496463Z  INFO scan_sources: tailwindcss_oxide::scanner: Discovering "D:\\trading-formation\\src\\components\\providers"
2025-12-31T15:33:42.496599Z  INFO scan_sources: tailwindcss_oxide::scanner: Discovering "D:\\trading-formation\\src\\components\\providers\\AuthProvider.tsx"
2025-12-31T15:33:42.496701Z  INFO scan_sources: tailwindcss_oxide::scanner: Discovering "D:\\trading-formation\\src\\components\\TradingNews.tsx"
2025-12-31T15:33:42.496816Z  INFO scan_sources: tailwindcss_oxide::scanner: Discovering "D:\\trading-formation\\src\\components\\ui"
2025-12-31T15:33:42.496953Z  INFO scan_sources: tailwindcss_oxide::scanner: Discovering "D:\\trading-formation\\src\\components\\ui\\Loading.tsx"
2025-12-31T15:33:42.497095Z  INFO scan_sources: tailwindcss_oxide::scanner: Discovering "D:\\trading-formation\\src\\config"
2025-12-31T15:33:42.497233Z  INFO scan_sources: tailwindcss_oxide::scanner: Discovering "D:\\trading-formation\\src\\config\\security.ts"
2025-12-31T15:33:42.497361Z  INFO scan_sources: tailwindcss_oxide::scanner: Discovering "D:\\trading-formation\\src\\hooks"
2025-12-31T15:33:42.497488Z  INFO scan_sources: tailwindcss_oxide::scanner: Discovering "D:\\trading-formation\\src\\hooks\\useAuth.ts"
2025-12-31T15:33:42.497612Z  INFO scan_sources: tailwindcss_oxide::scanner: Discovering "D:\\trading-formation\\src\\lib"
2025-12-31T15:33:42.497753Z  INFO scan_sources: tailwindcss_oxide::scanner: Discovering "D:\\trading-formation\\src\\lib\\auth-utils.ts"
2025-12-31T15:33:42.497847Z  INFO scan_sources: tailwindcss_oxide::scanner: Discovering "D:\\trading-formation\\src\\lib\\auth.ts"
2025-12-31T15:33:42.497924Z  INFO scan_sources: tailwindcss_oxide::scanner: Discovering "D:\\trading-formation\\src\\lib\\auth.ts.new"
2025-12-31T15:33:42.498013Z  INFO scan_sources: tailwindcss_oxide::scanner: Discovering "D:\\trading-formation\\src\\lib\\db.ts"
2025-12-31T15:33:42.498089Z  INFO scan_sources: tailwindcss_oxide::scanner: Discovering "D:\\trading-formation\\src\\lib\\email.ts"
2025-12-31T15:33:42.498156Z  INFO scan_sources: tailwindcss_oxide::scanner: Discovering "D:\\trading-formation\\src\\lib\\prisma.ts"
2025-12-31T15:33:42.498229Z  INFO scan_sources: tailwindcss_oxide::scanner: Discovering "D:\\trading-formation\\src\\lib\\session.ts"
2025-12-31T15:33:42.498316Z  INFO scan_sources: tailwindcss_oxide::scanner: Discovering "D:\\trading-formation\\src\\middleware.ts"
2025-12-31T15:33:42.498417Z  INFO scan_sources: tailwindcss_oxide::scanner: Discovering "D:\\trading-formation\\src\\types"
2025-12-31T15:33:42.498552Z  INFO scan_sources: tailwindcss_oxide::scanner: Discovering "D:\\trading-formation\\src\\types\\next-auth.d.ts"
2025-12-31T15:33:42.498673Z  INFO scan_sources: tailwindcss_oxide::scanner: Discovering "D:\\trading-formation\\start-all.bat"
2025-12-31T15:33:42.498775Z  INFO scan_sources: tailwindcss_oxide::scanner: Discovering "D:\\trading-formation\\static"
2025-12-31T15:33:42.498928Z  INFO scan_sources: tailwindcss_oxide::scanner: Discovering "D:\\trading-formation\\static\\css"
2025-12-31T15:33:42.499059Z  INFO scan_sources: tailwindcss_oxide::scanner: Discovering "D:\\trading-formation\\static\\css\\style.css"
2025-12-31T15:33:42.499181Z  INFO scan_sources: tailwindcss_oxide::scanner: Discovering "D:\\trading-formation\\static\\js"
2025-12-31T15:33:42.499312Z  INFO scan_sources: tailwindcss_oxide::scanner: Discovering "D:\\trading-formation\\static\\js\\auth.js"
2025-12-31T15:33:42.499421Z  INFO scan_sources: tailwindcss_oxide::scanner: Discovering "D:\\trading-formation\\tailwind.config.js"
2025-12-31T15:33:42.499515Z  INFO scan_sources: tailwindcss_oxide::scanner: Discovering "D:\\trading-formation\\tsconfig.json"
2025-12-31T15:33:42.499583Z  INFO scan_sources: tailwindcss_oxide::scanner: Discovering "D:\\trading-formation\\update-roles.js"
2025-12-31T15:33:42.499647Z  INFO scan_sources: tailwindcss_oxide::scanner: Discovering "D:\\trading-formation\\update-to-admin.js"
2025-12-31T15:33:42.499713Z  INFO scan_sources: tailwindcss_oxide::scanner: Discovering "D:\\trading-formation\\update_env.ps1"
2025-12-31T15:33:42.500093Z  INFO scan_sources: tailwindcss_oxide::scanner: exit
2025-12-31T15:33:42.500106Z  INFO extract_candidates: tailwindcss_oxide::scanner: enter
2025-12-31T15:33:42.500113Z  INFO extract_candidates:read_all_files: tailwindcss_oxide::scanner: enter
2025-12-31T15:33:42.500118Z  INFO extract_candidates:read_all_files: tailwindcss_oxide::scanner: Reading 148 file(s)
2025-12-31T15:33:42.500561Z  INFO tailwindcss_oxide::scanner: Reading "D:\\trading-formation\\add-role-column.js"
2025-12-31T15:33:42.500566Z  INFO tailwindcss_oxide::scanner: Reading "D:\\trading-formation\\src\\app\\connexion\\erreur\\page.tsx"
2025-12-31T15:33:42.500580Z  INFO tailwindcss_oxide::scanner: Reading "D:\\trading-formation\\public\\window.svg"
2025-12-31T15:33:42.500590Z  INFO tailwindcss_oxide::scanner: Reading "D:\\trading-formation\\src\\app\\page.tsx.bak9"
2025-12-31T15:33:42.500598Z  INFO tailwindcss_oxide::scanner: Reading "D:\\trading-formation\\middleware.ts"
2025-12-31T15:33:42.500652Z  INFO tailwindcss_oxide::scanner: Reading "D:\\trading-formation\\eslint.config.mjs"
2025-12-31T15:33:42.500702Z  INFO tailwindcss_oxide::scanner: Reading "D:\\trading-formation\\app.py"
2025-12-31T15:33:42.500710Z  INFO tailwindcss_oxide::scanner: Reading "D:\\trading-formation\\next.config.js"
2025-12-31T15:33:42.500704Z  INFO tailwindcss_oxide::scanner: Reading "D:\\trading-formation\\src\\app\\page.tsx.backup_final2"
2025-12-31T15:33:42.500710Z  INFO tailwindcss_oxide::scanner: Reading "D:\\trading-formation\\README.md"
2025-12-31T15:33:42.500702Z  INFO tailwindcss_oxide::scanner: Reading "D:\\trading-formation\\src\\app\\connexion\\page.tsx"
2025-12-31T15:33:42.500755Z  INFO tailwindcss_oxide::scanner: Reading "D:\\trading-formation\\src\\app\\paiement\\confirmation\\page.tsx"
2025-12-31T15:33:42.500782Z  INFO tailwindcss_oxide::scanner: Reading "D:\\trading-formation\\src\\app\\page.tsx.bak11"
2025-12-31T15:33:42.500805Z  INFO tailwindcss_oxide::scanner: Reading "D:\\trading-formation\\src\\app\\page.tsx.backup_final6"
2025-12-31T15:33:42.500811Z  INFO tailwindcss_oxide::scanner: Reading "D:\\trading-formation\\final-setup.js"
2025-12-31T15:33:42.500848Z  INFO tailwindcss_oxide::scanner: Reading "D:\\trading-formation\\src\\app\\credits\\page.tsx"
2025-12-31T15:33:42.500857Z  INFO tailwindcss_oxide::scanner: Reading "D:\\trading-formation\\src\\app\\page.tsx.backup_final3"
2025-12-31T15:33:42.500803Z  INFO tailwindcss_oxide::scanner: Reading "D:\\trading-formation\\bot_backup_help.py"
2025-12-31T15:33:42.500860Z  INFO tailwindcss_oxide::scanner: Reading "D:\\trading-formation\\requirements.txt"
2025-12-31T15:33:42.500880Z  INFO tailwindcss_oxide::scanner: Reading "D:\\trading-formation\\bot.py"
2025-12-31T15:33:42.500862Z  INFO tailwindcss_oxide::scanner: Reading "D:\\trading-formation\\next.config.ts"
2025-12-31T15:33:42.500924Z  INFO tailwindcss_oxide::scanner: Reading "D:\\trading-formation\\src\\app\\page.tsx.bak12"
2025-12-31T15:33:42.500934Z  INFO tailwindcss_oxide::scanner: Reading "D:\\trading-formation\\src\\app\\page.tsx.backup_final7"
2025-12-31T15:33:42.500930Z  INFO tailwindcss_oxide::scanner: Reading "D:\\trading-formation\\prisma\\migrations\\20251224181028_init\\migration.sql"
2025-12-31T15:33:42.500965Z  INFO tailwindcss_oxide::scanner: Reading "D:\\trading-formation\\fix_bot.py"
2025-12-31T15:33:42.500979Z  INFO tailwindcss_oxide::scanner: Reading "D:\\trading-formation\\src\\app\\dashboard\\page.tsx"
2025-12-31T15:33:42.500991Z  INFO tailwindcss_oxide::scanner: Reading "D:\\trading-formation\\check-and-fix-db.js"
2025-12-31T15:33:42.500986Z  INFO tailwindcss_oxide::scanner: Reading "D:\\trading-formation\\reset-and-setup.js"
2025-12-31T15:33:42.501001Z  INFO tailwindcss_oxide::scanner: Reading "D:\\trading-formation\\src\\components\\ui\\Loading.tsx"
2025-12-31T15:33:42.501021Z  INFO tailwindcss_oxide::scanner: Reading "D:\\trading-formation\\package.json"
2025-12-31T15:33:42.501032Z  INFO tailwindcss_oxide::scanner: Reading "D:\\trading-formation\\bot_backup.py"
2025-12-31T15:33:42.501035Z  INFO tailwindcss_oxide::scanner: Reading "D:\\trading-formation\\src\\app\\page.tsx.bak13"
2025-12-31T15:33:42.500980Z  INFO tailwindcss_oxide::scanner: Reading "D:\\trading-formation\\src\\app\\page.tsx.backup_final4"
2025-12-31T15:33:42.501053Z  INFO tailwindcss_oxide::scanner: Reading "D:\\trading-formation\\src\\app\\page.tsx.backup_final8"
2025-12-31T15:33:42.501064Z  INFO tailwindcss_oxide::scanner: Reading "D:\\trading-formation\\src\\app\\home\\page.tsx"
2025-12-31T15:33:42.501071Z  INFO tailwindcss_oxide::scanner: Reading "D:\\trading-formation\\fix_env.py"
2025-12-31T15:33:42.501094Z  INFO tailwindcss_oxide::scanner: Reading "D:\\trading-formation\\check-structure.js"
2025-12-31T15:33:42.501044Z  INFO tailwindcss_oxide::scanner: Reading "D:\\trading-formation\\prisma\\migrations\\20251226201343_update_discord_roles\\migration.sql"
2025-12-31T15:33:42.501106Z  INFO tailwindcss_oxide::scanner: Reading "D:\\trading-formation\\src\\config\\security.ts"
2025-12-31T15:33:42.500865Z  INFO tailwindcss_oxide::scanner: Reading "D:\\trading-formation\\src\\app\\paiement\\layout.tsx"
2025-12-31T15:33:42.501124Z  INFO tailwindcss_oxide::scanner: Reading "D:\\trading-formation\\postcss.config.mjs"
2025-12-31T15:33:42.501154Z  INFO tailwindcss_oxide::scanner: Reading "D:\\trading-formation\\src\\app\\page.tsx.backup_final9"
2025-12-31T15:33:42.501167Z  INFO tailwindcss_oxide::scanner: Reading "D:\\trading-formation\\src\\app\\page.tsx.bak2"
2025-12-31T15:33:42.501173Z  INFO tailwindcss_oxide::scanner: Reading "D:\\trading-formation\\src\\app\\inscription\\page.tsx"
2025-12-31T15:33:42.501177Z  INFO tailwindcss_oxide::scanner: Reading "D:\\trading-formation\\fix_env_format.py"
2025-12-31T15:33:42.501094Z  INFO tailwindcss_oxide::scanner: Reading "D:\\trading-formation\\reset-db.js"
2025-12-31T15:33:42.501204Z  INFO tailwindcss_oxide::scanner: Reading "D:\\trading-formation\\src\\hooks\\useAuth.ts"
2025-12-31T15:33:42.501212Z  INFO tailwindcss_oxide::scanner: Reading "D:\\trading-formation\\src\\app\\paiement\\page.tsx"
2025-12-31T15:33:42.501176Z  INFO tailwindcss_oxide::scanner: Reading "D:\\trading-formation\\prisma\\migrations\\20251223013809_add_email_verification\\migration.sql"
2025-12-31T15:33:42.501206Z  INFO tailwindcss_oxide::scanner: Reading "D:\\trading-formation\\prisma\\migrations\\20251226204848_add_expires_at_to_user\\migration.sql"
2025-12-31T15:33:42.501237Z  INFO tailwindcss_oxide::scanner: Reading "D:\\trading-formation\\prisma\\config.ts"
2025-12-31T15:33:42.501261Z  INFO tailwindcss_oxide::scanner: Reading "D:\\trading-formation\\src\\app\\page.tsx.bak10"
2025-12-31T15:33:42.501279Z  INFO tailwindcss_oxide::scanner: Reading "D:\\trading-formation\\src\\app\\layout.tsx"
2025-12-31T15:33:42.501284Z  INFO tailwindcss_oxide::scanner: Reading "D:\\trading-formation\\fix_env_simple.py"
2025-12-31T15:33:42.501297Z  INFO tailwindcss_oxide::scanner: Reading "D:\\trading-formation\\src\\lib\\auth-utils.ts"
2025-12-31T15:33:42.501298Z  INFO tailwindcss_oxide::scanner: Reading "D:\\trading-formation\\create-accounts.js"
2025-12-31T15:33:42.501328Z  INFO tailwindcss_oxide::scanner: Reading "D:\\trading-formation\\src\\app\\page.tsx.bak3"
2025-12-31T15:33:42.501338Z  INFO tailwindcss_oxide::scanner: Reading "D:\\trading-formation\\prisma\\migrations\\20251223032538_update_user_model\\migration.sql"
2025-12-31T15:33:42.501299Z  INFO tailwindcss_oxide::scanner: Reading "D:\\trading-formation\\scripts\\createAdmin.ts"
2025-12-31T15:33:42.501360Z  INFO tailwindcss_oxide::scanner: Reading "D:\\trading-formation\\src\\app\\page.tsx.backup_final5"
2025-12-31T15:33:42.501349Z  INFO tailwindcss_oxide::scanner: Reading "D:\\trading-formation\\prisma\\migrations\\20251227032937_update_schema\\migration.sql"
2025-12-31T15:33:42.501382Z  INFO tailwindcss_oxide::scanner: Reading "D:\\trading-formation\\list-users.js"
2025-12-31T15:33:42.501378Z  INFO tailwindcss_oxide::scanner: Reading "D:\\trading-formation\\env.temp"
2025-12-31T15:33:42.501398Z  INFO tailwindcss_oxide::scanner: Reading "D:\\trading-formation\\src\\lib\\auth.ts"
2025-12-31T15:33:42.501405Z  INFO tailwindcss_oxide::scanner: Reading "D:\\trading-formation\\src\\app\\paiement\\success\\page.tsx"
2025-12-31T15:33:42.501415Z  INFO tailwindcss_oxide::scanner: Reading "D:\\trading-formation\\main.py"
2025-12-31T15:33:42.501448Z  INFO tailwindcss_oxide::scanner: Reading "D:\\trading-formation\\make-admin.js"
2025-12-31T15:33:42.501458Z  INFO tailwindcss_oxide::scanner: Reading "D:\\trading-formation\\prisma\\migrations\\20251224172209_add_discord_username\\migration.sql"
2025-12-31T15:33:42.501466Z  INFO tailwindcss_oxide::scanner: Reading "D:\\trading-formation\\setup-admin.js"
2025-12-31T15:33:42.501478Z  INFO tailwindcss_oxide::scanner: Reading "D:\\trading-formation\\tailwind.config.js"
2025-12-31T15:33:42.501491Z  INFO tailwindcss_oxide::scanner: Reading "D:\\trading-formation\\update-roles.js"
2025-12-31T15:33:42.501505Z  INFO tailwindcss_oxide::scanner: Reading "D:\\trading-formation\\src\\app\\temp.tsx"
2025-12-31T15:33:42.501485Z  INFO tailwindcss_oxide::scanner: Reading "D:\\trading-formation\\prisma\\migrations\\migration_lock.toml"
2025-12-31T15:33:42.501528Z  INFO tailwindcss_oxide::scanner: Reading "D:\\trading-formation\\src\\lib\\auth.ts.new"
2025-12-31T15:33:42.501515Z  INFO tailwindcss_oxide::scanner: Reading "D:\\trading-formation\\tsconfig.json"
2025-12-31T15:33:42.501558Z  INFO tailwindcss_oxide::scanner: Reading "D:\\trading-formation\\src\\lib\\db.ts"
2025-12-31T15:33:42.501558Z  INFO tailwindcss_oxide::scanner: Reading "D:\\trading-formation\\src\\app\\login\\page.tsx"
2025-12-31T15:33:42.501568Z  INFO tailwindcss_oxide::scanner: Reading "D:\\trading-formation\\show-users.js"
2025-12-31T15:33:42.501581Z  INFO tailwindcss_oxide::scanner: Reading "D:\\trading-formation\\update-to-admin.js"
2025-12-31T15:33:42.501611Z  INFO tailwindcss_oxide::scanner: Reading "D:\\trading-formation\\src\\app\\page.tsx.bak4"
2025-12-31T15:33:42.501599Z  INFO tailwindcss_oxide::scanner: Reading "D:\\trading-formation\\src\\components\\auth\\AuthForm.tsx"
2025-12-31T15:33:42.501505Z  INFO tailwindcss_oxide::scanner: Reading "D:\\trading-formation\\src\\lib\\session.ts"
2025-12-31T15:33:42.501603Z  INFO tailwindcss_oxide::scanner: Reading "D:\\trading-formation\\src\\app\\verification\\page.tsx"
2025-12-31T15:33:42.501671Z  INFO tailwindcss_oxide::scanner: Reading "D:\\trading-formation\\src\\lib\\email.ts"
2025-12-31T15:33:42.501711Z  INFO tailwindcss_oxide::scanner: Reading "D:\\trading-formation\\src\\app\\page.tsx.bak6"
2025-12-31T15:33:42.501722Z  INFO tailwindcss_oxide::scanner: Reading "D:\\trading-formation\\update_env.ps1"
2025-12-31T15:33:42.501729Z  INFO tailwindcss_oxide::scanner: Reading "D:\\trading-formation\\src\\app\\admin\\admin\\page.tsx"
2025-12-31T15:33:42.501736Z  INFO tailwindcss_oxide::scanner: Reading "D:\\trading-formation\\src\\components\\auth\\AuthGuard.tsx"
2025-12-31T15:33:42.501751Z  INFO tailwindcss_oxide::scanner: Reading "D:\\trading-formation\\src\\app\\admin\\owner\\page.tsx"
2025-12-31T15:33:42.501751Z  INFO tailwindcss_oxide::scanner: Reading "D:\\trading-formation\\src\\components\\layout\\Header.tsx"
2025-12-31T15:33:42.501763Z  INFO tailwindcss_oxide::scanner: Reading "D:\\trading-formation\\src\\app\\page.tsx.bak5"
2025-12-31T15:33:42.501822Z  INFO tailwindcss_oxide::scanner: Reading "D:\\trading-formation\\prisma\\schema.prisma"
2025-12-31T15:33:42.501835Z  INFO tailwindcss_oxide::scanner: Reading "D:\\trading-formation\\src\\types\\next-auth.d.ts"
2025-12-31T15:33:42.501833Z  INFO tailwindcss_oxide::scanner: Reading "D:\\trading-formation\\src\\app\\admin\\components\\AdminLayout.tsx"
2025-12-31T15:33:42.501807Z  INFO tailwindcss_oxide::scanner: Reading "D:\\trading-formation\\src\\components\\ads\\AdBanner.tsx"
2025-12-31T15:33:42.501793Z  INFO tailwindcss_oxide::scanner: Reading "D:\\trading-formation\\src\\app\\page.temp.tsx"
2025-12-31T15:33:42.501817Z  INFO tailwindcss_oxide::scanner: Reading "D:\\trading-formation\\src\\middleware.ts"
2025-12-31T15:33:42.501840Z  INFO tailwindcss_oxide::scanner: Reading "D:\\trading-formation\\src\\lib\\prisma.ts"
2025-12-31T15:33:42.501870Z  INFO tailwindcss_oxide::scanner: Reading "D:\\trading-formation\\src\\app\\admin\\page.tsx"
2025-12-31T15:33:42.501828Z  INFO tailwindcss_oxide::scanner: Reading "D:\\trading-formation\\src\\app\\page.tsx.bak7"
2025-12-31T15:33:42.501944Z  INFO tailwindcss_oxide::scanner: Reading "D:\\trading-formation\\start-all.bat"
2025-12-31T15:33:42.501952Z  INFO tailwindcss_oxide::scanner: Reading "D:\\trading-formation\\src\\components\\AnimatedParticles.tsx"
2025-12-31T15:33:42.501966Z  INFO tailwindcss_oxide::scanner: Reading "D:\\trading-formation\\src\\app\\admin\\components\\Customers.tsx"
2025-12-31T15:33:42.501945Z  INFO tailwindcss_oxide::scanner: Reading "D:\\trading-formation\\src\\components\\Navbar.tsx"
2025-12-31T15:33:42.501984Z  INFO tailwindcss_oxide::scanner: Reading "D:\\trading-formation\\src\\app\\page.tsx"
2025-12-31T15:33:42.501889Z  INFO tailwindcss_oxide::scanner: Reading "D:\\trading-formation\\src\\components\\auth\\SignOutButton.tsx"
2025-12-31T15:33:42.502007Z  INFO tailwindcss_oxide::scanner: Reading "D:\\trading-formation\\src\\components\\layout\\ClientHeader.tsx"
2025-12-31T15:33:42.501952Z  INFO tailwindcss_oxide::scanner: Reading "D:\\trading-formation\\public\\file.svg"
2025-12-31T15:33:42.501964Z  INFO tailwindcss_oxide::scanner: Reading "D:\\trading-formation\\public\\globe.svg"
2025-12-31T15:33:42.502013Z  INFO tailwindcss_oxide::scanner: Reading "D:\\trading-formation\\src\\app\\api\\auth\\verify-code\\route.ts"
2025-12-31T15:33:42.502060Z  INFO tailwindcss_oxide::scanner: Reading "D:\\trading-formation\\src\\app\\api\\auth\\create-account\\route.ts"
2025-12-31T15:33:42.502070Z  INFO tailwindcss_oxide::scanner: Reading "D:\\trading-formation\\src\\app\\page.tsx.bak8"
2025-12-31T15:33:42.502024Z  INFO tailwindcss_oxide::scanner: Reading "D:\\trading-formation\\src\\app\\api\\admin\\create-account\\route.ts"
2025-12-31T15:33:42.502098Z  INFO tailwindcss_oxide::scanner: Reading "D:\\trading-formation\\src\\app\\api\\auth\\check-email\\route.ts"
2025-12-31T15:33:42.502081Z  INFO tailwindcss_oxide::scanner: Reading "D:\\trading-formation\\static\\js\\auth.js"
2025-12-31T15:33:42.502101Z  INFO tailwindcss_oxide::scanner: Reading "D:\\trading-formation\\src\\app\\admin\\components\\Dashboard.tsx"
2025-12-31T15:33:42.502131Z  INFO tailwindcss_oxide::scanner: Reading "D:\\trading-formation\\src\\app\\page.tsx.backup"
2025-12-31T15:33:42.502135Z  INFO tailwindcss_oxide::scanner: Reading "D:\\trading-formation\\src\\app\\api\\auth\\verify-email\\route.ts"
2025-12-31T15:33:42.502146Z  INFO tailwindcss_oxide::scanner: Reading "D:\\trading-formation\\public\\next.svg"
2025-12-31T15:33:42.502143Z  INFO tailwindcss_oxide::scanner: Reading "D:\\trading-formation\\src\\app\\page.tsx.backup_final10"
2025-12-31T15:33:42.502083Z  INFO tailwindcss_oxide::scanner: Reading "D:\\trading-formation\\src\\components\\paiement\\PaiementButton.tsx"
2025-12-31T15:33:42.502211Z  INFO tailwindcss_oxide::scanner: Reading "D:\\trading-formation\\src\\app\\page.tsx.backup_final11"
2025-12-31T15:33:42.502140Z  INFO tailwindcss_oxide::scanner: Reading "D:\\trading-formation\\src\\components\\providers\\AuthProvider.tsx"
2025-12-31T15:33:42.502231Z  INFO tailwindcss_oxide::scanner: Reading "D:\\trading-formation\\src\\app\\admin\\components\\Invoices.tsx"
2025-12-31T15:33:42.502187Z  INFO tailwindcss_oxide::scanner: Reading "D:\\trading-formation\\public\\vercel.svg"
2025-12-31T15:33:42.502208Z  INFO tailwindcss_oxide::scanner: Reading "D:\\trading-formation\\src\\app\\page.tsx.backup_final12"
2025-12-31T15:33:42.502263Z  INFO tailwindcss_oxide::scanner: Reading "D:\\trading-formation\\src\\app\\admin\\components\\Orders.tsx"
2025-12-31T15:33:42.502186Z  INFO tailwindcss_oxide::scanner: Reading "D:\\trading-formation\\src\\app\\api\\auth\\discord\\create-account\\route.ts"
2025-12-31T15:33:42.502249Z  INFO tailwindcss_oxide::scanner: Reading "D:\\trading-formation\\src\\app\\api\\auth\\[...nextauth]\\route.ts"
2025-12-31T15:33:42.502251Z  INFO tailwindcss_oxide::scanner: Reading "D:\\trading-formation\\src\\app\\auth\\error\\page.tsx"
2025-12-31T15:33:42.502325Z  INFO tailwindcss_oxide::scanner: Reading "D:\\trading-formation\\src\\components\\TradingNews.tsx"
2025-12-31T15:33:42.502333Z  INFO tailwindcss_oxide::scanner: Reading "D:\\trading-formation\\src\\app\\admin\\dashboard\\page.tsx"
2025-12-31T15:33:42.502256Z  INFO tailwindcss_oxide::scanner: Reading "D:\\trading-formation\\src\\app\\page.tsx.backup2"
2025-12-31T15:33:42.502341Z  INFO tailwindcss_oxide::scanner: Reading "D:\\trading-formation\\src\\app\\components\\AnnouncementCarousel.tsx"
2025-12-31T15:33:42.502333Z  INFO tailwindcss_oxide::scanner: Reading "D:\\trading-formation\\src\\app\\page.tsx.backup_final14"
2025-12-31T15:33:42.502359Z  INFO tailwindcss_oxide::scanner: Reading "D:\\trading-formation\\src\\app\\page.tsx.backup_final"
2025-12-31T15:33:42.502394Z  INFO tailwindcss_oxide::scanner: Reading "D:\\trading-formation\\src\\app\\client\\page.fixed.tsx"
2025-12-31T15:33:42.502404Z  INFO tailwindcss_oxide::scanner: Reading "D:\\trading-formation\\src\\app\\api\\discord\\register\\route.ts"
2025-12-31T15:33:42.502364Z  INFO tailwindcss_oxide::scanner: Reading "D:\\trading-formation\\src\\app\\page.tsx.backup_final13"
2025-12-31T15:33:42.502372Z  INFO tailwindcss_oxide::scanner: Reading "D:\\trading-formation\\src\\app\\api\\auth\\login\\route.ts"
2025-12-31T15:33:42.502382Z  INFO tailwindcss_oxide::scanner: Reading "D:\\trading-formation\\src\\app\\admin\\components\\Products.tsx"
2025-12-31T15:33:42.502414Z  INFO tailwindcss_oxide::scanner: Reading "D:\\trading-formation\\src\\app\\admin\\layout.tsx"
2025-12-31T15:33:42.502435Z  INFO tailwindcss_oxide::scanner: Reading "D:\\trading-formation\\src\\app\\components\\LoadingScreen.tsx"
2025-12-31T15:33:42.502482Z  INFO tailwindcss_oxide::scanner: Reading "D:\\trading-formation\\src\\app\\api\\auth\\register\\route.ts"
2025-12-31T15:33:42.502480Z  INFO tailwindcss_oxide::scanner: Reading "D:\\trading-formation\\src\\app\\components\\PromoModal.tsx"
2025-12-31T15:33:42.502455Z  INFO tailwindcss_oxide::scanner: Reading "D:\\trading-formation\\src\\app\\admin\\moderator\\page.tsx"
2025-12-31T15:33:42.502508Z  INFO tailwindcss_oxide::scanner: Reading "D:\\trading-formation\\src\\app\\api\\register\\route.ts"
2025-12-31T15:33:42.502495Z  INFO tailwindcss_oxide::scanner: Reading "D:\\trading-formation\\src\\app\\api\\auth\\resend-verification\\route.ts"
2025-12-31T15:33:42.502585Z  INFO extract_candidates:read_all_files: tailwindcss_oxide::scanner: exit
2025-12-31T15:33:42.502598Z  INFO extract_candidates:parse_all_blobs: tailwindcss_oxide::scanner: enter
2025-12-31T15:33:42.502605Z  INFO extract_candidates:parse_all_blobs:extract: tailwindcss_oxide::scanner: enter
2025-12-31T15:33:42.507908Z  INFO extract_candidates:parse_all_blobs:extract: tailwindcss_oxide::scanner: exit
2025-12-31T15:33:42.508189Z  INFO extract_candidates:parse_all_blobs: tailwindcss_oxide::scanner: exit
2025-12-31T15:33:42.508215Z  INFO extract_candidates:read_all_files: tailwindcss_oxide::scanner: enter
2025-12-31T15:33:42.508225Z  INFO extract_candidates:read_all_files: tailwindcss_oxide::scanner: Reading 2 file(s)
2025-12-31T15:33:42.508470Z  INFO tailwindcss_oxide::scanner: Reading "D:\\trading-formation\\src\\app\\globals.css"
2025-12-31T15:33:42.508470Z  INFO tailwindcss_oxide::scanner: Reading "D:\\trading-formation\\static\\css\\style.css"
2025-12-31T15:33:42.508530Z  INFO extract_candidates:read_all_files: tailwindcss_oxide::scanner: exit
2025-12-31T15:33:42.508546Z  INFO extract_candidates:extract_css_variables: tailwindcss_oxide::scanner: enter
2025-12-31T15:33:42.508551Z  INFO extract_candidates:extract_css_variables:extract: tailwindcss_oxide::scanner: enter
2025-12-31T15:33:42.508700Z  INFO extract_candidates:extract_css_variables:extract: tailwindcss_oxide::scanner: exit
2025-12-31T15:33:42.508716Z  INFO extract_candidates:extract_css_variables: tailwindcss_oxide::scanner: exit
2025-12-31T15:33:42.509664Z  INFO extract_candidates: tailwindcss_oxide::scanner: exit
2025-12-31T15:33:42.510556Z  INFO get_files: tailwindcss_oxide::scanner: enter
2025-12-31T15:33:42.510567Z  INFO get_files:scan_sources: tailwindcss_oxide::scanner: enter
2025-12-31T15:33:42.512212Z  INFO get_files:scan_sources: tailwindcss_oxide::scanner: Discovering "D:\\trading-formation\\instance"
2025-12-31T15:33:42.512980Z  INFO get_files:scan_sources: tailwindcss_oxide::scanner: Discovering "D:\\trading-formation\\prisma"
2025-12-31T15:33:42.513287Z  INFO get_files:scan_sources: tailwindcss_oxide::scanner: Discovering "D:\\trading-formation\\prisma\\migrations"
2025-12-31T15:33:42.513523Z  INFO get_files:scan_sources: tailwindcss_oxide::scanner: Discovering "D:\\trading-formation\\prisma\\migrations\\20251223013809_add_email_verification"
2025-12-31T15:33:42.513934Z  INFO get_files:scan_sources: tailwindcss_oxide::scanner: Discovering "D:\\trading-formation\\prisma\\migrations\\20251223032538_update_user_model"
2025-12-31T15:33:42.514209Z  INFO get_files:scan_sources: tailwindcss_oxide::scanner: Discovering "D:\\trading-formation\\prisma\\migrations\\20251224172209_add_discord_username"
2025-12-31T15:33:42.514437Z  INFO get_files:scan_sources: tailwindcss_oxide::scanner: Discovering "D:\\trading-formation\\prisma\\migrations\\20251224181028_init"
2025-12-31T15:33:42.514655Z  INFO get_files:scan_sources: tailwindcss_oxide::scanner: Discovering "D:\\trading-formation\\prisma\\migrations\\20251226201343_update_discord_roles"
2025-12-31T15:33:42.514881Z  INFO get_files:scan_sources: tailwindcss_oxide::scanner: Discovering "D:\\trading-formation\\prisma\\migrations\\20251226204848_add_expires_at_to_user"
2025-12-31T15:33:42.515100Z  INFO get_files:scan_sources: tailwindcss_oxide::scanner: Discovering "D:\\trading-formation\\prisma\\migrations\\20251227032937_update_schema"
2025-12-31T15:33:42.515472Z  INFO get_files:scan_sources: tailwindcss_oxide::scanner: Discovering "D:\\trading-formation\\public"
2025-12-31T15:33:42.515714Z  INFO get_files:scan_sources: tailwindcss_oxide::scanner: Discovering "D:\\trading-formation\\public\\images"
2025-12-31T15:33:42.516177Z  INFO get_files:scan_sources: tailwindcss_oxide::scanner: Discovering "D:\\trading-formation\\scripts"
2025-12-31T15:33:42.516456Z  INFO get_files:scan_sources: tailwindcss_oxide::scanner: Discovering "D:\\trading-formation\\src"
2025-12-31T15:33:42.516627Z  INFO get_files:scan_sources: tailwindcss_oxide::scanner: Discovering "D:\\trading-formation\\src\\app"
2025-12-31T15:33:42.516805Z  INFO get_files:scan_sources: tailwindcss_oxide::scanner: Discovering "D:\\trading-formation\\src\\app\\admin"
2025-12-31T15:33:42.517008Z  INFO get_files:scan_sources: tailwindcss_oxide::scanner: Discovering "D:\\trading-formation\\src\\app\\admin\\admin"
2025-12-31T15:33:42.517231Z  INFO get_files:scan_sources: tailwindcss_oxide::scanner: Discovering "D:\\trading-formation\\src\\app\\admin\\components"
2025-12-31T15:33:42.517616Z  INFO get_files:scan_sources: tailwindcss_oxide::scanner: Discovering "D:\\trading-formation\\src\\app\\admin\\dashboard"
2025-12-31T15:33:42.517864Z  INFO get_files:scan_sources: tailwindcss_oxide::scanner: Discovering "D:\\trading-formation\\src\\app\\admin\\moderator"
2025-12-31T15:33:42.518074Z  INFO get_files:scan_sources: tailwindcss_oxide::scanner: Discovering "D:\\trading-formation\\src\\app\\admin\\owner"
2025-12-31T15:33:42.518342Z  INFO get_files:scan_sources: tailwindcss_oxide::scanner: Discovering "D:\\trading-formation\\src\\app\\api"
2025-12-31T15:33:42.518500Z  INFO get_files:scan_sources: tailwindcss_oxide::scanner: Discovering "D:\\trading-formation\\src\\app\\api\\admin"
2025-12-31T15:33:42.518656Z  INFO get_files:scan_sources: tailwindcss_oxide::scanner: Discovering "D:\\trading-formation\\src\\app\\api\\admin\\create-account"
2025-12-31T15:33:42.518888Z  INFO get_files:scan_sources: tailwindcss_oxide::scanner: Discovering "D:\\trading-formation\\src\\app\\api\\auth"
2025-12-31T15:33:42.519049Z  INFO get_files:scan_sources: tailwindcss_oxide::scanner: Discovering "D:\\trading-formation\\src\\app\\api\\auth\\check-email"
2025-12-31T15:33:42.519296Z  INFO get_files:scan_sources: tailwindcss_oxide::scanner: Discovering "D:\\trading-formation\\src\\app\\api\\auth\\create-account"
2025-12-31T15:33:42.519512Z  INFO get_files:scan_sources: tailwindcss_oxide::scanner: Discovering "D:\\trading-formation\\src\\app\\api\\auth\\discord"
2025-12-31T15:33:42.519669Z  INFO get_files:scan_sources: tailwindcss_oxide::scanner: Discovering "D:\\trading-formation\\src\\app\\api\\auth\\discord\\create-account"
2025-12-31T15:33:42.519899Z  INFO get_files:scan_sources: tailwindcss_oxide::scanner: Discovering "D:\\trading-formation\\src\\app\\api\\auth\\login"
2025-12-31T15:33:42.520108Z  INFO get_files:scan_sources: tailwindcss_oxide::scanner: Discovering "D:\\trading-formation\\src\\app\\api\\auth\\register"
2025-12-31T15:33:42.520340Z  INFO get_files:scan_sources: tailwindcss_oxide::scanner: Discovering "D:\\trading-formation\\src\\app\\api\\auth\\resend-verification"
2025-12-31T15:33:42.520551Z  INFO get_files:scan_sources: tailwindcss_oxide::scanner: Discovering "D:\\trading-formation\\src\\app\\api\\auth\\verify-code"
2025-12-31T15:33:42.520764Z  INFO get_files:scan_sources: tailwindcss_oxide::scanner: Discovering "D:\\trading-formation\\src\\app\\api\\auth\\verify-email"
2025-12-31T15:33:42.520977Z  INFO get_files:scan_sources: tailwindcss_oxide::scanner: Discovering "D:\\trading-formation\\src\\app\\api\\auth\\[...nextauth]"
2025-12-31T15:33:42.521208Z  INFO get_files:scan_sources: tailwindcss_oxide::scanner: Discovering "D:\\trading-formation\\src\\app\\api\\discord"
2025-12-31T15:33:42.521364Z  INFO get_files:scan_sources: tailwindcss_oxide::scanner: Discovering "D:\\trading-formation\\src\\app\\api\\discord\\register"
2025-12-31T15:33:42.521594Z  INFO get_files:scan_sources: tailwindcss_oxide::scanner: Discovering "D:\\trading-formation\\src\\app\\api\\register"
2025-12-31T15:33:42.521831Z  INFO get_files:scan_sources: tailwindcss_oxide::scanner: Discovering "D:\\trading-formation\\src\\app\\auth"
2025-12-31T15:33:42.522090Z  INFO get_files:scan_sources: tailwindcss_oxide::scanner: Discovering "D:\\trading-formation\\src\\app\\auth\\error"
2025-12-31T15:33:42.522357Z  INFO get_files:scan_sources: tailwindcss_oxide::scanner: Discovering "D:\\trading-formation\\src\\app\\client"
2025-12-31T15:33:42.522625Z  INFO get_files:scan_sources: tailwindcss_oxide::scanner: Discovering "D:\\trading-formation\\src\\app\\components"
2025-12-31T15:33:42.522949Z  INFO get_files:scan_sources: tailwindcss_oxide::scanner: Discovering "D:\\trading-formation\\src\\app\\connexion"
2025-12-31T15:33:42.523118Z  INFO get_files:scan_sources: tailwindcss_oxide::scanner: Discovering "D:\\trading-formation\\src\\app\\connexion\\erreur"
2025-12-31T15:33:42.523403Z  INFO get_files:scan_sources: tailwindcss_oxide::scanner: Discovering "D:\\trading-formation\\src\\app\\credits"
2025-12-31T15:33:42.523635Z  INFO get_files:scan_sources: tailwindcss_oxide::scanner: Discovering "D:\\trading-formation\\src\\app\\dashboard"
2025-12-31T15:33:42.523916Z  INFO get_files:scan_sources: tailwindcss_oxide::scanner: Discovering "D:\\trading-formation\\src\\app\\home"
2025-12-31T15:33:42.524140Z  INFO get_files:scan_sources: tailwindcss_oxide::scanner: Discovering "D:\\trading-formation\\src\\app\\inscription"
2025-12-31T15:33:42.524393Z  INFO get_files:scan_sources: tailwindcss_oxide::scanner: Discovering "D:\\trading-formation\\src\\app\\login"
2025-12-31T15:33:42.525587Z  INFO get_files:scan_sources: tailwindcss_oxide::scanner: Discovering "D:\\trading-formation\\src\\app\\paiement"
2025-12-31T15:33:42.525751Z  INFO get_files:scan_sources: tailwindcss_oxide::scanner: Discovering "D:\\trading-formation\\src\\app\\paiement\\confirmation"
2025-12-31T15:33:42.526033Z  INFO get_files:scan_sources: tailwindcss_oxide::scanner: Discovering "D:\\trading-formation\\src\\app\\paiement\\success"
2025-12-31T15:33:42.526305Z  INFO get_files:scan_sources: tailwindcss_oxide::scanner: Discovering "D:\\trading-formation\\src\\app\\verification"
2025-12-31T15:33:42.526536Z  INFO get_files:scan_sources: tailwindcss_oxide::scanner: Discovering "D:\\trading-formation\\src\\components"
2025-12-31T15:33:42.526696Z  INFO get_files:scan_sources: tailwindcss_oxide::scanner: Discovering "D:\\trading-formation\\src\\components\\ads"
2025-12-31T15:33:42.526939Z  INFO get_files:scan_sources: tailwindcss_oxide::scanner: Discovering "D:\\trading-formation\\src\\components\\auth"
2025-12-31T15:33:42.527301Z  INFO get_files:scan_sources: tailwindcss_oxide::scanner: Discovering "D:\\trading-formation\\src\\components\\layout"
2025-12-31T15:33:42.527605Z  INFO get_files:scan_sources: tailwindcss_oxide::scanner: Discovering "D:\\trading-formation\\src\\components\\paiement"
2025-12-31T15:33:42.527825Z  INFO get_files:scan_sources: tailwindcss_oxide::scanner: Discovering "D:\\trading-formation\\src\\components\\providers"
2025-12-31T15:33:42.528076Z  INFO get_files:scan_sources: tailwindcss_oxide::scanner: Discovering "D:\\trading-formation\\src\\components\\ui"
2025-12-31T15:33:42.528307Z  INFO get_files:scan_sources: tailwindcss_oxide::scanner: Discovering "D:\\trading-formation\\src\\config"
2025-12-31T15:33:42.528518Z  INFO get_files:scan_sources: tailwindcss_oxide::scanner: Discovering "D:\\trading-formation\\src\\hooks"
2025-12-31T15:33:42.528738Z  INFO get_files:scan_sources: tailwindcss_oxide::scanner: Discovering "D:\\trading-formation\\src\\lib"
2025-12-31T15:33:42.529185Z  INFO get_files:scan_sources: tailwindcss_oxide::scanner: Discovering "D:\\trading-formation\\src\\types"
2025-12-31T15:33:42.529479Z  INFO get_files:scan_sources: tailwindcss_oxide::scanner: Discovering "D:\\trading-formation\\static"
2025-12-31T15:33:42.529632Z  INFO get_files:scan_sources: tailwindcss_oxide::scanner: Discovering "D:\\trading-formation\\static\\css"
2025-12-31T15:33:42.529842Z  INFO get_files:scan_sources: tailwindcss_oxide::scanner: Discovering "D:\\trading-formation\\static\\js"
2025-12-31T15:33:42.530640Z  INFO get_files:scan_sources: tailwindcss_oxide::scanner: exit
2025-12-31T15:33:42.530743Z  INFO get_files: tailwindcss_oxide::scanner: exit
2025-12-31T15:33:42.531431Z  INFO get_globs: tailwindcss_oxide::scanner: enter
2025-12-31T15:33:42.531440Z  INFO get_globs:scan_sources: tailwindcss_oxide::scanner: enter
2025-12-31T15:33:42.533116Z  INFO get_globs:scan_sources: tailwindcss_oxide::scanner: Discovering "D:\\trading-formation\\instance"
2025-12-31T15:33:42.533978Z  INFO get_globs:scan_sources: tailwindcss_oxide::scanner: Discovering "D:\\trading-formation\\prisma"
2025-12-31T15:33:42.534210Z  INFO get_globs:scan_sources: tailwindcss_oxide::scanner: Discovering "D:\\trading-formation\\prisma\\migrations"
2025-12-31T15:33:42.534451Z  INFO get_globs:scan_sources: tailwindcss_oxide::scanner: Discovering "D:\\trading-formation\\prisma\\migrations\\20251223013809_add_email_verification"
2025-12-31T15:33:42.534695Z  INFO get_globs:scan_sources: tailwindcss_oxide::scanner: Discovering "D:\\trading-formation\\prisma\\migrations\\20251223032538_update_user_model"
2025-12-31T15:33:42.534927Z  INFO get_globs:scan_sources: tailwindcss_oxide::scanner: Discovering "D:\\trading-formation\\prisma\\migrations\\20251224172209_add_discord_username"
2025-12-31T15:33:42.535154Z  INFO get_globs:scan_sources: tailwindcss_oxide::scanner: Discovering "D:\\trading-formation\\prisma\\migrations\\20251224181028_init"
2025-12-31T15:33:42.535402Z  INFO get_globs:scan_sources: tailwindcss_oxide::scanner: Discovering "D:\\trading-formation\\prisma\\migrations\\20251226201343_update_discord_roles"
2025-12-31T15:33:42.535642Z  INFO get_globs:scan_sources: tailwindcss_oxide::scanner: Discovering "D:\\trading-formation\\prisma\\migrations\\20251226204848_add_expires_at_to_user"
2025-12-31T15:33:42.535864Z  INFO get_globs:scan_sources: tailwindcss_oxide::scanner: Discovering "D:\\trading-formation\\prisma\\migrations\\20251227032937_update_schema"
2025-12-31T15:33:42.536210Z  INFO get_globs:scan_sources: tailwindcss_oxide::scanner: Discovering "D:\\trading-formation\\public"
2025-12-31T15:33:42.536453Z  INFO get_globs:scan_sources: tailwindcss_oxide::scanner: Discovering "D:\\trading-formation\\public\\images"
2025-12-31T15:33:42.536929Z  INFO get_globs:scan_sources: tailwindcss_oxide::scanner: Discovering "D:\\trading-formation\\scripts"
2025-12-31T15:33:42.537354Z  INFO get_globs:scan_sources: tailwindcss_oxide::scanner: Discovering "D:\\trading-formation\\src"
2025-12-31T15:33:42.537566Z  INFO get_globs:scan_sources: tailwindcss_oxide::scanner: Discovering "D:\\trading-formation\\src\\app"
2025-12-31T15:33:42.537760Z  INFO get_globs:scan_sources: tailwindcss_oxide::scanner: Discovering "D:\\trading-formation\\src\\app\\admin"
2025-12-31T15:33:42.537952Z  INFO get_globs:scan_sources: tailwindcss_oxide::scanner: Discovering "D:\\trading-formation\\src\\app\\admin\\admin"
2025-12-31T15:33:42.538245Z  INFO get_globs:scan_sources: tailwindcss_oxide::scanner: Discovering "D:\\trading-formation\\src\\app\\admin\\components"
2025-12-31T15:33:42.538644Z  INFO get_globs:scan_sources: tailwindcss_oxide::scanner: Discovering "D:\\trading-formation\\src\\app\\admin\\dashboard"
2025-12-31T15:33:42.538900Z  INFO get_globs:scan_sources: tailwindcss_oxide::scanner: Discovering "D:\\trading-formation\\src\\app\\admin\\moderator"
2025-12-31T15:33:42.539123Z  INFO get_globs:scan_sources: tailwindcss_oxide::scanner: Discovering "D:\\trading-formation\\src\\app\\admin\\owner"
2025-12-31T15:33:42.539393Z  INFO get_globs:scan_sources: tailwindcss_oxide::scanner: Discovering "D:\\trading-formation\\src\\app\\api"
2025-12-31T15:33:42.539555Z  INFO get_globs:scan_sources: tailwindcss_oxide::scanner: Discovering "D:\\trading-formation\\src\\app\\api\\admin"
2025-12-31T15:33:42.539715Z  INFO get_globs:scan_sources: tailwindcss_oxide::scanner: Discovering "D:\\trading-formation\\src\\app\\api\\admin\\create-account"
2025-12-31T15:33:42.539950Z  INFO get_globs:scan_sources: tailwindcss_oxide::scanner: Discovering "D:\\trading-formation\\src\\app\\api\\auth"
2025-12-31T15:33:42.540182Z  INFO get_globs:scan_sources: tailwindcss_oxide::scanner: Discovering "D:\\trading-formation\\src\\app\\api\\auth\\check-email"
2025-12-31T15:33:42.540410Z  INFO get_globs:scan_sources: tailwindcss_oxide::scanner: Discovering "D:\\trading-formation\\src\\app\\api\\auth\\create-account"
2025-12-31T15:33:42.540628Z  INFO get_globs:scan_sources: tailwindcss_oxide::scanner: Discovering "D:\\trading-formation\\src\\app\\api\\auth\\discord"
2025-12-31T15:33:42.540787Z  INFO get_globs:scan_sources: tailwindcss_oxide::scanner: Discovering "D:\\trading-formation\\src\\app\\api\\auth\\discord\\create-account"
2025-12-31T15:33:42.541024Z  INFO get_globs:scan_sources: tailwindcss_oxide::scanner: Discovering "D:\\trading-formation\\src\\app\\api\\auth\\login"
2025-12-31T15:33:42.541249Z  INFO get_globs:scan_sources: tailwindcss_oxide::scanner: Discovering "D:\\trading-formation\\src\\app\\api\\auth\\register"
2025-12-31T15:33:42.541461Z  INFO get_globs:scan_sources: tailwindcss_oxide::scanner: Discovering "D:\\trading-formation\\src\\app\\api\\auth\\resend-verification"
2025-12-31T15:33:42.541671Z  INFO get_globs:scan_sources: tailwindcss_oxide::scanner: Discovering "D:\\trading-formation\\src\\app\\api\\auth\\verify-code"
2025-12-31T15:33:42.541881Z  INFO get_globs:scan_sources: tailwindcss_oxide::scanner: Discovering "D:\\trading-formation\\src\\app\\api\\auth\\verify-email"
2025-12-31T15:33:42.542107Z  INFO get_globs:scan_sources: tailwindcss_oxide::scanner: Discovering "D:\\trading-formation\\src\\app\\api\\auth\\[...nextauth]"
2025-12-31T15:33:42.542349Z  INFO get_globs:scan_sources: tailwindcss_oxide::scanner: Discovering "D:\\trading-formation\\src\\app\\api\\discord"
2025-12-31T15:33:42.542511Z  INFO get_globs:scan_sources: tailwindcss_oxide::scanner: Discovering "D:\\trading-formation\\src\\app\\api\\discord\\register"
2025-12-31T15:33:42.542752Z  INFO get_globs:scan_sources: tailwindcss_oxide::scanner: Discovering "D:\\trading-formation\\src\\app\\api\\register"
2025-12-31T15:33:42.543157Z  INFO get_globs:scan_sources: tailwindcss_oxide::scanner: Discovering "D:\\trading-formation\\src\\app\\auth"
2025-12-31T15:33:42.543365Z  INFO get_globs:scan_sources: tailwindcss_oxide::scanner: Discovering "D:\\trading-formation\\src\\app\\auth\\error"
2025-12-31T15:33:42.543634Z  INFO get_globs:scan_sources: tailwindcss_oxide::scanner: Discovering "D:\\trading-formation\\src\\app\\client"
2025-12-31T15:33:42.543928Z  INFO get_globs:scan_sources: tailwindcss_oxide::scanner: Discovering "D:\\trading-formation\\src\\app\\components"
2025-12-31T15:33:42.544263Z  INFO get_globs:scan_sources: tailwindcss_oxide::scanner: Discovering "D:\\trading-formation\\src\\app\\connexion"
2025-12-31T15:33:42.544485Z  INFO get_globs:scan_sources: tailwindcss_oxide::scanner: Discovering "D:\\trading-formation\\src\\app\\connexion\\erreur"
2025-12-31T15:33:42.544768Z  INFO get_globs:scan_sources: tailwindcss_oxide::scanner: Discovering "D:\\trading-formation\\src\\app\\credits"
2025-12-31T15:33:42.544982Z  INFO get_globs:scan_sources: tailwindcss_oxide::scanner: Discovering "D:\\trading-formation\\src\\app\\dashboard"
2025-12-31T15:33:42.545242Z  INFO get_globs:scan_sources: tailwindcss_oxide::scanner: Discovering "D:\\trading-formation\\src\\app\\home"
2025-12-31T15:33:42.545484Z  INFO get_globs:scan_sources: tailwindcss_oxide::scanner: Discovering "D:\\trading-formation\\src\\app\\inscription"
2025-12-31T15:33:42.545735Z  INFO get_globs:scan_sources: tailwindcss_oxide::scanner: Discovering "D:\\trading-formation\\src\\app\\login"
2025-12-31T15:33:42.546932Z  INFO get_globs:scan_sources: tailwindcss_oxide::scanner: Discovering "D:\\trading-formation\\src\\app\\paiement"
2025-12-31T15:33:42.547092Z  INFO get_globs:scan_sources: tailwindcss_oxide::scanner: Discovering "D:\\trading-formation\\src\\app\\paiement\\confirmation"
2025-12-31T15:33:42.547373Z  INFO get_globs:scan_sources: tailwindcss_oxide::scanner: Discovering "D:\\trading-formation\\src\\app\\paiement\\success"
2025-12-31T15:33:42.547646Z  INFO get_globs:scan_sources: tailwindcss_oxide::scanner: Discovering "D:\\trading-formation\\src\\app\\verification"
2025-12-31T15:33:42.547885Z  INFO get_globs:scan_sources: tailwindcss_oxide::scanner: Discovering "D:\\trading-formation\\src\\components"
2025-12-31T15:33:42.548049Z  INFO get_globs:scan_sources: tailwindcss_oxide::scanner: Discovering "D:\\trading-formation\\src\\components\\ads"
2025-12-31T15:33:42.548304Z  INFO get_globs:scan_sources: tailwindcss_oxide::scanner: Discovering "D:\\trading-formation\\src\\components\\auth"
2025-12-31T15:33:42.548588Z  INFO get_globs:scan_sources: tailwindcss_oxide::scanner: Discovering "D:\\trading-formation\\src\\components\\layout"
2025-12-31T15:33:42.548866Z  INFO get_globs:scan_sources: tailwindcss_oxide::scanner: Discovering "D:\\trading-formation\\src\\components\\paiement"
2025-12-31T15:33:42.549096Z  INFO get_globs:scan_sources: tailwindcss_oxide::scanner: Discovering "D:\\trading-formation\\src\\components\\providers"
2025-12-31T15:33:42.549340Z  INFO get_globs:scan_sources: tailwindcss_oxide::scanner: Discovering "D:\\trading-formation\\src\\components\\ui"
2025-12-31T15:33:42.549568Z  INFO get_globs:scan_sources: tailwindcss_oxide::scanner: Discovering "D:\\trading-formation\\src\\config"
2025-12-31T15:33:42.549776Z  INFO get_globs:scan_sources: tailwindcss_oxide::scanner: Discovering "D:\\trading-formation\\src\\hooks"
2025-12-31T15:33:42.549987Z  INFO get_globs:scan_sources: tailwindcss_oxide::scanner: Discovering "D:\\trading-formation\\src\\lib"
2025-12-31T15:33:42.550434Z  INFO get_globs:scan_sources: tailwindcss_oxide::scanner: Discovering "D:\\trading-formation\\src\\types"
2025-12-31T15:33:42.550708Z  INFO get_globs:scan_sources: tailwindcss_oxide::scanner: Discovering "D:\\trading-formation\\static"
2025-12-31T15:33:42.550878Z  INFO get_globs:scan_sources: tailwindcss_oxide::scanner: Discovering "D:\\trading-formation\\static\\css"
2025-12-31T15:33:42.551087Z  INFO get_globs:scan_sources: tailwindcss_oxide::scanner: Discovering "D:\\trading-formation\\static\\js"
2025-12-31T15:33:42.551750Z  INFO get_globs:scan_sources: tailwindcss_oxide::scanner: exit
2025-12-31T15:33:42.566759Z  INFO get_globs: tailwindcss_oxide::scanner: exit
2025-12-31T15:33:55.324744Z  INFO scan_sources: tailwindcss_oxide::scanner: enter
2025-12-31T15:33:55.327155Z  INFO scan_sources: tailwindcss_oxide::scanner: Discovering "D:\\trading-formation\\instance"
2025-12-31T15:33:55.328150Z  INFO scan_sources: tailwindcss_oxide::scanner: Discovering "D:\\trading-formation\\prisma"
2025-12-31T15:33:55.328507Z  INFO scan_sources: tailwindcss_oxide::scanner: Discovering "D:\\trading-formation\\prisma\\migrations"
2025-12-31T15:33:55.328841Z  INFO scan_sources: tailwindcss_oxide::scanner: Discovering "D:\\trading-formation\\prisma\\migrations\\20251223013809_add_email_verification"
2025-12-31T15:33:55.329260Z  INFO scan_sources: tailwindcss_oxide::scanner: Discovering "D:\\trading-formation\\prisma\\migrations\\20251223032538_update_user_model"
2025-12-31T15:33:55.329630Z  INFO scan_sources: tailwindcss_oxide::scanner: Discovering "D:\\trading-formation\\prisma\\migrations\\20251224172209_add_discord_username"
2025-12-31T15:33:55.329976Z  INFO scan_sources: tailwindcss_oxide::scanner: Discovering "D:\\trading-formation\\prisma\\migrations\\20251224181028_init"
2025-12-31T15:33:55.330355Z  INFO scan_sources: tailwindcss_oxide::scanner: Discovering "D:\\trading-formation\\prisma\\migrations\\20251226201343_update_discord_roles"
2025-12-31T15:33:55.330715Z  INFO scan_sources: tailwindcss_oxide::scanner: Discovering "D:\\trading-formation\\prisma\\migrations\\20251226204848_add_expires_at_to_user"
2025-12-31T15:33:55.331081Z  INFO scan_sources: tailwindcss_oxide::scanner: Discovering "D:\\trading-formation\\prisma\\migrations\\20251227032937_update_schema"
2025-12-31T15:33:55.331602Z  INFO scan_sources: tailwindcss_oxide::scanner: Discovering "D:\\trading-formation\\public"
2025-12-31T15:33:55.331987Z  INFO scan_sources: tailwindcss_oxide::scanner: Discovering "D:\\trading-formation\\public\\images"
2025-12-31T15:33:55.332784Z  INFO scan_sources: tailwindcss_oxide::scanner: Discovering "D:\\trading-formation\\scripts"
2025-12-31T15:33:55.333286Z  INFO scan_sources: tailwindcss_oxide::scanner: Discovering "D:\\trading-formation\\src"
2025-12-31T15:33:55.333578Z  INFO scan_sources: tailwindcss_oxide::scanner: Discovering "D:\\trading-formation\\src\\app"
2025-12-31T15:33:55.333885Z  INFO scan_sources: tailwindcss_oxide::scanner: Discovering "D:\\trading-formation\\src\\app\\admin"
2025-12-31T15:33:55.334149Z  INFO scan_sources: tailwindcss_oxide::scanner: Discovering "D:\\trading-formation\\src\\app\\admin\\admin"
2025-12-31T15:33:55.334553Z  INFO scan_sources: tailwindcss_oxide::scanner: Discovering "D:\\trading-formation\\src\\app\\admin\\components"
2025-12-31T15:33:55.335224Z  INFO scan_sources: tailwindcss_oxide::scanner: Discovering "D:\\trading-formation\\src\\app\\admin\\dashboard"
2025-12-31T15:33:55.335661Z  INFO scan_sources: tailwindcss_oxide::scanner: Discovering "D:\\trading-formation\\src\\app\\admin\\moderator"
2025-12-31T15:33:55.336069Z  INFO scan_sources: tailwindcss_oxide::scanner: Discovering "D:\\trading-formation\\src\\app\\admin\\owner"
2025-12-31T15:33:55.336537Z  INFO scan_sources: tailwindcss_oxide::scanner: Discovering "D:\\trading-formation\\src\\app\\api"
2025-12-31T15:33:55.336814Z  INFO scan_sources: tailwindcss_oxide::scanner: Discovering "D:\\trading-formation\\src\\app\\api\\admin"
2025-12-31T15:33:55.337112Z  INFO scan_sources: tailwindcss_oxide::scanner: Discovering "D:\\trading-formation\\src\\app\\api\\admin\\create-account"
2025-12-31T15:33:55.337467Z  INFO scan_sources: tailwindcss_oxide::scanner: Discovering "D:\\trading-formation\\src\\app\\api\\auth"
2025-12-31T15:33:55.337720Z  INFO scan_sources: tailwindcss_oxide::scanner: Discovering "D:\\trading-formation\\src\\app\\api\\auth\\check-email"
2025-12-31T15:33:55.338053Z  INFO scan_sources: tailwindcss_oxide::scanner: Discovering "D:\\trading-formation\\src\\app\\api\\auth\\create-account"
2025-12-31T15:33:55.338378Z  INFO scan_sources: tailwindcss_oxide::scanner: Discovering "D:\\trading-formation\\src\\app\\api\\auth\\discord"
2025-12-31T15:33:55.338629Z  INFO scan_sources: tailwindcss_oxide::scanner: Discovering "D:\\trading-formation\\src\\app\\api\\auth\\discord\\create-account"
2025-12-31T15:33:55.339008Z  INFO scan_sources: tailwindcss_oxide::scanner: Discovering "D:\\trading-formation\\src\\app\\api\\auth\\login"
2025-12-31T15:33:55.339335Z  INFO scan_sources: tailwindcss_oxide::scanner: Discovering "D:\\trading-formation\\src\\app\\api\\auth\\register"
2025-12-31T15:33:55.339668Z  INFO scan_sources: tailwindcss_oxide::scanner: Discovering "D:\\trading-formation\\src\\app\\api\\auth\\resend-verification"
2025-12-31T15:33:55.339991Z  INFO scan_sources: tailwindcss_oxide::scanner: Discovering "D:\\trading-formation\\src\\app\\api\\auth\\verify-code"
2025-12-31T15:33:55.340314Z  INFO scan_sources: tailwindcss_oxide::scanner: Discovering "D:\\trading-formation\\src\\app\\api\\auth\\verify-email"
2025-12-31T15:33:55.340640Z  INFO scan_sources: tailwindcss_oxide::scanner: Discovering "D:\\trading-formation\\src\\app\\api\\auth\\[...nextauth]"
2025-12-31T15:33:55.340996Z  INFO scan_sources: tailwindcss_oxide::scanner: Discovering "D:\\trading-formation\\src\\app\\api\\discord"
2025-12-31T15:33:55.341221Z  INFO scan_sources: tailwindcss_oxide::scanner: Discovering "D:\\trading-formation\\src\\app\\api\\discord\\register"
2025-12-31T15:33:55.341586Z  INFO scan_sources: tailwindcss_oxide::scanner: Discovering "D:\\trading-formation\\src\\app\\api\\register"
2025-12-31T15:33:55.342050Z  INFO scan_sources: tailwindcss_oxide::scanner: Discovering "D:\\trading-formation\\src\\app\\auth"
2025-12-31T15:33:55.342289Z  INFO scan_sources: tailwindcss_oxide::scanner: Discovering "D:\\trading-formation\\src\\app\\auth\\error"
2025-12-31T15:33:55.342693Z  INFO scan_sources: tailwindcss_oxide::scanner: Discovering "D:\\trading-formation\\src\\app\\client"
2025-12-31T15:33:55.343083Z  INFO scan_sources: tailwindcss_oxide::scanner: Discovering "D:\\trading-formation\\src\\app\\components"
2025-12-31T15:33:55.343498Z  INFO scan_sources: tailwindcss_oxide::scanner: Discovering "D:\\trading-formation\\src\\app\\connexion"
2025-12-31T15:33:55.343746Z  INFO scan_sources: tailwindcss_oxide::scanner: Discovering "D:\\trading-formation\\src\\app\\connexion\\erreur"
2025-12-31T15:33:55.344194Z  INFO scan_sources: tailwindcss_oxide::scanner: Discovering "D:\\trading-formation\\src\\app\\credits"
2025-12-31T15:33:55.344553Z  INFO scan_sources: tailwindcss_oxide::scanner: Discovering "D:\\trading-formation\\src\\app\\dashboard"
2025-12-31T15:33:55.344956Z  INFO scan_sources: tailwindcss_oxide::scanner: Discovering "D:\\trading-formation\\src\\app\\home"
2025-12-31T15:33:55.345194Z  INFO scan_sources: tailwindcss_oxide::scanner: Discovering "D:\\trading-formation\\src\\app\\inscription"
2025-12-31T15:33:55.345460Z  INFO scan_sources: tailwindcss_oxide::scanner: Discovering "D:\\trading-formation\\src\\app\\login"
2025-12-31T15:33:55.347114Z  INFO scan_sources: tailwindcss_oxide::scanner: Discovering "D:\\trading-formation\\src\\app\\paiement"
2025-12-31T15:33:55.347401Z  INFO scan_sources: tailwindcss_oxide::scanner: Discovering "D:\\trading-formation\\src\\app\\paiement\\confirmation"
2025-12-31T15:33:55.347908Z  INFO scan_sources: tailwindcss_oxide::scanner: Discovering "D:\\trading-formation\\src\\app\\paiement\\success"
2025-12-31T15:33:55.348398Z  INFO scan_sources: tailwindcss_oxide::scanner: Discovering "D:\\trading-formation\\src\\app\\verification"
2025-12-31T15:33:55.348819Z  INFO scan_sources: tailwindcss_oxide::scanner: Discovering "D:\\trading-formation\\src\\components"
2025-12-31T15:33:55.349077Z  INFO scan_sources: tailwindcss_oxide::scanner: Discovering "D:\\trading-formation\\src\\components\\ads"
2025-12-31T15:33:55.349529Z  INFO scan_sources: tailwindcss_oxide::scanner: Discovering "D:\\trading-formation\\src\\components\\auth"
2025-12-31T15:33:55.350012Z  INFO scan_sources: tailwindcss_oxide::scanner: Discovering "D:\\trading-formation\\src\\components\\layout"
2025-12-31T15:33:55.350491Z  INFO scan_sources: tailwindcss_oxide::scanner: Discovering "D:\\trading-formation\\src\\components\\paiement"
2025-12-31T15:33:55.350874Z  INFO scan_sources: tailwindcss_oxide::scanner: Discovering "D:\\trading-formation\\src\\components\\providers"
2025-12-31T15:33:55.351225Z  INFO scan_sources: tailwindcss_oxide::scanner: Discovering "D:\\trading-formation\\src\\components\\ui"
2025-12-31T15:33:55.351582Z  INFO scan_sources: tailwindcss_oxide::scanner: Discovering "D:\\trading-formation\\src\\config"
2025-12-31T15:33:55.351910Z  INFO scan_sources: tailwindcss_oxide::scanner: Discovering "D:\\trading-formation\\src\\hooks"
2025-12-31T15:33:55.352311Z  INFO scan_sources: tailwindcss_oxide::scanner: Discovering "D:\\trading-formation\\src\\lib"
2025-12-31T15:33:55.352820Z  INFO scan_sources: tailwindcss_oxide::scanner: Discovering "D:\\trading-formation\\src\\lib\\prisma.ts"
2025-12-31T15:33:55.353030Z  INFO scan_sources: tailwindcss_oxide::scanner: Discovering "D:\\trading-formation\\src\\types"
2025-12-31T15:33:55.353322Z  INFO scan_sources: tailwindcss_oxide::scanner: Discovering "D:\\trading-formation\\static"
2025-12-31T15:33:55.353493Z  INFO scan_sources: tailwindcss_oxide::scanner: Discovering "D:\\trading-formation\\static\\css"
2025-12-31T15:33:55.353743Z  INFO scan_sources: tailwindcss_oxide::scanner: Discovering "D:\\trading-formation\\static\\js"
2025-12-31T15:33:55.354653Z  INFO scan_sources: tailwindcss_oxide::scanner: exit
2025-12-31T15:33:55.354665Z  INFO extract_candidates: tailwindcss_oxide::scanner: enter
2025-12-31T15:33:55.354671Z  INFO extract_candidates:read_all_files: tailwindcss_oxide::scanner: enter
2025-12-31T15:33:55.354674Z  INFO extract_candidates:read_all_files: tailwindcss_oxide::scanner: Reading 1 file(s)
2025-12-31T15:33:55.354748Z  INFO extract_candidates:read_all_files: tailwindcss_oxide::scanner: Reading "D:\\trading-formation\\src\\lib\\prisma.ts"
2025-12-31T15:33:55.354767Z  INFO extract_candidates:read_all_files: tailwindcss_oxide::scanner: exit
2025-12-31T15:33:55.354780Z  INFO extract_candidates:parse_all_blobs: tailwindcss_oxide::scanner: enter
2025-12-31T15:33:55.354787Z  INFO extract_candidates:parse_all_blobs:extract: tailwindcss_oxide::scanner: enter
2025-12-31T15:33:55.354923Z  INFO extract_candidates:parse_all_blobs:extract: tailwindcss_oxide::scanner: exit
2025-12-31T15:33:55.354940Z  INFO extract_candidates:parse_all_blobs: tailwindcss_oxide::scanner: exit
2025-12-31T15:33:55.355005Z  INFO extract_candidates: tailwindcss_oxide::scanner: exit
2025-12-31T15:33:55.356976Z  INFO get_files: tailwindcss_oxide::scanner: enter
2025-12-31T15:33:55.356990Z  INFO get_files:scan_sources: tailwindcss_oxide::scanner: enter
2025-12-31T15:33:55.358564Z  INFO get_files:scan_sources: tailwindcss_oxide::scanner: Discovering "D:\\trading-formation\\instance"
2025-12-31T15:33:55.359231Z  INFO get_files:scan_sources: tailwindcss_oxide::scanner: Discovering "D:\\trading-formation\\prisma"
2025-12-31T15:33:55.359543Z  INFO get_files:scan_sources: tailwindcss_oxide::scanner: Discovering "D:\\trading-formation\\prisma\\migrations"
2025-12-31T15:33:55.359740Z  INFO get_files:scan_sources: tailwindcss_oxide::scanner: Discovering "D:\\trading-formation\\prisma\\migrations\\20251223013809_add_email_verification"
2025-12-31T15:33:55.360112Z  INFO get_files:scan_sources: tailwindcss_oxide::scanner: Discovering "D:\\trading-formation\\prisma\\migrations\\20251223032538_update_user_model"
2025-12-31T15:33:55.360375Z  INFO get_files:scan_sources: tailwindcss_oxide::scanner: Discovering "D:\\trading-formation\\prisma\\migrations\\20251224172209_add_discord_username"
2025-12-31T15:33:55.360680Z  INFO get_files:scan_sources: tailwindcss_oxide::scanner: Discovering "D:\\trading-formation\\prisma\\migrations\\20251224181028_init"
2025-12-31T15:33:55.360943Z  INFO get_files:scan_sources: tailwindcss_oxide::scanner: Discovering "D:\\trading-formation\\prisma\\migrations\\20251226201343_update_discord_roles"
2025-12-31T15:33:55.361206Z  INFO get_files:scan_sources: tailwindcss_oxide::scanner: Discovering "D:\\trading-formation\\prisma\\migrations\\20251226204848_add_expires_at_to_user"
2025-12-31T15:33:55.361486Z  INFO get_files:scan_sources: tailwindcss_oxide::scanner: Discovering "D:\\trading-formation\\prisma\\migrations\\20251227032937_update_schema"
2025-12-31T15:33:55.362203Z  INFO get_files:scan_sources: tailwindcss_oxide::scanner: Discovering "D:\\trading-formation\\public"
2025-12-31T15:33:55.362561Z  INFO get_files:scan_sources: tailwindcss_oxide::scanner: Discovering "D:\\trading-formation\\public\\images"
2025-12-31T15:33:55.363239Z  INFO get_files:scan_sources: tailwindcss_oxide::scanner: Discovering "D:\\trading-formation\\scripts"
2025-12-31T15:33:55.363559Z  INFO get_files:scan_sources: tailwindcss_oxide::scanner: Discovering "D:\\trading-formation\\src"
2025-12-31T15:33:55.363741Z  INFO get_files:scan_sources: tailwindcss_oxide::scanner: Discovering "D:\\trading-formation\\src\\app"
2025-12-31T15:33:55.363921Z  INFO get_files:scan_sources: tailwindcss_oxide::scanner: Discovering "D:\\trading-formation\\src\\app\\admin"
2025-12-31T15:33:55.364092Z  INFO get_files:scan_sources: tailwindcss_oxide::scanner: Discovering "D:\\trading-formation\\src\\app\\admin\\admin"
2025-12-31T15:33:55.364317Z  INFO get_files:scan_sources: tailwindcss_oxide::scanner: Discovering "D:\\trading-formation\\src\\app\\admin\\components"
2025-12-31T15:33:55.364721Z  INFO get_files:scan_sources: tailwindcss_oxide::scanner: Discovering "D:\\trading-formation\\src\\app\\admin\\dashboard"
2025-12-31T15:33:55.364975Z  INFO get_files:scan_sources: tailwindcss_oxide::scanner: Discovering "D:\\trading-formation\\src\\app\\admin\\moderator"
2025-12-31T15:33:55.365195Z  INFO get_files:scan_sources: tailwindcss_oxide::scanner: Discovering "D:\\trading-formation\\src\\app\\admin\\owner"
2025-12-31T15:33:55.365463Z  INFO get_files:scan_sources: tailwindcss_oxide::scanner: Discovering "D:\\trading-formation\\src\\app\\api"
2025-12-31T15:33:55.365660Z  INFO get_files:scan_sources: tailwindcss_oxide::scanner: Discovering "D:\\trading-formation\\src\\app\\api\\admin"
2025-12-31T15:33:55.365838Z  INFO get_files:scan_sources: tailwindcss_oxide::scanner: Discovering "D:\\trading-formation\\src\\app\\api\\admin\\create-account"
2025-12-31T15:33:55.366076Z  INFO get_files:scan_sources: tailwindcss_oxide::scanner: Discovering "D:\\trading-formation\\src\\app\\api\\auth"
2025-12-31T15:33:55.366243Z  INFO get_files:scan_sources: tailwindcss_oxide::scanner: Discovering "D:\\trading-formation\\src\\app\\api\\auth\\check-email"
2025-12-31T15:33:55.366459Z  INFO get_files:scan_sources: tailwindcss_oxide::scanner: Discovering "D:\\trading-formation\\src\\app\\api\\auth\\create-account"
2025-12-31T15:33:55.366801Z  INFO get_files:scan_sources: tailwindcss_oxide::scanner: Discovering "D:\\trading-formation\\src\\app\\api\\auth\\discord"
2025-12-31T15:33:55.367010Z  INFO get_files:scan_sources: tailwindcss_oxide::scanner: Discovering "D:\\trading-formation\\src\\app\\api\\auth\\discord\\create-account"
2025-12-31T15:33:55.367248Z  INFO get_files:scan_sources: tailwindcss_oxide::scanner: Discovering "D:\\trading-formation\\src\\app\\api\\auth\\login"
2025-12-31T15:33:55.367462Z  INFO get_files:scan_sources: tailwindcss_oxide::scanner: Discovering "D:\\trading-formation\\src\\app\\api\\auth\\register"
2025-12-31T15:33:55.367685Z  INFO get_files:scan_sources: tailwindcss_oxide::scanner: Discovering "D:\\trading-formation\\src\\app\\api\\auth\\resend-verification"
2025-12-31T15:33:55.367917Z  INFO get_files:scan_sources: tailwindcss_oxide::scanner: Discovering "D:\\trading-formation\\src\\app\\api\\auth\\verify-code"
2025-12-31T15:33:55.368198Z  INFO get_files:scan_sources: tailwindcss_oxide::scanner: Discovering "D:\\trading-formation\\src\\app\\api\\auth\\verify-email"
2025-12-31T15:33:55.368420Z  INFO get_files:scan_sources: tailwindcss_oxide::scanner: Discovering "D:\\trading-formation\\src\\app\\api\\auth\\[...nextauth]"
2025-12-31T15:33:55.368666Z  INFO get_files:scan_sources: tailwindcss_oxide::scanner: Discovering "D:\\trading-formation\\src\\app\\api\\discord"
2025-12-31T15:33:55.368828Z  INFO get_files:scan_sources: tailwindcss_oxide::scanner: Discovering "D:\\trading-formation\\src\\app\\api\\discord\\register"
2025-12-31T15:33:55.369058Z  INFO get_files:scan_sources: tailwindcss_oxide::scanner: Discovering "D:\\trading-formation\\src\\app\\api\\register"
2025-12-31T15:33:55.369290Z  INFO get_files:scan_sources: tailwindcss_oxide::scanner: Discovering "D:\\trading-formation\\src\\app\\auth"
2025-12-31T15:33:55.369464Z  INFO get_files:scan_sources: tailwindcss_oxide::scanner: Discovering "D:\\trading-formation\\src\\app\\auth\\error"
2025-12-31T15:33:55.369814Z  INFO get_files:scan_sources: tailwindcss_oxide::scanner: Discovering "D:\\trading-formation\\src\\app\\client"
2025-12-31T15:33:55.370127Z  INFO get_files:scan_sources: tailwindcss_oxide::scanner: Discovering "D:\\trading-formation\\src\\app\\components"
2025-12-31T15:33:55.370413Z  INFO get_files:scan_sources: tailwindcss_oxide::scanner: Discovering "D:\\trading-formation\\src\\app\\connexion"
2025-12-31T15:33:55.370572Z  INFO get_files:scan_sources: tailwindcss_oxide::scanner: Discovering "D:\\trading-formation\\src\\app\\connexion\\erreur"
2025-12-31T15:33:55.370853Z  INFO get_files:scan_sources: tailwindcss_oxide::scanner: Discovering "D:\\trading-formation\\src\\app\\credits"
2025-12-31T15:33:55.371080Z  INFO get_files:scan_sources: tailwindcss_oxide::scanner: Discovering "D:\\trading-formation\\src\\app\\dashboard"
2025-12-31T15:33:55.371349Z  INFO get_files:scan_sources: tailwindcss_oxide::scanner: Discovering "D:\\trading-formation\\src\\app\\home"
2025-12-31T15:33:55.371676Z  INFO get_files:scan_sources: tailwindcss_oxide::scanner: Discovering "D:\\trading-formation\\src\\app\\inscription"
2025-12-31T15:33:55.372255Z  INFO get_files:scan_sources: tailwindcss_oxide::scanner: Discovering "D:\\trading-formation\\src\\app\\login"
2025-12-31T15:33:55.374030Z  INFO get_files:scan_sources: tailwindcss_oxide::scanner: Discovering "D:\\trading-formation\\src\\app\\paiement"
2025-12-31T15:33:55.374233Z  INFO get_files:scan_sources: tailwindcss_oxide::scanner: Discovering "D:\\trading-formation\\src\\app\\paiement\\confirmation"
2025-12-31T15:33:55.374537Z  INFO get_files:scan_sources: tailwindcss_oxide::scanner: Discovering "D:\\trading-formation\\src\\app\\paiement\\success"
2025-12-31T15:33:55.374842Z  INFO get_files:scan_sources: tailwindcss_oxide::scanner: Discovering "D:\\trading-formation\\src\\app\\verification"
2025-12-31T15:33:55.375086Z  INFO get_files:scan_sources: tailwindcss_oxide::scanner: Discovering "D:\\trading-formation\\src\\components"
2025-12-31T15:33:55.375252Z  INFO get_files:scan_sources: tailwindcss_oxide::scanner: Discovering "D:\\trading-formation\\src\\components\\ads"
2025-12-31T15:33:55.375499Z  INFO get_files:scan_sources: tailwindcss_oxide::scanner: Discovering "D:\\trading-formation\\src\\components\\auth"
2025-12-31T15:33:55.375797Z  INFO get_files:scan_sources: tailwindcss_oxide::scanner: Discovering "D:\\trading-formation\\src\\components\\layout"
2025-12-31T15:33:55.376082Z  INFO get_files:scan_sources: tailwindcss_oxide::scanner: Discovering "D:\\trading-formation\\src\\components\\paiement"
2025-12-31T15:33:55.376298Z  INFO get_files:scan_sources: tailwindcss_oxide::scanner: Discovering "D:\\trading-formation\\src\\components\\providers"
2025-12-31T15:33:55.376548Z  INFO get_files:scan_sources: tailwindcss_oxide::scanner: Discovering "D:\\trading-formation\\src\\components\\ui"
2025-12-31T15:33:55.376777Z  INFO get_files:scan_sources: tailwindcss_oxide::scanner: Discovering "D:\\trading-formation\\src\\config"
2025-12-31T15:33:55.376987Z  INFO get_files:scan_sources: tailwindcss_oxide::scanner: Discovering "D:\\trading-formation\\src\\hooks"
2025-12-31T15:33:55.377205Z  INFO get_files:scan_sources: tailwindcss_oxide::scanner: Discovering "D:\\trading-formation\\src\\lib"
2025-12-31T15:33:55.377655Z  INFO get_files:scan_sources: tailwindcss_oxide::scanner: Discovering "D:\\trading-formation\\src\\types"
2025-12-31T15:33:55.377935Z  INFO get_files:scan_sources: tailwindcss_oxide::scanner: Discovering "D:\\trading-formation\\static"
2025-12-31T15:33:55.378091Z  INFO get_files:scan_sources: tailwindcss_oxide::scanner: Discovering "D:\\trading-formation\\static\\css"
2025-12-31T15:33:55.378305Z  INFO get_files:scan_sources: tailwindcss_oxide::scanner: Discovering "D:\\trading-formation\\static\\js"
2025-12-31T15:33:55.379039Z  INFO get_files:scan_sources: tailwindcss_oxide::scanner: exit
2025-12-31T15:33:55.379145Z  INFO get_files: tailwindcss_oxide::scanner: exit
2025-12-31T15:33:55.379741Z  INFO get_globs: tailwindcss_oxide::scanner: enter
2025-12-31T15:33:55.379755Z  INFO get_globs: tailwindcss_oxide::scanner: exit
