2025-12-31T15:34:55.496755Z  INFO tailwindcss_oxide::scanner: Provided sources:
2025-12-31T15:34:55.496851Z  INFO tailwindcss_oxide::scanner: Source: PublicSourceEntry { base: "D:\\trading-formation", pattern: "**/*", negated: false }
2025-12-31T15:34:55.497072Z  INFO tailwindcss_oxide::scanner: Optimized sources:
2025-12-31T15:34:55.497099Z  INFO tailwindcss_oxide::scanner: Source: Auto { base: "D:\\trading-formation" }
2025-12-31T15:34:55.498592Z  INFO scan_sources: tailwindcss_oxide::scanner: enter
2025-12-31T15:34:55.499801Z  INFO scan_sources: tailwindcss_oxide::scanner: Discovering "D:\\trading-formation\\add-role-column.js"
2025-12-31T15:34:55.499905Z  INFO scan_sources: tailwindcss_oxide::scanner: Discovering "D:\\trading-formation\\app.py"
2025-12-31T15:34:55.500334Z  INFO scan_sources: tailwindcss_oxide::scanner: Discovering "D:\\trading-formation\\bot.py"
2025-12-31T15:34:55.500413Z  INFO scan_sources: tailwindcss_oxide::scanner: Discovering "D:\\trading-formation\\bot_backup.py"
2025-12-31T15:34:55.500483Z  INFO scan_sources: tailwindcss_oxide::scanner: Discovering "D:\\trading-formation\\bot_backup_help.py"
2025-12-31T15:34:55.500554Z  INFO scan_sources: tailwindcss_oxide::scanner: Discovering "D:\\trading-formation\\check-and-fix-db.js"
2025-12-31T15:34:55.500627Z  INFO scan_sources: tailwindcss_oxide::scanner: Discovering "D:\\trading-formation\\check-structure.js"
2025-12-31T15:34:55.500695Z  INFO scan_sources: tailwindcss_oxide::scanner: Discovering "D:\\trading-formation\\create-accounts.js"
2025-12-31T15:34:55.500764Z  INFO scan_sources: tailwindcss_oxide::scanner: Discovering "D:\\trading-formation\\env.temp"
2025-12-31T15:34:55.500835Z  INFO scan_sources: tailwindcss_oxide::scanner: Discovering "D:\\trading-formation\\eslint.config.mjs"
2025-12-31T15:34:55.500905Z  INFO scan_sources: tailwindcss_oxide::scanner: Discovering "D:\\trading-formation\\final-setup.js"
2025-12-31T15:34:55.500970Z  INFO scan_sources: tailwindcss_oxide::scanner: Discovering "D:\\trading-formation\\fix_bot.py"
2025-12-31T15:34:55.501039Z  INFO scan_sources: tailwindcss_oxide::scanner: Discovering "D:\\trading-formation\\fix_env.py"
2025-12-31T15:34:55.501108Z  INFO scan_sources: tailwindcss_oxide::scanner: Discovering "D:\\trading-formation\\fix_env_format.py"
2025-12-31T15:34:55.501174Z  INFO scan_sources: tailwindcss_oxide::scanner: Discovering "D:\\trading-formation\\fix_env_simple.py"
2025-12-31T15:34:55.501283Z  INFO scan_sources: tailwindcss_oxide::scanner: Discovering "D:\\trading-formation\\instance"
2025-12-31T15:34:55.501447Z  INFO scan_sources: tailwindcss_oxide::scanner: Discovering "D:\\trading-formation\\list-users.js"
2025-12-31T15:34:55.501520Z  INFO scan_sources: tailwindcss_oxide::scanner: Discovering "D:\\trading-formation\\main.py"
2025-12-31T15:34:55.501593Z  INFO scan_sources: tailwindcss_oxide::scanner: Discovering "D:\\trading-formation\\make-admin.js"
2025-12-31T15:34:55.501661Z  INFO scan_sources: tailwindcss_oxide::scanner: Discovering "D:\\trading-formation\\middleware.ts"
2025-12-31T15:34:55.501735Z  INFO scan_sources: tailwindcss_oxide::scanner: Discovering "D:\\trading-formation\\next.config.js"
2025-12-31T15:34:55.501800Z  INFO scan_sources: tailwindcss_oxide::scanner: Discovering "D:\\trading-formation\\next.config.ts"
2025-12-31T15:34:55.502029Z  INFO scan_sources: tailwindcss_oxide::scanner: Discovering "D:\\trading-formation\\package.json"
2025-12-31T15:34:55.502101Z  INFO scan_sources: tailwindcss_oxide::scanner: Discovering "D:\\trading-formation\\postcss.config.mjs"
2025-12-31T15:34:55.502207Z  INFO scan_sources: tailwindcss_oxide::scanner: Discovering "D:\\trading-formation\\prisma"
2025-12-31T15:34:55.502337Z  INFO scan_sources: tailwindcss_oxide::scanner: Discovering "D:\\trading-formation\\prisma\\config.ts"
2025-12-31T15:34:55.502448Z  INFO scan_sources: tailwindcss_oxide::scanner: Discovering "D:\\trading-formation\\prisma\\migrations"
2025-12-31T15:34:55.502628Z  INFO scan_sources: tailwindcss_oxide::scanner: Discovering "D:\\trading-formation\\prisma\\migrations\\20251223013809_add_email_verification"
2025-12-31T15:34:55.502819Z  INFO scan_sources: tailwindcss_oxide::scanner: Discovering "D:\\trading-formation\\prisma\\migrations\\20251223013809_add_email_verification\\migration.sql"
2025-12-31T15:34:55.502961Z  INFO scan_sources: tailwindcss_oxide::scanner: Discovering "D:\\trading-formation\\prisma\\migrations\\20251223032538_update_user_model"
2025-12-31T15:34:55.503097Z  INFO scan_sources: tailwindcss_oxide::scanner: Discovering "D:\\trading-formation\\prisma\\migrations\\20251223032538_update_user_model\\migration.sql"
2025-12-31T15:34:55.503221Z  INFO scan_sources: tailwindcss_oxide::scanner: Discovering "D:\\trading-formation\\prisma\\migrations\\20251224172209_add_discord_username"
2025-12-31T15:34:55.503352Z  INFO scan_sources: tailwindcss_oxide::scanner: Discovering "D:\\trading-formation\\prisma\\migrations\\20251224172209_add_discord_username\\migration.sql"
2025-12-31T15:34:55.503477Z  INFO scan_sources: tailwindcss_oxide::scanner: Discovering "D:\\trading-formation\\prisma\\migrations\\20251224181028_init"
2025-12-31T15:34:55.503604Z  INFO scan_sources: tailwindcss_oxide::scanner: Discovering "D:\\trading-formation\\prisma\\migrations\\20251224181028_init\\migration.sql"
2025-12-31T15:34:55.503730Z  INFO scan_sources: tailwindcss_oxide::scanner: Discovering "D:\\trading-formation\\prisma\\migrations\\20251226201343_update_discord_roles"
2025-12-31T15:34:55.503931Z  INFO scan_sources: tailwindcss_oxide::scanner: Discovering "D:\\trading-formation\\prisma\\migrations\\20251226201343_update_discord_roles\\migration.sql"
2025-12-31T15:34:55.504160Z  INFO scan_sources: tailwindcss_oxide::scanner: Discovering "D:\\trading-formation\\prisma\\migrations\\20251226204848_add_expires_at_to_user"
2025-12-31T15:34:55.504332Z  INFO scan_sources: tailwindcss_oxide::scanner: Discovering "D:\\trading-formation\\prisma\\migrations\\20251226204848_add_expires_at_to_user\\migration.sql"
2025-12-31T15:34:55.504502Z  INFO scan_sources: tailwindcss_oxide::scanner: Discovering "D:\\trading-formation\\prisma\\migrations\\20251227032937_update_schema"
2025-12-31T15:34:55.504648Z  INFO scan_sources: tailwindcss_oxide::scanner: Discovering "D:\\trading-formation\\prisma\\migrations\\20251227032937_update_schema\\migration.sql"
2025-12-31T15:34:55.504751Z  INFO scan_sources: tailwindcss_oxide::scanner: Discovering "D:\\trading-formation\\prisma\\migrations\\migration_lock.toml"
2025-12-31T15:34:55.504851Z  INFO scan_sources: tailwindcss_oxide::scanner: Discovering "D:\\trading-formation\\prisma\\schema.prisma"
2025-12-31T15:34:55.505024Z  INFO scan_sources: tailwindcss_oxide::scanner: Discovering "D:\\trading-formation\\public"
2025-12-31T15:34:55.505170Z  INFO scan_sources: tailwindcss_oxide::scanner: Discovering "D:\\trading-formation\\public\\file.svg"
2025-12-31T15:34:55.505250Z  INFO scan_sources: tailwindcss_oxide::scanner: Discovering "D:\\trading-formation\\public\\globe.svg"
2025-12-31T15:34:55.505367Z  INFO scan_sources: tailwindcss_oxide::scanner: Discovering "D:\\trading-formation\\public\\images"
2025-12-31T15:34:55.505526Z  INFO scan_sources: tailwindcss_oxide::scanner: Discovering "D:\\trading-formation\\public\\next.svg"
2025-12-31T15:34:55.505628Z  INFO scan_sources: tailwindcss_oxide::scanner: Discovering "D:\\trading-formation\\public\\vercel.svg"
2025-12-31T15:34:55.505699Z  INFO scan_sources: tailwindcss_oxide::scanner: Discovering "D:\\trading-formation\\public\\window.svg"
2025-12-31T15:34:55.505795Z  INFO scan_sources: tailwindcss_oxide::scanner: Discovering "D:\\trading-formation\\README.md"
2025-12-31T15:34:55.505867Z  INFO scan_sources: tailwindcss_oxide::scanner: Discovering "D:\\trading-formation\\requirements.txt"
2025-12-31T15:34:55.505933Z  INFO scan_sources: tailwindcss_oxide::scanner: Discovering "D:\\trading-formation\\reset-and-setup.js"
2025-12-31T15:34:55.506000Z  INFO scan_sources: tailwindcss_oxide::scanner: Discovering "D:\\trading-formation\\reset-db.js"
2025-12-31T15:34:55.506105Z  INFO scan_sources: tailwindcss_oxide::scanner: Discovering "D:\\trading-formation\\scripts"
2025-12-31T15:34:55.506291Z  INFO scan_sources: tailwindcss_oxide::scanner: Discovering "D:\\trading-formation\\scripts\\createAdmin.ts"
2025-12-31T15:34:55.506384Z  INFO scan_sources: tailwindcss_oxide::scanner: Discovering "D:\\trading-formation\\setup-admin.js"
2025-12-31T15:34:55.506451Z  INFO scan_sources: tailwindcss_oxide::scanner: Discovering "D:\\trading-formation\\show-users.js"
2025-12-31T15:34:55.506554Z  INFO scan_sources: tailwindcss_oxide::scanner: Discovering "D:\\trading-formation\\src"
2025-12-31T15:34:55.506779Z  INFO scan_sources: tailwindcss_oxide::scanner: Discovering "D:\\trading-formation\\src\\app"
2025-12-31T15:34:55.507006Z  INFO scan_sources: tailwindcss_oxide::scanner: Discovering "D:\\trading-formation\\src\\app\\admin"
2025-12-31T15:34:55.507188Z  INFO scan_sources: tailwindcss_oxide::scanner: Discovering "D:\\trading-formation\\src\\app\\admin\\admin"
2025-12-31T15:34:55.507328Z  INFO scan_sources: tailwindcss_oxide::scanner: Discovering "D:\\trading-formation\\src\\app\\admin\\admin\\page.tsx"
2025-12-31T15:34:55.507462Z  INFO scan_sources: tailwindcss_oxide::scanner: Discovering "D:\\trading-formation\\src\\app\\admin\\components"
2025-12-31T15:34:55.507600Z  INFO scan_sources: tailwindcss_oxide::scanner: Discovering "D:\\trading-formation\\src\\app\\admin\\components\\AdminLayout.tsx"
2025-12-31T15:34:55.507675Z  INFO scan_sources: tailwindcss_oxide::scanner: Discovering "D:\\trading-formation\\src\\app\\admin\\components\\Customers.tsx"
2025-12-31T15:34:55.507743Z  INFO scan_sources: tailwindcss_oxide::scanner: Discovering "D:\\trading-formation\\src\\app\\admin\\components\\Dashboard.tsx"
2025-12-31T15:34:55.507812Z  INFO scan_sources: tailwindcss_oxide::scanner: Discovering "D:\\trading-formation\\src\\app\\admin\\components\\Invoices.tsx"
2025-12-31T15:34:55.507879Z  INFO scan_sources: tailwindcss_oxide::scanner: Discovering "D:\\trading-formation\\src\\app\\admin\\components\\Orders.tsx"
2025-12-31T15:34:55.507945Z  INFO scan_sources: tailwindcss_oxide::scanner: Discovering "D:\\trading-formation\\src\\app\\admin\\components\\Products.tsx"
2025-12-31T15:34:55.508069Z  INFO scan_sources: tailwindcss_oxide::scanner: Discovering "D:\\trading-formation\\src\\app\\admin\\dashboard"
2025-12-31T15:34:55.508201Z  INFO scan_sources: tailwindcss_oxide::scanner: Discovering "D:\\trading-formation\\src\\app\\admin\\dashboard\\page.tsx"
2025-12-31T15:34:55.508291Z  INFO scan_sources: tailwindcss_oxide::scanner: Discovering "D:\\trading-formation\\src\\app\\admin\\layout.tsx"
2025-12-31T15:34:55.508396Z  INFO scan_sources: tailwindcss_oxide::scanner: Discovering "D:\\trading-formation\\src\\app\\admin\\moderator"
2025-12-31T15:34:55.508524Z  INFO scan_sources: tailwindcss_oxide::scanner: Discovering "D:\\trading-formation\\src\\app\\admin\\moderator\\page.tsx"
2025-12-31T15:34:55.508655Z  INFO scan_sources: tailwindcss_oxide::scanner: Discovering "D:\\trading-formation\\src\\app\\admin\\owner"
2025-12-31T15:34:55.508785Z  INFO scan_sources: tailwindcss_oxide::scanner: Discovering "D:\\trading-formation\\src\\app\\admin\\owner\\page.tsx"
2025-12-31T15:34:55.508882Z  INFO scan_sources: tailwindcss_oxide::scanner: Discovering "D:\\trading-formation\\src\\app\\admin\\page.tsx"
2025-12-31T15:34:55.509009Z  INFO scan_sources: tailwindcss_oxide::scanner: Discovering "D:\\trading-formation\\src\\app\\api"
2025-12-31T15:34:55.509169Z  INFO scan_sources: tailwindcss_oxide::scanner: Discovering "D:\\trading-formation\\src\\app\\api\\admin"
2025-12-31T15:34:55.509331Z  INFO scan_sources: tailwindcss_oxide::scanner: Discovering "D:\\trading-formation\\src\\app\\api\\admin\\create-account"
2025-12-31T15:34:55.509468Z  INFO scan_sources: tailwindcss_oxide::scanner: Discovering "D:\\trading-formation\\src\\app\\api\\admin\\create-account\\route.ts"
2025-12-31T15:34:55.509609Z  INFO scan_sources: tailwindcss_oxide::scanner: Discovering "D:\\trading-formation\\src\\app\\api\\auth"
2025-12-31T15:34:55.509774Z  INFO scan_sources: tailwindcss_oxide::scanner: Discovering "D:\\trading-formation\\src\\app\\api\\auth\\check-email"
2025-12-31T15:34:55.509909Z  INFO scan_sources: tailwindcss_oxide::scanner: Discovering "D:\\trading-formation\\src\\app\\api\\auth\\check-email\\route.ts"
2025-12-31T15:34:55.510036Z  INFO scan_sources: tailwindcss_oxide::scanner: Discovering "D:\\trading-formation\\src\\app\\api\\auth\\create-account"
2025-12-31T15:34:55.510166Z  INFO scan_sources: tailwindcss_oxide::scanner: Discovering "D:\\trading-formation\\src\\app\\api\\auth\\create-account\\route.ts"
2025-12-31T15:34:55.510287Z  INFO scan_sources: tailwindcss_oxide::scanner: Discovering "D:\\trading-formation\\src\\app\\api\\auth\\discord"
2025-12-31T15:34:55.510448Z  INFO scan_sources: tailwindcss_oxide::scanner: Discovering "D:\\trading-formation\\src\\app\\api\\auth\\discord\\create-account"
2025-12-31T15:34:55.510581Z  INFO scan_sources: tailwindcss_oxide::scanner: Discovering "D:\\trading-formation\\src\\app\\api\\auth\\discord\\create-account\\route.ts"
2025-12-31T15:34:55.510719Z  INFO scan_sources: tailwindcss_oxide::scanner: Discovering "D:\\trading-formation\\src\\app\\api\\auth\\login"
2025-12-31T15:34:55.510845Z  INFO scan_sources: tailwindcss_oxide::scanner: Discovering "D:\\trading-formation\\src\\app\\api\\auth\\login\\route.ts"
2025-12-31T15:34:55.510966Z  INFO scan_sources: tailwindcss_oxide::scanner: Discovering "D:\\trading-formation\\src\\app\\api\\auth\\register"
2025-12-31T15:34:55.511092Z  INFO scan_sources: tailwindcss_oxide::scanner: Discovering "D:\\trading-formation\\src\\app\\api\\auth\\register\\route.ts"
2025-12-31T15:34:55.511214Z  INFO scan_sources: tailwindcss_oxide::scanner: Discovering "D:\\trading-formation\\src\\app\\api\\auth\\resend-verification"
2025-12-31T15:34:55.511452Z  INFO scan_sources: tailwindcss_oxide::scanner: Discovering "D:\\trading-formation\\src\\app\\api\\auth\\resend-verification\\route.ts"
2025-12-31T15:34:55.511657Z  INFO scan_sources: tailwindcss_oxide::scanner: Discovering "D:\\trading-formation\\src\\app\\api\\auth\\verify-code"
2025-12-31T15:34:55.511866Z  INFO scan_sources: tailwindcss_oxide::scanner: Discovering "D:\\trading-formation\\src\\app\\api\\auth\\verify-code\\route.ts"
2025-12-31T15:34:55.512038Z  INFO scan_sources: tailwindcss_oxide::scanner: Discovering "D:\\trading-formation\\src\\app\\api\\auth\\verify-email"
2025-12-31T15:34:55.512175Z  INFO scan_sources: tailwindcss_oxide::scanner: Discovering "D:\\trading-formation\\src\\app\\api\\auth\\verify-email\\route.ts"
2025-12-31T15:34:55.512402Z  INFO scan_sources: tailwindcss_oxide::scanner: Discovering "D:\\trading-formation\\src\\app\\api\\auth\\[...nextauth]"
2025-12-31T15:34:55.512545Z  INFO scan_sources: tailwindcss_oxide::scanner: Discovering "D:\\trading-formation\\src\\app\\api\\auth\\[...nextauth]\\route.ts"
2025-12-31T15:34:55.512729Z  INFO scan_sources: tailwindcss_oxide::scanner: Discovering "D:\\trading-formation\\src\\app\\api\\discord"
2025-12-31T15:34:55.512896Z  INFO scan_sources: tailwindcss_oxide::scanner: Discovering "D:\\trading-formation\\src\\app\\api\\discord\\register"
2025-12-31T15:34:55.513029Z  INFO scan_sources: tailwindcss_oxide::scanner: Discovering "D:\\trading-formation\\src\\app\\api\\discord\\register\\route.ts"
2025-12-31T15:34:55.513168Z  INFO scan_sources: tailwindcss_oxide::scanner: Discovering "D:\\trading-formation\\src\\app\\api\\register"
2025-12-31T15:34:55.513300Z  INFO scan_sources: tailwindcss_oxide::scanner: Discovering "D:\\trading-formation\\src\\app\\api\\register\\route.ts"
2025-12-31T15:34:55.513546Z  INFO scan_sources: tailwindcss_oxide::scanner: Discovering "D:\\trading-formation\\src\\app\\auth"
2025-12-31T15:34:55.513771Z  INFO scan_sources: tailwindcss_oxide::scanner: Discovering "D:\\trading-formation\\src\\app\\auth\\error"
2025-12-31T15:34:55.513952Z  INFO scan_sources: tailwindcss_oxide::scanner: Discovering "D:\\trading-formation\\src\\app\\auth\\error\\page.tsx"
2025-12-31T15:34:55.514159Z  INFO scan_sources: tailwindcss_oxide::scanner: Discovering "D:\\trading-formation\\src\\app\\client"
2025-12-31T15:34:55.514330Z  INFO scan_sources: tailwindcss_oxide::scanner: Discovering "D:\\trading-formation\\src\\app\\client\\page.fixed.tsx"
2025-12-31T15:34:55.514629Z  INFO scan_sources: tailwindcss_oxide::scanner: Discovering "D:\\trading-formation\\src\\app\\components"
2025-12-31T15:34:55.514807Z  INFO scan_sources: tailwindcss_oxide::scanner: Discovering "D:\\trading-formation\\src\\app\\components\\AnnouncementCarousel.tsx"
2025-12-31T15:34:55.514931Z  INFO scan_sources: tailwindcss_oxide::scanner: Discovering "D:\\trading-formation\\src\\app\\components\\LoadingScreen.tsx"
2025-12-31T15:34:55.515093Z  INFO scan_sources: tailwindcss_oxide::scanner: Discovering "D:\\trading-formation\\src\\app\\components\\PromoModal.tsx"
2025-12-31T15:34:55.515286Z  INFO scan_sources: tailwindcss_oxide::scanner: Discovering "D:\\trading-formation\\src\\app\\connexion"
2025-12-31T15:34:55.515461Z  INFO scan_sources: tailwindcss_oxide::scanner: Discovering "D:\\trading-formation\\src\\app\\connexion\\erreur"
2025-12-31T15:34:55.515597Z  INFO scan_sources: tailwindcss_oxide::scanner: Discovering "D:\\trading-formation\\src\\app\\connexion\\erreur\\page.tsx"
2025-12-31T15:34:55.515699Z  INFO scan_sources: tailwindcss_oxide::scanner: Discovering "D:\\trading-formation\\src\\app\\connexion\\page.tsx"
2025-12-31T15:34:55.515826Z  INFO scan_sources: tailwindcss_oxide::scanner: Discovering "D:\\trading-formation\\src\\app\\credits"
2025-12-31T15:34:55.515962Z  INFO scan_sources: tailwindcss_oxide::scanner: Discovering "D:\\trading-formation\\src\\app\\credits\\page.tsx"
2025-12-31T15:34:55.516087Z  INFO scan_sources: tailwindcss_oxide::scanner: Discovering "D:\\trading-formation\\src\\app\\dashboard"
2025-12-31T15:34:55.516218Z  INFO scan_sources: tailwindcss_oxide::scanner: Discovering "D:\\trading-formation\\src\\app\\dashboard\\page.tsx"
2025-12-31T15:34:55.516316Z  INFO scan_sources: tailwindcss_oxide::scanner: Discovering "D:\\trading-formation\\src\\app\\globals.css"
2025-12-31T15:34:55.516426Z  INFO scan_sources: tailwindcss_oxide::scanner: Discovering "D:\\trading-formation\\src\\app\\home"
2025-12-31T15:34:55.516559Z  INFO scan_sources: tailwindcss_oxide::scanner: Discovering "D:\\trading-formation\\src\\app\\home\\page.tsx"
2025-12-31T15:34:55.516694Z  INFO scan_sources: tailwindcss_oxide::scanner: Discovering "D:\\trading-formation\\src\\app\\inscription"
2025-12-31T15:34:55.516829Z  INFO scan_sources: tailwindcss_oxide::scanner: Discovering "D:\\trading-formation\\src\\app\\inscription\\page.tsx"
2025-12-31T15:34:55.516918Z  INFO scan_sources: tailwindcss_oxide::scanner: Discovering "D:\\trading-formation\\src\\app\\layout.tsx"
2025-12-31T15:34:55.517022Z  INFO scan_sources: tailwindcss_oxide::scanner: Discovering "D:\\trading-formation\\src\\app\\login"
2025-12-31T15:34:55.517152Z  INFO scan_sources: tailwindcss_oxide::scanner: Discovering "D:\\trading-formation\\src\\app\\login\\page.tsx"
2025-12-31T15:34:55.517242Z  INFO scan_sources: tailwindcss_oxide::scanner: Discovering "D:\\trading-formation\\src\\app\\page.temp.tsx"
2025-12-31T15:34:55.517310Z  INFO scan_sources: tailwindcss_oxide::scanner: Discovering "D:\\trading-formation\\src\\app\\page.tsx"
2025-12-31T15:34:55.517378Z  INFO scan_sources: tailwindcss_oxide::scanner: Discovering "D:\\trading-formation\\src\\app\\page.tsx.backup"
2025-12-31T15:34:55.517451Z  INFO scan_sources: tailwindcss_oxide::scanner: Discovering "D:\\trading-formation\\src\\app\\page.tsx.backup2"
2025-12-31T15:34:55.517519Z  INFO scan_sources: tailwindcss_oxide::scanner: Discovering "D:\\trading-formation\\src\\app\\page.tsx.backup_final"
2025-12-31T15:34:55.517587Z  INFO scan_sources: tailwindcss_oxide::scanner: Discovering "D:\\trading-formation\\src\\app\\page.tsx.backup_final10"
2025-12-31T15:34:55.517653Z  INFO scan_sources: tailwindcss_oxide::scanner: Discovering "D:\\trading-formation\\src\\app\\page.tsx.backup_final11"
2025-12-31T15:34:55.517719Z  INFO scan_sources: tailwindcss_oxide::scanner: Discovering "D:\\trading-formation\\src\\app\\page.tsx.backup_final12"
2025-12-31T15:34:55.517785Z  INFO scan_sources: tailwindcss_oxide::scanner: Discovering "D:\\trading-formation\\src\\app\\page.tsx.backup_final13"
2025-12-31T15:34:55.517858Z  INFO scan_sources: tailwindcss_oxide::scanner: Discovering "D:\\trading-formation\\src\\app\\page.tsx.backup_final14"
2025-12-31T15:34:55.517928Z  INFO scan_sources: tailwindcss_oxide::scanner: Discovering "D:\\trading-formation\\src\\app\\page.tsx.backup_final2"
2025-12-31T15:34:55.518000Z  INFO scan_sources: tailwindcss_oxide::scanner: Discovering "D:\\trading-formation\\src\\app\\page.tsx.backup_final3"
2025-12-31T15:34:55.518066Z  INFO scan_sources: tailwindcss_oxide::scanner: Discovering "D:\\trading-formation\\src\\app\\page.tsx.backup_final4"
2025-12-31T15:34:55.518131Z  INFO scan_sources: tailwindcss_oxide::scanner: Discovering "D:\\trading-formation\\src\\app\\page.tsx.backup_final5"
2025-12-31T15:34:55.518198Z  INFO scan_sources: tailwindcss_oxide::scanner: Discovering "D:\\trading-formation\\src\\app\\page.tsx.backup_final6"
2025-12-31T15:34:55.518264Z  INFO scan_sources: tailwindcss_oxide::scanner: Discovering "D:\\trading-formation\\src\\app\\page.tsx.backup_final7"
2025-12-31T15:34:55.518329Z  INFO scan_sources: tailwindcss_oxide::scanner: Discovering "D:\\trading-formation\\src\\app\\page.tsx.backup_final8"
2025-12-31T15:34:55.518400Z  INFO scan_sources: tailwindcss_oxide::scanner: Discovering "D:\\trading-formation\\src\\app\\page.tsx.backup_final9"
2025-12-31T15:34:55.518472Z  INFO scan_sources: tailwindcss_oxide::scanner: Discovering "D:\\trading-formation\\src\\app\\page.tsx.bak10"
2025-12-31T15:34:55.518537Z  INFO scan_sources: tailwindcss_oxide::scanner: Discovering "D:\\trading-formation\\src\\app\\page.tsx.bak11"
2025-12-31T15:34:55.518605Z  INFO scan_sources: tailwindcss_oxide::scanner: Discovering "D:\\trading-formation\\src\\app\\page.tsx.bak12"
2025-12-31T15:34:55.518670Z  INFO scan_sources: tailwindcss_oxide::scanner: Discovering "D:\\trading-formation\\src\\app\\page.tsx.bak13"
2025-12-31T15:34:55.518735Z  INFO scan_sources: tailwindcss_oxide::scanner: Discovering "D:\\trading-formation\\src\\app\\page.tsx.bak2"
2025-12-31T15:34:55.518804Z  INFO scan_sources: tailwindcss_oxide::scanner: Discovering "D:\\trading-formation\\src\\app\\page.tsx.bak3"
2025-12-31T15:34:55.518870Z  INFO scan_sources: tailwindcss_oxide::scanner: Discovering "D:\\trading-formation\\src\\app\\page.tsx.bak4"
2025-12-31T15:34:55.518946Z  INFO scan_sources: tailwindcss_oxide::scanner: Discovering "D:\\trading-formation\\src\\app\\page.tsx.bak5"
2025-12-31T15:34:55.519014Z  INFO scan_sources: tailwindcss_oxide::scanner: Discovering "D:\\trading-formation\\src\\app\\page.tsx.bak6"
2025-12-31T15:34:55.519080Z  INFO scan_sources: tailwindcss_oxide::scanner: Discovering "D:\\trading-formation\\src\\app\\page.tsx.bak7"
2025-12-31T15:34:55.519148Z  INFO scan_sources: tailwindcss_oxide::scanner: Discovering "D:\\trading-formation\\src\\app\\page.tsx.bak8"
2025-12-31T15:34:55.519246Z  INFO scan_sources: tailwindcss_oxide::scanner: Discovering "D:\\trading-formation\\src\\app\\page.tsx.bak9"
2025-12-31T15:34:55.519433Z  INFO scan_sources: tailwindcss_oxide::scanner: Discovering "D:\\trading-formation\\src\\app\\paiement"
2025-12-31T15:34:55.519659Z  INFO scan_sources: tailwindcss_oxide::scanner: Discovering "D:\\trading-formation\\src\\app\\paiement\\confirmation"
2025-12-31T15:34:55.519794Z  INFO scan_sources: tailwindcss_oxide::scanner: Discovering "D:\\trading-formation\\src\\app\\paiement\\confirmation\\page.tsx"
2025-12-31T15:34:55.519884Z  INFO scan_sources: tailwindcss_oxide::scanner: Discovering "D:\\trading-formation\\src\\app\\paiement\\layout.tsx"
2025-12-31T15:34:55.519952Z  INFO scan_sources: tailwindcss_oxide::scanner: Discovering "D:\\trading-formation\\src\\app\\paiement\\page.tsx"
2025-12-31T15:34:55.520055Z  INFO scan_sources: tailwindcss_oxide::scanner: Discovering "D:\\trading-formation\\src\\app\\paiement\\success"
2025-12-31T15:34:55.520183Z  INFO scan_sources: tailwindcss_oxide::scanner: Discovering "D:\\trading-formation\\src\\app\\paiement\\success\\page.tsx"
2025-12-31T15:34:55.520286Z  INFO scan_sources: tailwindcss_oxide::scanner: Discovering "D:\\trading-formation\\src\\app\\temp.tsx"
2025-12-31T15:34:55.520394Z  INFO scan_sources: tailwindcss_oxide::scanner: Discovering "D:\\trading-formation\\src\\app\\verification"
2025-12-31T15:34:55.520523Z  INFO scan_sources: tailwindcss_oxide::scanner: Discovering "D:\\trading-formation\\src\\app\\verification\\page.tsx"
2025-12-31T15:34:55.520669Z  INFO scan_sources: tailwindcss_oxide::scanner: Discovering "D:\\trading-formation\\src\\components"
2025-12-31T15:34:55.520832Z  INFO scan_sources: tailwindcss_oxide::scanner: Discovering "D:\\trading-formation\\src\\components\\ads"
2025-12-31T15:34:55.520960Z  INFO scan_sources: tailwindcss_oxide::scanner: Discovering "D:\\trading-formation\\src\\components\\ads\\AdBanner.tsx"
2025-12-31T15:34:55.521048Z  INFO scan_sources: tailwindcss_oxide::scanner: Discovering "D:\\trading-formation\\src\\components\\AnimatedParticles.tsx"
2025-12-31T15:34:55.521148Z  INFO scan_sources: tailwindcss_oxide::scanner: Discovering "D:\\trading-formation\\src\\components\\auth"
2025-12-31T15:34:55.521276Z  INFO scan_sources: tailwindcss_oxide::scanner: Discovering "D:\\trading-formation\\src\\components\\auth\\AuthForm.tsx"
2025-12-31T15:34:55.521345Z  INFO scan_sources: tailwindcss_oxide::scanner: Discovering "D:\\trading-formation\\src\\components\\auth\\AuthGuard.tsx"
2025-12-31T15:34:55.521411Z  INFO scan_sources: tailwindcss_oxide::scanner: Discovering "D:\\trading-formation\\src\\components\\auth\\SignOutButton.tsx"
2025-12-31T15:34:55.521538Z  INFO scan_sources: tailwindcss_oxide::scanner: Discovering "D:\\trading-formation\\src\\components\\layout"
2025-12-31T15:34:55.521665Z  INFO scan_sources: tailwindcss_oxide::scanner: Discovering "D:\\trading-formation\\src\\components\\layout\\ClientHeader.tsx"
2025-12-31T15:34:55.521738Z  INFO scan_sources: tailwindcss_oxide::scanner: Discovering "D:\\trading-formation\\src\\components\\layout\\Header.tsx"
2025-12-31T15:34:55.521824Z  INFO scan_sources: tailwindcss_oxide::scanner: Discovering "D:\\trading-formation\\src\\components\\Navbar.tsx"
2025-12-31T15:34:55.521927Z  INFO scan_sources: tailwindcss_oxide::scanner: Discovering "D:\\trading-formation\\src\\components\\paiement"
2025-12-31T15:34:55.522056Z  INFO scan_sources: tailwindcss_oxide::scanner: Discovering "D:\\trading-formation\\src\\components\\paiement\\PaiementButton.tsx"
2025-12-31T15:34:55.522176Z  INFO scan_sources: tailwindcss_oxide::scanner: Discovering "D:\\trading-formation\\src\\components\\providers"
2025-12-31T15:34:55.522303Z  INFO scan_sources: tailwindcss_oxide::scanner: Discovering "D:\\trading-formation\\src\\components\\providers\\AuthProvider.tsx"
2025-12-31T15:34:55.522392Z  INFO scan_sources: tailwindcss_oxide::scanner: Discovering "D:\\trading-formation\\src\\components\\TradingNews.tsx"
2025-12-31T15:34:55.522507Z  INFO scan_sources: tailwindcss_oxide::scanner: Discovering "D:\\trading-formation\\src\\components\\ui"
2025-12-31T15:34:55.522638Z  INFO scan_sources: tailwindcss_oxide::scanner: Discovering "D:\\trading-formation\\src\\components\\ui\\Loading.tsx"
2025-12-31T15:34:55.522776Z  INFO scan_sources: tailwindcss_oxide::scanner: Discovering "D:\\trading-formation\\src\\config"
2025-12-31T15:34:55.522902Z  INFO scan_sources: tailwindcss_oxide::scanner: Discovering "D:\\trading-formation\\src\\config\\security.ts"
2025-12-31T15:34:55.523021Z  INFO scan_sources: tailwindcss_oxide::scanner: Discovering "D:\\trading-formation\\src\\hooks"
2025-12-31T15:34:55.523159Z  INFO scan_sources: tailwindcss_oxide::scanner: Discovering "D:\\trading-formation\\src\\hooks\\useAuth.ts"
2025-12-31T15:34:55.523283Z  INFO scan_sources: tailwindcss_oxide::scanner: Discovering "D:\\trading-formation\\src\\lib"
2025-12-31T15:34:55.523422Z  INFO scan_sources: tailwindcss_oxide::scanner: Discovering "D:\\trading-formation\\src\\lib\\auth-utils.ts"
2025-12-31T15:34:55.523495Z  INFO scan_sources: tailwindcss_oxide::scanner: Discovering "D:\\trading-formation\\src\\lib\\auth.ts"
2025-12-31T15:34:55.523563Z  INFO scan_sources: tailwindcss_oxide::scanner: Discovering "D:\\trading-formation\\src\\lib\\auth.ts.new"
2025-12-31T15:34:55.523633Z  INFO scan_sources: tailwindcss_oxide::scanner: Discovering "D:\\trading-formation\\src\\lib\\db.ts"
2025-12-31T15:34:55.523703Z  INFO scan_sources: tailwindcss_oxide::scanner: Discovering "D:\\trading-formation\\src\\lib\\email.ts"
2025-12-31T15:34:55.523812Z  INFO scan_sources: tailwindcss_oxide::scanner: Discovering "D:\\trading-formation\\src\\lib\\prisma.ts"
2025-12-31T15:34:55.523902Z  INFO scan_sources: tailwindcss_oxide::scanner: Discovering "D:\\trading-formation\\src\\lib\\session.ts"
2025-12-31T15:34:55.524015Z  INFO scan_sources: tailwindcss_oxide::scanner: Discovering "D:\\trading-formation\\src\\middleware.ts"
2025-12-31T15:34:55.524173Z  INFO scan_sources: tailwindcss_oxide::scanner: Discovering "D:\\trading-formation\\src\\types"
2025-12-31T15:34:55.524386Z  INFO scan_sources: tailwindcss_oxide::scanner: Discovering "D:\\trading-formation\\src\\types\\next-auth.d.ts"
2025-12-31T15:34:55.524608Z  INFO scan_sources: tailwindcss_oxide::scanner: Discovering "D:\\trading-formation\\start-all.bat"
2025-12-31T15:34:55.524747Z  INFO scan_sources: tailwindcss_oxide::scanner: Discovering "D:\\trading-formation\\static"
2025-12-31T15:34:55.524910Z  INFO scan_sources: tailwindcss_oxide::scanner: Discovering "D:\\trading-formation\\static\\css"
2025-12-31T15:34:55.525056Z  INFO scan_sources: tailwindcss_oxide::scanner: Discovering "D:\\trading-formation\\static\\css\\style.css"
2025-12-31T15:34:55.525204Z  INFO scan_sources: tailwindcss_oxide::scanner: Discovering "D:\\trading-formation\\static\\js"
2025-12-31T15:34:55.525348Z  INFO scan_sources: tailwindcss_oxide::scanner: Discovering "D:\\trading-formation\\static\\js\\auth.js"
2025-12-31T15:34:55.525461Z  INFO scan_sources: tailwindcss_oxide::scanner: Discovering "D:\\trading-formation\\tailwind.config.js"
2025-12-31T15:34:55.525581Z  INFO scan_sources: tailwindcss_oxide::scanner: Discovering "D:\\trading-formation\\tsconfig.json"
2025-12-31T15:34:55.525653Z  INFO scan_sources: tailwindcss_oxide::scanner: Discovering "D:\\trading-formation\\update-roles.js"
2025-12-31T15:34:55.525721Z  INFO scan_sources: tailwindcss_oxide::scanner: Discovering "D:\\trading-formation\\update-to-admin.js"
2025-12-31T15:34:55.525789Z  INFO scan_sources: tailwindcss_oxide::scanner: Discovering "D:\\trading-formation\\update_env.ps1"
2025-12-31T15:34:55.526207Z  INFO scan_sources: tailwindcss_oxide::scanner: exit
2025-12-31T15:34:55.526219Z  INFO extract_candidates: tailwindcss_oxide::scanner: enter
2025-12-31T15:34:55.526227Z  INFO extract_candidates:read_all_files: tailwindcss_oxide::scanner: enter
2025-12-31T15:34:55.526233Z  INFO extract_candidates:read_all_files: tailwindcss_oxide::scanner: Reading 148 file(s)
2025-12-31T15:34:55.526816Z  INFO tailwindcss_oxide::scanner: Reading "D:\\trading-formation\\middleware.ts"
2025-12-31T15:34:55.526826Z  INFO tailwindcss_oxide::scanner: Reading "D:\\trading-formation\\src\\app\\connexion\\erreur\\page.tsx"
2025-12-31T15:34:55.526832Z  INFO tailwindcss_oxide::scanner: Reading "D:\\trading-formation\\add-role-column.js"
2025-12-31T15:34:55.526820Z  INFO tailwindcss_oxide::scanner: Reading "D:\\trading-formation\\public\\window.svg"
2025-12-31T15:34:55.526854Z  INFO tailwindcss_oxide::scanner: Reading "D:\\trading-formation\\src\\app\\api\\auth\\verify-code\\route.ts"
2025-12-31T15:34:55.526875Z  INFO tailwindcss_oxide::scanner: Reading "D:\\trading-formation\\src\\app\\admin\\components\\AdminLayout.tsx"
2025-12-31T15:34:55.526918Z  INFO tailwindcss_oxide::scanner: Reading "D:\\trading-formation\\src\\app\\admin\\components\\Orders.tsx"
2025-12-31T15:34:55.526940Z  INFO tailwindcss_oxide::scanner: Reading "D:\\trading-formation\\app.py"
2025-12-31T15:34:55.526940Z  INFO tailwindcss_oxide::scanner: Reading "D:\\trading-formation\\src\\app\\connexion\\page.tsx"
2025-12-31T15:34:55.526955Z  INFO tailwindcss_oxide::scanner: Reading "D:\\trading-formation\\README.md"
2025-12-31T15:34:55.526969Z  INFO tailwindcss_oxide::scanner: Reading "D:\\trading-formation\\src\\app\\api\\auth\\verify-email\\route.ts"
2025-12-31T15:34:55.526950Z  INFO tailwindcss_oxide::scanner: Reading "D:\\trading-formation\\next.config.js"
2025-12-31T15:34:55.526981Z  INFO tailwindcss_oxide::scanner: Reading "D:\\trading-formation\\src\\app\\admin\\components\\Customers.tsx"
2025-12-31T15:34:55.527066Z  INFO tailwindcss_oxide::scanner: Reading "D:\\trading-formation\\requirements.txt"
2025-12-31T15:34:55.526829Z  INFO tailwindcss_oxide::scanner: Reading "D:\\trading-formation\\src\\app\\admin\\owner\\page.tsx"
2025-12-31T15:34:55.526999Z  INFO tailwindcss_oxide::scanner: Reading "D:\\trading-formation\\prisma\\migrations\\20251224181028_init\\migration.sql"
2025-12-31T15:34:55.527049Z  INFO tailwindcss_oxide::scanner: Reading "D:\\trading-formation\\src\\app\\credits\\page.tsx"
2025-12-31T15:34:55.527142Z  INFO tailwindcss_oxide::scanner: Reading "D:\\trading-formation\\src\\app\\api\\auth\\[...nextauth]\\route.ts"
2025-12-31T15:34:55.527153Z  INFO tailwindcss_oxide::scanner: Reading "D:\\trading-formation\\next.config.ts"
2025-12-31T15:34:55.527171Z  INFO tailwindcss_oxide::scanner: Reading "D:\\trading-formation\\src\\app\\admin\\page.tsx"
2025-12-31T15:34:55.527176Z  INFO tailwindcss_oxide::scanner: Reading "D:\\trading-formation\\src\\app\\admin\\components\\Dashboard.tsx"
2025-12-31T15:34:55.527166Z  INFO tailwindcss_oxide::scanner: Reading "D:\\trading-formation\\src\\app\\admin\\dashboard\\page.tsx"
2025-12-31T15:34:55.527198Z  INFO tailwindcss_oxide::scanner: Reading "D:\\trading-formation\\src\\app\\dashboard\\page.tsx"
2025-12-31T15:34:55.527058Z  INFO tailwindcss_oxide::scanner: Reading "D:\\trading-formation\\src\\app\\admin\\components\\Products.tsx"
2025-12-31T15:34:55.527234Z  INFO tailwindcss_oxide::scanner: Reading "D:\\trading-formation\\src\\app\\api\\discord\\register\\route.ts"
2025-12-31T15:34:55.527245Z  INFO tailwindcss_oxide::scanner: Reading "D:\\trading-formation\\package.json"
2025-12-31T15:34:55.527198Z  INFO tailwindcss_oxide::scanner: Reading "D:\\trading-formation\\prisma\\migrations\\20251226201343_update_discord_roles\\migration.sql"
2025-12-31T15:34:55.527264Z  INFO tailwindcss_oxide::scanner: Reading "D:\\trading-formation\\bot.py"
2025-12-31T15:34:55.527280Z  INFO tailwindcss_oxide::scanner: Reading "D:\\trading-formation\\src\\app\\home\\page.tsx"
2025-12-31T15:34:55.527286Z  INFO tailwindcss_oxide::scanner: Reading "D:\\trading-formation\\src\\app\\api\\admin\\create-account\\route.ts"
2025-12-31T15:34:55.527294Z  INFO tailwindcss_oxide::scanner: Reading "D:\\trading-formation\\src\\app\\admin\\layout.tsx"
2025-12-31T15:34:55.527171Z  INFO tailwindcss_oxide::scanner: Reading "D:\\trading-formation\\reset-and-setup.js"
2025-12-31T15:34:55.527296Z  INFO tailwindcss_oxide::scanner: Reading "D:\\trading-formation\\src\\app\\admin\\components\\Invoices.tsx"
2025-12-31T15:34:55.527314Z  INFO tailwindcss_oxide::scanner: Reading "D:\\trading-formation\\postcss.config.mjs"
2025-12-31T15:34:55.527330Z  INFO tailwindcss_oxide::scanner: Reading "D:\\trading-formation\\src\\app\\api\\register\\route.ts"
2025-12-31T15:34:55.527344Z  INFO tailwindcss_oxide::scanner: Reading "D:\\trading-formation\\src\\app\\api\\auth\\create-account\\route.ts"
2025-12-31T15:34:55.527348Z  INFO tailwindcss_oxide::scanner: Reading "D:\\trading-formation\\prisma\\migrations\\20251226204848_add_expires_at_to_user\\migration.sql"
2025-12-31T15:34:55.527362Z  INFO tailwindcss_oxide::scanner: Reading "D:\\trading-formation\\src\\app\\inscription\\page.tsx"
2025-12-31T15:34:55.527380Z  INFO tailwindcss_oxide::scanner: Reading "D:\\trading-formation\\src\\app\\api\\auth\\check-email\\route.ts"
2025-12-31T15:34:55.527399Z  INFO tailwindcss_oxide::scanner: Reading "D:\\trading-formation\\reset-db.js"
2025-12-31T15:34:55.527407Z  INFO tailwindcss_oxide::scanner: Reading "D:\\trading-formation\\prisma\\config.ts"
2025-12-31T15:34:55.527400Z  INFO tailwindcss_oxide::scanner: Reading "D:\\trading-formation\\src\\app\\admin\\moderator\\page.tsx"
2025-12-31T15:34:55.527430Z  INFO tailwindcss_oxide::scanner: Reading "D:\\trading-formation\\src\\app\\api\\auth\\discord\\create-account\\route.ts"
2025-12-31T15:34:55.527435Z  INFO tailwindcss_oxide::scanner: Reading "D:\\trading-formation\\src\\app\\components\\AnnouncementCarousel.tsx"
2025-12-31T15:34:55.527440Z  INFO tailwindcss_oxide::scanner: Reading "D:\\trading-formation\\src\\app\\layout.tsx"
2025-12-31T15:34:55.527440Z  INFO tailwindcss_oxide::scanner: Reading "D:\\trading-formation\\prisma\\migrations\\20251227032937_update_schema\\migration.sql"
2025-12-31T15:34:55.527399Z  INFO tailwindcss_oxide::scanner: Reading "D:\\trading-formation\\src\\app\\auth\\error\\page.tsx"
2025-12-31T15:34:55.527493Z  INFO tailwindcss_oxide::scanner: Reading "D:\\trading-formation\\scripts\\createAdmin.ts"
2025-12-31T15:34:55.527492Z  INFO tailwindcss_oxide::scanner: Reading "D:\\trading-formation\\prisma\\migrations\\20251223013809_add_email_verification\\migration.sql"
2025-12-31T15:34:55.527527Z  INFO tailwindcss_oxide::scanner: Reading "D:\\trading-formation\\src\\app\\api\\auth\\login\\route.ts"
2025-12-31T15:34:55.527533Z  INFO tailwindcss_oxide::scanner: Reading "D:\\trading-formation\\setup-admin.js"
2025-12-31T15:34:55.527558Z  INFO tailwindcss_oxide::scanner: Reading "D:\\trading-formation\\src\\app\\components\\LoadingScreen.tsx"
2025-12-31T15:34:55.527495Z  INFO tailwindcss_oxide::scanner: Reading "D:\\trading-formation\\prisma\\migrations\\20251223032538_update_user_model\\migration.sql"
2025-12-31T15:34:55.527561Z  INFO tailwindcss_oxide::scanner: Reading "D:\\trading-formation\\src\\app\\login\\page.tsx"
2025-12-31T15:34:55.527607Z  INFO tailwindcss_oxide::scanner: Reading "D:\\trading-formation\\show-users.js"
2025-12-31T15:34:55.527587Z  INFO tailwindcss_oxide::scanner: Reading "D:\\trading-formation\\prisma\\migrations\\migration_lock.toml"
2025-12-31T15:34:55.527596Z  INFO tailwindcss_oxide::scanner: Reading "D:\\trading-formation\\src\\app\\client\\page.fixed.tsx"
2025-12-31T15:34:55.527638Z  INFO tailwindcss_oxide::scanner: Reading "D:\\trading-formation\\src\\app\\admin\\admin\\page.tsx"
2025-12-31T15:34:55.527662Z  INFO tailwindcss_oxide::scanner: Reading "D:\\trading-formation\\src\\app\\components\\PromoModal.tsx"
2025-12-31T15:34:55.527640Z  INFO tailwindcss_oxide::scanner: Reading "D:\\trading-formation\\src\\app\\api\\auth\\register\\route.ts"
2025-12-31T15:34:55.527685Z  INFO tailwindcss_oxide::scanner: Reading "D:\\trading-formation\\prisma\\migrations\\20251224172209_add_discord_username\\migration.sql"
2025-12-31T15:34:55.527705Z  INFO tailwindcss_oxide::scanner: Reading "D:\\trading-formation\\eslint.config.mjs"
2025-12-31T15:34:55.527715Z  INFO tailwindcss_oxide::scanner: Reading "D:\\trading-formation\\src\\app\\page.temp.tsx"
2025-12-31T15:34:55.527728Z  INFO tailwindcss_oxide::scanner: Reading "D:\\trading-formation\\prisma\\schema.prisma"
2025-12-31T15:34:55.527596Z  INFO tailwindcss_oxide::scanner: Reading "D:\\trading-formation\\src\\app\\page.tsx.bak9"
2025-12-31T15:34:55.527747Z  INFO tailwindcss_oxide::scanner: Reading "D:\\trading-formation\\src\\lib\\session.ts"
2025-12-31T15:34:55.527745Z  INFO tailwindcss_oxide::scanner: Reading "D:\\trading-formation\\fix_env_format.py"
2025-12-31T15:34:55.527747Z  INFO tailwindcss_oxide::scanner: Reading "D:\\trading-formation\\src\\app\\api\\auth\\resend-verification\\route.ts"
2025-12-31T15:34:55.527761Z  INFO tailwindcss_oxide::scanner: Reading "D:\\trading-formation\\src\\components\\ui\\Loading.tsx"
2025-12-31T15:34:55.527774Z  INFO tailwindcss_oxide::scanner: Reading "D:\\trading-formation\\src\\lib\\auth.ts"
2025-12-31T15:34:55.527792Z  INFO tailwindcss_oxide::scanner: Reading "D:\\trading-formation\\final-setup.js"
2025-12-31T15:34:55.527776Z  INFO tailwindcss_oxide::scanner: Reading "D:\\trading-formation\\fix_bot.py"
2025-12-31T15:34:55.527809Z  INFO tailwindcss_oxide::scanner: Reading "D:\\trading-formation\\public\\file.svg"
2025-12-31T15:34:55.527821Z  INFO tailwindcss_oxide::scanner: Reading "D:\\trading-formation\\src\\app\\page.tsx"
2025-12-31T15:34:55.527852Z  INFO tailwindcss_oxide::scanner: Reading "D:\\trading-formation\\fix_env_simple.py"
2025-12-31T15:34:55.527849Z  INFO tailwindcss_oxide::scanner: Reading "D:\\trading-formation\\src\\middleware.ts"
2025-12-31T15:34:55.527873Z  INFO tailwindcss_oxide::scanner: Reading "D:\\trading-formation\\src\\lib\\auth.ts.new"
2025-12-31T15:34:55.527853Z  INFO tailwindcss_oxide::scanner: Reading "D:\\trading-formation\\src\\app\\paiement\\confirmation\\page.tsx"
2025-12-31T15:34:55.527867Z  INFO tailwindcss_oxide::scanner: Reading "D:\\trading-formation\\public\\globe.svg"
2025-12-31T15:34:55.527853Z  INFO tailwindcss_oxide::scanner: Reading "D:\\trading-formation\\src\\config\\security.ts"
2025-12-31T15:34:55.527908Z  INFO tailwindcss_oxide::scanner: Reading "D:\\trading-formation\\bot_backup_help.py"
2025-12-31T15:34:55.527921Z  INFO tailwindcss_oxide::scanner: Reading "D:\\trading-formation\\src\\app\\page.tsx.backup"
2025-12-31T15:34:55.527893Z  INFO tailwindcss_oxide::scanner: Reading "D:\\trading-formation\\fix_env.py"
2025-12-31T15:34:55.527900Z  INFO tailwindcss_oxide::scanner: Reading "D:\\trading-formation\\list-users.js"
2025-12-31T15:34:55.527955Z  INFO tailwindcss_oxide::scanner: Reading "D:\\trading-formation\\public\\next.svg"
2025-12-31T15:34:55.527966Z  INFO tailwindcss_oxide::scanner: Reading "D:\\trading-formation\\src\\lib\\db.ts"
2025-12-31T15:34:55.527976Z  INFO tailwindcss_oxide::scanner: Reading "D:\\trading-formation\\src\\types\\next-auth.d.ts"
2025-12-31T15:34:55.527982Z  INFO tailwindcss_oxide::scanner: Reading "D:\\trading-formation\\src\\app\\paiement\\layout.tsx"
2025-12-31T15:34:55.527988Z  INFO tailwindcss_oxide::scanner: Reading "D:\\trading-formation\\public\\vercel.svg"
2025-12-31T15:34:55.528004Z  INFO tailwindcss_oxide::scanner: Reading "D:\\trading-formation\\src\\hooks\\useAuth.ts"
2025-12-31T15:34:55.528026Z  INFO tailwindcss_oxide::scanner: Reading "D:\\trading-formation\\check-and-fix-db.js"
2025-12-31T15:34:55.528028Z  INFO tailwindcss_oxide::scanner: Reading "D:\\trading-formation\\check-structure.js"
2025-12-31T15:34:55.528044Z  INFO tailwindcss_oxide::scanner: Reading "D:\\trading-formation\\src\\app\\page.tsx.backup2"
2025-12-31T15:34:55.528038Z  INFO tailwindcss_oxide::scanner: Reading "D:\\trading-formation\\main.py"
2025-12-31T15:34:55.528056Z  INFO tailwindcss_oxide::scanner: Reading "D:\\trading-formation\\src\\lib\\email.ts"
2025-12-31T15:34:55.528061Z  INFO tailwindcss_oxide::scanner: Reading "D:\\trading-formation\\src\\components\\auth\\AuthForm.tsx"
2025-12-31T15:34:55.528075Z  INFO tailwindcss_oxide::scanner: Reading "D:\\trading-formation\\src\\app\\paiement\\page.tsx"
2025-12-31T15:34:55.528069Z  INFO tailwindcss_oxide::scanner: Reading "D:\\trading-formation\\start-all.bat"
2025-12-31T15:34:55.528092Z  INFO tailwindcss_oxide::scanner: Reading "D:\\trading-formation\\src\\lib\\auth-utils.ts"
2025-12-31T15:34:55.528069Z  INFO tailwindcss_oxide::scanner: Reading "D:\\trading-formation\\make-admin.js"
2025-12-31T15:34:55.528111Z  INFO tailwindcss_oxide::scanner: Reading "D:\\trading-formation\\create-accounts.js"
2025-12-31T15:34:55.528074Z  INFO tailwindcss_oxide::scanner: Reading "D:\\trading-formation\\tailwind.config.js"
2025-12-31T15:34:55.528133Z  INFO tailwindcss_oxide::scanner: Reading "D:\\trading-formation\\src\\lib\\prisma.ts"
2025-12-31T15:34:55.528148Z  INFO tailwindcss_oxide::scanner: Reading "D:\\trading-formation\\src\\components\\layout\\Header.tsx"
2025-12-31T15:34:55.528152Z  INFO tailwindcss_oxide::scanner: Reading "D:\\trading-formation\\src\\components\\auth\\SignOutButton.tsx"
2025-12-31T15:34:55.528164Z  INFO tailwindcss_oxide::scanner: Reading "D:\\trading-formation\\src\\components\\auth\\AuthGuard.tsx"
2025-12-31T15:34:55.528167Z  INFO tailwindcss_oxide::scanner: Reading "D:\\trading-formation\\src\\app\\page.tsx.backup_final"
2025-12-31T15:34:55.528168Z  INFO tailwindcss_oxide::scanner: Reading "D:\\trading-formation\\static\\js\\auth.js"
2025-12-31T15:34:55.528200Z  INFO tailwindcss_oxide::scanner: Reading "D:\\trading-formation\\env.temp"
2025-12-31T15:34:55.528211Z  INFO tailwindcss_oxide::scanner: Reading "D:\\trading-formation\\src\\components\\paiement\\PaiementButton.tsx"
2025-12-31T15:34:55.528219Z  INFO tailwindcss_oxide::scanner: Reading "D:\\trading-formation\\tsconfig.json"
2025-12-31T15:34:55.528169Z  INFO tailwindcss_oxide::scanner: Reading "D:\\trading-formation\\src\\app\\paiement\\success\\page.tsx"
2025-12-31T15:34:55.528249Z  INFO tailwindcss_oxide::scanner: Reading "D:\\trading-formation\\src\\components\\Navbar.tsx"
2025-12-31T15:34:55.528217Z  INFO tailwindcss_oxide::scanner: Reading "D:\\trading-formation\\src\\app\\page.tsx.backup_final2"
2025-12-31T15:34:55.528253Z  INFO tailwindcss_oxide::scanner: Reading "D:\\trading-formation\\src\\components\\layout\\ClientHeader.tsx"
2025-12-31T15:34:55.528291Z  INFO tailwindcss_oxide::scanner: Reading "D:\\trading-formation\\update-to-admin.js"
2025-12-31T15:34:55.528274Z  INFO tailwindcss_oxide::scanner: Reading "D:\\trading-formation\\src\\app\\page.tsx.bak11"
2025-12-31T15:34:55.528297Z  INFO tailwindcss_oxide::scanner: Reading "D:\\trading-formation\\src\\app\\page.tsx.backup_final10"
2025-12-31T15:34:55.528234Z  INFO tailwindcss_oxide::scanner: Reading "D:\\trading-formation\\update-roles.js"
2025-12-31T15:34:55.528296Z  INFO tailwindcss_oxide::scanner: Reading "D:\\trading-formation\\src\\app\\page.tsx.bak4"
2025-12-31T15:34:55.528345Z  INFO tailwindcss_oxide::scanner: Reading "D:\\trading-formation\\src\\app\\temp.tsx"
2025-12-31T15:34:55.528348Z  INFO tailwindcss_oxide::scanner: Reading "D:\\trading-formation\\src\\app\\page.tsx.backup_final11"
2025-12-31T15:34:55.528305Z  INFO tailwindcss_oxide::scanner: Reading "D:\\trading-formation\\src\\components\\providers\\AuthProvider.tsx"
2025-12-31T15:34:55.528361Z  INFO tailwindcss_oxide::scanner: Reading "D:\\trading-formation\\src\\app\\page.tsx.backup_final12"
2025-12-31T15:34:55.528371Z  INFO tailwindcss_oxide::scanner: Reading "D:\\trading-formation\\src\\app\\page.tsx.backup_final3"
2025-12-31T15:34:55.528388Z  INFO tailwindcss_oxide::scanner: Reading "D:\\trading-formation\\src\\app\\page.tsx.bak13"
2025-12-31T15:34:55.528392Z  INFO tailwindcss_oxide::scanner: Reading "D:\\trading-formation\\src\\app\\page.tsx.bak12"
2025-12-31T15:34:55.528398Z  INFO tailwindcss_oxide::scanner: Reading "D:\\trading-formation\\update_env.ps1"
2025-12-31T15:34:55.528398Z  INFO tailwindcss_oxide::scanner: Reading "D:\\trading-formation\\src\\components\\TradingNews.tsx"
2025-12-31T15:34:55.528426Z  INFO tailwindcss_oxide::scanner: Reading "D:\\trading-formation\\src\\app\\page.tsx.bak2"
2025-12-31T15:34:55.528448Z  INFO tailwindcss_oxide::scanner: Reading "D:\\trading-formation\\src\\app\\verification\\page.tsx"
2025-12-31T15:34:55.528451Z  INFO tailwindcss_oxide::scanner: Reading "D:\\trading-formation\\src\\app\\page.tsx.bak5"
2025-12-31T15:34:55.528474Z  INFO tailwindcss_oxide::scanner: Reading "D:\\trading-formation\\src\\app\\page.tsx.backup_final4"
2025-12-31T15:34:55.528472Z  INFO tailwindcss_oxide::scanner: Reading "D:\\trading-formation\\src\\components\\ads\\AdBanner.tsx"
2025-12-31T15:34:55.528468Z  INFO tailwindcss_oxide::scanner: Reading "D:\\trading-formation\\src\\app\\page.tsx.backup_final6"
2025-12-31T15:34:55.528481Z  INFO tailwindcss_oxide::scanner: Reading "D:\\trading-formation\\src\\app\\page.tsx.backup_final13"
2025-12-31T15:34:55.528516Z  INFO tailwindcss_oxide::scanner: Reading "D:\\trading-formation\\src\\app\\page.tsx.bak6"
2025-12-31T15:34:55.528522Z  INFO tailwindcss_oxide::scanner: Reading "D:\\trading-formation\\src\\app\\page.tsx.bak3"
2025-12-31T15:34:55.528529Z  INFO tailwindcss_oxide::scanner: Reading "D:\\trading-formation\\src\\app\\page.tsx.backup_final5"
2025-12-31T15:34:55.528549Z  INFO tailwindcss_oxide::scanner: Reading "D:\\trading-formation\\src\\app\\page.tsx.bak7"
2025-12-31T15:34:55.528582Z  INFO tailwindcss_oxide::scanner: Reading "D:\\trading-formation\\src\\app\\page.tsx.backup_final14"
2025-12-31T15:34:55.528582Z  INFO tailwindcss_oxide::scanner: Reading "D:\\trading-formation\\src\\app\\page.tsx.bak8"
2025-12-31T15:34:55.528584Z  INFO tailwindcss_oxide::scanner: Reading "D:\\trading-formation\\bot_backup.py"
2025-12-31T15:34:55.528618Z  INFO tailwindcss_oxide::scanner: Reading "D:\\trading-formation\\src\\app\\page.tsx.bak10"
2025-12-31T15:34:55.528496Z  INFO tailwindcss_oxide::scanner: Reading "D:\\trading-formation\\src\\components\\AnimatedParticles.tsx"
2025-12-31T15:34:55.528615Z  INFO tailwindcss_oxide::scanner: Reading "D:\\trading-formation\\src\\app\\page.tsx.backup_final9"
2025-12-31T15:34:55.528604Z  INFO tailwindcss_oxide::scanner: Reading "D:\\trading-formation\\src\\app\\page.tsx.backup_final7"
2025-12-31T15:34:55.528673Z  INFO tailwindcss_oxide::scanner: Reading "D:\\trading-formation\\src\\app\\page.tsx.backup_final8"
2025-12-31T15:34:55.528746Z  INFO extract_candidates:read_all_files: tailwindcss_oxide::scanner: exit
2025-12-31T15:34:55.528760Z  INFO extract_candidates:parse_all_blobs: tailwindcss_oxide::scanner: enter
2025-12-31T15:34:55.528768Z  INFO extract_candidates:parse_all_blobs:extract: tailwindcss_oxide::scanner: enter
2025-12-31T15:34:55.533013Z  INFO extract_candidates:parse_all_blobs:extract: tailwindcss_oxide::scanner: exit
2025-12-31T15:34:55.533139Z  INFO extract_candidates:parse_all_blobs: tailwindcss_oxide::scanner: exit
2025-12-31T15:34:55.533147Z  INFO extract_candidates:read_all_files: tailwindcss_oxide::scanner: enter
2025-12-31T15:34:55.533152Z  INFO extract_candidates:read_all_files: tailwindcss_oxide::scanner: Reading 2 file(s)
2025-12-31T15:34:55.533254Z  INFO tailwindcss_oxide::scanner: Reading "D:\\trading-formation\\src\\app\\globals.css"
2025-12-31T15:34:55.533255Z  INFO tailwindcss_oxide::scanner: Reading "D:\\trading-formation\\static\\css\\style.css"
2025-12-31T15:34:55.533286Z  INFO extract_candidates:read_all_files: tailwindcss_oxide::scanner: exit
2025-12-31T15:34:55.533305Z  INFO extract_candidates:extract_css_variables: tailwindcss_oxide::scanner: enter
2025-12-31T15:34:55.533313Z  INFO extract_candidates:extract_css_variables:extract: tailwindcss_oxide::scanner: enter
2025-12-31T15:34:55.533493Z  INFO extract_candidates:extract_css_variables:extract: tailwindcss_oxide::scanner: exit
2025-12-31T15:34:55.533508Z  INFO extract_candidates:extract_css_variables: tailwindcss_oxide::scanner: exit
2025-12-31T15:34:55.534562Z  INFO extract_candidates: tailwindcss_oxide::scanner: exit
2025-12-31T15:34:55.535671Z  INFO get_files: tailwindcss_oxide::scanner: enter
2025-12-31T15:34:55.535689Z  INFO get_files:scan_sources: tailwindcss_oxide::scanner: enter
2025-12-31T15:34:55.537260Z  INFO get_files:scan_sources: tailwindcss_oxide::scanner: Discovering "D:\\trading-formation\\instance"
2025-12-31T15:34:55.537893Z  INFO get_files:scan_sources: tailwindcss_oxide::scanner: Discovering "D:\\trading-formation\\prisma"
2025-12-31T15:34:55.538110Z  INFO get_files:scan_sources: tailwindcss_oxide::scanner: Discovering "D:\\trading-formation\\prisma\\migrations"
2025-12-31T15:34:55.538280Z  INFO get_files:scan_sources: tailwindcss_oxide::scanner: Discovering "D:\\trading-formation\\prisma\\migrations\\20251223013809_add_email_verification"
2025-12-31T15:34:55.538513Z  INFO get_files:scan_sources: tailwindcss_oxide::scanner: Discovering "D:\\trading-formation\\prisma\\migrations\\20251223032538_update_user_model"
2025-12-31T15:34:55.538743Z  INFO get_files:scan_sources: tailwindcss_oxide::scanner: Discovering "D:\\trading-formation\\prisma\\migrations\\20251224172209_add_discord_username"
2025-12-31T15:34:55.539034Z  INFO get_files:scan_sources: tailwindcss_oxide::scanner: Discovering "D:\\trading-formation\\prisma\\migrations\\20251224181028_init"
2025-12-31T15:34:55.539376Z  INFO get_files:scan_sources: tailwindcss_oxide::scanner: Discovering "D:\\trading-formation\\prisma\\migrations\\20251226201343_update_discord_roles"
2025-12-31T15:34:55.539647Z  INFO get_files:scan_sources: tailwindcss_oxide::scanner: Discovering "D:\\trading-formation\\prisma\\migrations\\20251226204848_add_expires_at_to_user"
2025-12-31T15:34:55.539880Z  INFO get_files:scan_sources: tailwindcss_oxide::scanner: Discovering "D:\\trading-formation\\prisma\\migrations\\20251227032937_update_schema"
2025-12-31T15:34:55.540229Z  INFO get_files:scan_sources: tailwindcss_oxide::scanner: Discovering "D:\\trading-formation\\public"
2025-12-31T15:34:55.540473Z  INFO get_files:scan_sources: tailwindcss_oxide::scanner: Discovering "D:\\trading-formation\\public\\images"
2025-12-31T15:34:55.540972Z  INFO get_files:scan_sources: tailwindcss_oxide::scanner: Discovering "D:\\trading-formation\\scripts"
2025-12-31T15:34:55.541253Z  INFO get_files:scan_sources: tailwindcss_oxide::scanner: Discovering "D:\\trading-formation\\src"
2025-12-31T15:34:55.541420Z  INFO get_files:scan_sources: tailwindcss_oxide::scanner: Discovering "D:\\trading-formation\\src\\app"
2025-12-31T15:34:55.541673Z  INFO get_files:scan_sources: tailwindcss_oxide::scanner: Discovering "D:\\trading-formation\\src\\app\\admin"
2025-12-31T15:34:55.541962Z  INFO get_files:scan_sources: tailwindcss_oxide::scanner: Discovering "D:\\trading-formation\\src\\app\\admin\\admin"
2025-12-31T15:34:55.542325Z  INFO get_files:scan_sources: tailwindcss_oxide::scanner: Discovering "D:\\trading-formation\\src\\app\\admin\\components"
2025-12-31T15:34:55.542961Z  INFO get_files:scan_sources: tailwindcss_oxide::scanner: Discovering "D:\\trading-formation\\src\\app\\admin\\dashboard"
2025-12-31T15:34:55.543369Z  INFO get_files:scan_sources: tailwindcss_oxide::scanner: Discovering "D:\\trading-formation\\src\\app\\admin\\moderator"
2025-12-31T15:34:55.543728Z  INFO get_files:scan_sources: tailwindcss_oxide::scanner: Discovering "D:\\trading-formation\\src\\app\\admin\\owner"
2025-12-31T15:34:55.544164Z  INFO get_files:scan_sources: tailwindcss_oxide::scanner: Discovering "D:\\trading-formation\\src\\app\\api"
2025-12-31T15:34:55.544427Z  INFO get_files:scan_sources: tailwindcss_oxide::scanner: Discovering "D:\\trading-formation\\src\\app\\api\\admin"
2025-12-31T15:34:55.544697Z  INFO get_files:scan_sources: tailwindcss_oxide::scanner: Discovering "D:\\trading-formation\\src\\app\\api\\admin\\create-account"
2025-12-31T15:34:55.545077Z  INFO get_files:scan_sources: tailwindcss_oxide::scanner: Discovering "D:\\trading-formation\\src\\app\\api\\auth"
2025-12-31T15:34:55.545341Z  INFO get_files:scan_sources: tailwindcss_oxide::scanner: Discovering "D:\\trading-formation\\src\\app\\api\\auth\\check-email"
2025-12-31T15:34:55.545702Z  INFO get_files:scan_sources: tailwindcss_oxide::scanner: Discovering "D:\\trading-formation\\src\\app\\api\\auth\\create-account"
2025-12-31T15:34:55.546046Z  INFO get_files:scan_sources: tailwindcss_oxide::scanner: Discovering "D:\\trading-formation\\src\\app\\api\\auth\\discord"
2025-12-31T15:34:55.546313Z  INFO get_files:scan_sources: tailwindcss_oxide::scanner: Discovering "D:\\trading-formation\\src\\app\\api\\auth\\discord\\create-account"
2025-12-31T15:34:55.546690Z  INFO get_files:scan_sources: tailwindcss_oxide::scanner: Discovering "D:\\trading-formation\\src\\app\\api\\auth\\login"
2025-12-31T15:34:55.547054Z  INFO get_files:scan_sources: tailwindcss_oxide::scanner: Discovering "D:\\trading-formation\\src\\app\\api\\auth\\register"
2025-12-31T15:34:55.547404Z  INFO get_files:scan_sources: tailwindcss_oxide::scanner: Discovering "D:\\trading-formation\\src\\app\\api\\auth\\resend-verification"
2025-12-31T15:34:55.547746Z  INFO get_files:scan_sources: tailwindcss_oxide::scanner: Discovering "D:\\trading-formation\\src\\app\\api\\auth\\verify-code"
2025-12-31T15:34:55.548097Z  INFO get_files:scan_sources: tailwindcss_oxide::scanner: Discovering "D:\\trading-formation\\src\\app\\api\\auth\\verify-email"
2025-12-31T15:34:55.548452Z  INFO get_files:scan_sources: tailwindcss_oxide::scanner: Discovering "D:\\trading-formation\\src\\app\\api\\auth\\[...nextauth]"
2025-12-31T15:34:55.548832Z  INFO get_files:scan_sources: tailwindcss_oxide::scanner: Discovering "D:\\trading-formation\\src\\app\\api\\discord"
2025-12-31T15:34:55.549115Z  INFO get_files:scan_sources: tailwindcss_oxide::scanner: Discovering "D:\\trading-formation\\src\\app\\api\\discord\\register"
2025-12-31T15:34:55.549491Z  INFO get_files:scan_sources: tailwindcss_oxide::scanner: Discovering "D:\\trading-formation\\src\\app\\api\\register"
2025-12-31T15:34:55.549869Z  INFO get_files:scan_sources: tailwindcss_oxide::scanner: Discovering "D:\\trading-formation\\src\\app\\auth"
2025-12-31T15:34:55.550132Z  INFO get_files:scan_sources: tailwindcss_oxide::scanner: Discovering "D:\\trading-formation\\src\\app\\auth\\error"
2025-12-31T15:34:55.550497Z  INFO get_files:scan_sources: tailwindcss_oxide::scanner: Discovering "D:\\trading-formation\\src\\app\\client"
2025-12-31T15:34:55.550888Z  INFO get_files:scan_sources: tailwindcss_oxide::scanner: Discovering "D:\\trading-formation\\src\\app\\components"
2025-12-31T15:34:55.551341Z  INFO get_files:scan_sources: tailwindcss_oxide::scanner: Discovering "D:\\trading-formation\\src\\app\\connexion"
2025-12-31T15:34:55.551601Z  INFO get_files:scan_sources: tailwindcss_oxide::scanner: Discovering "D:\\trading-formation\\src\\app\\connexion\\erreur"
2025-12-31T15:34:55.552028Z  INFO get_files:scan_sources: tailwindcss_oxide::scanner: Discovering "D:\\trading-formation\\src\\app\\credits"
2025-12-31T15:34:55.552365Z  INFO get_files:scan_sources: tailwindcss_oxide::scanner: Discovering "D:\\trading-formation\\src\\app\\dashboard"
2025-12-31T15:34:55.552766Z  INFO get_files:scan_sources: tailwindcss_oxide::scanner: Discovering "D:\\trading-formation\\src\\app\\home"
2025-12-31T15:34:55.553099Z  INFO get_files:scan_sources: tailwindcss_oxide::scanner: Discovering "D:\\trading-formation\\src\\app\\inscription"
2025-12-31T15:34:55.553514Z  INFO get_files:scan_sources: tailwindcss_oxide::scanner: Discovering "D:\\trading-formation\\src\\app\\login"
2025-12-31T15:34:55.555482Z  INFO get_files:scan_sources: tailwindcss_oxide::scanner: Discovering "D:\\trading-formation\\src\\app\\paiement"
2025-12-31T15:34:55.555768Z  INFO get_files:scan_sources: tailwindcss_oxide::scanner: Discovering "D:\\trading-formation\\src\\app\\paiement\\confirmation"
2025-12-31T15:34:55.556232Z  INFO get_files:scan_sources: tailwindcss_oxide::scanner: Discovering "D:\\trading-formation\\src\\app\\paiement\\success"
2025-12-31T15:34:55.556673Z  INFO get_files:scan_sources: tailwindcss_oxide::scanner: Discovering "D:\\trading-formation\\src\\app\\verification"
2025-12-31T15:34:55.557052Z  INFO get_files:scan_sources: tailwindcss_oxide::scanner: Discovering "D:\\trading-formation\\src\\components"
2025-12-31T15:34:55.557368Z  INFO get_files:scan_sources: tailwindcss_oxide::scanner: Discovering "D:\\trading-formation\\src\\components\\ads"
2025-12-31T15:34:55.557653Z  INFO get_files:scan_sources: tailwindcss_oxide::scanner: Discovering "D:\\trading-formation\\src\\components\\auth"
2025-12-31T15:34:55.557948Z  INFO get_files:scan_sources: tailwindcss_oxide::scanner: Discovering "D:\\trading-formation\\src\\components\\layout"
2025-12-31T15:34:55.558258Z  INFO get_files:scan_sources: tailwindcss_oxide::scanner: Discovering "D:\\trading-formation\\src\\components\\paiement"
2025-12-31T15:34:55.558484Z  INFO get_files:scan_sources: tailwindcss_oxide::scanner: Discovering "D:\\trading-formation\\src\\components\\providers"
2025-12-31T15:34:55.558762Z  INFO get_files:scan_sources: tailwindcss_oxide::scanner: Discovering "D:\\trading-formation\\src\\components\\ui"
2025-12-31T15:34:55.559001Z  INFO get_files:scan_sources: tailwindcss_oxide::scanner: Discovering "D:\\trading-formation\\src\\config"
2025-12-31T15:34:55.559219Z  INFO get_files:scan_sources: tailwindcss_oxide::scanner: Discovering "D:\\trading-formation\\src\\hooks"
2025-12-31T15:34:55.559440Z  INFO get_files:scan_sources: tailwindcss_oxide::scanner: Discovering "D:\\trading-formation\\src\\lib"
2025-12-31T15:34:55.559891Z  INFO get_files:scan_sources: tailwindcss_oxide::scanner: Discovering "D:\\trading-formation\\src\\types"
2025-12-31T15:34:55.560179Z  INFO get_files:scan_sources: tailwindcss_oxide::scanner: Discovering "D:\\trading-formation\\static"
2025-12-31T15:34:55.560406Z  INFO get_files:scan_sources: tailwindcss_oxide::scanner: Discovering "D:\\trading-formation\\static\\css"
2025-12-31T15:34:55.560670Z  INFO get_files:scan_sources: tailwindcss_oxide::scanner: Discovering "D:\\trading-formation\\static\\js"
2025-12-31T15:34:55.561352Z  INFO get_files:scan_sources: tailwindcss_oxide::scanner: exit
2025-12-31T15:34:55.561460Z  INFO get_files: tailwindcss_oxide::scanner: exit
2025-12-31T15:34:55.562179Z  INFO get_globs: tailwindcss_oxide::scanner: enter
2025-12-31T15:34:55.562191Z  INFO get_globs:scan_sources: tailwindcss_oxide::scanner: enter
2025-12-31T15:34:55.563634Z  INFO get_globs:scan_sources: tailwindcss_oxide::scanner: Discovering "D:\\trading-formation\\instance"
2025-12-31T15:34:55.564569Z  INFO get_globs:scan_sources: tailwindcss_oxide::scanner: Discovering "D:\\trading-formation\\prisma"
2025-12-31T15:34:55.564816Z  INFO get_globs:scan_sources: tailwindcss_oxide::scanner: Discovering "D:\\trading-formation\\prisma\\migrations"
2025-12-31T15:34:55.565023Z  INFO get_globs:scan_sources: tailwindcss_oxide::scanner: Discovering "D:\\trading-formation\\prisma\\migrations\\20251223013809_add_email_verification"
2025-12-31T15:34:55.565260Z  INFO get_globs:scan_sources: tailwindcss_oxide::scanner: Discovering "D:\\trading-formation\\prisma\\migrations\\20251223032538_update_user_model"
2025-12-31T15:34:55.565483Z  INFO get_globs:scan_sources: tailwindcss_oxide::scanner: Discovering "D:\\trading-formation\\prisma\\migrations\\20251224172209_add_discord_username"
2025-12-31T15:34:55.565706Z  INFO get_globs:scan_sources: tailwindcss_oxide::scanner: Discovering "D:\\trading-formation\\prisma\\migrations\\20251224181028_init"
2025-12-31T15:34:55.565945Z  INFO get_globs:scan_sources: tailwindcss_oxide::scanner: Discovering "D:\\trading-formation\\prisma\\migrations\\20251226201343_update_discord_roles"
2025-12-31T15:34:55.566164Z  INFO get_globs:scan_sources: tailwindcss_oxide::scanner: Discovering "D:\\trading-formation\\prisma\\migrations\\20251226204848_add_expires_at_to_user"
2025-12-31T15:34:55.566391Z  INFO get_globs:scan_sources: tailwindcss_oxide::scanner: Discovering "D:\\trading-formation\\prisma\\migrations\\20251227032937_update_schema"
2025-12-31T15:34:55.566732Z  INFO get_globs:scan_sources: tailwindcss_oxide::scanner: Discovering "D:\\trading-formation\\public"
2025-12-31T15:34:55.566991Z  INFO get_globs:scan_sources: tailwindcss_oxide::scanner: Discovering "D:\\trading-formation\\public\\images"
2025-12-31T15:34:55.567446Z  INFO get_globs:scan_sources: tailwindcss_oxide::scanner: Discovering "D:\\trading-formation\\scripts"
2025-12-31T15:34:55.567722Z  INFO get_globs:scan_sources: tailwindcss_oxide::scanner: Discovering "D:\\trading-formation\\src"
2025-12-31T15:34:55.567892Z  INFO get_globs:scan_sources: tailwindcss_oxide::scanner: Discovering "D:\\trading-formation\\src\\app"
2025-12-31T15:34:55.568063Z  INFO get_globs:scan_sources: tailwindcss_oxide::scanner: Discovering "D:\\trading-formation\\src\\app\\admin"
2025-12-31T15:34:55.568232Z  INFO get_globs:scan_sources: tailwindcss_oxide::scanner: Discovering "D:\\trading-formation\\src\\app\\admin\\admin"
2025-12-31T15:34:55.568446Z  INFO get_globs:scan_sources: tailwindcss_oxide::scanner: Discovering "D:\\trading-formation\\src\\app\\admin\\components"
2025-12-31T15:34:55.568829Z  INFO get_globs:scan_sources: tailwindcss_oxide::scanner: Discovering "D:\\trading-formation\\src\\app\\admin\\dashboard"
2025-12-31T15:34:55.569082Z  INFO get_globs:scan_sources: tailwindcss_oxide::scanner: Discovering "D:\\trading-formation\\src\\app\\admin\\moderator"
2025-12-31T15:34:55.569290Z  INFO get_globs:scan_sources: tailwindcss_oxide::scanner: Discovering "D:\\trading-formation\\src\\app\\admin\\owner"
2025-12-31T15:34:55.569552Z  INFO get_globs:scan_sources: tailwindcss_oxide::scanner: Discovering "D:\\trading-formation\\src\\app\\api"
2025-12-31T15:34:55.569706Z  INFO get_globs:scan_sources: tailwindcss_oxide::scanner: Discovering "D:\\trading-formation\\src\\app\\api\\admin"
2025-12-31T15:34:55.569860Z  INFO get_globs:scan_sources: tailwindcss_oxide::scanner: Discovering "D:\\trading-formation\\src\\app\\api\\admin\\create-account"
2025-12-31T15:34:55.570091Z  INFO get_globs:scan_sources: tailwindcss_oxide::scanner: Discovering "D:\\trading-formation\\src\\app\\api\\auth"
2025-12-31T15:34:55.570307Z  INFO get_globs:scan_sources: tailwindcss_oxide::scanner: Discovering "D:\\trading-formation\\src\\app\\api\\auth\\check-email"
2025-12-31T15:34:55.570524Z  INFO get_globs:scan_sources: tailwindcss_oxide::scanner: Discovering "D:\\trading-formation\\src\\app\\api\\auth\\create-account"
2025-12-31T15:34:55.570741Z  INFO get_globs:scan_sources: tailwindcss_oxide::scanner: Discovering "D:\\trading-formation\\src\\app\\api\\auth\\discord"
2025-12-31T15:34:55.570906Z  INFO get_globs:scan_sources: tailwindcss_oxide::scanner: Discovering "D:\\trading-formation\\src\\app\\api\\auth\\discord\\create-account"
2025-12-31T15:34:55.571138Z  INFO get_globs:scan_sources: tailwindcss_oxide::scanner: Discovering "D:\\trading-formation\\src\\app\\api\\auth\\login"
2025-12-31T15:34:55.571349Z  INFO get_globs:scan_sources: tailwindcss_oxide::scanner: Discovering "D:\\trading-formation\\src\\app\\api\\auth\\register"
2025-12-31T15:34:55.571562Z  INFO get_globs:scan_sources: tailwindcss_oxide::scanner: Discovering "D:\\trading-formation\\src\\app\\api\\auth\\resend-verification"
2025-12-31T15:34:55.571772Z  INFO get_globs:scan_sources: tailwindcss_oxide::scanner: Discovering "D:\\trading-formation\\src\\app\\api\\auth\\verify-code"
2025-12-31T15:34:55.571982Z  INFO get_globs:scan_sources: tailwindcss_oxide::scanner: Discovering "D:\\trading-formation\\src\\app\\api\\auth\\verify-email"
2025-12-31T15:34:55.572196Z  INFO get_globs:scan_sources: tailwindcss_oxide::scanner: Discovering "D:\\trading-formation\\src\\app\\api\\auth\\[...nextauth]"
2025-12-31T15:34:55.572649Z  INFO get_globs:scan_sources: tailwindcss_oxide::scanner: Discovering "D:\\trading-formation\\src\\app\\api\\discord"
2025-12-31T15:34:55.572935Z  INFO get_globs:scan_sources: tailwindcss_oxide::scanner: Discovering "D:\\trading-formation\\src\\app\\api\\discord\\register"
2025-12-31T15:34:55.573338Z  INFO get_globs:scan_sources: tailwindcss_oxide::scanner: Discovering "D:\\trading-formation\\src\\app\\api\\register"
2025-12-31T15:34:55.573742Z  INFO get_globs:scan_sources: tailwindcss_oxide::scanner: Discovering "D:\\trading-formation\\src\\app\\auth"
2025-12-31T15:34:55.574034Z  INFO get_globs:scan_sources: tailwindcss_oxide::scanner: Discovering "D:\\trading-formation\\src\\app\\auth\\error"
2025-12-31T15:34:55.574438Z  INFO get_globs:scan_sources: tailwindcss_oxide::scanner: Discovering "D:\\trading-formation\\src\\app\\client"
2025-12-31T15:34:55.574867Z  INFO get_globs:scan_sources: tailwindcss_oxide::scanner: Discovering "D:\\trading-formation\\src\\app\\components"
2025-12-31T15:34:55.575392Z  INFO get_globs:scan_sources: tailwindcss_oxide::scanner: Discovering "D:\\trading-formation\\src\\app\\connexion"
2025-12-31T15:34:55.575688Z  INFO get_globs:scan_sources: tailwindcss_oxide::scanner: Discovering "D:\\trading-formation\\src\\app\\connexion\\erreur"
2025-12-31T15:34:55.576042Z  INFO get_globs:scan_sources: tailwindcss_oxide::scanner: Discovering "D:\\trading-formation\\src\\app\\credits"
2025-12-31T15:34:55.576297Z  INFO get_globs:scan_sources: tailwindcss_oxide::scanner: Discovering "D:\\trading-formation\\src\\app\\dashboard"
2025-12-31T15:34:55.576604Z  INFO get_globs:scan_sources: tailwindcss_oxide::scanner: Discovering "D:\\trading-formation\\src\\app\\home"
2025-12-31T15:34:55.576849Z  INFO get_globs:scan_sources: tailwindcss_oxide::scanner: Discovering "D:\\trading-formation\\src\\app\\inscription"
2025-12-31T15:34:55.577104Z  INFO get_globs:scan_sources: tailwindcss_oxide::scanner: Discovering "D:\\trading-formation\\src\\app\\login"
2025-12-31T15:34:55.578437Z  INFO get_globs:scan_sources: tailwindcss_oxide::scanner: Discovering "D:\\trading-formation\\src\\app\\paiement"
2025-12-31T15:34:55.578607Z  INFO get_globs:scan_sources: tailwindcss_oxide::scanner: Discovering "D:\\trading-formation\\src\\app\\paiement\\confirmation"
2025-12-31T15:34:55.578898Z  INFO get_globs:scan_sources: tailwindcss_oxide::scanner: Discovering "D:\\trading-formation\\src\\app\\paiement\\success"
2025-12-31T15:34:55.579173Z  INFO get_globs:scan_sources: tailwindcss_oxide::scanner: Discovering "D:\\trading-formation\\src\\app\\verification"
2025-12-31T15:34:55.579418Z  INFO get_globs:scan_sources: tailwindcss_oxide::scanner: Discovering "D:\\trading-formation\\src\\components"
2025-12-31T15:34:55.579619Z  INFO get_globs:scan_sources: tailwindcss_oxide::scanner: Discovering "D:\\trading-formation\\src\\components\\ads"
2025-12-31T15:34:55.579952Z  INFO get_globs:scan_sources: tailwindcss_oxide::scanner: Discovering "D:\\trading-formation\\src\\components\\auth"
2025-12-31T15:34:55.580235Z  INFO get_globs:scan_sources: tailwindcss_oxide::scanner: Discovering "D:\\trading-formation\\src\\components\\layout"
2025-12-31T15:34:55.580632Z  INFO get_globs:scan_sources: tailwindcss_oxide::scanner: Discovering "D:\\trading-formation\\src\\components\\paiement"
2025-12-31T15:34:55.580887Z  INFO get_globs:scan_sources: tailwindcss_oxide::scanner: Discovering "D:\\trading-formation\\src\\components\\providers"
2025-12-31T15:34:55.581203Z  INFO get_globs:scan_sources: tailwindcss_oxide::scanner: Discovering "D:\\trading-formation\\src\\components\\ui"
2025-12-31T15:34:55.581491Z  INFO get_globs:scan_sources: tailwindcss_oxide::scanner: Discovering "D:\\trading-formation\\src\\config"
2025-12-31T15:34:55.581714Z  INFO get_globs:scan_sources: tailwindcss_oxide::scanner: Discovering "D:\\trading-formation\\src\\hooks"
2025-12-31T15:34:55.581929Z  INFO get_globs:scan_sources: tailwindcss_oxide::scanner: Discovering "D:\\trading-formation\\src\\lib"
2025-12-31T15:34:55.582367Z  INFO get_globs:scan_sources: tailwindcss_oxide::scanner: Discovering "D:\\trading-formation\\src\\types"
2025-12-31T15:34:55.582643Z  INFO get_globs:scan_sources: tailwindcss_oxide::scanner: Discovering "D:\\trading-formation\\static"
2025-12-31T15:34:55.582805Z  INFO get_globs:scan_sources: tailwindcss_oxide::scanner: Discovering "D:\\trading-formation\\static\\css"
2025-12-31T15:34:55.583017Z  INFO get_globs:scan_sources: tailwindcss_oxide::scanner: Discovering "D:\\trading-formation\\static\\js"
2025-12-31T15:34:55.583708Z  INFO get_globs:scan_sources: tailwindcss_oxide::scanner: exit
2025-12-31T15:34:55.598076Z  INFO get_globs: tailwindcss_oxide::scanner: exit
2025-12-31T15:35:08.351639Z  INFO scan_sources: tailwindcss_oxide::scanner: enter
2025-12-31T15:35:08.354172Z  INFO scan_sources: tailwindcss_oxide::scanner: Discovering "D:\\trading-formation\\instance"
2025-12-31T15:35:08.355119Z  INFO scan_sources: tailwindcss_oxide::scanner: Discovering "D:\\trading-formation\\prisma"
2025-12-31T15:35:08.355452Z  INFO scan_sources: tailwindcss_oxide::scanner: Discovering "D:\\trading-formation\\prisma\\migrations"
2025-12-31T15:35:08.355726Z  INFO scan_sources: tailwindcss_oxide::scanner: Discovering "D:\\trading-formation\\prisma\\migrations\\20251223013809_add_email_verification"
2025-12-31T15:35:08.356069Z  INFO scan_sources: tailwindcss_oxide::scanner: Discovering "D:\\trading-formation\\prisma\\migrations\\20251223032538_update_user_model"
2025-12-31T15:35:08.356397Z  INFO scan_sources: tailwindcss_oxide::scanner: Discovering "D:\\trading-formation\\prisma\\migrations\\20251224172209_add_discord_username"
2025-12-31T15:35:08.356717Z  INFO scan_sources: tailwindcss_oxide::scanner: Discovering "D:\\trading-formation\\prisma\\migrations\\20251224181028_init"
2025-12-31T15:35:08.357032Z  INFO scan_sources: tailwindcss_oxide::scanner: Discovering "D:\\trading-formation\\prisma\\migrations\\20251226201343_update_discord_roles"
2025-12-31T15:35:08.357363Z  INFO scan_sources: tailwindcss_oxide::scanner: Discovering "D:\\trading-formation\\prisma\\migrations\\20251226204848_add_expires_at_to_user"
2025-12-31T15:35:08.357684Z  INFO scan_sources: tailwindcss_oxide::scanner: Discovering "D:\\trading-formation\\prisma\\migrations\\20251227032937_update_schema"
2025-12-31T15:35:08.358170Z  INFO scan_sources: tailwindcss_oxide::scanner: Discovering "D:\\trading-formation\\public"
2025-12-31T15:35:08.358501Z  INFO scan_sources: tailwindcss_oxide::scanner: Discovering "D:\\trading-formation\\public\\images"
2025-12-31T15:35:08.359205Z  INFO scan_sources: tailwindcss_oxide::scanner: Discovering "D:\\trading-formation\\scripts"
2025-12-31T15:35:08.359628Z  INFO scan_sources: tailwindcss_oxide::scanner: Discovering "D:\\trading-formation\\src"
2025-12-31T15:35:08.359884Z  INFO scan_sources: tailwindcss_oxide::scanner: Discovering "D:\\trading-formation\\src\\app"
2025-12-31T15:35:08.360134Z  INFO scan_sources: tailwindcss_oxide::scanner: Discovering "D:\\trading-formation\\src\\app\\admin"
2025-12-31T15:35:08.360377Z  INFO scan_sources: tailwindcss_oxide::scanner: Discovering "D:\\trading-formation\\src\\app\\admin\\admin"
2025-12-31T15:35:08.360753Z  INFO scan_sources: tailwindcss_oxide::scanner: Discovering "D:\\trading-formation\\src\\app\\admin\\components"
2025-12-31T15:35:08.361336Z  INFO scan_sources: tailwindcss_oxide::scanner: Discovering "D:\\trading-formation\\src\\app\\admin\\dashboard"
2025-12-31T15:35:08.361692Z  INFO scan_sources: tailwindcss_oxide::scanner: Discovering "D:\\trading-formation\\src\\app\\admin\\moderator"
2025-12-31T15:35:08.362046Z  INFO scan_sources: tailwindcss_oxide::scanner: Discovering "D:\\trading-formation\\src\\app\\admin\\owner"
2025-12-31T15:35:08.362433Z  INFO scan_sources: tailwindcss_oxide::scanner: Discovering "D:\\trading-formation\\src\\app\\api"
2025-12-31T15:35:08.362659Z  INFO scan_sources: tailwindcss_oxide::scanner: Discovering "D:\\trading-formation\\src\\app\\api\\admin"
2025-12-31T15:35:08.362894Z  INFO scan_sources: tailwindcss_oxide::scanner: Discovering "D:\\trading-formation\\src\\app\\api\\admin\\create-account"
2025-12-31T15:35:08.363224Z  INFO scan_sources: tailwindcss_oxide::scanner: Discovering "D:\\trading-formation\\src\\app\\api\\auth"
2025-12-31T15:35:08.363455Z  INFO scan_sources: tailwindcss_oxide::scanner: Discovering "D:\\trading-formation\\src\\app\\api\\auth\\check-email"
2025-12-31T15:35:08.363782Z  INFO scan_sources: tailwindcss_oxide::scanner: Discovering "D:\\trading-formation\\src\\app\\api\\auth\\create-account"
2025-12-31T15:35:08.364105Z  INFO scan_sources: tailwindcss_oxide::scanner: Discovering "D:\\trading-formation\\src\\app\\api\\auth\\discord"
2025-12-31T15:35:08.364338Z  INFO scan_sources: tailwindcss_oxide::scanner: Discovering "D:\\trading-formation\\src\\app\\api\\auth\\discord\\create-account"
2025-12-31T15:35:08.364690Z  INFO scan_sources: tailwindcss_oxide::scanner: Discovering "D:\\trading-formation\\src\\app\\api\\auth\\login"
2025-12-31T15:35:08.364994Z  INFO scan_sources: tailwindcss_oxide::scanner: Discovering "D:\\trading-formation\\src\\app\\api\\auth\\register"
2025-12-31T15:35:08.365297Z  INFO scan_sources: tailwindcss_oxide::scanner: Discovering "D:\\trading-formation\\src\\app\\api\\auth\\resend-verification"
2025-12-31T15:35:08.365633Z  INFO scan_sources: tailwindcss_oxide::scanner: Discovering "D:\\trading-formation\\src\\app\\api\\auth\\verify-code"
2025-12-31T15:35:08.365935Z  INFO scan_sources: tailwindcss_oxide::scanner: Discovering "D:\\trading-formation\\src\\app\\api\\auth\\verify-email"
2025-12-31T15:35:08.366256Z  INFO scan_sources: tailwindcss_oxide::scanner: Discovering "D:\\trading-formation\\src\\app\\api\\auth\\[...nextauth]"
2025-12-31T15:35:08.366685Z  INFO scan_sources: tailwindcss_oxide::scanner: Discovering "D:\\trading-formation\\src\\app\\api\\discord"
2025-12-31T15:35:08.366921Z  INFO scan_sources: tailwindcss_oxide::scanner: Discovering "D:\\trading-formation\\src\\app\\api\\discord\\register"
2025-12-31T15:35:08.367240Z  INFO scan_sources: tailwindcss_oxide::scanner: Discovering "D:\\trading-formation\\src\\app\\api\\register"
2025-12-31T15:35:08.367585Z  INFO scan_sources: tailwindcss_oxide::scanner: Discovering "D:\\trading-formation\\src\\app\\auth"
2025-12-31T15:35:08.367817Z  INFO scan_sources: tailwindcss_oxide::scanner: Discovering "D:\\trading-formation\\src\\app\\auth\\error"
2025-12-31T15:35:08.368142Z  INFO scan_sources: tailwindcss_oxide::scanner: Discovering "D:\\trading-formation\\src\\app\\client"
2025-12-31T15:35:08.368454Z  INFO scan_sources: tailwindcss_oxide::scanner: Discovering "D:\\trading-formation\\src\\app\\components"
2025-12-31T15:35:08.368872Z  INFO scan_sources: tailwindcss_oxide::scanner: Discovering "D:\\trading-formation\\src\\app\\connexion"
2025-12-31T15:35:08.369100Z  INFO scan_sources: tailwindcss_oxide::scanner: Discovering "D:\\trading-formation\\src\\app\\connexion\\erreur"
2025-12-31T15:35:08.369503Z  INFO scan_sources: tailwindcss_oxide::scanner: Discovering "D:\\trading-formation\\src\\app\\credits"
2025-12-31T15:35:08.369810Z  INFO scan_sources: tailwindcss_oxide::scanner: Discovering "D:\\trading-formation\\src\\app\\dashboard"
2025-12-31T15:35:08.370175Z  INFO scan_sources: tailwindcss_oxide::scanner: Discovering "D:\\trading-formation\\src\\app\\home"
2025-12-31T15:35:08.370496Z  INFO scan_sources: tailwindcss_oxide::scanner: Discovering "D:\\trading-formation\\src\\app\\inscription"
2025-12-31T15:35:08.370847Z  INFO scan_sources: tailwindcss_oxide::scanner: Discovering "D:\\trading-formation\\src\\app\\login"
2025-12-31T15:35:08.372647Z  INFO scan_sources: tailwindcss_oxide::scanner: Discovering "D:\\trading-formation\\src\\app\\paiement"
2025-12-31T15:35:08.372911Z  INFO scan_sources: tailwindcss_oxide::scanner: Discovering "D:\\trading-formation\\src\\app\\paiement\\confirmation"
2025-12-31T15:35:08.373332Z  INFO scan_sources: tailwindcss_oxide::scanner: Discovering "D:\\trading-formation\\src\\app\\paiement\\success"
2025-12-31T15:35:08.373744Z  INFO scan_sources: tailwindcss_oxide::scanner: Discovering "D:\\trading-formation\\src\\app\\verification"
2025-12-31T15:35:08.374105Z  INFO scan_sources: tailwindcss_oxide::scanner: Discovering "D:\\trading-formation\\src\\components"
2025-12-31T15:35:08.374376Z  INFO scan_sources: tailwindcss_oxide::scanner: Discovering "D:\\trading-formation\\src\\components\\ads"
2025-12-31T15:35:08.374783Z  INFO scan_sources: tailwindcss_oxide::scanner: Discovering "D:\\trading-formation\\src\\components\\auth"
2025-12-31T15:35:08.375208Z  INFO scan_sources: tailwindcss_oxide::scanner: Discovering "D:\\trading-formation\\src\\components\\layout"
2025-12-31T15:35:08.375606Z  INFO scan_sources: tailwindcss_oxide::scanner: Discovering "D:\\trading-formation\\src\\components\\paiement"
2025-12-31T15:35:08.375916Z  INFO scan_sources: tailwindcss_oxide::scanner: Discovering "D:\\trading-formation\\src\\components\\providers"
2025-12-31T15:35:08.376257Z  INFO scan_sources: tailwindcss_oxide::scanner: Discovering "D:\\trading-formation\\src\\components\\ui"
2025-12-31T15:35:08.376576Z  INFO scan_sources: tailwindcss_oxide::scanner: Discovering "D:\\trading-formation\\src\\config"
2025-12-31T15:35:08.376866Z  INFO scan_sources: tailwindcss_oxide::scanner: Discovering "D:\\trading-formation\\src\\hooks"
2025-12-31T15:35:08.377153Z  INFO scan_sources: tailwindcss_oxide::scanner: Discovering "D:\\trading-formation\\src\\lib"
2025-12-31T15:35:08.377554Z  INFO scan_sources: tailwindcss_oxide::scanner: Discovering "D:\\trading-formation\\src\\lib\\prisma.ts"
2025-12-31T15:35:08.377819Z  INFO scan_sources: tailwindcss_oxide::scanner: Discovering "D:\\trading-formation\\src\\types"
2025-12-31T15:35:08.378190Z  INFO scan_sources: tailwindcss_oxide::scanner: Discovering "D:\\trading-formation\\static"
2025-12-31T15:35:08.378398Z  INFO scan_sources: tailwindcss_oxide::scanner: Discovering "D:\\trading-formation\\static\\css"
2025-12-31T15:35:08.378682Z  INFO scan_sources: tailwindcss_oxide::scanner: Discovering "D:\\trading-formation\\static\\js"
2025-12-31T15:35:08.379592Z  INFO scan_sources: tailwindcss_oxide::scanner: exit
2025-12-31T15:35:08.379609Z  INFO extract_candidates: tailwindcss_oxide::scanner: enter
2025-12-31T15:35:08.379618Z  INFO extract_candidates:read_all_files: tailwindcss_oxide::scanner: enter
2025-12-31T15:35:08.379626Z  INFO extract_candidates:read_all_files: tailwindcss_oxide::scanner: Reading 1 file(s)
2025-12-31T15:35:08.379744Z  INFO extract_candidates:read_all_files: tailwindcss_oxide::scanner: Reading "D:\\trading-formation\\src\\lib\\prisma.ts"
2025-12-31T15:35:08.379766Z  INFO extract_candidates:read_all_files: tailwindcss_oxide::scanner: exit
2025-12-31T15:35:08.379777Z  INFO extract_candidates:parse_all_blobs: tailwindcss_oxide::scanner: enter
2025-12-31T15:35:08.379784Z  INFO extract_candidates:parse_all_blobs:extract: tailwindcss_oxide::scanner: enter
2025-12-31T15:35:08.379885Z  INFO extract_candidates:parse_all_blobs:extract: tailwindcss_oxide::scanner: exit
2025-12-31T15:35:08.379899Z  INFO extract_candidates:parse_all_blobs: tailwindcss_oxide::scanner: exit
2025-12-31T15:35:08.379928Z  INFO extract_candidates: tailwindcss_oxide::scanner: exit
2025-12-31T15:35:08.382429Z  INFO get_files: tailwindcss_oxide::scanner: enter
2025-12-31T15:35:08.382453Z  INFO get_files:scan_sources: tailwindcss_oxide::scanner: enter
2025-12-31T15:35:08.384674Z  INFO get_files:scan_sources: tailwindcss_oxide::scanner: Discovering "D:\\trading-formation\\instance"
2025-12-31T15:35:08.385327Z  INFO get_files:scan_sources: tailwindcss_oxide::scanner: Discovering "D:\\trading-formation\\prisma"
2025-12-31T15:35:08.385541Z  INFO get_files:scan_sources: tailwindcss_oxide::scanner: Discovering "D:\\trading-formation\\prisma\\migrations"
2025-12-31T15:35:08.385722Z  INFO get_files:scan_sources: tailwindcss_oxide::scanner: Discovering "D:\\trading-formation\\prisma\\migrations\\20251223013809_add_email_verification"
2025-12-31T15:35:08.385983Z  INFO get_files:scan_sources: tailwindcss_oxide::scanner: Discovering "D:\\trading-formation\\prisma\\migrations\\20251223032538_update_user_model"
2025-12-31T15:35:08.386210Z  INFO get_files:scan_sources: tailwindcss_oxide::scanner: Discovering "D:\\trading-formation\\prisma\\migrations\\20251224172209_add_discord_username"
2025-12-31T15:35:08.386427Z  INFO get_files:scan_sources: tailwindcss_oxide::scanner: Discovering "D:\\trading-formation\\prisma\\migrations\\20251224181028_init"
2025-12-31T15:35:08.386641Z  INFO get_files:scan_sources: tailwindcss_oxide::scanner: Discovering "D:\\trading-formation\\prisma\\migrations\\20251226201343_update_discord_roles"
2025-12-31T15:35:08.386855Z  INFO get_files:scan_sources: tailwindcss_oxide::scanner: Discovering "D:\\trading-formation\\prisma\\migrations\\20251226204848_add_expires_at_to_user"
2025-12-31T15:35:08.387128Z  INFO get_files:scan_sources: tailwindcss_oxide::scanner: Discovering "D:\\trading-formation\\prisma\\migrations\\20251227032937_update_schema"
2025-12-31T15:35:08.387551Z  INFO get_files:scan_sources: tailwindcss_oxide::scanner: Discovering "D:\\trading-formation\\public"
2025-12-31T15:35:08.387797Z  INFO get_files:scan_sources: tailwindcss_oxide::scanner: Discovering "D:\\trading-formation\\public\\images"
2025-12-31T15:35:08.388255Z  INFO get_files:scan_sources: tailwindcss_oxide::scanner: Discovering "D:\\trading-formation\\scripts"
2025-12-31T15:35:08.388538Z  INFO get_files:scan_sources: tailwindcss_oxide::scanner: Discovering "D:\\trading-formation\\src"
2025-12-31T15:35:08.388705Z  INFO get_files:scan_sources: tailwindcss_oxide::scanner: Discovering "D:\\trading-formation\\src\\app"
2025-12-31T15:35:08.388976Z  INFO get_files:scan_sources: tailwindcss_oxide::scanner: Discovering "D:\\trading-formation\\src\\app\\admin"
2025-12-31T15:35:08.389255Z  INFO get_files:scan_sources: tailwindcss_oxide::scanner: Discovering "D:\\trading-formation\\src\\app\\admin\\admin"
2025-12-31T15:35:08.389607Z  INFO get_files:scan_sources: tailwindcss_oxide::scanner: Discovering "D:\\trading-formation\\src\\app\\admin\\components"
2025-12-31T15:35:08.390165Z  INFO get_files:scan_sources: tailwindcss_oxide::scanner: Discovering "D:\\trading-formation\\src\\app\\admin\\dashboard"
2025-12-31T15:35:08.390429Z  INFO get_files:scan_sources: tailwindcss_oxide::scanner: Discovering "D:\\trading-formation\\src\\app\\admin\\moderator"
2025-12-31T15:35:08.390649Z  INFO get_files:scan_sources: tailwindcss_oxide::scanner: Discovering "D:\\trading-formation\\src\\app\\admin\\owner"
2025-12-31T15:35:08.390928Z  INFO get_files:scan_sources: tailwindcss_oxide::scanner: Discovering "D:\\trading-formation\\src\\app\\api"
2025-12-31T15:35:08.391112Z  INFO get_files:scan_sources: tailwindcss_oxide::scanner: Discovering "D:\\trading-formation\\src\\app\\api\\admin"
2025-12-31T15:35:08.391275Z  INFO get_files:scan_sources: tailwindcss_oxide::scanner: Discovering "D:\\trading-formation\\src\\app\\api\\admin\\create-account"
2025-12-31T15:35:08.391524Z  INFO get_files:scan_sources: tailwindcss_oxide::scanner: Discovering "D:\\trading-formation\\src\\app\\api\\auth"
2025-12-31T15:35:08.391692Z  INFO get_files:scan_sources: tailwindcss_oxide::scanner: Discovering "D:\\trading-formation\\src\\app\\api\\auth\\check-email"
2025-12-31T15:35:08.391994Z  INFO get_files:scan_sources: tailwindcss_oxide::scanner: Discovering "D:\\trading-formation\\src\\app\\api\\auth\\create-account"
2025-12-31T15:35:08.392306Z  INFO get_files:scan_sources: tailwindcss_oxide::scanner: Discovering "D:\\trading-formation\\src\\app\\api\\auth\\discord"
2025-12-31T15:35:08.392564Z  INFO get_files:scan_sources: tailwindcss_oxide::scanner: Discovering "D:\\trading-formation\\src\\app\\api\\auth\\discord\\create-account"
2025-12-31T15:35:08.392886Z  INFO get_files:scan_sources: tailwindcss_oxide::scanner: Discovering "D:\\trading-formation\\src\\app\\api\\auth\\login"
2025-12-31T15:35:08.393133Z  INFO get_files:scan_sources: tailwindcss_oxide::scanner: Discovering "D:\\trading-formation\\src\\app\\api\\auth\\register"
2025-12-31T15:35:08.393359Z  INFO get_files:scan_sources: tailwindcss_oxide::scanner: Discovering "D:\\trading-formation\\src\\app\\api\\auth\\resend-verification"
2025-12-31T15:35:08.393636Z  INFO get_files:scan_sources: tailwindcss_oxide::scanner: Discovering "D:\\trading-formation\\src\\app\\api\\auth\\verify-code"
2025-12-31T15:35:08.393860Z  INFO get_files:scan_sources: tailwindcss_oxide::scanner: Discovering "D:\\trading-formation\\src\\app\\api\\auth\\verify-email"
2025-12-31T15:35:08.394081Z  INFO get_files:scan_sources: tailwindcss_oxide::scanner: Discovering "D:\\trading-formation\\src\\app\\api\\auth\\[...nextauth]"
2025-12-31T15:35:08.394349Z  INFO get_files:scan_sources: tailwindcss_oxide::scanner: Discovering "D:\\trading-formation\\src\\app\\api\\discord"
2025-12-31T15:35:08.394513Z  INFO get_files:scan_sources: tailwindcss_oxide::scanner: Discovering "D:\\trading-formation\\src\\app\\api\\discord\\register"
2025-12-31T15:35:08.394749Z  INFO get_files:scan_sources: tailwindcss_oxide::scanner: Discovering "D:\\trading-formation\\src\\app\\api\\register"
2025-12-31T15:35:08.394985Z  INFO get_files:scan_sources: tailwindcss_oxide::scanner: Discovering "D:\\trading-formation\\src\\app\\auth"
2025-12-31T15:35:08.395160Z  INFO get_files:scan_sources: tailwindcss_oxide::scanner: Discovering "D:\\trading-formation\\src\\app\\auth\\error"
2025-12-31T15:35:08.395403Z  INFO get_files:scan_sources: tailwindcss_oxide::scanner: Discovering "D:\\trading-formation\\src\\app\\client"
2025-12-31T15:35:08.395815Z  INFO get_files:scan_sources: tailwindcss_oxide::scanner: Discovering "D:\\trading-formation\\src\\app\\components"
2025-12-31T15:35:08.396369Z  INFO get_files:scan_sources: tailwindcss_oxide::scanner: Discovering "D:\\trading-formation\\src\\app\\connexion"
2025-12-31T15:35:08.396661Z  INFO get_files:scan_sources: tailwindcss_oxide::scanner: Discovering "D:\\trading-formation\\src\\app\\connexion\\erreur"
2025-12-31T15:35:08.397061Z  INFO get_files:scan_sources: tailwindcss_oxide::scanner: Discovering "D:\\trading-formation\\src\\app\\credits"
2025-12-31T15:35:08.397303Z  INFO get_files:scan_sources: tailwindcss_oxide::scanner: Discovering "D:\\trading-formation\\src\\app\\dashboard"
2025-12-31T15:35:08.397592Z  INFO get_files:scan_sources: tailwindcss_oxide::scanner: Discovering "D:\\trading-formation\\src\\app\\home"
2025-12-31T15:35:08.397834Z  INFO get_files:scan_sources: tailwindcss_oxide::scanner: Discovering "D:\\trading-formation\\src\\app\\inscription"
2025-12-31T15:35:08.398123Z  INFO get_files:scan_sources: tailwindcss_oxide::scanner: Discovering "D:\\trading-formation\\src\\app\\login"
2025-12-31T15:35:08.399518Z  INFO get_files:scan_sources: tailwindcss_oxide::scanner: Discovering "D:\\trading-formation\\src\\app\\paiement"
2025-12-31T15:35:08.399719Z  INFO get_files:scan_sources: tailwindcss_oxide::scanner: Discovering "D:\\trading-formation\\src\\app\\paiement\\confirmation"
2025-12-31T15:35:08.400044Z  INFO get_files:scan_sources: tailwindcss_oxide::scanner: Discovering "D:\\trading-formation\\src\\app\\paiement\\success"
2025-12-31T15:35:08.400335Z  INFO get_files:scan_sources: tailwindcss_oxide::scanner: Discovering "D:\\trading-formation\\src\\app\\verification"
2025-12-31T15:35:08.400596Z  INFO get_files:scan_sources: tailwindcss_oxide::scanner: Discovering "D:\\trading-formation\\src\\components"
2025-12-31T15:35:08.400898Z  INFO get_files:scan_sources: tailwindcss_oxide::scanner: Discovering "D:\\trading-formation\\src\\components\\ads"
2025-12-31T15:35:08.401273Z  INFO get_files:scan_sources: tailwindcss_oxide::scanner: Discovering "D:\\trading-formation\\src\\components\\auth"
2025-12-31T15:35:08.401678Z  INFO get_files:scan_sources: tailwindcss_oxide::scanner: Discovering "D:\\trading-formation\\src\\components\\layout"
2025-12-31T15:35:08.402079Z  INFO get_files:scan_sources: tailwindcss_oxide::scanner: Discovering "D:\\trading-formation\\src\\components\\paiement"
2025-12-31T15:35:08.402528Z  INFO get_files:scan_sources: tailwindcss_oxide::scanner: Discovering "D:\\trading-formation\\src\\components\\providers"
2025-12-31T15:35:08.403122Z  INFO get_files:scan_sources: tailwindcss_oxide::scanner: Discovering "D:\\trading-formation\\src\\components\\ui"
2025-12-31T15:35:08.403513Z  INFO get_files:scan_sources: tailwindcss_oxide::scanner: Discovering "D:\\trading-formation\\src\\config"
2025-12-31T15:35:08.403833Z  INFO get_files:scan_sources: tailwindcss_oxide::scanner: Discovering "D:\\trading-formation\\src\\hooks"
2025-12-31T15:35:08.404147Z  INFO get_files:scan_sources: tailwindcss_oxide::scanner: Discovering "D:\\trading-formation\\src\\lib"
2025-12-31T15:35:08.405138Z  INFO get_files:scan_sources: tailwindcss_oxide::scanner: Discovering "D:\\trading-formation\\src\\types"
2025-12-31T15:35:08.405636Z  INFO get_files:scan_sources: tailwindcss_oxide::scanner: Discovering "D:\\trading-formation\\static"
2025-12-31T15:35:08.405910Z  INFO get_files:scan_sources: tailwindcss_oxide::scanner: Discovering "D:\\trading-formation\\static\\css"
2025-12-31T15:35:08.406216Z  INFO get_files:scan_sources: tailwindcss_oxide::scanner: Discovering "D:\\trading-formation\\static\\js"
2025-12-31T15:35:08.407249Z  INFO get_files:scan_sources: tailwindcss_oxide::scanner: exit
2025-12-31T15:35:08.407388Z  INFO get_files: tailwindcss_oxide::scanner: exit
2025-12-31T15:35:08.408269Z  INFO get_globs: tailwindcss_oxide::scanner: enter
2025-12-31T15:35:08.408287Z  INFO get_globs: tailwindcss_oxide::scanner: exit
